2020-04-21T21:29:28.1769528+01:00  [INF] Now listening on: "http://localhost:5000" (d826f4b8)
2020-04-21T21:29:28.1918867+01:00  [INF] Application started. Press Ctrl+C to shut down. (dcaefe54)
2020-04-21T21:29:28.1942253+01:00  [INF] Hosting environment: "Development" (c3307c92)
2020-04-21T21:29:28.1966343+01:00  [INF] Content root path: "C:\Users\LENOVO\source\repos\BiblioIUC\BiblioIUC" (b5d60022)
2020-04-21T21:29:29.7588124+01:00 0HLV66AOB9G4P:00000001 [ERR] An unhandled exception has occurred while executing the request. (48a46595)
System.InvalidOperationException: Endpoint BiblioIUC.Controllers.HomeController.Index (BiblioIUC) contains authorization metadata, but a middleware was not found that supports authorization.
Configure your application startup by adding app.UseAuthorization() inside the call to Configure(..) in the application startup code. The call to app.UseAuthorization() must appear between app.UseRouting() and app.UseEndpoints(...).
   at Microsoft.AspNetCore.Routing.EndpointMiddleware.ThrowMissingAuthMiddlewareException(Endpoint endpoint)
   at Microsoft.AspNetCore.Routing.EndpointMiddleware.Invoke(HttpContext httpContext)
   at Microsoft.AspNetCore.Routing.EndpointRoutingMiddleware.Invoke(HttpContext httpContext)
   at Microsoft.AspNetCore.StaticFiles.StaticFileMiddleware.Invoke(HttpContext context)
   at Microsoft.AspNetCore.Authentication.AuthenticationMiddleware.Invoke(HttpContext context)
   at Microsoft.AspNetCore.Diagnostics.DeveloperExceptionPageMiddleware.Invoke(HttpContext context)
2020-04-21T21:30:52.8324426+01:00  [INF] Now listening on: "http://localhost:5000" (d826f4b8)
2020-04-21T21:30:52.9290768+01:00  [INF] Application started. Press Ctrl+C to shut down. (dcaefe54)
2020-04-21T21:30:52.9334829+01:00  [INF] Hosting environment: "Development" (c3307c92)
2020-04-21T21:30:52.9363909+01:00  [INF] Content root path: "C:\Users\LENOVO\source\repos\BiblioIUC\BiblioIUC" (b5d60022)
2020-04-21T21:33:53.7058445+01:00  [INF] Application is shutting down... (90f52c38)
2020-04-21T21:34:33.5427347+01:00  [INF] Now listening on: "http://localhost:5000" (d826f4b8)
2020-04-21T21:34:33.5503869+01:00  [INF] Application started. Press Ctrl+C to shut down. (dcaefe54)
2020-04-21T21:34:33.5505216+01:00  [INF] Hosting environment: "Development" (c3307c92)
2020-04-21T21:34:33.5505638+01:00  [INF] Content root path: "C:\Users\LENOVO\source\repos\BiblioIUC\BiblioIUC" (b5d60022)
2020-04-21T21:40:42.5052190+01:00  [INF] Now listening on: "http://localhost:5000" (d826f4b8)
2020-04-21T21:40:42.5123945+01:00  [INF] Application started. Press Ctrl+C to shut down. (dcaefe54)
2020-04-21T21:40:42.5125284+01:00  [INF] Hosting environment: "Development" (c3307c92)
2020-04-21T21:40:42.5125779+01:00  [INF] Content root path: "C:\Users\LENOVO\source\repos\BiblioIUC\BiblioIUC" (b5d60022)
2020-04-21T21:52:24.9281906+01:00  [INF] Now listening on: "http://localhost:5000" (d826f4b8)
2020-04-21T21:52:24.9354375+01:00  [INF] Application started. Press Ctrl+C to shut down. (dcaefe54)
2020-04-21T21:52:24.9355771+01:00  [INF] Hosting environment: "Development" (c3307c92)
2020-04-21T21:52:24.9356130+01:00  [INF] Content root path: "C:\Users\LENOVO\source\repos\BiblioIUC\BiblioIUC" (b5d60022)
2020-04-21T21:53:21.7974916+01:00  [INF] Now listening on: "http://localhost:5000" (d826f4b8)
2020-04-21T21:53:21.8063328+01:00  [INF] Application started. Press Ctrl+C to shut down. (dcaefe54)
2020-04-21T21:53:21.8064813+01:00  [INF] Hosting environment: "Development" (c3307c92)
2020-04-21T21:53:21.8065302+01:00  [INF] Content root path: "C:\Users\LENOVO\source\repos\BiblioIUC\BiblioIUC" (b5d60022)
2020-04-21T21:54:31.4986636+01:00  [INF] Now listening on: "http://localhost:5000" (d826f4b8)
2020-04-21T21:54:31.5072299+01:00  [INF] Application started. Press Ctrl+C to shut down. (dcaefe54)
2020-04-21T21:54:31.5073632+01:00  [INF] Hosting environment: "Development" (c3307c92)
2020-04-21T21:54:31.5074143+01:00  [INF] Content root path: "C:\Users\LENOVO\source\repos\BiblioIUC\BiblioIUC" (b5d60022)
2020-04-21T21:55:47.7346151+01:00  [INF] Now listening on: "http://localhost:5000" (d826f4b8)
2020-04-21T21:55:47.7420503+01:00  [INF] Application started. Press Ctrl+C to shut down. (dcaefe54)
2020-04-21T21:55:47.7422129+01:00  [INF] Hosting environment: "Development" (c3307c92)
2020-04-21T21:55:47.7423221+01:00  [INF] Content root path: "C:\Users\LENOVO\source\repos\BiblioIUC\BiblioIUC" (b5d60022)
2020-04-21T21:55:59.3201311+01:00  [INF] Now listening on: "http://localhost:5000" (d826f4b8)
2020-04-21T21:55:59.3286296+01:00  [INF] Application started. Press Ctrl+C to shut down. (dcaefe54)
2020-04-21T21:55:59.3290638+01:00  [INF] Hosting environment: "Development" (c3307c92)
2020-04-21T21:55:59.3292329+01:00  [INF] Content root path: "C:\Users\LENOVO\source\repos\BiblioIUC\BiblioIUC" (b5d60022)
2020-04-21T21:56:26.1022440+01:00 0HLV66PIHLQAU:00000005 [ERR] System.ArgumentException: String cannot be of zero length. (Parameter 'oldValue')
   at System.String.Replace(String oldValue, String newValue)
   at BiblioIUC.Controllers.BaseController.GetMediaFolderBaseUrl(HttpRequest request) in C:\Users\LENOVO\source\repos\BiblioIUC\BiblioIUC\Controllers\BaseController.cs:line 67
   at BiblioIUC.Controllers.AccountController.Login(LoginModel loginModel) in C:\Users\LENOVO\source\repos\BiblioIUC\BiblioIUC\Controllers\AccountController.cs:line 50 (dffdcdc2)
2020-04-21T22:04:13.3677356+01:00  [INF] Application is shutting down... (90f52c38)
2020-04-21T22:04:25.0695145+01:00  [INF] Now listening on: "http://localhost:5000" (d826f4b8)
2020-04-21T22:04:25.0800324+01:00  [INF] Application started. Press Ctrl+C to shut down. (dcaefe54)
2020-04-21T22:04:25.0824009+01:00  [INF] Hosting environment: "Development" (c3307c92)
2020-04-21T22:04:25.0846712+01:00  [INF] Content root path: "C:\Users\LENOVO\source\repos\BiblioIUC\BiblioIUC" (b5d60022)
2020-04-21T22:05:57.1588438+01:00 0HLV66U9AD4SC:00000005 [ERR] System.ArgumentException: String cannot be of zero length. (Parameter 'oldValue')
   at System.String.Replace(String oldValue, String newValue)
   at BiblioIUC.Controllers.BaseController.GetMediaFolderBaseUrl(HttpRequest request) in C:\Users\LENOVO\source\repos\BiblioIUC\BiblioIUC\Controllers\BaseController.cs:line 67
   at BiblioIUC.Controllers.AccountController.Login(LoginModel loginModel) in C:\Users\LENOVO\source\repos\BiblioIUC\BiblioIUC\Controllers\AccountController.cs:line 50 (dffdcdc2)
2020-04-21T22:11:44.8570382+01:00 0HLV66U9AD4SC:00000006 [ERR] System.ArgumentException: String cannot be of zero length. (Parameter 'oldValue')
   at System.String.Replace(String oldValue, String newValue)
   at BiblioIUC.Controllers.BaseController.GetMediaFolderBaseUrl(HttpRequest request) in C:\Users\LENOVO\source\repos\BiblioIUC\BiblioIUC\Controllers\BaseController.cs:line 67
   at BiblioIUC.Controllers.AccountController.Login(LoginModel loginModel) in C:\Users\LENOVO\source\repos\BiblioIUC\BiblioIUC\Controllers\AccountController.cs:line 50 (dffdcdc2)
2020-04-21T22:12:40.4507080+01:00 0HLV66U9AD4SF:00000004 [ERR] System.ArgumentException: String cannot be of zero length. (Parameter 'oldValue')
   at System.String.Replace(String oldValue, String newValue)
   at BiblioIUC.Controllers.BaseController.GetMediaFolderBaseUrl(HttpRequest request) in C:\Users\LENOVO\source\repos\BiblioIUC\BiblioIUC\Controllers\BaseController.cs:line 67
   at BiblioIUC.Controllers.AccountController.Login(LoginModel loginModel) in C:\Users\LENOVO\source\repos\BiblioIUC\BiblioIUC\Controllers\AccountController.cs:line 50 (dffdcdc2)
2020-04-21T22:15:36.8809161+01:00 0HLV66U9AD4SJ:00000006 [ERR] System.ArgumentException: String cannot be of zero length. (Parameter 'oldValue')
   at System.String.Replace(String oldValue, String newValue)
   at BiblioIUC.Controllers.BaseController.GetMediaFolderBaseUrl(HttpRequest request) in C:\Users\LENOVO\source\repos\BiblioIUC\BiblioIUC\Controllers\BaseController.cs:line 67
   at BiblioIUC.Controllers.AccountController.Login(LoginModel loginModel) in C:\Users\LENOVO\source\repos\BiblioIUC\BiblioIUC\Controllers\AccountController.cs:line 50 (dffdcdc2)
2020-04-21T22:16:24.3642691+01:00 0HLV66U9AD4SH:00000008 [ERR] System.ArgumentException: String cannot be of zero length. (Parameter 'oldValue')
   at System.String.Replace(String oldValue, String newValue)
   at BiblioIUC.Controllers.BaseController.GetMediaFolderBaseUrl(HttpRequest request) in C:\Users\LENOVO\source\repos\BiblioIUC\BiblioIUC\Controllers\BaseController.cs:line 67
   at BiblioIUC.Controllers.AccountController.Login(LoginModel loginModel) in C:\Users\LENOVO\source\repos\BiblioIUC\BiblioIUC\Controllers\AccountController.cs:line 50 (dffdcdc2)
2020-04-21T22:25:46.8365175+01:00  [INF] Now listening on: "http://localhost:5000" (d826f4b8)
2020-04-21T22:25:46.9025601+01:00  [INF] Application started. Press Ctrl+C to shut down. (dcaefe54)
2020-04-21T22:25:46.9119290+01:00  [INF] Hosting environment: "Development" (c3307c92)
2020-04-21T22:25:46.9275533+01:00  [INF] Content root path: "C:\Users\LENOVO\source\repos\BiblioIUC\BiblioIUC" (b5d60022)
2020-04-21T22:27:26.8973919+01:00  [INF] Now listening on: "http://localhost:5000" (d826f4b8)
2020-04-21T22:27:26.9111276+01:00  [INF] Application started. Press Ctrl+C to shut down. (dcaefe54)
2020-04-21T22:27:26.9133601+01:00  [INF] Hosting environment: "Development" (c3307c92)
2020-04-21T22:27:26.9157858+01:00  [INF] Content root path: "C:\Users\LENOVO\source\repos\BiblioIUC\BiblioIUC" (b5d60022)
2020-04-21T22:38:04.7793058+01:00 0HLV67B53LIIC:00000003 [ERR] System.InvalidOperationException: The entity type 'User' requires a primary key to be defined. If you intended to use a keyless entity type call 'HasNoKey()'.
   at Microsoft.EntityFrameworkCore.Infrastructure.ModelValidator.ValidateNonNullPrimaryKeys(IModel model, IDiagnosticsLogger`1 logger)
   at Microsoft.EntityFrameworkCore.Infrastructure.ModelValidator.Validate(IModel model, IDiagnosticsLogger`1 logger)
   at Microsoft.EntityFrameworkCore.Infrastructure.RelationalModelValidator.Validate(IModel model, IDiagnosticsLogger`1 logger)
   at Pomelo.EntityFrameworkCore.MySql.Internal.MySqlModelValidator.Validate(IModel model, IDiagnosticsLogger`1 logger)
   at Microsoft.EntityFrameworkCore.Metadata.Conventions.ValidatingConvention.ProcessModelFinalized(IConventionModelBuilder modelBuilder, IConventionContext`1 context)
   at Microsoft.EntityFrameworkCore.Metadata.Conventions.Internal.ConventionDispatcher.ImmediateConventionScope.OnModelFinalized(IConventionModelBuilder modelBuilder)
   at Microsoft.EntityFrameworkCore.Metadata.Conventions.Internal.ConventionDispatcher.OnModelFinalized(IConventionModelBuilder modelBuilder)
   at Microsoft.EntityFrameworkCore.Metadata.Internal.Model.FinalizeModel()
   at Microsoft.EntityFrameworkCore.ModelBuilder.FinalizeModel()
   at Microsoft.EntityFrameworkCore.Infrastructure.ModelSource.CreateModel(DbContext context, IConventionSetBuilder conventionSetBuilder)
   at Microsoft.EntityFrameworkCore.Infrastructure.ModelSource.GetModel(DbContext context, IConventionSetBuilder conventionSetBuilder)
   at Microsoft.EntityFrameworkCore.Internal.DbContextServices.CreateModel()
   at Microsoft.EntityFrameworkCore.Internal.DbContextServices.get_Model()
   at Microsoft.EntityFrameworkCore.Infrastructure.EntityFrameworkServicesBuilder.<>c.<TryAddCoreServices>b__7_3(IServiceProvider p)
   at Microsoft.Extensions.DependencyInjection.ServiceLookup.CallSiteRuntimeResolver.VisitFactory(FactoryCallSite factoryCallSite, RuntimeResolverContext context)
   at Microsoft.Extensions.DependencyInjection.ServiceLookup.CallSiteVisitor`2.VisitCallSiteMain(ServiceCallSite callSite, TArgument argument)
   at Microsoft.Extensions.DependencyInjection.ServiceLookup.CallSiteRuntimeResolver.VisitCache(ServiceCallSite callSite, RuntimeResolverContext context, ServiceProviderEngineScope serviceProviderEngine, RuntimeResolverLock lockType)
   at Microsoft.Extensions.DependencyInjection.ServiceLookup.CallSiteRuntimeResolver.VisitScopeCache(ServiceCallSite singletonCallSite, RuntimeResolverContext context)
   at Microsoft.Extensions.DependencyInjection.ServiceLookup.CallSiteVisitor`2.VisitCallSite(ServiceCallSite callSite, TArgument argument)
   at Microsoft.Extensions.DependencyInjection.ServiceLookup.CallSiteRuntimeResolver.VisitConstructor(ConstructorCallSite constructorCallSite, RuntimeResolverContext context)
   at Microsoft.Extensions.DependencyInjection.ServiceLookup.CallSiteVisitor`2.VisitCallSiteMain(ServiceCallSite callSite, TArgument argument)
   at Microsoft.Extensions.DependencyInjection.ServiceLookup.CallSiteRuntimeResolver.VisitCache(ServiceCallSite callSite, RuntimeResolverContext context, ServiceProviderEngineScope serviceProviderEngine, RuntimeResolverLock lockType)
   at Microsoft.Extensions.DependencyInjection.ServiceLookup.CallSiteRuntimeResolver.VisitScopeCache(ServiceCallSite singletonCallSite, RuntimeResolverContext context)
   at Microsoft.Extensions.DependencyInjection.ServiceLookup.CallSiteVisitor`2.VisitCallSite(ServiceCallSite callSite, TArgument argument)
   at Microsoft.Extensions.DependencyInjection.ServiceLookup.CallSiteRuntimeResolver.Resolve(ServiceCallSite callSite, ServiceProviderEngineScope scope)
   at Microsoft.Extensions.DependencyInjection.ServiceLookup.DynamicServiceProviderEngine.<>c__DisplayClass1_0.<RealizeService>b__0(ServiceProviderEngineScope scope)
   at Microsoft.Extensions.DependencyInjection.ServiceLookup.ServiceProviderEngine.GetService(Type serviceType, ServiceProviderEngineScope serviceProviderEngineScope)
   at Microsoft.Extensions.DependencyInjection.ServiceLookup.ServiceProviderEngineScope.GetService(Type serviceType)
   at Microsoft.Extensions.DependencyInjection.ServiceProviderServiceExtensions.GetRequiredService(IServiceProvider provider, Type serviceType)
   at Microsoft.Extensions.DependencyInjection.ServiceProviderServiceExtensions.GetRequiredService[T](IServiceProvider provider)
   at Microsoft.EntityFrameworkCore.DbContext.get_DbContextDependencies()
   at Microsoft.EntityFrameworkCore.DbContext.get_InternalServiceProvider()
   at Microsoft.EntityFrameworkCore.DbContext.get_DbContextDependencies()
   at Microsoft.EntityFrameworkCore.DbContext.get_Model()
   at Microsoft.EntityFrameworkCore.Internal.InternalDbSet`1.get_EntityType()
   at Microsoft.EntityFrameworkCore.Internal.InternalDbSet`1.CheckState()
   at Microsoft.EntityFrameworkCore.Internal.InternalDbSet`1.get_EntityQueryable()
   at Microsoft.EntityFrameworkCore.Internal.InternalDbSet`1.System.Linq.IQueryable.get_Provider()
   at Microsoft.EntityFrameworkCore.EntityFrameworkQueryableExtensions.ExecuteAsync[TSource,TResult](MethodInfo operatorMethodInfo, IQueryable`1 source, Expression expression, CancellationToken cancellationToken)
   at Microsoft.EntityFrameworkCore.EntityFrameworkQueryableExtensions.ExecuteAsync[TSource,TResult](MethodInfo operatorMethodInfo, IQueryable`1 source, LambdaExpression expression, CancellationToken cancellationToken)
   at Microsoft.EntityFrameworkCore.EntityFrameworkQueryableExtensions.SingleOrDefaultAsync[TSource](IQueryable`1 source, Expression`1 predicate, CancellationToken cancellationToken)
   at BiblioIUC.Logics.UserLogic.GetAsync(String account, String imageBaseUrl) in C:\Users\LENOVO\source\repos\BiblioIUC\BiblioIUC\Logics\UserLogic.cs:line 43
   at BiblioIUC.Controllers.AccountController.Login(LoginModel loginModel) in C:\Users\LENOVO\source\repos\BiblioIUC\BiblioIUC\Controllers\AccountController.cs:line 50 (aed53f5e)
2020-04-21T22:41:18.4469004+01:00  [INF] Now listening on: "http://localhost:5000" (d826f4b8)
2020-04-21T22:41:18.4574091+01:00  [INF] Application started. Press Ctrl+C to shut down. (dcaefe54)
2020-04-21T22:41:18.4593011+01:00  [INF] Hosting environment: "Development" (c3307c92)
2020-04-21T22:41:18.4612592+01:00  [INF] Content root path: "C:\Users\LENOVO\source\repos\BiblioIUC\BiblioIUC" (b5d60022)
2020-04-21T22:42:38.0707568+01:00  [INF] Now listening on: "http://localhost:5000" (d826f4b8)
2020-04-21T22:42:38.0832453+01:00  [INF] Application started. Press Ctrl+C to shut down. (dcaefe54)
2020-04-21T22:42:38.0858436+01:00  [INF] Hosting environment: "Development" (c3307c92)
2020-04-21T22:42:38.0884746+01:00  [INF] Content root path: "C:\Users\LENOVO\source\repos\BiblioIUC\BiblioIUC" (b5d60022)
2020-04-21T22:42:48.6341835+01:00 0HLV67JKJ264Q:00000004 [ERR] System.InvalidOperationException: The LINQ expression 'DbSet<User>
    .Where(u => UserLogic.GetUserQuery(
        account: __account_0, 
        x: u))' could not be translated. Either rewrite the query in a form that can be translated, or switch to client evaluation explicitly by inserting a call to either AsEnumerable(), AsAsyncEnumerable(), ToList(), or ToListAsync(). See https://go.microsoft.com/fwlink/?linkid=2101038 for more information.
   at Microsoft.EntityFrameworkCore.Query.QueryableMethodTranslatingExpressionVisitor.<VisitMethodCall>g__CheckTranslated|8_0(ShapedQueryExpression translated, <>c__DisplayClass8_0& )
   at Microsoft.EntityFrameworkCore.Query.QueryableMethodTranslatingExpressionVisitor.VisitMethodCall(MethodCallExpression methodCallExpression)
   at Microsoft.EntityFrameworkCore.Query.RelationalQueryableMethodTranslatingExpressionVisitor.VisitMethodCall(MethodCallExpression methodCallExpression)
   at System.Linq.Expressions.MethodCallExpression.Accept(ExpressionVisitor visitor)
   at System.Linq.Expressions.ExpressionVisitor.Visit(Expression node)
   at Microsoft.EntityFrameworkCore.Query.QueryableMethodTranslatingExpressionVisitor.VisitMethodCall(MethodCallExpression methodCallExpression)
   at Microsoft.EntityFrameworkCore.Query.RelationalQueryableMethodTranslatingExpressionVisitor.VisitMethodCall(MethodCallExpression methodCallExpression)
   at System.Linq.Expressions.MethodCallExpression.Accept(ExpressionVisitor visitor)
   at System.Linq.Expressions.ExpressionVisitor.Visit(Expression node)
   at Microsoft.EntityFrameworkCore.Query.QueryCompilationContext.CreateQueryExecutor[TResult](Expression query)
   at Microsoft.EntityFrameworkCore.Storage.Database.CompileQuery[TResult](Expression query, Boolean async)
   at Microsoft.EntityFrameworkCore.Query.Internal.QueryCompiler.CompileQueryCore[TResult](IDatabase database, Expression query, IModel model, Boolean async)
   at Microsoft.EntityFrameworkCore.Query.Internal.QueryCompiler.<>c__DisplayClass12_0`1.<ExecuteAsync>b__0()
   at Microsoft.EntityFrameworkCore.Query.Internal.CompiledQueryCache.GetOrAddQueryCore[TFunc](Object cacheKey, Func`1 compiler)
   at Microsoft.EntityFrameworkCore.Query.Internal.CompiledQueryCache.GetOrAddQuery[TResult](Object cacheKey, Func`1 compiler)
   at Microsoft.EntityFrameworkCore.Query.Internal.QueryCompiler.ExecuteAsync[TResult](Expression query, CancellationToken cancellationToken)
   at Microsoft.EntityFrameworkCore.Query.Internal.EntityQueryProvider.ExecuteAsync[TResult](Expression expression, CancellationToken cancellationToken)
   at Microsoft.EntityFrameworkCore.EntityFrameworkQueryableExtensions.ExecuteAsync[TSource,TResult](MethodInfo operatorMethodInfo, IQueryable`1 source, Expression expression, CancellationToken cancellationToken)
   at Microsoft.EntityFrameworkCore.EntityFrameworkQueryableExtensions.ExecuteAsync[TSource,TResult](MethodInfo operatorMethodInfo, IQueryable`1 source, LambdaExpression expression, CancellationToken cancellationToken)
   at Microsoft.EntityFrameworkCore.EntityFrameworkQueryableExtensions.SingleOrDefaultAsync[TSource](IQueryable`1 source, Expression`1 predicate, CancellationToken cancellationToken)
   at BiblioIUC.Logics.UserLogic.GetAsync(String account, String imageBaseUrl) in C:\Users\LENOVO\source\repos\BiblioIUC\BiblioIUC\Logics\UserLogic.cs:line 43
   at BiblioIUC.Controllers.AccountController.Login(LoginModel loginModel) in C:\Users\LENOVO\source\repos\BiblioIUC\BiblioIUC\Controllers\AccountController.cs:line 50 (b4b8dbf0)
2020-04-21T22:43:01.5676246+01:00 0HLV67JKJ264Q:00000005 [ERR] System.InvalidOperationException: The LINQ expression 'DbSet<User>
    .Where(u => UserLogic.GetUserQuery(
        account: __account_0, 
        x: u))' could not be translated. Either rewrite the query in a form that can be translated, or switch to client evaluation explicitly by inserting a call to either AsEnumerable(), AsAsyncEnumerable(), ToList(), or ToListAsync(). See https://go.microsoft.com/fwlink/?linkid=2101038 for more information.
   at Microsoft.EntityFrameworkCore.Query.QueryableMethodTranslatingExpressionVisitor.<VisitMethodCall>g__CheckTranslated|8_0(ShapedQueryExpression translated, <>c__DisplayClass8_0& )
   at Microsoft.EntityFrameworkCore.Query.QueryableMethodTranslatingExpressionVisitor.VisitMethodCall(MethodCallExpression methodCallExpression)
   at Microsoft.EntityFrameworkCore.Query.RelationalQueryableMethodTranslatingExpressionVisitor.VisitMethodCall(MethodCallExpression methodCallExpression)
   at System.Linq.Expressions.MethodCallExpression.Accept(ExpressionVisitor visitor)
   at System.Linq.Expressions.ExpressionVisitor.Visit(Expression node)
   at Microsoft.EntityFrameworkCore.Query.QueryableMethodTranslatingExpressionVisitor.VisitMethodCall(MethodCallExpression methodCallExpression)
   at Microsoft.EntityFrameworkCore.Query.RelationalQueryableMethodTranslatingExpressionVisitor.VisitMethodCall(MethodCallExpression methodCallExpression)
   at System.Linq.Expressions.MethodCallExpression.Accept(ExpressionVisitor visitor)
   at System.Linq.Expressions.ExpressionVisitor.Visit(Expression node)
   at Microsoft.EntityFrameworkCore.Query.QueryCompilationContext.CreateQueryExecutor[TResult](Expression query)
   at Microsoft.EntityFrameworkCore.Storage.Database.CompileQuery[TResult](Expression query, Boolean async)
   at Microsoft.EntityFrameworkCore.Query.Internal.QueryCompiler.CompileQueryCore[TResult](IDatabase database, Expression query, IModel model, Boolean async)
   at Microsoft.EntityFrameworkCore.Query.Internal.QueryCompiler.<>c__DisplayClass12_0`1.<ExecuteAsync>b__0()
   at Microsoft.EntityFrameworkCore.Query.Internal.CompiledQueryCache.GetOrAddQueryCore[TFunc](Object cacheKey, Func`1 compiler)
   at Microsoft.EntityFrameworkCore.Query.Internal.CompiledQueryCache.GetOrAddQuery[TResult](Object cacheKey, Func`1 compiler)
   at Microsoft.EntityFrameworkCore.Query.Internal.QueryCompiler.ExecuteAsync[TResult](Expression query, CancellationToken cancellationToken)
   at Microsoft.EntityFrameworkCore.Query.Internal.EntityQueryProvider.ExecuteAsync[TResult](Expression expression, CancellationToken cancellationToken)
   at Microsoft.EntityFrameworkCore.EntityFrameworkQueryableExtensions.ExecuteAsync[TSource,TResult](MethodInfo operatorMethodInfo, IQueryable`1 source, Expression expression, CancellationToken cancellationToken)
   at Microsoft.EntityFrameworkCore.EntityFrameworkQueryableExtensions.ExecuteAsync[TSource,TResult](MethodInfo operatorMethodInfo, IQueryable`1 source, LambdaExpression expression, CancellationToken cancellationToken)
   at Microsoft.EntityFrameworkCore.EntityFrameworkQueryableExtensions.SingleOrDefaultAsync[TSource](IQueryable`1 source, Expression`1 predicate, CancellationToken cancellationToken)
   at BiblioIUC.Logics.UserLogic.GetAsync(String account, String imageBaseUrl) in C:\Users\LENOVO\source\repos\BiblioIUC\BiblioIUC\Logics\UserLogic.cs:line 43
   at BiblioIUC.Controllers.AccountController.Login(LoginModel loginModel) in C:\Users\LENOVO\source\repos\BiblioIUC\BiblioIUC\Controllers\AccountController.cs:line 50 (b4b8dbf0)
2020-04-21T22:46:16.8774934+01:00  [INF] Now listening on: "http://localhost:5000" (d826f4b8)
2020-04-21T22:46:16.8877766+01:00  [INF] Application started. Press Ctrl+C to shut down. (dcaefe54)
2020-04-21T22:46:16.8897126+01:00  [INF] Hosting environment: "Development" (c3307c92)
2020-04-21T22:46:16.8916408+01:00  [INF] Content root path: "C:\Users\LENOVO\source\repos\BiblioIUC\BiblioIUC" (b5d60022)
