2020-04-28T00:24:04.9539306+01:00  [INF] Now listening on: "http://localhost:5000" (d826f4b8)
2020-04-28T00:24:04.9611382+01:00  [INF] Application started. Press Ctrl+C to shut down. (dcaefe54)
2020-04-28T00:24:04.9612853+01:00  [INF] Hosting environment: "Development" (c3307c92)
2020-04-28T00:24:04.9613190+01:00  [INF] Content root path: "C:\Users\LENOVO\source\repos\BiblioIUC\Biblio_IUC\BiblioIUC" (b5d60022)
2020-04-28T00:26:17.0761335+01:00  [INF] Now listening on: "http://localhost:5000" (d826f4b8)
2020-04-28T00:26:17.0864608+01:00  [INF] Application started. Press Ctrl+C to shut down. (dcaefe54)
2020-04-28T00:26:17.0865905+01:00  [INF] Hosting environment: "Development" (c3307c92)
2020-04-28T00:26:17.0866200+01:00  [INF] Content root path: "C:\Users\LENOVO\source\repos\BiblioIUC\Biblio_IUC\BiblioIUC" (b5d60022)
2020-04-28T00:27:02.7334673+01:00  [INF] Now listening on: "http://localhost:5000" (d826f4b8)
2020-04-28T00:27:02.7411830+01:00  [INF] Application started. Press Ctrl+C to shut down. (dcaefe54)
2020-04-28T00:27:02.7413288+01:00  [INF] Hosting environment: "Development" (c3307c92)
2020-04-28T00:27:02.7413636+01:00  [INF] Content root path: "C:\Users\LENOVO\source\repos\BiblioIUC\Biblio_IUC\BiblioIUC" (b5d60022)
2020-04-28T00:27:24.6056620+01:00  [INF] Now listening on: "http://localhost:5000" (d826f4b8)
2020-04-28T00:27:24.6151967+01:00  [INF] Application started. Press Ctrl+C to shut down. (dcaefe54)
2020-04-28T00:27:24.6153401+01:00  [INF] Hosting environment: "Development" (c3307c92)
2020-04-28T00:27:24.6154283+01:00  [INF] Content root path: "C:\Users\LENOVO\source\repos\BiblioIUC\Biblio_IUC\BiblioIUC" (b5d60022)
2020-04-28T00:28:03.0131304+01:00  [INF] Now listening on: "http://localhost:5000" (d826f4b8)
2020-04-28T00:28:03.0216669+01:00  [INF] Application started. Press Ctrl+C to shut down. (dcaefe54)
2020-04-28T00:28:03.0217992+01:00  [INF] Hosting environment: "Development" (c3307c92)
2020-04-28T00:28:03.0218375+01:00  [INF] Content root path: "C:\Users\LENOVO\source\repos\BiblioIUC\Biblio_IUC\BiblioIUC" (b5d60022)
2020-04-28T00:28:45.6496748+01:00  [INF] Now listening on: "http://localhost:5000" (d826f4b8)
2020-04-28T00:28:45.6578206+01:00  [INF] Application started. Press Ctrl+C to shut down. (dcaefe54)
2020-04-28T00:28:45.6579727+01:00  [INF] Hosting environment: "Development" (c3307c92)
2020-04-28T00:28:45.6580132+01:00  [INF] Content root path: "C:\Users\LENOVO\source\repos\BiblioIUC\Biblio_IUC\BiblioIUC" (b5d60022)
2020-04-28T00:29:40.5410362+01:00  [INF] Now listening on: "http://localhost:5000" (d826f4b8)
2020-04-28T00:29:40.5493711+01:00  [INF] Application started. Press Ctrl+C to shut down. (dcaefe54)
2020-04-28T00:29:40.5495008+01:00  [INF] Hosting environment: "Development" (c3307c92)
2020-04-28T00:29:40.5495416+01:00  [INF] Content root path: "C:\Users\LENOVO\source\repos\BiblioIUC\Biblio_IUC\BiblioIUC" (b5d60022)
2020-04-28T00:31:54.9233465+01:00  [INF] Now listening on: "http://localhost:5000" (d826f4b8)
2020-04-28T00:31:54.9311294+01:00  [INF] Application started. Press Ctrl+C to shut down. (dcaefe54)
2020-04-28T00:31:54.9312670+01:00  [INF] Hosting environment: "Development" (c3307c92)
2020-04-28T00:31:54.9313130+01:00  [INF] Content root path: "C:\Users\LENOVO\source\repos\BiblioIUC\Biblio_IUC\BiblioIUC" (b5d60022)
2020-04-28T00:33:11.9522939+01:00  [INF] Now listening on: "http://localhost:5000" (d826f4b8)
2020-04-28T00:33:11.9622429+01:00  [INF] Application started. Press Ctrl+C to shut down. (dcaefe54)
2020-04-28T00:33:11.9623864+01:00  [INF] Hosting environment: "Development" (c3307c92)
2020-04-28T00:33:11.9624170+01:00  [INF] Content root path: "C:\Users\LENOVO\source\repos\BiblioIUC\Biblio_IUC\BiblioIUC" (b5d60022)
2020-04-28T00:33:51.3407443+01:00  [INF] Now listening on: "http://localhost:5000" (d826f4b8)
2020-04-28T00:33:51.3485780+01:00  [INF] Application started. Press Ctrl+C to shut down. (dcaefe54)
2020-04-28T00:33:51.3487194+01:00  [INF] Hosting environment: "Development" (c3307c92)
2020-04-28T00:33:51.3487543+01:00  [INF] Content root path: "C:\Users\LENOVO\source\repos\BiblioIUC\Biblio_IUC\BiblioIUC" (b5d60022)
2020-04-28T00:34:38.2109282+01:00  [INF] Now listening on: "http://localhost:5000" (d826f4b8)
2020-04-28T00:34:38.2182052+01:00  [INF] Application started. Press Ctrl+C to shut down. (dcaefe54)
2020-04-28T00:34:38.2184044+01:00  [INF] Hosting environment: "Development" (c3307c92)
2020-04-28T00:34:38.2185054+01:00  [INF] Content root path: "C:\Users\LENOVO\source\repos\BiblioIUC\Biblio_IUC\BiblioIUC" (b5d60022)
2020-04-28T00:35:46.5797577+01:00  [INF] Now listening on: "http://localhost:5000" (d826f4b8)
2020-04-28T00:35:46.5873814+01:00  [INF] Application started. Press Ctrl+C to shut down. (dcaefe54)
2020-04-28T00:35:46.5875471+01:00  [INF] Hosting environment: "Development" (c3307c92)
2020-04-28T00:35:46.5875876+01:00  [INF] Content root path: "C:\Users\LENOVO\source\repos\BiblioIUC\Biblio_IUC\BiblioIUC" (b5d60022)
2020-04-28T00:37:30.6329033+01:00  [INF] Now listening on: "http://localhost:5000" (d826f4b8)
2020-04-28T00:37:30.6421767+01:00  [INF] Application started. Press Ctrl+C to shut down. (dcaefe54)
2020-04-28T00:37:30.6423451+01:00  [INF] Hosting environment: "Development" (c3307c92)
2020-04-28T00:37:30.6423763+01:00  [INF] Content root path: "C:\Users\LENOVO\source\repos\BiblioIUC\Biblio_IUC\BiblioIUC" (b5d60022)
2020-04-28T00:37:53.8855585+01:00  [INF] Now listening on: "http://localhost:5000" (d826f4b8)
2020-04-28T00:37:53.8961248+01:00  [INF] Application started. Press Ctrl+C to shut down. (dcaefe54)
2020-04-28T00:37:53.8962862+01:00  [INF] Hosting environment: "Development" (c3307c92)
2020-04-28T00:37:53.8963257+01:00  [INF] Content root path: "C:\Users\LENOVO\source\repos\BiblioIUC\Biblio_IUC\BiblioIUC" (b5d60022)
2020-04-28T00:38:08.0231949+01:00  [INF] Now listening on: "http://localhost:5000" (d826f4b8)
2020-04-28T00:38:08.0302637+01:00  [INF] Application started. Press Ctrl+C to shut down. (dcaefe54)
2020-04-28T00:38:08.0304501+01:00  [INF] Hosting environment: "Development" (c3307c92)
2020-04-28T00:38:08.0304825+01:00  [INF] Content root path: "C:\Users\LENOVO\source\repos\BiblioIUC\Biblio_IUC\BiblioIUC" (b5d60022)
2020-04-28T00:38:30.7017281+01:00  [INF] Now listening on: "http://localhost:5000" (d826f4b8)
2020-04-28T00:38:30.7086540+01:00  [INF] Application started. Press Ctrl+C to shut down. (dcaefe54)
2020-04-28T00:38:30.7087788+01:00  [INF] Hosting environment: "Development" (c3307c92)
2020-04-28T00:38:30.7088255+01:00  [INF] Content root path: "C:\Users\LENOVO\source\repos\BiblioIUC\Biblio_IUC\BiblioIUC" (b5d60022)
2020-04-28T00:39:01.5579678+01:00  [INF] Now listening on: "http://localhost:5000" (d826f4b8)
2020-04-28T00:39:01.5660575+01:00  [INF] Application started. Press Ctrl+C to shut down. (dcaefe54)
2020-04-28T00:39:01.5662025+01:00  [INF] Hosting environment: "Development" (c3307c92)
2020-04-28T00:39:01.5662439+01:00  [INF] Content root path: "C:\Users\LENOVO\source\repos\BiblioIUC\Biblio_IUC\BiblioIUC" (b5d60022)
2020-04-28T00:39:22.0124661+01:00  [INF] Now listening on: "http://localhost:5000" (d826f4b8)
2020-04-28T00:39:22.0236769+01:00  [INF] Application started. Press Ctrl+C to shut down. (dcaefe54)
2020-04-28T00:39:22.0238061+01:00  [INF] Hosting environment: "Development" (c3307c92)
2020-04-28T00:39:22.0238308+01:00  [INF] Content root path: "C:\Users\LENOVO\source\repos\BiblioIUC\Biblio_IUC\BiblioIUC" (b5d60022)
2020-04-28T00:40:23.8157358+01:00  [INF] Now listening on: "http://localhost:5000" (d826f4b8)
2020-04-28T00:40:23.8244828+01:00  [INF] Application started. Press Ctrl+C to shut down. (dcaefe54)
2020-04-28T00:40:23.8246720+01:00  [INF] Hosting environment: "Development" (c3307c92)
2020-04-28T00:40:23.8247916+01:00  [INF] Content root path: "C:\Users\LENOVO\source\repos\BiblioIUC\Biblio_IUC\BiblioIUC" (b5d60022)
2020-04-28T00:42:34.5552775+01:00  [INF] Now listening on: "http://localhost:5000" (d826f4b8)
2020-04-28T00:42:34.5624381+01:00  [INF] Application started. Press Ctrl+C to shut down. (dcaefe54)
2020-04-28T00:42:34.5625647+01:00  [INF] Hosting environment: "Development" (c3307c92)
2020-04-28T00:42:34.5626042+01:00  [INF] Content root path: "C:\Users\LENOVO\source\repos\BiblioIUC\Biblio_IUC\BiblioIUC" (b5d60022)
2020-04-28T00:49:40.2008448+01:00  [INF] Now listening on: "http://localhost:5000" (d826f4b8)
2020-04-28T00:49:40.2083617+01:00  [INF] Application started. Press Ctrl+C to shut down. (dcaefe54)
2020-04-28T00:49:40.2085251+01:00  [INF] Hosting environment: "Development" (c3307c92)
2020-04-28T00:49:40.2085632+01:00  [INF] Content root path: "C:\Users\LENOVO\source\repos\BiblioIUC\Biblio_IUC\BiblioIUC" (b5d60022)
2020-04-28T00:50:56.8008754+01:00  [INF] Now listening on: "http://localhost:5000" (d826f4b8)
2020-04-28T00:50:56.8091747+01:00  [INF] Application started. Press Ctrl+C to shut down. (dcaefe54)
2020-04-28T00:50:56.8093857+01:00  [INF] Hosting environment: "Development" (c3307c92)
2020-04-28T00:50:56.8094439+01:00  [INF] Content root path: "C:\Users\LENOVO\source\repos\BiblioIUC\Biblio_IUC\BiblioIUC" (b5d60022)
2020-04-28T00:52:07.9771164+01:00  [INF] Now listening on: "http://localhost:5000" (d826f4b8)
2020-04-28T00:52:07.9878560+01:00  [INF] Application started. Press Ctrl+C to shut down. (dcaefe54)
2020-04-28T00:52:07.9879983+01:00  [INF] Hosting environment: "Development" (c3307c92)
2020-04-28T00:52:07.9880377+01:00  [INF] Content root path: "C:\Users\LENOVO\source\repos\BiblioIUC\Biblio_IUC\BiblioIUC" (b5d60022)
2020-04-28T00:53:50.3626028+01:00  [INF] Now listening on: "http://localhost:5000" (d826f4b8)
2020-04-28T00:53:50.3699548+01:00  [INF] Application started. Press Ctrl+C to shut down. (dcaefe54)
2020-04-28T00:53:50.3700701+01:00  [INF] Hosting environment: "Development" (c3307c92)
2020-04-28T00:53:50.3701552+01:00  [INF] Content root path: "C:\Users\LENOVO\source\repos\BiblioIUC\Biblio_IUC\BiblioIUC" (b5d60022)
2020-04-28T00:55:31.2965251+01:00  [INF] Now listening on: "http://localhost:5000" (d826f4b8)
2020-04-28T00:55:31.3051355+01:00  [INF] Application started. Press Ctrl+C to shut down. (dcaefe54)
2020-04-28T00:55:31.3052746+01:00  [INF] Hosting environment: "Development" (c3307c92)
2020-04-28T00:55:31.3053153+01:00  [INF] Content root path: "C:\Users\LENOVO\source\repos\BiblioIUC\Biblio_IUC\BiblioIUC" (b5d60022)
2020-04-28T00:56:04.9148771+01:00  [INF] Now listening on: "http://localhost:5000" (d826f4b8)
2020-04-28T00:56:04.9233072+01:00  [INF] Application started. Press Ctrl+C to shut down. (dcaefe54)
2020-04-28T00:56:04.9234552+01:00  [INF] Hosting environment: "Development" (c3307c92)
2020-04-28T00:56:04.9234887+01:00  [INF] Content root path: "C:\Users\LENOVO\source\repos\BiblioIUC\Biblio_IUC\BiblioIUC" (b5d60022)
2020-04-28T00:57:25.8404592+01:00  [INF] Now listening on: "http://localhost:5000" (d826f4b8)
2020-04-28T00:57:25.8488043+01:00  [INF] Application started. Press Ctrl+C to shut down. (dcaefe54)
2020-04-28T00:57:25.8489494+01:00  [INF] Hosting environment: "Development" (c3307c92)
2020-04-28T00:57:25.8489984+01:00  [INF] Content root path: "C:\Users\LENOVO\source\repos\BiblioIUC\Biblio_IUC\BiblioIUC" (b5d60022)
2020-04-28T01:00:46.1504435+01:00  [INF] Now listening on: "http://localhost:5000" (d826f4b8)
2020-04-28T01:00:46.1588915+01:00  [INF] Application started. Press Ctrl+C to shut down. (dcaefe54)
2020-04-28T01:00:46.1590345+01:00  [INF] Hosting environment: "Development" (c3307c92)
2020-04-28T01:00:46.1590705+01:00  [INF] Content root path: "C:\Users\LENOVO\source\repos\BiblioIUC\Biblio_IUC\BiblioIUC" (b5d60022)
2020-04-28T01:05:00.2796878+01:00  [INF] Now listening on: "http://localhost:5000" (d826f4b8)
2020-04-28T01:05:00.2891814+01:00  [INF] Application started. Press Ctrl+C to shut down. (dcaefe54)
2020-04-28T01:05:00.2893526+01:00  [INF] Hosting environment: "Development" (c3307c92)
2020-04-28T01:05:00.2893892+01:00  [INF] Content root path: "C:\Users\LENOVO\source\repos\BiblioIUC\Biblio_IUC\BiblioIUC" (b5d60022)
2020-04-28T01:12:07.4359600+01:00  [INF] Now listening on: "http://localhost:5000" (d826f4b8)
2020-04-28T01:12:07.4443438+01:00  [INF] Application started. Press Ctrl+C to shut down. (dcaefe54)
2020-04-28T01:12:07.4444265+01:00  [INF] Hosting environment: "Development" (c3307c92)
2020-04-28T01:12:07.4444433+01:00  [INF] Content root path: "C:\Users\LENOVO\source\repos\BiblioIUC\Biblio_IUC\BiblioIUC" (b5d60022)
2020-04-28T01:13:46.6392973+01:00  [INF] Now listening on: "http://localhost:5000" (d826f4b8)
2020-04-28T01:13:46.6495685+01:00  [INF] Application started. Press Ctrl+C to shut down. (dcaefe54)
2020-04-28T01:13:46.6497057+01:00  [INF] Hosting environment: "Development" (c3307c92)
2020-04-28T01:13:46.6497521+01:00  [INF] Content root path: "C:\Users\LENOVO\source\repos\BiblioIUC\Biblio_IUC\BiblioIUC" (b5d60022)
2020-04-28T01:15:15.5970711+01:00  [INF] Now listening on: "http://localhost:5000" (d826f4b8)
2020-04-28T01:15:15.6041694+01:00  [INF] Application started. Press Ctrl+C to shut down. (dcaefe54)
2020-04-28T01:15:15.6042903+01:00  [INF] Hosting environment: "Development" (c3307c92)
2020-04-28T01:15:15.6043420+01:00  [INF] Content root path: "C:\Users\LENOVO\source\repos\BiblioIUC\Biblio_IUC\BiblioIUC" (b5d60022)
2020-04-28T01:16:29.7186338+01:00  [INF] Now listening on: "http://localhost:5000" (d826f4b8)
2020-04-28T01:16:29.7272928+01:00  [INF] Application started. Press Ctrl+C to shut down. (dcaefe54)
2020-04-28T01:16:29.7274380+01:00  [INF] Hosting environment: "Development" (c3307c92)
2020-04-28T01:16:29.7274711+01:00  [INF] Content root path: "C:\Users\LENOVO\source\repos\BiblioIUC\Biblio_IUC\BiblioIUC" (b5d60022)
2020-04-28T01:17:20.0485549+01:00  [INF] Now listening on: "http://localhost:5000" (d826f4b8)
2020-04-28T01:17:20.0554671+01:00  [INF] Application started. Press Ctrl+C to shut down. (dcaefe54)
2020-04-28T01:17:20.0556487+01:00  [INF] Hosting environment: "Development" (c3307c92)
2020-04-28T01:17:20.0556899+01:00  [INF] Content root path: "C:\Users\LENOVO\source\repos\BiblioIUC\Biblio_IUC\BiblioIUC" (b5d60022)
2020-04-28T01:21:44.3319163+01:00  [INF] Now listening on: "http://localhost:5000" (d826f4b8)
2020-04-28T01:21:44.3392013+01:00  [INF] Application started. Press Ctrl+C to shut down. (dcaefe54)
2020-04-28T01:21:44.3393419+01:00  [INF] Hosting environment: "Development" (c3307c92)
2020-04-28T01:21:44.3393833+01:00  [INF] Content root path: "C:\Users\LENOVO\source\repos\BiblioIUC\Biblio_IUC\BiblioIUC" (b5d60022)
2020-04-28T01:22:04.7650662+01:00  [INF] Now listening on: "http://localhost:5000" (d826f4b8)
2020-04-28T01:22:04.7793792+01:00  [INF] Application started. Press Ctrl+C to shut down. (dcaefe54)
2020-04-28T01:22:04.7795176+01:00  [INF] Hosting environment: "Development" (c3307c92)
2020-04-28T01:22:04.7795598+01:00  [INF] Content root path: "C:\Users\LENOVO\source\repos\BiblioIUC\Biblio_IUC\BiblioIUC" (b5d60022)
2020-04-28T01:23:11.1703089+01:00  [INF] Now listening on: "http://localhost:5000" (d826f4b8)
2020-04-28T01:23:11.1779484+01:00  [INF] Application started. Press Ctrl+C to shut down. (dcaefe54)
2020-04-28T01:23:11.1781882+01:00  [INF] Hosting environment: "Development" (c3307c92)
2020-04-28T01:23:11.1782270+01:00  [INF] Content root path: "C:\Users\LENOVO\source\repos\BiblioIUC\Biblio_IUC\BiblioIUC" (b5d60022)
2020-04-28T01:23:50.5761374+01:00  [INF] Now listening on: "http://localhost:5000" (d826f4b8)
2020-04-28T01:23:50.5843916+01:00  [INF] Application started. Press Ctrl+C to shut down. (dcaefe54)
2020-04-28T01:23:50.5845210+01:00  [INF] Hosting environment: "Development" (c3307c92)
2020-04-28T01:23:50.5845626+01:00  [INF] Content root path: "C:\Users\LENOVO\source\repos\BiblioIUC\Biblio_IUC\BiblioIUC" (b5d60022)
2020-04-28T01:26:31.6711835+01:00  [INF] Now listening on: "http://localhost:5000" (d826f4b8)
2020-04-28T01:26:31.6814642+01:00  [INF] Application started. Press Ctrl+C to shut down. (dcaefe54)
2020-04-28T01:26:31.6816325+01:00  [INF] Hosting environment: "Development" (c3307c92)
2020-04-28T01:26:31.6816672+01:00  [INF] Content root path: "C:\Users\LENOVO\source\repos\BiblioIUC\Biblio_IUC\BiblioIUC" (b5d60022)
2020-04-28T01:27:52.4049278+01:00  [INF] Now listening on: "http://localhost:5000" (d826f4b8)
2020-04-28T01:27:52.4152910+01:00  [INF] Application started. Press Ctrl+C to shut down. (dcaefe54)
2020-04-28T01:27:52.4154400+01:00  [INF] Hosting environment: "Development" (c3307c92)
2020-04-28T01:27:52.4154876+01:00  [INF] Content root path: "C:\Users\LENOVO\source\repos\BiblioIUC\Biblio_IUC\BiblioIUC" (b5d60022)
2020-04-28T01:29:24.8870310+01:00  [INF] Now listening on: "http://localhost:5000" (d826f4b8)
2020-04-28T01:29:24.8946582+01:00  [INF] Application started. Press Ctrl+C to shut down. (dcaefe54)
2020-04-28T01:29:24.8947609+01:00  [INF] Hosting environment: "Development" (c3307c92)
2020-04-28T01:29:24.8948018+01:00  [INF] Content root path: "C:\Users\LENOVO\source\repos\BiblioIUC\Biblio_IUC\BiblioIUC" (b5d60022)
2020-04-28T01:31:33.2791849+01:00  [INF] Now listening on: "http://localhost:5000" (d826f4b8)
2020-04-28T01:31:33.2871098+01:00  [INF] Application started. Press Ctrl+C to shut down. (dcaefe54)
2020-04-28T01:31:33.2872642+01:00  [INF] Hosting environment: "Development" (c3307c92)
2020-04-28T01:31:33.2873286+01:00  [INF] Content root path: "C:\Users\LENOVO\source\repos\BiblioIUC\Biblio_IUC\BiblioIUC" (b5d60022)
2020-04-28T01:32:08.2010569+01:00  [INF] Now listening on: "http://localhost:5000" (d826f4b8)
2020-04-28T01:32:08.2107991+01:00  [INF] Application started. Press Ctrl+C to shut down. (dcaefe54)
2020-04-28T01:32:08.2109215+01:00  [INF] Hosting environment: "Development" (c3307c92)
2020-04-28T01:32:08.2109712+01:00  [INF] Content root path: "C:\Users\LENOVO\source\repos\BiblioIUC\Biblio_IUC\BiblioIUC" (b5d60022)
2020-04-28T01:36:06.3445289+01:00  [INF] Now listening on: "http://localhost:5000" (d826f4b8)
2020-04-28T01:36:06.3530618+01:00  [INF] Application started. Press Ctrl+C to shut down. (dcaefe54)
2020-04-28T01:36:06.3531845+01:00  [INF] Hosting environment: "Development" (c3307c92)
2020-04-28T01:36:06.3532364+01:00  [INF] Content root path: "C:\Users\LENOVO\source\repos\BiblioIUC\Biblio_IUC\BiblioIUC" (b5d60022)
2020-04-28T01:38:30.1736783+01:00  [INF] Now listening on: "http://localhost:5000" (d826f4b8)
2020-04-28T01:38:30.1871488+01:00  [INF] Application started. Press Ctrl+C to shut down. (dcaefe54)
2020-04-28T01:38:30.1873077+01:00  [INF] Hosting environment: "Development" (c3307c92)
2020-04-28T01:38:30.1873427+01:00  [INF] Content root path: "C:\Users\LENOVO\source\repos\BiblioIUC\Biblio_IUC\BiblioIUC" (b5d60022)
2020-04-28T01:52:35.7208410+01:00  [INF] Now listening on: "http://localhost:5000" (d826f4b8)
2020-04-28T01:52:35.7342777+01:00  [INF] Application started. Press Ctrl+C to shut down. (dcaefe54)
2020-04-28T01:52:35.7346761+01:00  [INF] Hosting environment: "Development" (c3307c92)
2020-04-28T01:52:35.7347720+01:00  [INF] Content root path: "C:\Users\LENOVO\source\repos\BiblioIUC\Biblio_IUC\BiblioIUC" (b5d60022)
2020-04-28T01:54:33.1467427+01:00  [INF] Now listening on: "http://localhost:5000" (d826f4b8)
2020-04-28T01:54:33.1560261+01:00  [INF] Application started. Press Ctrl+C to shut down. (dcaefe54)
2020-04-28T01:54:33.1561697+01:00  [INF] Hosting environment: "Development" (c3307c92)
2020-04-28T01:54:33.1562019+01:00  [INF] Content root path: "C:\Users\LENOVO\source\repos\BiblioIUC\Biblio_IUC\BiblioIUC" (b5d60022)
2020-04-28T01:54:48.3925800+01:00  [INF] Now listening on: "http://localhost:5000" (d826f4b8)
2020-04-28T01:54:48.3996989+01:00  [INF] Application started. Press Ctrl+C to shut down. (dcaefe54)
2020-04-28T01:54:48.3998313+01:00  [INF] Hosting environment: "Development" (c3307c92)
2020-04-28T01:54:48.3998718+01:00  [INF] Content root path: "C:\Users\LENOVO\source\repos\BiblioIUC\Biblio_IUC\BiblioIUC" (b5d60022)
2020-04-28T01:56:52.5284190+01:00  [INF] Application is shutting down... (90f52c38)
2020-04-28T01:57:00.7531570+01:00  [INF] Now listening on: "http://localhost:5000" (d826f4b8)
2020-04-28T01:57:00.7605441+01:00  [INF] Application started. Press Ctrl+C to shut down. (dcaefe54)
2020-04-28T01:57:00.7606718+01:00  [INF] Hosting environment: "Development" (c3307c92)
2020-04-28T01:57:00.7607092+01:00  [INF] Content root path: "C:\Users\LENOVO\source\repos\BiblioIUC\Biblio_IUC\BiblioIUC" (b5d60022)
2020-04-28T02:02:02.6667660+01:00  [INF] Now listening on: "http://localhost:5000" (d826f4b8)
2020-04-28T02:02:02.6749113+01:00  [INF] Application started. Press Ctrl+C to shut down. (dcaefe54)
2020-04-28T02:02:02.6750518+01:00  [INF] Hosting environment: "Development" (c3307c92)
2020-04-28T02:02:02.6750857+01:00  [INF] Content root path: "C:\Users\LENOVO\source\repos\BiblioIUC\Biblio_IUC\BiblioIUC" (b5d60022)
2020-04-28T02:02:48.8566807+01:00  [INF] Now listening on: "http://localhost:5000" (d826f4b8)
2020-04-28T02:02:48.8656476+01:00  [INF] Application started. Press Ctrl+C to shut down. (dcaefe54)
2020-04-28T02:02:48.8657962+01:00  [INF] Hosting environment: "Development" (c3307c92)
2020-04-28T02:02:48.8658451+01:00  [INF] Content root path: "C:\Users\LENOVO\source\repos\BiblioIUC\Biblio_IUC\BiblioIUC" (b5d60022)
2020-04-28T02:05:41.0660779+01:00  [INF] Now listening on: "http://localhost:5000" (d826f4b8)
2020-04-28T02:05:41.0751053+01:00  [INF] Application started. Press Ctrl+C to shut down. (dcaefe54)
2020-04-28T02:05:41.0756499+01:00  [INF] Hosting environment: "Development" (c3307c92)
2020-04-28T02:05:41.0756896+01:00  [INF] Content root path: "C:\Users\LENOVO\source\repos\BiblioIUC\Biblio_IUC\BiblioIUC" (b5d60022)
2020-04-28T02:05:56.4203435+01:00  [INF] Now listening on: "http://localhost:5000" (d826f4b8)
2020-04-28T02:05:56.4273005+01:00  [INF] Application started. Press Ctrl+C to shut down. (dcaefe54)
2020-04-28T02:05:56.4274322+01:00  [INF] Hosting environment: "Development" (c3307c92)
2020-04-28T02:05:56.4274740+01:00  [INF] Content root path: "C:\Users\LENOVO\source\repos\BiblioIUC\Biblio_IUC\BiblioIUC" (b5d60022)
2020-04-28T02:07:51.5972845+01:00  [INF] Now listening on: "http://localhost:5000" (d826f4b8)
2020-04-28T02:07:51.6049986+01:00  [INF] Application started. Press Ctrl+C to shut down. (dcaefe54)
2020-04-28T02:07:51.6051305+01:00  [INF] Hosting environment: "Development" (c3307c92)
2020-04-28T02:07:51.6051745+01:00  [INF] Content root path: "C:\Users\LENOVO\source\repos\BiblioIUC\Biblio_IUC\BiblioIUC" (b5d60022)
2020-04-28T02:08:11.5441043+01:00  [INF] Now listening on: "http://localhost:5000" (d826f4b8)
2020-04-28T02:08:11.5525709+01:00  [INF] Application started. Press Ctrl+C to shut down. (dcaefe54)
2020-04-28T02:08:11.5527086+01:00  [INF] Hosting environment: "Development" (c3307c92)
2020-04-28T02:08:11.5527482+01:00  [INF] Content root path: "C:\Users\LENOVO\source\repos\BiblioIUC\Biblio_IUC\BiblioIUC" (b5d60022)
2020-04-28T02:08:30.4945184+01:00  [INF] Now listening on: "http://localhost:5000" (d826f4b8)
2020-04-28T02:08:30.5025077+01:00  [INF] Application started. Press Ctrl+C to shut down. (dcaefe54)
2020-04-28T02:08:30.5026851+01:00  [INF] Hosting environment: "Development" (c3307c92)
2020-04-28T02:08:30.5027263+01:00  [INF] Content root path: "C:\Users\LENOVO\source\repos\BiblioIUC\Biblio_IUC\BiblioIUC" (b5d60022)
2020-04-28T02:08:53.1571517+01:00  [INF] Now listening on: "http://localhost:5000" (d826f4b8)
2020-04-28T02:08:53.1643834+01:00  [INF] Application started. Press Ctrl+C to shut down. (dcaefe54)
2020-04-28T02:08:53.1645157+01:00  [INF] Hosting environment: "Development" (c3307c92)
2020-04-28T02:08:53.1645695+01:00  [INF] Content root path: "C:\Users\LENOVO\source\repos\BiblioIUC\Biblio_IUC\BiblioIUC" (b5d60022)
2020-04-28T02:10:36.0617247+01:00  [INF] Now listening on: "http://localhost:5000" (d826f4b8)
2020-04-28T02:10:36.0701359+01:00  [INF] Application started. Press Ctrl+C to shut down. (dcaefe54)
2020-04-28T02:10:36.0702721+01:00  [INF] Hosting environment: "Development" (c3307c92)
2020-04-28T02:10:36.0703142+01:00  [INF] Content root path: "C:\Users\LENOVO\source\repos\BiblioIUC\Biblio_IUC\BiblioIUC" (b5d60022)
2020-04-28T02:11:06.6238340+01:00  [INF] Now listening on: "http://localhost:5000" (d826f4b8)
2020-04-28T02:11:06.6375378+01:00  [INF] Application started. Press Ctrl+C to shut down. (dcaefe54)
2020-04-28T02:11:06.6386471+01:00  [INF] Hosting environment: "Development" (c3307c92)
2020-04-28T02:11:06.6388288+01:00  [INF] Content root path: "C:\Users\LENOVO\source\repos\BiblioIUC\Biblio_IUC\BiblioIUC" (b5d60022)
2020-04-28T02:11:41.6176408+01:00  [INF] Now listening on: "http://localhost:5000" (d826f4b8)
2020-04-28T02:11:41.6261712+01:00  [INF] Application started. Press Ctrl+C to shut down. (dcaefe54)
2020-04-28T02:11:41.6263813+01:00  [INF] Hosting environment: "Development" (c3307c92)
2020-04-28T02:11:41.6264287+01:00  [INF] Content root path: "C:\Users\LENOVO\source\repos\BiblioIUC\Biblio_IUC\BiblioIUC" (b5d60022)
2020-04-28T02:12:54.3391286+01:00  [INF] Now listening on: "http://localhost:5000" (d826f4b8)
2020-04-28T02:12:54.3480286+01:00  [INF] Application started. Press Ctrl+C to shut down. (dcaefe54)
2020-04-28T02:12:54.3481634+01:00  [INF] Hosting environment: "Development" (c3307c92)
2020-04-28T02:12:54.3482048+01:00  [INF] Content root path: "C:\Users\LENOVO\source\repos\BiblioIUC\Biblio_IUC\BiblioIUC" (b5d60022)
2020-04-28T02:13:17.6751244+01:00  [INF] Now listening on: "http://localhost:5000" (d826f4b8)
2020-04-28T02:13:17.6849802+01:00  [INF] Application started. Press Ctrl+C to shut down. (dcaefe54)
2020-04-28T02:13:17.6851158+01:00  [INF] Hosting environment: "Development" (c3307c92)
2020-04-28T02:13:17.6851516+01:00  [INF] Content root path: "C:\Users\LENOVO\source\repos\BiblioIUC\Biblio_IUC\BiblioIUC" (b5d60022)
2020-04-28T02:18:16.0905114+01:00  [INF] Now listening on: "http://localhost:5000" (d826f4b8)
2020-04-28T02:18:16.0996469+01:00  [INF] Application started. Press Ctrl+C to shut down. (dcaefe54)
2020-04-28T02:18:16.0997693+01:00  [INF] Hosting environment: "Development" (c3307c92)
2020-04-28T02:18:16.0998091+01:00  [INF] Content root path: "C:\Users\LENOVO\source\repos\BiblioIUC\Biblio_IUC\BiblioIUC" (b5d60022)
2020-04-28T02:20:15.6310891+01:00  [INF] Now listening on: "http://localhost:5000" (d826f4b8)
2020-04-28T02:20:15.6386311+01:00  [INF] Application started. Press Ctrl+C to shut down. (dcaefe54)
2020-04-28T02:20:15.6387712+01:00  [INF] Hosting environment: "Development" (c3307c92)
2020-04-28T02:20:15.6388036+01:00  [INF] Content root path: "C:\Users\LENOVO\source\repos\BiblioIUC\Biblio_IUC\BiblioIUC" (b5d60022)
2020-04-28T02:25:13.1015623+01:00  [INF] Now listening on: "http://localhost:5000" (d826f4b8)
2020-04-28T02:25:13.1097584+01:00  [INF] Application started. Press Ctrl+C to shut down. (dcaefe54)
2020-04-28T02:25:13.1099880+01:00  [INF] Hosting environment: "Development" (c3307c92)
2020-04-28T02:25:13.1100297+01:00  [INF] Content root path: "C:\Users\LENOVO\source\repos\BiblioIUC\Biblio_IUC\BiblioIUC" (b5d60022)
2020-04-28T02:27:11.5094043+01:00  [INF] Now listening on: "http://localhost:5000" (d826f4b8)
2020-04-28T02:27:11.5168748+01:00  [INF] Application started. Press Ctrl+C to shut down. (dcaefe54)
2020-04-28T02:27:11.5170240+01:00  [INF] Hosting environment: "Development" (c3307c92)
2020-04-28T02:27:11.5170677+01:00  [INF] Content root path: "C:\Users\LENOVO\source\repos\BiblioIUC\Biblio_IUC\BiblioIUC" (b5d60022)
2020-04-28T02:27:35.6424815+01:00  [INF] Now listening on: "http://localhost:5000" (d826f4b8)
2020-04-28T02:27:35.6499177+01:00  [INF] Application started. Press Ctrl+C to shut down. (dcaefe54)
2020-04-28T02:27:35.6500489+01:00  [INF] Hosting environment: "Development" (c3307c92)
2020-04-28T02:27:35.6500975+01:00  [INF] Content root path: "C:\Users\LENOVO\source\repos\BiblioIUC\Biblio_IUC\BiblioIUC" (b5d60022)
2020-04-28T02:28:42.3043031+01:00  [INF] Now listening on: "http://localhost:5000" (d826f4b8)
2020-04-28T02:28:42.3114272+01:00  [INF] Application started. Press Ctrl+C to shut down. (dcaefe54)
2020-04-28T02:28:42.3115572+01:00  [INF] Hosting environment: "Development" (c3307c92)
2020-04-28T02:28:42.3115960+01:00  [INF] Content root path: "C:\Users\LENOVO\source\repos\BiblioIUC\Biblio_IUC\BiblioIUC" (b5d60022)
2020-04-28T02:28:52.8964783+01:00  [INF] Now listening on: "http://localhost:5000" (d826f4b8)
2020-04-28T02:28:52.9034142+01:00  [INF] Application started. Press Ctrl+C to shut down. (dcaefe54)
2020-04-28T02:28:52.9035455+01:00  [INF] Hosting environment: "Development" (c3307c92)
2020-04-28T02:28:52.9035852+01:00  [INF] Content root path: "C:\Users\LENOVO\source\repos\BiblioIUC\Biblio_IUC\BiblioIUC" (b5d60022)
2020-04-28T02:29:13.6581152+01:00  [INF] Now listening on: "http://localhost:5000" (d826f4b8)
2020-04-28T02:29:13.6652435+01:00  [INF] Application started. Press Ctrl+C to shut down. (dcaefe54)
2020-04-28T02:29:13.6653717+01:00  [INF] Hosting environment: "Development" (c3307c92)
2020-04-28T02:29:13.6654012+01:00  [INF] Content root path: "C:\Users\LENOVO\source\repos\BiblioIUC\Biblio_IUC\BiblioIUC" (b5d60022)
2020-04-28T02:29:36.4571501+01:00  [INF] Now listening on: "http://localhost:5000" (d826f4b8)
2020-04-28T02:29:36.4643041+01:00  [INF] Application started. Press Ctrl+C to shut down. (dcaefe54)
2020-04-28T02:29:36.4645027+01:00  [INF] Hosting environment: "Development" (c3307c92)
2020-04-28T02:29:36.4646277+01:00  [INF] Content root path: "C:\Users\LENOVO\source\repos\BiblioIUC\Biblio_IUC\BiblioIUC" (b5d60022)
2020-04-28T02:30:50.1618399+01:00  [INF] Now listening on: "http://localhost:5000" (d826f4b8)
2020-04-28T02:30:50.1735321+01:00  [INF] Application started. Press Ctrl+C to shut down. (dcaefe54)
2020-04-28T02:30:50.1736588+01:00  [INF] Hosting environment: "Development" (c3307c92)
2020-04-28T02:30:50.1737016+01:00  [INF] Content root path: "C:\Users\LENOVO\source\repos\BiblioIUC\Biblio_IUC\BiblioIUC" (b5d60022)
2020-04-28T02:32:44.3422917+01:00  [INF] Now listening on: "http://localhost:5000" (d826f4b8)
2020-04-28T02:32:44.3516140+01:00  [INF] Application started. Press Ctrl+C to shut down. (dcaefe54)
2020-04-28T02:32:44.3518468+01:00  [INF] Hosting environment: "Development" (c3307c92)
2020-04-28T02:32:44.3518841+01:00  [INF] Content root path: "C:\Users\LENOVO\source\repos\BiblioIUC\Biblio_IUC\BiblioIUC" (b5d60022)
2020-04-28T02:34:19.1587023+01:00  [INF] Now listening on: "http://localhost:5000" (d826f4b8)
2020-04-28T02:34:19.1662112+01:00  [INF] Application started. Press Ctrl+C to shut down. (dcaefe54)
2020-04-28T02:34:19.1664263+01:00  [INF] Hosting environment: "Development" (c3307c92)
2020-04-28T02:34:19.1664630+01:00  [INF] Content root path: "C:\Users\LENOVO\source\repos\BiblioIUC\Biblio_IUC\BiblioIUC" (b5d60022)
2020-04-28T02:34:30.6509624+01:00  [INF] Now listening on: "http://localhost:5000" (d826f4b8)
2020-04-28T02:34:30.6749730+01:00  [INF] Application started. Press Ctrl+C to shut down. (dcaefe54)
2020-04-28T02:34:30.6751578+01:00  [INF] Hosting environment: "Development" (c3307c92)
2020-04-28T02:34:30.6751962+01:00  [INF] Content root path: "C:\Users\LENOVO\source\repos\BiblioIUC\Biblio_IUC\BiblioIUC" (b5d60022)
2020-04-28T02:36:11.9878127+01:00  [INF] Now listening on: "http://localhost:5000" (d826f4b8)
2020-04-28T02:36:11.9967644+01:00  [INF] Application started. Press Ctrl+C to shut down. (dcaefe54)
2020-04-28T02:36:11.9969586+01:00  [INF] Hosting environment: "Development" (c3307c92)
2020-04-28T02:36:11.9970319+01:00  [INF] Content root path: "C:\Users\LENOVO\source\repos\BiblioIUC\Biblio_IUC\BiblioIUC" (b5d60022)
2020-04-28T02:36:43.5739487+01:00  [INF] Now listening on: "http://localhost:5000" (d826f4b8)
2020-04-28T02:36:43.5827290+01:00  [INF] Application started. Press Ctrl+C to shut down. (dcaefe54)
2020-04-28T02:36:43.5828765+01:00  [INF] Hosting environment: "Development" (c3307c92)
2020-04-28T02:36:43.5829164+01:00  [INF] Content root path: "C:\Users\LENOVO\source\repos\BiblioIUC\Biblio_IUC\BiblioIUC" (b5d60022)
2020-04-28T02:37:19.0876078+01:00  [INF] Now listening on: "http://localhost:5000" (d826f4b8)
2020-04-28T02:37:19.0948461+01:00  [INF] Application started. Press Ctrl+C to shut down. (dcaefe54)
2020-04-28T02:37:19.0949847+01:00  [INF] Hosting environment: "Development" (c3307c92)
2020-04-28T02:37:19.0950299+01:00  [INF] Content root path: "C:\Users\LENOVO\source\repos\BiblioIUC\Biblio_IUC\BiblioIUC" (b5d60022)
2020-04-28T02:40:43.1283584+01:00  [INF] Now listening on: "http://localhost:5000" (d826f4b8)
2020-04-28T02:40:43.1378295+01:00  [INF] Application started. Press Ctrl+C to shut down. (dcaefe54)
2020-04-28T02:40:43.1379913+01:00  [INF] Hosting environment: "Development" (c3307c92)
2020-04-28T02:40:43.1380278+01:00  [INF] Content root path: "C:\Users\LENOVO\source\repos\BiblioIUC\Biblio_IUC\BiblioIUC" (b5d60022)
2020-04-28T02:43:42.3798884+01:00  [INF] Now listening on: "http://localhost:5000" (d826f4b8)
2020-04-28T02:43:42.3896495+01:00  [INF] Application started. Press Ctrl+C to shut down. (dcaefe54)
2020-04-28T02:43:42.3898096+01:00  [INF] Hosting environment: "Development" (c3307c92)
2020-04-28T02:43:42.3898697+01:00  [INF] Content root path: "C:\Users\LENOVO\source\repos\BiblioIUC\Biblio_IUC\BiblioIUC" (b5d60022)
2020-04-28T02:45:35.3275841+01:00  [INF] Now listening on: "http://localhost:5000" (d826f4b8)
2020-04-28T02:45:35.3412528+01:00  [INF] Application started. Press Ctrl+C to shut down. (dcaefe54)
2020-04-28T02:45:35.3415573+01:00  [INF] Hosting environment: "Development" (c3307c92)
2020-04-28T02:45:35.3416061+01:00  [INF] Content root path: "C:\Users\LENOVO\source\repos\BiblioIUC\Biblio_IUC\BiblioIUC" (b5d60022)
2020-04-28T02:46:39.3575685+01:00  [INF] Now listening on: "http://localhost:5000" (d826f4b8)
2020-04-28T02:46:39.3692465+01:00  [INF] Application started. Press Ctrl+C to shut down. (dcaefe54)
2020-04-28T02:46:39.3694137+01:00  [INF] Hosting environment: "Development" (c3307c92)
2020-04-28T02:46:39.3694470+01:00  [INF] Content root path: "C:\Users\LENOVO\source\repos\BiblioIUC\Biblio_IUC\BiblioIUC" (b5d60022)
2020-04-28T02:47:10.0142218+01:00  [INF] Now listening on: "http://localhost:5000" (d826f4b8)
2020-04-28T02:47:10.0228002+01:00  [INF] Application started. Press Ctrl+C to shut down. (dcaefe54)
2020-04-28T02:47:10.0229456+01:00  [INF] Hosting environment: "Development" (c3307c92)
2020-04-28T02:47:10.0229783+01:00  [INF] Content root path: "C:\Users\LENOVO\source\repos\BiblioIUC\Biblio_IUC\BiblioIUC" (b5d60022)
2020-04-28T02:47:44.7095482+01:00  [INF] Now listening on: "http://localhost:5000" (d826f4b8)
2020-04-28T02:47:44.7184553+01:00  [INF] Application started. Press Ctrl+C to shut down. (dcaefe54)
2020-04-28T02:47:44.7196882+01:00  [INF] Hosting environment: "Development" (c3307c92)
2020-04-28T02:47:44.7197374+01:00  [INF] Content root path: "C:\Users\LENOVO\source\repos\BiblioIUC\Biblio_IUC\BiblioIUC" (b5d60022)
2020-04-28T02:49:16.1135531+01:00  [INF] Now listening on: "http://localhost:5000" (d826f4b8)
2020-04-28T02:49:16.1233372+01:00  [INF] Application started. Press Ctrl+C to shut down. (dcaefe54)
2020-04-28T02:49:16.1235126+01:00  [INF] Hosting environment: "Development" (c3307c92)
2020-04-28T02:49:16.1235496+01:00  [INF] Content root path: "C:\Users\LENOVO\source\repos\BiblioIUC\Biblio_IUC\BiblioIUC" (b5d60022)
2020-04-28T02:52:15.6813171+01:00  [INF] Application is shutting down... (90f52c38)
2020-04-28T02:52:40.2007332+01:00  [INF] Now listening on: "http://localhost:5000" (d826f4b8)
2020-04-28T02:52:40.2100007+01:00  [INF] Application started. Press Ctrl+C to shut down. (dcaefe54)
2020-04-28T02:52:40.2101630+01:00  [INF] Hosting environment: "Development" (c3307c92)
2020-04-28T02:52:40.2102209+01:00  [INF] Content root path: "C:\Users\LENOVO\source\repos\BiblioIUC\Biblio_IUC\BiblioIUC" (b5d60022)
2020-04-28T02:54:28.5551073+01:00  [INF] Now listening on: "http://localhost:5000" (d826f4b8)
2020-04-28T02:54:28.5621599+01:00  [INF] Application started. Press Ctrl+C to shut down. (dcaefe54)
2020-04-28T02:54:28.5622870+01:00  [INF] Hosting environment: "Development" (c3307c92)
2020-04-28T02:54:28.5623379+01:00  [INF] Content root path: "C:\Users\LENOVO\source\repos\BiblioIUC\Biblio_IUC\BiblioIUC" (b5d60022)
2020-04-28T02:57:24.3495350+01:00  [INF] Now listening on: "http://localhost:5000" (d826f4b8)
2020-04-28T02:57:24.3570550+01:00  [INF] Application started. Press Ctrl+C to shut down. (dcaefe54)
2020-04-28T02:57:24.3572166+01:00  [INF] Hosting environment: "Development" (c3307c92)
2020-04-28T02:57:24.3572511+01:00  [INF] Content root path: "C:\Users\LENOVO\source\repos\BiblioIUC\Biblio_IUC\BiblioIUC" (b5d60022)
2020-04-28T03:12:56.4719091+01:00  [INF] Now listening on: "http://localhost:5000" (d826f4b8)
2020-04-28T03:12:56.4807568+01:00  [INF] Application started. Press Ctrl+C to shut down. (dcaefe54)
2020-04-28T03:12:56.4808884+01:00  [INF] Hosting environment: "Development" (c3307c92)
2020-04-28T03:12:56.4809198+01:00  [INF] Content root path: "C:\Users\LENOVO\source\repos\BiblioIUC\Biblio_IUC\BiblioIUC" (b5d60022)
2020-04-28T03:33:16.9729849+01:00  [INF] Now listening on: "http://localhost:5000" (d826f4b8)
2020-04-28T03:33:16.9830147+01:00  [INF] Application started. Press Ctrl+C to shut down. (dcaefe54)
2020-04-28T03:33:16.9831802+01:00  [INF] Hosting environment: "Development" (c3307c92)
2020-04-28T03:33:16.9832332+01:00  [INF] Content root path: "C:\Users\LENOVO\source\repos\BiblioIUC\Biblio_IUC\BiblioIUC" (b5d60022)
2020-04-28T03:34:25.3822855+01:00  [INF] Now listening on: "http://localhost:5000" (d826f4b8)
2020-04-28T03:34:25.3904721+01:00  [INF] Application started. Press Ctrl+C to shut down. (dcaefe54)
2020-04-28T03:34:25.3906681+01:00  [INF] Hosting environment: "Development" (c3307c92)
2020-04-28T03:34:25.3907429+01:00  [INF] Content root path: "C:\Users\LENOVO\source\repos\BiblioIUC\Biblio_IUC\BiblioIUC" (b5d60022)
2020-04-28T03:40:05.8196851+01:00  [INF] Now listening on: "http://localhost:5000" (d826f4b8)
2020-04-28T03:40:05.8268893+01:00  [INF] Application started. Press Ctrl+C to shut down. (dcaefe54)
2020-04-28T03:40:05.8270170+01:00  [INF] Hosting environment: "Development" (c3307c92)
2020-04-28T03:40:05.8270575+01:00  [INF] Content root path: "C:\Users\LENOVO\source\repos\BiblioIUC\Biblio_IUC\BiblioIUC" (b5d60022)
2020-04-28T03:41:01.7357425+01:00  [INF] Now listening on: "http://localhost:5000" (d826f4b8)
2020-04-28T03:41:01.7468585+01:00  [INF] Application started. Press Ctrl+C to shut down. (dcaefe54)
2020-04-28T03:41:01.7470758+01:00  [INF] Hosting environment: "Development" (c3307c92)
2020-04-28T03:41:01.7471222+01:00  [INF] Content root path: "C:\Users\LENOVO\source\repos\BiblioIUC\Biblio_IUC\BiblioIUC" (b5d60022)
2020-04-28T03:42:40.8775049+01:00  [INF] Now listening on: "http://localhost:5000" (d826f4b8)
2020-04-28T03:42:40.8867075+01:00  [INF] Application started. Press Ctrl+C to shut down. (dcaefe54)
2020-04-28T03:42:40.8868371+01:00  [INF] Hosting environment: "Development" (c3307c92)
2020-04-28T03:42:40.8868681+01:00  [INF] Content root path: "C:\Users\LENOVO\source\repos\BiblioIUC\Biblio_IUC\BiblioIUC" (b5d60022)
2020-04-28T03:44:00.0370570+01:00  [INF] Now listening on: "http://localhost:5000" (d826f4b8)
2020-04-28T03:44:00.0451105+01:00  [INF] Application started. Press Ctrl+C to shut down. (dcaefe54)
2020-04-28T03:44:00.0454628+01:00  [INF] Hosting environment: "Development" (c3307c92)
2020-04-28T03:44:00.0455286+01:00  [INF] Content root path: "C:\Users\LENOVO\source\repos\BiblioIUC\Biblio_IUC\BiblioIUC" (b5d60022)
2020-04-28T03:44:40.8270176+01:00  [INF] Now listening on: "http://localhost:5000" (d826f4b8)
2020-04-28T03:44:40.8357158+01:00  [INF] Application started. Press Ctrl+C to shut down. (dcaefe54)
2020-04-28T03:44:40.8358373+01:00  [INF] Hosting environment: "Development" (c3307c92)
2020-04-28T03:44:40.8358937+01:00  [INF] Content root path: "C:\Users\LENOVO\source\repos\BiblioIUC\Biblio_IUC\BiblioIUC" (b5d60022)
2020-04-28T03:44:57.8868174+01:00  [INF] Now listening on: "http://localhost:5000" (d826f4b8)
2020-04-28T03:44:57.8978662+01:00  [INF] Application started. Press Ctrl+C to shut down. (dcaefe54)
2020-04-28T03:44:57.8979972+01:00  [INF] Hosting environment: "Development" (c3307c92)
2020-04-28T03:44:57.8980529+01:00  [INF] Content root path: "C:\Users\LENOVO\source\repos\BiblioIUC\Biblio_IUC\BiblioIUC" (b5d60022)
2020-04-28T03:45:26.9412098+01:00  [INF] Now listening on: "http://localhost:5000" (d826f4b8)
2020-04-28T03:45:26.9539839+01:00  [INF] Application started. Press Ctrl+C to shut down. (dcaefe54)
2020-04-28T03:45:26.9541339+01:00  [INF] Hosting environment: "Development" (c3307c92)
2020-04-28T03:45:26.9541676+01:00  [INF] Content root path: "C:\Users\LENOVO\source\repos\BiblioIUC\Biblio_IUC\BiblioIUC" (b5d60022)
2020-04-28T03:46:36.2741826+01:00  [INF] Now listening on: "http://localhost:5000" (d826f4b8)
2020-04-28T03:46:36.2820132+01:00  [INF] Application started. Press Ctrl+C to shut down. (dcaefe54)
2020-04-28T03:46:36.2821545+01:00  [INF] Hosting environment: "Development" (c3307c92)
2020-04-28T03:46:36.2821953+01:00  [INF] Content root path: "C:\Users\LENOVO\source\repos\BiblioIUC\Biblio_IUC\BiblioIUC" (b5d60022)
2020-04-28T03:55:34.3390454+01:00  [INF] Now listening on: "http://localhost:5000" (d826f4b8)
2020-04-28T03:55:34.3470386+01:00  [INF] Application started. Press Ctrl+C to shut down. (dcaefe54)
2020-04-28T03:55:34.3471706+01:00  [INF] Hosting environment: "Development" (c3307c92)
2020-04-28T03:55:34.3472134+01:00  [INF] Content root path: "C:\Users\LENOVO\source\repos\BiblioIUC\Biblio_IUC\BiblioIUC" (b5d60022)
2020-04-28T04:13:31.1139824+01:00  [INF] Now listening on: "http://localhost:5000" (d826f4b8)
2020-04-28T04:13:31.1213001+01:00  [INF] Application started. Press Ctrl+C to shut down. (dcaefe54)
2020-04-28T04:13:31.1214266+01:00  [INF] Hosting environment: "Development" (c3307c92)
2020-04-28T04:13:31.1214850+01:00  [INF] Content root path: "C:\Users\LENOVO\source\repos\BiblioIUC\Biblio_IUC\BiblioIUC" (b5d60022)
2020-04-28T04:14:21.2679917+01:00  [INF] Now listening on: "http://localhost:5000" (d826f4b8)
2020-04-28T04:14:21.2751826+01:00  [INF] Application started. Press Ctrl+C to shut down. (dcaefe54)
2020-04-28T04:14:21.2753228+01:00  [INF] Hosting environment: "Development" (c3307c92)
2020-04-28T04:14:21.2753567+01:00  [INF] Content root path: "C:\Users\LENOVO\source\repos\BiblioIUC\Biblio_IUC\BiblioIUC" (b5d60022)
2020-04-28T04:14:54.4400669+01:00  [INF] Now listening on: "http://localhost:5000" (d826f4b8)
2020-04-28T04:14:54.4483573+01:00  [INF] Application started. Press Ctrl+C to shut down. (dcaefe54)
2020-04-28T04:14:54.4485121+01:00  [INF] Hosting environment: "Development" (c3307c92)
2020-04-28T04:14:54.4485528+01:00  [INF] Content root path: "C:\Users\LENOVO\source\repos\BiblioIUC\Biblio_IUC\BiblioIUC" (b5d60022)
2020-04-28T04:15:22.1653862+01:00  [INF] Now listening on: "http://localhost:5000" (d826f4b8)
2020-04-28T04:15:22.1732368+01:00  [INF] Application started. Press Ctrl+C to shut down. (dcaefe54)
2020-04-28T04:15:22.1733576+01:00  [INF] Hosting environment: "Development" (c3307c92)
2020-04-28T04:15:22.1734061+01:00  [INF] Content root path: "C:\Users\LENOVO\source\repos\BiblioIUC\Biblio_IUC\BiblioIUC" (b5d60022)
2020-04-28T04:18:22.5727091+01:00  [INF] Now listening on: "http://localhost:5000" (d826f4b8)
2020-04-28T04:18:22.5807332+01:00  [INF] Application started. Press Ctrl+C to shut down. (dcaefe54)
2020-04-28T04:18:22.5809071+01:00  [INF] Hosting environment: "Development" (c3307c92)
2020-04-28T04:18:22.5809467+01:00  [INF] Content root path: "C:\Users\LENOVO\source\repos\BiblioIUC\Biblio_IUC\BiblioIUC" (b5d60022)
2020-04-28T04:24:46.0121803+01:00  [INF] Now listening on: "http://localhost:5000" (d826f4b8)
2020-04-28T04:24:46.0199499+01:00  [INF] Application started. Press Ctrl+C to shut down. (dcaefe54)
2020-04-28T04:24:46.0201078+01:00  [INF] Hosting environment: "Development" (c3307c92)
2020-04-28T04:24:46.0201756+01:00  [INF] Content root path: "C:\Users\LENOVO\source\repos\BiblioIUC\Biblio_IUC\BiblioIUC" (b5d60022)
2020-04-28T11:23:38.0856489+01:00  [INF] Application is shutting down... (90f52c38)
2020-04-28T11:24:18.5573914+01:00  [INF] Application started. Press Ctrl+C to shut down. (dcaefe54)
2020-04-28T11:24:18.5729857+01:00  [INF] Hosting environment: "Development" (c3307c92)
2020-04-28T11:24:18.5752146+01:00  [INF] Content root path: "C:\Users\LENOVO\source\repos\BiblioIUC\Biblio_IUC\BiblioIUC" (b5d60022)
2020-04-28T11:28:09.4011308+01:00  [INF] Application started. Press Ctrl+C to shut down. (dcaefe54)
2020-04-28T11:28:09.4128539+01:00  [INF] Hosting environment: "Development" (c3307c92)
2020-04-28T11:28:09.4152799+01:00  [INF] Content root path: "C:\Users\LENOVO\source\repos\BiblioIUC\Biblio_IUC\BiblioIUC" (b5d60022)
2020-04-28T16:36:26.3793092+01:00  [INF] Now listening on: "http://localhost:5000" (d826f4b8)
2020-04-28T16:36:26.3878208+01:00  [INF] Application started. Press Ctrl+C to shut down. (dcaefe54)
2020-04-28T16:36:26.3879470+01:00  [INF] Hosting environment: "Development" (c3307c92)
2020-04-28T16:36:26.3879882+01:00  [INF] Content root path: "C:\Users\LENOVO\source\repos\BiblioIUC\Biblio_IUC\BiblioIUC" (b5d60022)
2020-04-28T16:40:15.8800156+01:00  [INF] Now listening on: "http://localhost:5000" (d826f4b8)
2020-04-28T16:40:15.8890773+01:00  [INF] Application started. Press Ctrl+C to shut down. (dcaefe54)
2020-04-28T16:40:15.8892152+01:00  [INF] Hosting environment: "Development" (c3307c92)
2020-04-28T16:40:15.8892615+01:00  [INF] Content root path: "C:\Users\LENOVO\source\repos\BiblioIUC\Biblio_IUC\BiblioIUC" (b5d60022)
2020-04-28T16:42:01.6024602+01:00  [INF] Now listening on: "http://localhost:5000" (d826f4b8)
2020-04-28T16:42:01.6096256+01:00  [INF] Application started. Press Ctrl+C to shut down. (dcaefe54)
2020-04-28T16:42:01.6097882+01:00  [INF] Hosting environment: "Development" (c3307c92)
2020-04-28T16:42:01.6098401+01:00  [INF] Content root path: "C:\Users\LENOVO\source\repos\BiblioIUC\Biblio_IUC\BiblioIUC" (b5d60022)
