2020-04-26T00:01:51.5400778+01:00  [INF] Now listening on: "http://localhost:5000" (d826f4b8)
2020-04-26T00:01:51.5503022+01:00  [INF] Application started. Press Ctrl+C to shut down. (dcaefe54)
2020-04-26T00:01:51.5504527+01:00  [INF] Hosting environment: "Development" (c3307c92)
2020-04-26T00:01:51.5505071+01:00  [INF] Content root path: "C:\Users\LENOVO\source\repos\BiblioIUC\BiblioIUC" (b5d60022)
2020-04-26T00:02:36.7172517+01:00  [INF] Now listening on: "http://localhost:5000" (d826f4b8)
2020-04-26T00:02:36.7243108+01:00  [INF] Application started. Press Ctrl+C to shut down. (dcaefe54)
2020-04-26T00:02:36.7244545+01:00  [INF] Hosting environment: "Development" (c3307c92)
2020-04-26T00:02:36.7244868+01:00  [INF] Content root path: "C:\Users\LENOVO\source\repos\BiblioIUC\BiblioIUC" (b5d60022)
2020-04-26T00:04:51.2132272+01:00  [INF] Now listening on: "http://localhost:5000" (d826f4b8)
2020-04-26T00:04:51.2204736+01:00  [INF] Application started. Press Ctrl+C to shut down. (dcaefe54)
2020-04-26T00:04:51.2205950+01:00  [INF] Hosting environment: "Development" (c3307c92)
2020-04-26T00:04:51.2206241+01:00  [INF] Content root path: "C:\Users\LENOVO\source\repos\BiblioIUC\BiblioIUC" (b5d60022)
2020-04-26T00:05:15.6255351+01:00  [INF] Now listening on: "http://localhost:5000" (d826f4b8)
2020-04-26T00:05:15.6322777+01:00  [INF] Application started. Press Ctrl+C to shut down. (dcaefe54)
2020-04-26T00:05:15.6324202+01:00  [INF] Hosting environment: "Development" (c3307c92)
2020-04-26T00:05:15.6324535+01:00  [INF] Content root path: "C:\Users\LENOVO\source\repos\BiblioIUC\BiblioIUC" (b5d60022)
2020-04-26T00:12:53.6052883+01:00  [INF] Now listening on: "http://localhost:5000" (d826f4b8)
2020-04-26T00:12:53.6139216+01:00  [INF] Application started. Press Ctrl+C to shut down. (dcaefe54)
2020-04-26T00:12:53.6140714+01:00  [INF] Hosting environment: "Development" (c3307c92)
2020-04-26T00:12:53.6141020+01:00  [INF] Content root path: "C:\Users\LENOVO\source\repos\BiblioIUC\BiblioIUC" (b5d60022)
2020-04-26T00:13:06.1217059+01:00  [INF] Now listening on: "http://localhost:5000" (d826f4b8)
2020-04-26T00:13:06.1316194+01:00  [INF] Application started. Press Ctrl+C to shut down. (dcaefe54)
2020-04-26T00:13:06.1317656+01:00  [INF] Hosting environment: "Development" (c3307c92)
2020-04-26T00:13:06.1318053+01:00  [INF] Content root path: "C:\Users\LENOVO\source\repos\BiblioIUC\BiblioIUC" (b5d60022)
2020-04-26T00:17:48.7880746+01:00  [INF] Now listening on: "http://localhost:5000" (d826f4b8)
2020-04-26T00:17:48.7950892+01:00  [INF] Application started. Press Ctrl+C to shut down. (dcaefe54)
2020-04-26T00:17:48.7952285+01:00  [INF] Hosting environment: "Development" (c3307c92)
2020-04-26T00:17:48.7952686+01:00  [INF] Content root path: "C:\Users\LENOVO\source\repos\BiblioIUC\BiblioIUC" (b5d60022)
2020-04-26T00:20:18.8536668+01:00  [INF] Now listening on: "http://localhost:5000" (d826f4b8)
2020-04-26T00:20:18.8630798+01:00  [INF] Application started. Press Ctrl+C to shut down. (dcaefe54)
2020-04-26T00:20:18.8632248+01:00  [INF] Hosting environment: "Development" (c3307c92)
2020-04-26T00:20:18.8632620+01:00  [INF] Content root path: "C:\Users\LENOVO\source\repos\BiblioIUC\BiblioIUC" (b5d60022)
2020-04-26T00:20:38.4739001+01:00  [INF] Now listening on: "http://localhost:5000" (d826f4b8)
2020-04-26T00:20:38.4809181+01:00  [INF] Application started. Press Ctrl+C to shut down. (dcaefe54)
2020-04-26T00:20:38.4810862+01:00  [INF] Hosting environment: "Development" (c3307c92)
2020-04-26T00:20:38.4811270+01:00  [INF] Content root path: "C:\Users\LENOVO\source\repos\BiblioIUC\BiblioIUC" (b5d60022)
2020-04-26T00:28:03.1972300+01:00  [INF] Now listening on: "http://localhost:5000" (d826f4b8)
2020-04-26T00:28:03.2054249+01:00  [INF] Application started. Press Ctrl+C to shut down. (dcaefe54)
2020-04-26T00:28:03.2055674+01:00  [INF] Hosting environment: "Development" (c3307c92)
2020-04-26T00:28:03.2056008+01:00  [INF] Content root path: "C:\Users\LENOVO\source\repos\BiblioIUC\BiblioIUC" (b5d60022)
2020-04-26T00:33:41.4034869+01:00  [INF] Now listening on: "http://localhost:5000" (d826f4b8)
2020-04-26T00:33:41.4109282+01:00  [INF] Application started. Press Ctrl+C to shut down. (dcaefe54)
2020-04-26T00:33:41.4110429+01:00  [INF] Hosting environment: "Development" (c3307c92)
2020-04-26T00:33:41.4110811+01:00  [INF] Content root path: "C:\Users\LENOVO\source\repos\BiblioIUC\BiblioIUC" (b5d60022)
2020-04-26T00:40:01.4156708+01:00  [INF] Now listening on: "http://localhost:5000" (d826f4b8)
2020-04-26T00:40:01.4237048+01:00  [INF] Application started. Press Ctrl+C to shut down. (dcaefe54)
2020-04-26T00:40:01.4238396+01:00  [INF] Hosting environment: "Development" (c3307c92)
2020-04-26T00:40:01.4238800+01:00  [INF] Content root path: "C:\Users\LENOVO\source\repos\BiblioIUC\BiblioIUC" (b5d60022)
2020-04-26T00:44:05.4464049+01:00  [INF] Now listening on: "http://localhost:5000" (d826f4b8)
2020-04-26T00:44:05.4534748+01:00  [INF] Application started. Press Ctrl+C to shut down. (dcaefe54)
2020-04-26T00:44:05.4535690+01:00  [INF] Hosting environment: "Development" (c3307c92)
2020-04-26T00:44:05.4535991+01:00  [INF] Content root path: "C:\Users\LENOVO\source\repos\BiblioIUC\BiblioIUC" (b5d60022)
2020-04-26T00:46:38.0720028+01:00  [INF] Now listening on: "http://localhost:5000" (d826f4b8)
2020-04-26T00:46:38.0828430+01:00  [INF] Application started. Press Ctrl+C to shut down. (dcaefe54)
2020-04-26T00:46:38.0829880+01:00  [INF] Hosting environment: "Development" (c3307c92)
2020-04-26T00:46:38.0830217+01:00  [INF] Content root path: "C:\Users\LENOVO\source\repos\BiblioIUC\BiblioIUC" (b5d60022)
2020-04-26T00:48:13.7756762+01:00  [INF] Now listening on: "http://localhost:5000" (d826f4b8)
2020-04-26T00:48:13.7904236+01:00  [INF] Application started. Press Ctrl+C to shut down. (dcaefe54)
2020-04-26T00:48:13.7905688+01:00  [INF] Hosting environment: "Development" (c3307c92)
2020-04-26T00:48:13.7906005+01:00  [INF] Content root path: "C:\Users\LENOVO\source\repos\BiblioIUC\BiblioIUC" (b5d60022)
2020-04-26T00:49:35.5639683+01:00  [INF] Now listening on: "http://localhost:5000" (d826f4b8)
2020-04-26T00:49:35.5748597+01:00  [INF] Application started. Press Ctrl+C to shut down. (dcaefe54)
2020-04-26T00:49:35.5750324+01:00  [INF] Hosting environment: "Development" (c3307c92)
2020-04-26T00:49:35.5750678+01:00  [INF] Content root path: "C:\Users\LENOVO\source\repos\BiblioIUC\BiblioIUC" (b5d60022)
2020-04-26T00:52:03.2863371+01:00  [INF] Now listening on: "http://localhost:5000" (d826f4b8)
2020-04-26T00:52:03.2939176+01:00  [INF] Application started. Press Ctrl+C to shut down. (dcaefe54)
2020-04-26T00:52:03.2940654+01:00  [INF] Hosting environment: "Development" (c3307c92)
2020-04-26T00:52:03.2940940+01:00  [INF] Content root path: "C:\Users\LENOVO\source\repos\BiblioIUC\BiblioIUC" (b5d60022)
2020-04-26T00:53:13.0939320+01:00  [INF] Now listening on: "http://localhost:5000" (d826f4b8)
2020-04-26T00:53:13.1023204+01:00  [INF] Application started. Press Ctrl+C to shut down. (dcaefe54)
2020-04-26T00:53:13.1024544+01:00  [INF] Hosting environment: "Development" (c3307c92)
2020-04-26T00:53:13.1024881+01:00  [INF] Content root path: "C:\Users\LENOVO\source\repos\BiblioIUC\BiblioIUC" (b5d60022)
2020-04-26T00:56:12.9161751+01:00  [INF] Now listening on: "http://localhost:5000" (d826f4b8)
2020-04-26T00:56:12.9252085+01:00  [INF] Application started. Press Ctrl+C to shut down. (dcaefe54)
2020-04-26T00:56:12.9253416+01:00  [INF] Hosting environment: "Development" (c3307c92)
2020-04-26T00:56:12.9253726+01:00  [INF] Content root path: "C:\Users\LENOVO\source\repos\BiblioIUC\BiblioIUC" (b5d60022)
2020-04-26T00:56:57.8859005+01:00  [INF] Now listening on: "http://localhost:5000" (d826f4b8)
2020-04-26T00:56:57.8970047+01:00  [INF] Application started. Press Ctrl+C to shut down. (dcaefe54)
2020-04-26T00:56:57.8971369+01:00  [INF] Hosting environment: "Development" (c3307c92)
2020-04-26T00:56:57.8971691+01:00  [INF] Content root path: "C:\Users\LENOVO\source\repos\BiblioIUC\BiblioIUC" (b5d60022)
2020-04-26T00:58:42.4496031+01:00  [INF] Now listening on: "http://localhost:5000" (d826f4b8)
2020-04-26T00:58:42.4574097+01:00  [INF] Application started. Press Ctrl+C to shut down. (dcaefe54)
2020-04-26T00:58:42.4575316+01:00  [INF] Hosting environment: "Development" (c3307c92)
2020-04-26T00:58:42.4575591+01:00  [INF] Content root path: "C:\Users\LENOVO\source\repos\BiblioIUC\BiblioIUC" (b5d60022)
2020-04-26T00:59:41.4499614+01:00  [INF] Now listening on: "http://localhost:5000" (d826f4b8)
2020-04-26T00:59:41.4573599+01:00  [INF] Application started. Press Ctrl+C to shut down. (dcaefe54)
2020-04-26T00:59:41.4575103+01:00  [INF] Hosting environment: "Development" (c3307c92)
2020-04-26T00:59:41.4575491+01:00  [INF] Content root path: "C:\Users\LENOVO\source\repos\BiblioIUC\BiblioIUC" (b5d60022)
2020-04-26T01:00:44.2462978+01:00  [INF] Now listening on: "http://localhost:5000" (d826f4b8)
2020-04-26T01:00:44.2544091+01:00  [INF] Application started. Press Ctrl+C to shut down. (dcaefe54)
2020-04-26T01:00:44.2545722+01:00  [INF] Hosting environment: "Development" (c3307c92)
2020-04-26T01:00:44.2546110+01:00  [INF] Content root path: "C:\Users\LENOVO\source\repos\BiblioIUC\BiblioIUC" (b5d60022)
2020-04-26T01:03:37.5912331+01:00  [INF] Now listening on: "http://localhost:5000" (d826f4b8)
2020-04-26T01:03:37.6022829+01:00  [INF] Application started. Press Ctrl+C to shut down. (dcaefe54)
2020-04-26T01:03:37.6024152+01:00  [INF] Hosting environment: "Development" (c3307c92)
2020-04-26T01:03:37.6027306+01:00  [INF] Content root path: "C:\Users\LENOVO\source\repos\BiblioIUC\BiblioIUC" (b5d60022)
2020-04-26T01:05:17.9364017+01:00  [INF] Now listening on: "http://localhost:5000" (d826f4b8)
2020-04-26T01:05:17.9436193+01:00  [INF] Application started. Press Ctrl+C to shut down. (dcaefe54)
2020-04-26T01:05:17.9438470+01:00  [INF] Hosting environment: "Development" (c3307c92)
2020-04-26T01:05:17.9438771+01:00  [INF] Content root path: "C:\Users\LENOVO\source\repos\BiblioIUC\BiblioIUC" (b5d60022)
2020-04-26T09:42:23.1807238+01:00  [INF] Now listening on: "http://localhost:5000" (d826f4b8)
2020-04-26T09:42:23.1880556+01:00  [INF] Application started. Press Ctrl+C to shut down. (dcaefe54)
2020-04-26T09:42:23.1881803+01:00  [INF] Hosting environment: "Development" (c3307c92)
2020-04-26T09:42:23.1882058+01:00  [INF] Content root path: "C:\Users\LENOVO\source\repos\BiblioIUC\BiblioIUC" (b5d60022)
2020-04-26T09:43:46.7973481+01:00  [INF] Now listening on: "http://localhost:5000" (d826f4b8)
2020-04-26T09:43:46.8042933+01:00  [INF] Application started. Press Ctrl+C to shut down. (dcaefe54)
2020-04-26T09:43:46.8044097+01:00  [INF] Hosting environment: "Development" (c3307c92)
2020-04-26T09:43:46.8044384+01:00  [INF] Content root path: "C:\Users\LENOVO\source\repos\BiblioIUC\BiblioIUC" (b5d60022)
2020-04-26T09:44:54.9592055+01:00  [INF] Now listening on: "http://localhost:5000" (d826f4b8)
2020-04-26T09:44:54.9696652+01:00  [INF] Application started. Press Ctrl+C to shut down. (dcaefe54)
2020-04-26T09:44:54.9698038+01:00  [INF] Hosting environment: "Development" (c3307c92)
2020-04-26T09:44:54.9698332+01:00  [INF] Content root path: "C:\Users\LENOVO\source\repos\BiblioIUC\BiblioIUC" (b5d60022)
2020-04-26T09:49:27.6255714+01:00  [INF] Now listening on: "http://localhost:5000" (d826f4b8)
2020-04-26T09:49:27.6330418+01:00  [INF] Application started. Press Ctrl+C to shut down. (dcaefe54)
2020-04-26T09:49:27.6331788+01:00  [INF] Hosting environment: "Development" (c3307c92)
2020-04-26T09:49:27.6332113+01:00  [INF] Content root path: "C:\Users\LENOVO\source\repos\BiblioIUC\BiblioIUC" (b5d60022)
2020-04-26T09:51:51.2056336+01:00  [INF] Now listening on: "http://localhost:5000" (d826f4b8)
2020-04-26T09:51:51.2126588+01:00  [INF] Application started. Press Ctrl+C to shut down. (dcaefe54)
2020-04-26T09:51:51.2127626+01:00  [INF] Hosting environment: "Development" (c3307c92)
2020-04-26T09:51:51.2127958+01:00  [INF] Content root path: "C:\Users\LENOVO\source\repos\BiblioIUC\BiblioIUC" (b5d60022)
2020-04-26T09:52:01.2896713+01:00 0HLV9NSA26S1T:00000001 [ERR] An unhandled exception has occurred while executing the request. (48a46595)
System.InvalidOperationException: The model item passed into the ViewDataDictionary is of type 'BiblioIUC.Models.CategoryModel[]', but this ViewDataDictionary instance requires a model item of type 'BiblioIUC.Models.LayoutModel'.
   at Microsoft.AspNetCore.Mvc.ViewFeatures.ViewDataDictionary.EnsureCompatible(Object value)
   at Microsoft.AspNetCore.Mvc.ViewFeatures.ViewDataDictionary..ctor(ViewDataDictionary source, Object model, Type declaredModelType)
   at lambda_method(Closure , ViewDataDictionary )
   at Microsoft.AspNetCore.Mvc.Razor.RazorPagePropertyActivator.CreateViewDataDictionary(ViewContext context)
   at Microsoft.AspNetCore.Mvc.Razor.RazorPagePropertyActivator.Activate(Object page, ViewContext context)
   at Microsoft.AspNetCore.Mvc.Razor.RazorPageActivator.Activate(IRazorPage page, ViewContext context)
   at Microsoft.AspNetCore.Mvc.Razor.RazorView.RenderPageCoreAsync(IRazorPage page, ViewContext context)
   at Microsoft.AspNetCore.Mvc.Razor.RazorView.RenderPageAsync(IRazorPage page, ViewContext context, Boolean invokeViewStarts)
   at Microsoft.AspNetCore.Mvc.Razor.RazorView.RenderLayoutAsync(ViewContext context, ViewBufferTextWriter bodyWriter)
   at Microsoft.AspNetCore.Mvc.Razor.RazorView.RenderAsync(ViewContext context)
   at Microsoft.AspNetCore.Mvc.ViewFeatures.ViewExecutor.ExecuteAsync(ViewContext viewContext, String contentType, Nullable`1 statusCode)
   at Microsoft.AspNetCore.Mvc.ViewFeatures.ViewExecutor.ExecuteAsync(ViewContext viewContext, String contentType, Nullable`1 statusCode)
   at Microsoft.AspNetCore.Mvc.ViewFeatures.ViewExecutor.ExecuteAsync(ActionContext actionContext, IView view, ViewDataDictionary viewData, ITempDataDictionary tempData, String contentType, Nullable`1 statusCode)
   at Microsoft.AspNetCore.Mvc.ViewFeatures.ViewResultExecutor.ExecuteAsync(ActionContext context, ViewResult result)
   at Microsoft.AspNetCore.Mvc.ViewResult.ExecuteResultAsync(ActionContext context)
   at Microsoft.AspNetCore.Mvc.Infrastructure.ResourceInvoker.<InvokeNextResultFilterAsync>g__Awaited|29_0[TFilter,TFilterAsync](ResourceInvoker invoker, Task lastTask, State next, Scope scope, Object state, Boolean isCompleted)
   at Microsoft.AspNetCore.Mvc.Infrastructure.ResourceInvoker.Rethrow(ResultExecutedContextSealed context)
   at Microsoft.AspNetCore.Mvc.Infrastructure.ResourceInvoker.ResultNext[TFilter,TFilterAsync](State& next, Scope& scope, Object& state, Boolean& isCompleted)
   at Microsoft.AspNetCore.Mvc.Infrastructure.ResourceInvoker.InvokeResultFilters()
--- End of stack trace from previous location where exception was thrown ---
   at Microsoft.AspNetCore.Mvc.Infrastructure.ResourceInvoker.<InvokeNextResourceFilter>g__Awaited|24_0(ResourceInvoker invoker, Task lastTask, State next, Scope scope, Object state, Boolean isCompleted)
   at Microsoft.AspNetCore.Mvc.Infrastructure.ResourceInvoker.Rethrow(ResourceExecutedContextSealed context)
   at Microsoft.AspNetCore.Mvc.Infrastructure.ResourceInvoker.Next(State& next, Scope& scope, Object& state, Boolean& isCompleted)
   at Microsoft.AspNetCore.Mvc.Infrastructure.ResourceInvoker.<InvokeFilterPipelineAsync>g__Awaited|19_0(ResourceInvoker invoker, Task lastTask, State next, Scope scope, Object state, Boolean isCompleted)
   at Microsoft.AspNetCore.Mvc.Infrastructure.ResourceInvoker.<InvokeAsync>g__Awaited|17_0(ResourceInvoker invoker, Task task, IDisposable scope)
   at Microsoft.AspNetCore.Routing.EndpointMiddleware.<Invoke>g__AwaitRequestTask|6_0(Endpoint endpoint, Task requestTask, ILogger logger)
   at Microsoft.AspNetCore.Session.SessionMiddleware.Invoke(HttpContext context)
   at Microsoft.AspNetCore.Session.SessionMiddleware.Invoke(HttpContext context)
   at Microsoft.AspNetCore.Authorization.AuthorizationMiddleware.Invoke(HttpContext context)
   at Microsoft.AspNetCore.Authentication.AuthenticationMiddleware.Invoke(HttpContext context)
   at Microsoft.AspNetCore.Diagnostics.DeveloperExceptionPageMiddleware.Invoke(HttpContext context)
2020-04-26T10:01:40.4187546+01:00  [INF] Now listening on: "http://localhost:5000" (d826f4b8)
2020-04-26T10:01:40.4264203+01:00  [INF] Application started. Press Ctrl+C to shut down. (dcaefe54)
2020-04-26T10:01:40.4265585+01:00  [INF] Hosting environment: "Development" (c3307c92)
2020-04-26T10:01:40.4266022+01:00  [INF] Content root path: "C:\Users\LENOVO\source\repos\BiblioIUC\BiblioIUC" (b5d60022)
2020-04-26T10:05:12.7082151+01:00  [INF] Now listening on: "http://localhost:5000" (d826f4b8)
2020-04-26T10:05:12.7161444+01:00  [INF] Application started. Press Ctrl+C to shut down. (dcaefe54)
2020-04-26T10:05:12.7162605+01:00  [INF] Hosting environment: "Development" (c3307c92)
2020-04-26T10:05:12.7162976+01:00  [INF] Content root path: "C:\Users\LENOVO\source\repos\BiblioIUC\BiblioIUC" (b5d60022)
2020-04-26T10:09:50.0953737+01:00  [INF] Now listening on: "http://localhost:5000" (d826f4b8)
2020-04-26T10:09:50.1083832+01:00  [INF] Application started. Press Ctrl+C to shut down. (dcaefe54)
2020-04-26T10:09:50.1085602+01:00  [INF] Hosting environment: "Development" (c3307c92)
2020-04-26T10:09:50.1086052+01:00  [INF] Content root path: "C:\Users\LENOVO\source\repos\BiblioIUC\BiblioIUC" (b5d60022)
2020-04-26T10:10:06.6017804+01:00  [INF] Now listening on: "http://localhost:5000" (d826f4b8)
2020-04-26T10:10:06.6091012+01:00  [INF] Application started. Press Ctrl+C to shut down. (dcaefe54)
2020-04-26T10:10:06.6092731+01:00  [INF] Hosting environment: "Development" (c3307c92)
2020-04-26T10:10:06.6093058+01:00  [INF] Content root path: "C:\Users\LENOVO\source\repos\BiblioIUC\BiblioIUC" (b5d60022)
2020-04-26T10:25:43.5064587+01:00  [INF] Now listening on: "http://localhost:5000" (d826f4b8)
2020-04-26T10:25:43.5148529+01:00  [INF] Application started. Press Ctrl+C to shut down. (dcaefe54)
2020-04-26T10:25:43.5149774+01:00  [INF] Hosting environment: "Development" (c3307c92)
2020-04-26T10:25:43.5150073+01:00  [INF] Content root path: "C:\Users\LENOVO\source\repos\BiblioIUC\BiblioIUC" (b5d60022)
2020-04-26T10:25:59.7369160+01:00  [INF] Now listening on: "http://localhost:5000" (d826f4b8)
2020-04-26T10:25:59.7436150+01:00  [INF] Application started. Press Ctrl+C to shut down. (dcaefe54)
2020-04-26T10:25:59.7437504+01:00  [INF] Hosting environment: "Development" (c3307c92)
2020-04-26T10:25:59.7437832+01:00  [INF] Content root path: "C:\Users\LENOVO\source\repos\BiblioIUC\BiblioIUC" (b5d60022)
2020-04-26T10:31:43.1336508+01:00  [INF] Now listening on: "http://localhost:5000" (d826f4b8)
2020-04-26T10:31:43.1418353+01:00  [INF] Application started. Press Ctrl+C to shut down. (dcaefe54)
2020-04-26T10:31:43.1419607+01:00  [INF] Hosting environment: "Development" (c3307c92)
2020-04-26T10:31:43.1419920+01:00  [INF] Content root path: "C:\Users\LENOVO\source\repos\BiblioIUC\BiblioIUC" (b5d60022)
2020-04-26T10:42:12.5580745+01:00  [INF] Now listening on: "http://localhost:5000" (d826f4b8)
2020-04-26T10:42:12.5670211+01:00  [INF] Application started. Press Ctrl+C to shut down. (dcaefe54)
2020-04-26T10:42:12.5676243+01:00  [INF] Hosting environment: "Development" (c3307c92)
2020-04-26T10:42:12.5677168+01:00  [INF] Content root path: "C:\Users\LENOVO\source\repos\BiblioIUC\BiblioIUC" (b5d60022)
2020-04-26T10:43:29.8848900+01:00  [INF] Now listening on: "http://localhost:5000" (d826f4b8)
2020-04-26T10:43:29.8934327+01:00  [INF] Application started. Press Ctrl+C to shut down. (dcaefe54)
2020-04-26T10:43:29.8935409+01:00  [INF] Hosting environment: "Development" (c3307c92)
2020-04-26T10:43:29.8935777+01:00  [INF] Content root path: "C:\Users\LENOVO\source\repos\BiblioIUC\BiblioIUC" (b5d60022)
2020-04-26T10:43:41.0921615+01:00  [INF] Now listening on: "http://localhost:5000" (d826f4b8)
2020-04-26T10:43:41.1034340+01:00  [INF] Application started. Press Ctrl+C to shut down. (dcaefe54)
2020-04-26T10:43:41.1036397+01:00  [INF] Hosting environment: "Development" (c3307c92)
2020-04-26T10:43:41.1036811+01:00  [INF] Content root path: "C:\Users\LENOVO\source\repos\BiblioIUC\BiblioIUC" (b5d60022)
2020-04-26T10:44:06.8286153+01:00  [INF] Now listening on: "http://localhost:5000" (d826f4b8)
2020-04-26T10:44:06.8357682+01:00  [INF] Application started. Press Ctrl+C to shut down. (dcaefe54)
2020-04-26T10:44:06.8359141+01:00  [INF] Hosting environment: "Development" (c3307c92)
2020-04-26T10:44:06.8359485+01:00  [INF] Content root path: "C:\Users\LENOVO\source\repos\BiblioIUC\BiblioIUC" (b5d60022)
2020-04-26T10:45:08.8013843+01:00  [INF] Now listening on: "http://localhost:5000" (d826f4b8)
2020-04-26T10:45:08.8081953+01:00  [INF] Application started. Press Ctrl+C to shut down. (dcaefe54)
2020-04-26T10:45:08.8083242+01:00  [INF] Hosting environment: "Development" (c3307c92)
2020-04-26T10:45:08.8083682+01:00  [INF] Content root path: "C:\Users\LENOVO\source\repos\BiblioIUC\BiblioIUC" (b5d60022)
2020-04-26T10:46:22.4391953+01:00  [INF] Now listening on: "http://localhost:5000" (d826f4b8)
2020-04-26T10:46:22.4512666+01:00  [INF] Application started. Press Ctrl+C to shut down. (dcaefe54)
2020-04-26T10:46:22.4514824+01:00  [INF] Hosting environment: "Development" (c3307c92)
2020-04-26T10:46:22.4515560+01:00  [INF] Content root path: "C:\Users\LENOVO\source\repos\BiblioIUC\BiblioIUC" (b5d60022)
2020-04-26T10:47:37.0563340+01:00  [INF] Now listening on: "http://localhost:5000" (d826f4b8)
2020-04-26T10:47:37.0663547+01:00  [INF] Application started. Press Ctrl+C to shut down. (dcaefe54)
2020-04-26T10:47:37.0668373+01:00  [INF] Hosting environment: "Development" (c3307c92)
2020-04-26T10:47:37.0672227+01:00  [INF] Content root path: "C:\Users\LENOVO\source\repos\BiblioIUC\BiblioIUC" (b5d60022)
2020-04-26T10:49:04.2951202+01:00  [INF] Now listening on: "http://localhost:5000" (d826f4b8)
2020-04-26T10:49:04.3048872+01:00  [INF] Application started. Press Ctrl+C to shut down. (dcaefe54)
2020-04-26T10:49:04.3050469+01:00  [INF] Hosting environment: "Development" (c3307c92)
2020-04-26T10:49:04.3050875+01:00  [INF] Content root path: "C:\Users\LENOVO\source\repos\BiblioIUC\BiblioIUC" (b5d60022)
2020-04-26T10:54:53.4267683+01:00  [INF] Now listening on: "http://localhost:5000" (d826f4b8)
2020-04-26T10:54:53.4344889+01:00  [INF] Application started. Press Ctrl+C to shut down. (dcaefe54)
2020-04-26T10:54:53.4355271+01:00  [INF] Hosting environment: "Development" (c3307c92)
2020-04-26T10:54:53.4356073+01:00  [INF] Content root path: "C:\Users\LENOVO\source\repos\BiblioIUC\BiblioIUC" (b5d60022)
2020-04-26T11:31:09.4431720+01:00  [INF] Now listening on: "http://localhost:5000" (d826f4b8)
2020-04-26T11:31:09.4506797+01:00  [INF] Application started. Press Ctrl+C to shut down. (dcaefe54)
2020-04-26T11:31:09.4508496+01:00  [INF] Hosting environment: "Development" (c3307c92)
2020-04-26T11:31:09.4508845+01:00  [INF] Content root path: "C:\Users\LENOVO\source\repos\BiblioIUC\BiblioIUC" (b5d60022)
2020-04-26T11:33:36.6120841+01:00  [INF] Now listening on: "http://localhost:5000" (d826f4b8)
2020-04-26T11:33:36.6223877+01:00  [INF] Application started. Press Ctrl+C to shut down. (dcaefe54)
2020-04-26T11:33:36.6225423+01:00  [INF] Hosting environment: "Development" (c3307c92)
2020-04-26T11:33:36.6225757+01:00  [INF] Content root path: "C:\Users\LENOVO\source\repos\BiblioIUC\BiblioIUC" (b5d60022)
2020-04-26T11:36:10.9897242+01:00  [INF] Now listening on: "http://localhost:5000" (d826f4b8)
2020-04-26T11:36:10.9970075+01:00  [INF] Application started. Press Ctrl+C to shut down. (dcaefe54)
2020-04-26T11:36:10.9971423+01:00  [INF] Hosting environment: "Development" (c3307c92)
2020-04-26T11:36:10.9972024+01:00  [INF] Content root path: "C:\Users\LENOVO\source\repos\BiblioIUC\BiblioIUC" (b5d60022)
2020-04-26T11:36:38.1176660+01:00  [INF] Now listening on: "http://localhost:5000" (d826f4b8)
2020-04-26T11:36:38.1290900+01:00  [INF] Application started. Press Ctrl+C to shut down. (dcaefe54)
2020-04-26T11:36:38.1292375+01:00  [INF] Hosting environment: "Development" (c3307c92)
2020-04-26T11:36:38.1292710+01:00  [INF] Content root path: "C:\Users\LENOVO\source\repos\BiblioIUC\BiblioIUC" (b5d60022)
2020-04-26T15:05:17.7367876+01:00  [INF] Now listening on: "http://localhost:5000" (d826f4b8)
2020-04-26T15:05:17.7479897+01:00  [INF] Application started. Press Ctrl+C to shut down. (dcaefe54)
2020-04-26T15:05:17.7482020+01:00  [INF] Hosting environment: "Development" (c3307c92)
2020-04-26T15:05:17.7482657+01:00  [INF] Content root path: "C:\Users\LENOVO\source\repos\BiblioIUC\BiblioIUC" (b5d60022)
2020-04-26T15:05:35.9768688+01:00 0HLV9TBFB43DC:00000001 [ERR] System.InvalidOperationException: The property 'Document.Description' is of type 'string' which is not supported by current database provider. Either change the property CLR type or ignore the property using the '[NotMapped]' attribute or by using 'EntityTypeBuilder.Ignore' in 'OnModelCreating'.
   at Microsoft.EntityFrameworkCore.Infrastructure.ModelValidator.ValidatePropertyMapping(IModel model, IDiagnosticsLogger`1 logger)
   at Microsoft.EntityFrameworkCore.Infrastructure.ModelValidator.Validate(IModel model, IDiagnosticsLogger`1 logger)
   at Microsoft.EntityFrameworkCore.Infrastructure.RelationalModelValidator.Validate(IModel model, IDiagnosticsLogger`1 logger)
   at Pomelo.EntityFrameworkCore.MySql.Internal.MySqlModelValidator.Validate(IModel model, IDiagnosticsLogger`1 logger)
   at Microsoft.EntityFrameworkCore.Metadata.Conventions.ValidatingConvention.ProcessModelFinalized(IConventionModelBuilder modelBuilder, IConventionContext`1 context)
   at Microsoft.EntityFrameworkCore.Metadata.Conventions.Internal.ConventionDispatcher.ImmediateConventionScope.OnModelFinalized(IConventionModelBuilder modelBuilder)
   at Microsoft.EntityFrameworkCore.Metadata.Conventions.Internal.ConventionDispatcher.OnModelFinalized(IConventionModelBuilder modelBuilder)
   at Microsoft.EntityFrameworkCore.Metadata.Internal.Model.FinalizeModel()
   at Microsoft.EntityFrameworkCore.ModelBuilder.FinalizeModel()
   at Microsoft.EntityFrameworkCore.Infrastructure.ModelSource.CreateModel(DbContext context, IConventionSetBuilder conventionSetBuilder)
   at Microsoft.EntityFrameworkCore.Infrastructure.ModelSource.GetModel(DbContext context, IConventionSetBuilder conventionSetBuilder)
   at Microsoft.EntityFrameworkCore.Internal.DbContextServices.CreateModel()
   at Microsoft.EntityFrameworkCore.Internal.DbContextServices.get_Model()
   at Microsoft.EntityFrameworkCore.Infrastructure.EntityFrameworkServicesBuilder.<>c.<TryAddCoreServices>b__7_3(IServiceProvider p)
   at Microsoft.Extensions.DependencyInjection.ServiceLookup.CallSiteRuntimeResolver.VisitFactory(FactoryCallSite factoryCallSite, RuntimeResolverContext context)
   at Microsoft.Extensions.DependencyInjection.ServiceLookup.CallSiteVisitor`2.VisitCallSiteMain(ServiceCallSite callSite, TArgument argument)
   at Microsoft.Extensions.DependencyInjection.ServiceLookup.CallSiteRuntimeResolver.VisitCache(ServiceCallSite callSite, RuntimeResolverContext context, ServiceProviderEngineScope serviceProviderEngine, RuntimeResolverLock lockType)
   at Microsoft.Extensions.DependencyInjection.ServiceLookup.CallSiteRuntimeResolver.VisitScopeCache(ServiceCallSite singletonCallSite, RuntimeResolverContext context)
   at Microsoft.Extensions.DependencyInjection.ServiceLookup.CallSiteVisitor`2.VisitCallSite(ServiceCallSite callSite, TArgument argument)
   at Microsoft.Extensions.DependencyInjection.ServiceLookup.CallSiteRuntimeResolver.VisitConstructor(ConstructorCallSite constructorCallSite, RuntimeResolverContext context)
   at Microsoft.Extensions.DependencyInjection.ServiceLookup.CallSiteVisitor`2.VisitCallSiteMain(ServiceCallSite callSite, TArgument argument)
   at Microsoft.Extensions.DependencyInjection.ServiceLookup.CallSiteRuntimeResolver.VisitCache(ServiceCallSite callSite, RuntimeResolverContext context, ServiceProviderEngineScope serviceProviderEngine, RuntimeResolverLock lockType)
   at Microsoft.Extensions.DependencyInjection.ServiceLookup.CallSiteRuntimeResolver.VisitScopeCache(ServiceCallSite singletonCallSite, RuntimeResolverContext context)
   at Microsoft.Extensions.DependencyInjection.ServiceLookup.CallSiteVisitor`2.VisitCallSite(ServiceCallSite callSite, TArgument argument)
   at Microsoft.Extensions.DependencyInjection.ServiceLookup.CallSiteRuntimeResolver.Resolve(ServiceCallSite callSite, ServiceProviderEngineScope scope)
   at Microsoft.Extensions.DependencyInjection.ServiceLookup.DynamicServiceProviderEngine.<>c__DisplayClass1_0.<RealizeService>b__0(ServiceProviderEngineScope scope)
   at Microsoft.Extensions.DependencyInjection.ServiceLookup.ServiceProviderEngine.GetService(Type serviceType, ServiceProviderEngineScope serviceProviderEngineScope)
   at Microsoft.Extensions.DependencyInjection.ServiceLookup.ServiceProviderEngineScope.GetService(Type serviceType)
   at Microsoft.Extensions.DependencyInjection.ServiceProviderServiceExtensions.GetRequiredService(IServiceProvider provider, Type serviceType)
   at Microsoft.Extensions.DependencyInjection.ServiceProviderServiceExtensions.GetRequiredService[T](IServiceProvider provider)
   at Microsoft.EntityFrameworkCore.DbContext.get_DbContextDependencies()
   at Microsoft.EntityFrameworkCore.DbContext.get_InternalServiceProvider()
   at Microsoft.EntityFrameworkCore.DbContext.get_DbContextDependencies()
   at Microsoft.EntityFrameworkCore.DbContext.get_Model()
   at Microsoft.EntityFrameworkCore.Internal.InternalDbSet`1.get_EntityType()
   at Microsoft.EntityFrameworkCore.Internal.InternalDbSet`1.CheckState()
   at Microsoft.EntityFrameworkCore.Internal.InternalDbSet`1.get_EntityQueryable()
   at Microsoft.EntityFrameworkCore.Internal.InternalDbSet`1.System.Linq.IQueryable.get_Provider()
   at Microsoft.EntityFrameworkCore.EntityFrameworkQueryableExtensions.Include[TEntity,TProperty](IQueryable`1 source, Expression`1 navigationPropertyPath)
   at BiblioIUC.Logics.CategoryLogic.FindAsync(Int32 id, Int32 parentId, String value, String mediaFolderPath, Expression`1 orderBy, Boolean withDisabled, Int32 pageIndex, Int32 pageSize) in C:\Users\LENOVO\source\repos\BiblioIUC\BiblioIUC\Logics\CategoryLogic.cs:line 45
   at BiblioIUC.Controllers.CategoryController.Index(Nullable`1 id, Nullable`1 parentId, String searchValue, Int32 pageIndex, Int32 pageSize) in C:\Users\LENOVO\source\repos\BiblioIUC\BiblioIUC\Controllers\CategoryController.cs:line 37

 (b3954a0d)
2020-04-26T15:05:40.1192492+01:00 0HLV9TBFB43DC:00000002 [ERR] An unhandled exception has occurred while executing the request. (48a46595)
System.NullReferenceException: Object reference not set to an instance of an object.
   at AspNetCore.Views_Shared__Layout.<ExecuteAsync>b__39_1() in C:\Users\LENOVO\source\repos\BiblioIUC\BiblioIUC\Views\Shared\_Layout.cshtml:line 149
   at Microsoft.AspNetCore.Razor.Runtime.TagHelpers.TagHelperExecutionContext.SetOutputContentAsync()
   at AspNetCore.Views_Shared__Layout.ExecuteAsync()
   at Microsoft.AspNetCore.Mvc.Razor.RazorView.RenderPageCoreAsync(IRazorPage page, ViewContext context)
   at Microsoft.AspNetCore.Mvc.Razor.RazorView.RenderPageAsync(IRazorPage page, ViewContext context, Boolean invokeViewStarts)
   at Microsoft.AspNetCore.Mvc.Razor.RazorView.RenderLayoutAsync(ViewContext context, ViewBufferTextWriter bodyWriter)
   at Microsoft.AspNetCore.Mvc.Razor.RazorView.RenderAsync(ViewContext context)
   at Microsoft.AspNetCore.Mvc.ViewFeatures.ViewExecutor.ExecuteAsync(ViewContext viewContext, String contentType, Nullable`1 statusCode)
   at Microsoft.AspNetCore.Mvc.ViewFeatures.ViewExecutor.ExecuteAsync(ViewContext viewContext, String contentType, Nullable`1 statusCode)
   at Microsoft.AspNetCore.Mvc.ViewFeatures.ViewExecutor.ExecuteAsync(ActionContext actionContext, IView view, ViewDataDictionary viewData, ITempDataDictionary tempData, String contentType, Nullable`1 statusCode)
   at Microsoft.AspNetCore.Mvc.ViewFeatures.ViewResultExecutor.ExecuteAsync(ActionContext context, ViewResult result)
   at Microsoft.AspNetCore.Mvc.ViewResult.ExecuteResultAsync(ActionContext context)
   at Microsoft.AspNetCore.Mvc.Infrastructure.ResourceInvoker.<InvokeNextResultFilterAsync>g__Awaited|29_0[TFilter,TFilterAsync](ResourceInvoker invoker, Task lastTask, State next, Scope scope, Object state, Boolean isCompleted)
   at Microsoft.AspNetCore.Mvc.Infrastructure.ResourceInvoker.Rethrow(ResultExecutedContextSealed context)
   at Microsoft.AspNetCore.Mvc.Infrastructure.ResourceInvoker.ResultNext[TFilter,TFilterAsync](State& next, Scope& scope, Object& state, Boolean& isCompleted)
   at Microsoft.AspNetCore.Mvc.Infrastructure.ResourceInvoker.InvokeResultFilters()
--- End of stack trace from previous location where exception was thrown ---
   at Microsoft.AspNetCore.Mvc.Infrastructure.ResourceInvoker.<InvokeNextResourceFilter>g__Awaited|24_0(ResourceInvoker invoker, Task lastTask, State next, Scope scope, Object state, Boolean isCompleted)
   at Microsoft.AspNetCore.Mvc.Infrastructure.ResourceInvoker.Rethrow(ResourceExecutedContextSealed context)
   at Microsoft.AspNetCore.Mvc.Infrastructure.ResourceInvoker.Next(State& next, Scope& scope, Object& state, Boolean& isCompleted)
   at Microsoft.AspNetCore.Mvc.Infrastructure.ResourceInvoker.InvokeFilterPipelineAsync()
--- End of stack trace from previous location where exception was thrown ---
   at Microsoft.AspNetCore.Mvc.Infrastructure.ResourceInvoker.<InvokeAsync>g__Awaited|17_0(ResourceInvoker invoker, Task task, IDisposable scope)
   at Microsoft.AspNetCore.Routing.EndpointMiddleware.<Invoke>g__AwaitRequestTask|6_0(Endpoint endpoint, Task requestTask, ILogger logger)
   at Microsoft.AspNetCore.Session.SessionMiddleware.Invoke(HttpContext context)
   at Microsoft.AspNetCore.Session.SessionMiddleware.Invoke(HttpContext context)
   at Microsoft.AspNetCore.Authorization.AuthorizationMiddleware.Invoke(HttpContext context)
   at Microsoft.AspNetCore.Authentication.AuthenticationMiddleware.Invoke(HttpContext context)
   at Microsoft.AspNetCore.Diagnostics.DeveloperExceptionPageMiddleware.Invoke(HttpContext context)
2020-04-26T15:13:32.0406758+01:00  [INF] Now listening on: "http://localhost:5000" (d826f4b8)
2020-04-26T15:13:32.0509564+01:00  [INF] Application started. Press Ctrl+C to shut down. (dcaefe54)
2020-04-26T15:13:32.0511004+01:00  [INF] Hosting environment: "Development" (c3307c92)
2020-04-26T15:13:32.0511403+01:00  [INF] Content root path: "C:\Users\LENOVO\source\repos\BiblioIUC\BiblioIUC" (b5d60022)
2020-04-26T15:13:56.4948027+01:00 0HLV9TG14I5DU:00000007 [ERR] System.InvalidOperationException: The property 'Document.Description' is of type 'string' which is not supported by current database provider. Either change the property CLR type or ignore the property using the '[NotMapped]' attribute or by using 'EntityTypeBuilder.Ignore' in 'OnModelCreating'.
   at Microsoft.EntityFrameworkCore.Infrastructure.ModelValidator.ValidatePropertyMapping(IModel model, IDiagnosticsLogger`1 logger)
   at Microsoft.EntityFrameworkCore.Infrastructure.ModelValidator.Validate(IModel model, IDiagnosticsLogger`1 logger)
   at Microsoft.EntityFrameworkCore.Infrastructure.RelationalModelValidator.Validate(IModel model, IDiagnosticsLogger`1 logger)
   at Pomelo.EntityFrameworkCore.MySql.Internal.MySqlModelValidator.Validate(IModel model, IDiagnosticsLogger`1 logger)
   at Microsoft.EntityFrameworkCore.Metadata.Conventions.ValidatingConvention.ProcessModelFinalized(IConventionModelBuilder modelBuilder, IConventionContext`1 context)
   at Microsoft.EntityFrameworkCore.Metadata.Conventions.Internal.ConventionDispatcher.ImmediateConventionScope.OnModelFinalized(IConventionModelBuilder modelBuilder)
   at Microsoft.EntityFrameworkCore.Metadata.Conventions.Internal.ConventionDispatcher.OnModelFinalized(IConventionModelBuilder modelBuilder)
   at Microsoft.EntityFrameworkCore.Metadata.Internal.Model.FinalizeModel()
   at Microsoft.EntityFrameworkCore.ModelBuilder.FinalizeModel()
   at Microsoft.EntityFrameworkCore.Infrastructure.ModelSource.CreateModel(DbContext context, IConventionSetBuilder conventionSetBuilder)
   at Microsoft.EntityFrameworkCore.Infrastructure.ModelSource.GetModel(DbContext context, IConventionSetBuilder conventionSetBuilder)
   at Microsoft.EntityFrameworkCore.Internal.DbContextServices.CreateModel()
   at Microsoft.EntityFrameworkCore.Internal.DbContextServices.get_Model()
   at Microsoft.EntityFrameworkCore.Infrastructure.EntityFrameworkServicesBuilder.<>c.<TryAddCoreServices>b__7_3(IServiceProvider p)
   at Microsoft.Extensions.DependencyInjection.ServiceLookup.CallSiteRuntimeResolver.VisitFactory(FactoryCallSite factoryCallSite, RuntimeResolverContext context)
   at Microsoft.Extensions.DependencyInjection.ServiceLookup.CallSiteVisitor`2.VisitCallSiteMain(ServiceCallSite callSite, TArgument argument)
   at Microsoft.Extensions.DependencyInjection.ServiceLookup.CallSiteRuntimeResolver.VisitCache(ServiceCallSite callSite, RuntimeResolverContext context, ServiceProviderEngineScope serviceProviderEngine, RuntimeResolverLock lockType)
   at Microsoft.Extensions.DependencyInjection.ServiceLookup.CallSiteRuntimeResolver.VisitScopeCache(ServiceCallSite singletonCallSite, RuntimeResolverContext context)
   at Microsoft.Extensions.DependencyInjection.ServiceLookup.CallSiteVisitor`2.VisitCallSite(ServiceCallSite callSite, TArgument argument)
   at Microsoft.Extensions.DependencyInjection.ServiceLookup.CallSiteRuntimeResolver.VisitConstructor(ConstructorCallSite constructorCallSite, RuntimeResolverContext context)
   at Microsoft.Extensions.DependencyInjection.ServiceLookup.CallSiteVisitor`2.VisitCallSiteMain(ServiceCallSite callSite, TArgument argument)
   at Microsoft.Extensions.DependencyInjection.ServiceLookup.CallSiteRuntimeResolver.VisitCache(ServiceCallSite callSite, RuntimeResolverContext context, ServiceProviderEngineScope serviceProviderEngine, RuntimeResolverLock lockType)
   at Microsoft.Extensions.DependencyInjection.ServiceLookup.CallSiteRuntimeResolver.VisitScopeCache(ServiceCallSite singletonCallSite, RuntimeResolverContext context)
   at Microsoft.Extensions.DependencyInjection.ServiceLookup.CallSiteVisitor`2.VisitCallSite(ServiceCallSite callSite, TArgument argument)
   at Microsoft.Extensions.DependencyInjection.ServiceLookup.CallSiteRuntimeResolver.Resolve(ServiceCallSite callSite, ServiceProviderEngineScope scope)
   at Microsoft.Extensions.DependencyInjection.ServiceLookup.DynamicServiceProviderEngine.<>c__DisplayClass1_0.<RealizeService>b__0(ServiceProviderEngineScope scope)
   at Microsoft.Extensions.DependencyInjection.ServiceLookup.ServiceProviderEngine.GetService(Type serviceType, ServiceProviderEngineScope serviceProviderEngineScope)
   at Microsoft.Extensions.DependencyInjection.ServiceLookup.ServiceProviderEngineScope.GetService(Type serviceType)
   at Microsoft.Extensions.DependencyInjection.ServiceProviderServiceExtensions.GetRequiredService(IServiceProvider provider, Type serviceType)
   at Microsoft.Extensions.DependencyInjection.ServiceProviderServiceExtensions.GetRequiredService[T](IServiceProvider provider)
   at Microsoft.EntityFrameworkCore.DbContext.get_DbContextDependencies()
   at Microsoft.EntityFrameworkCore.DbContext.get_InternalServiceProvider()
   at Microsoft.EntityFrameworkCore.DbContext.get_DbContextDependencies()
   at Microsoft.EntityFrameworkCore.DbContext.get_Model()
   at Microsoft.EntityFrameworkCore.Internal.InternalDbSet`1.get_EntityType()
   at Microsoft.EntityFrameworkCore.Internal.InternalDbSet`1.CheckState()
   at Microsoft.EntityFrameworkCore.Internal.InternalDbSet`1.get_EntityQueryable()
   at Microsoft.EntityFrameworkCore.Internal.InternalDbSet`1.System.Linq.IQueryable.get_Provider()
   at Microsoft.EntityFrameworkCore.EntityFrameworkQueryableExtensions.Include[TEntity,TProperty](IQueryable`1 source, Expression`1 navigationPropertyPath)
   at BiblioIUC.Logics.CategoryLogic.FindAsync(Int32 id, Int32 parentId, String value, String mediaFolderPath, Expression`1 orderBy, Boolean withDisabled, Int32 pageIndex, Int32 pageSize) in C:\Users\LENOVO\source\repos\BiblioIUC\BiblioIUC\Logics\CategoryLogic.cs:line 45
   at BiblioIUC.Controllers.CategoryController.Index(Nullable`1 id, Nullable`1 parentId, String searchValue, Int32 pageIndex, Int32 pageSize) in C:\Users\LENOVO\source\repos\BiblioIUC\BiblioIUC\Controllers\CategoryController.cs:line 37

 (b3954a0d)
2020-04-26T15:20:02.9391421+01:00  [INF] Now listening on: "http://localhost:5000" (d826f4b8)
2020-04-26T15:20:02.9460065+01:00  [INF] Application started. Press Ctrl+C to shut down. (dcaefe54)
2020-04-26T15:20:02.9461063+01:00  [INF] Hosting environment: "Development" (c3307c92)
2020-04-26T15:20:02.9461315+01:00  [INF] Content root path: "C:\Users\LENOVO\source\repos\BiblioIUC\BiblioIUC" (b5d60022)
2020-04-26T15:20:05.1851719+01:00  [INF] Application is shutting down... (90f52c38)
2020-04-26T15:23:57.3027474+01:00  [INF] Application started. Press Ctrl+C to shut down. (dcaefe54)
2020-04-26T15:23:57.3962367+01:00  [INF] Hosting environment: "Development" (c3307c92)
2020-04-26T15:23:57.3992361+01:00  [INF] Content root path: "C:\Users\LENOVO\source\repos\BiblioIUC\BiblioIUC" (b5d60022)
2020-04-26T15:28:04.0858360+01:00  [INF] Application started. Press Ctrl+C to shut down. (dcaefe54)
2020-04-26T15:28:04.0987531+01:00  [INF] Hosting environment: "Development" (c3307c92)
2020-04-26T15:28:04.1004187+01:00  [INF] Content root path: "C:\Users\LENOVO\source\repos\BiblioIUC\BiblioIUC" (b5d60022)
2020-04-26T15:43:34.5246190+01:00  [INF] Application started. Press Ctrl+C to shut down. (dcaefe54)
2020-04-26T15:43:34.5898517+01:00  [INF] Hosting environment: "Development" (c3307c92)
2020-04-26T15:43:34.6227965+01:00  [INF] Content root path: "C:\Users\LENOVO\source\repos\BiblioIUC\BiblioIUC" (b5d60022)
2020-04-26T16:06:22.7102630+01:00  [INF] Application started. Press Ctrl+C to shut down. (dcaefe54)
2020-04-26T16:06:23.2232593+01:00  [INF] Hosting environment: "Development" (c3307c92)
2020-04-26T16:06:23.2927371+01:00  [INF] Content root path: "C:\Users\LENOVO\source\repos\BiblioIUC\BiblioIUC" (b5d60022)
2020-04-26T16:20:11.1644239+01:00  [INF] Application started. Press Ctrl+C to shut down. (dcaefe54)
2020-04-26T16:20:11.2236383+01:00  [INF] Hosting environment: "Development" (c3307c92)
2020-04-26T16:20:11.2272485+01:00  [INF] Content root path: "C:\Users\LENOVO\source\repos\BiblioIUC\BiblioIUC" (b5d60022)
2020-04-26T16:44:53.5324680+01:00  [INF] Now listening on: "http://localhost:5000" (d826f4b8)
2020-04-26T16:44:53.6064824+01:00  [INF] Application started. Press Ctrl+C to shut down. (dcaefe54)
2020-04-26T16:44:53.6066155+01:00  [INF] Hosting environment: "Development" (c3307c92)
2020-04-26T16:44:53.6066606+01:00  [INF] Content root path: "C:\Users\LENOVO\source\repos\BiblioIUC\BiblioIUC" (b5d60022)
2020-04-26T16:46:40.6827988+01:00  [INF] Now listening on: "http://localhost:5000" (d826f4b8)
2020-04-26T16:46:40.6965898+01:00  [INF] Application started. Press Ctrl+C to shut down. (dcaefe54)
2020-04-26T16:46:40.6967393+01:00  [INF] Hosting environment: "Development" (c3307c92)
2020-04-26T16:46:40.6967974+01:00  [INF] Content root path: "C:\Users\LENOVO\source\repos\BiblioIUC\BiblioIUC" (b5d60022)
2020-04-26T17:21:04.1188033+01:00  [INF] Now listening on: "http://localhost:5000" (d826f4b8)
2020-04-26T17:21:04.1308769+01:00  [INF] Application started. Press Ctrl+C to shut down. (dcaefe54)
2020-04-26T17:21:04.1310488+01:00  [INF] Hosting environment: "Development" (c3307c92)
2020-04-26T17:21:04.1310877+01:00  [INF] Content root path: "C:\Users\LENOVO\source\repos\BiblioIUC\BiblioIUC" (b5d60022)
2020-04-26T17:21:12.3982227+01:00 0HLV9VNAOB4GI:00000001 [ERR] An unhandled exception has occurred while executing the request. (48a46595)
System.InvalidOperationException: RenderSection invocation in '/Views/Shared/_Layout.cshtml' is invalid. RenderSection can only be called from a layout page.
   at Microsoft.AspNetCore.Mvc.Razor.RazorPage.EnsureMethodCanBeInvoked(String methodName)
   at Microsoft.AspNetCore.Mvc.Razor.RazorPage.RenderSection(String name, Boolean required)
   at AspNetCore.Views_Shared__Layout.<ExecuteAsync>b__40_0() in C:\Users\LENOVO\source\repos\BiblioIUC\BiblioIUC\Views\Shared\_Layout.cshtml:line 8
   at Microsoft.AspNetCore.Razor.Runtime.TagHelpers.TagHelperExecutionContext.SetOutputContentAsync()
   at AspNetCore.Views_Shared__Layout.ExecuteAsync()
   at Microsoft.AspNetCore.Mvc.Razor.RazorView.RenderPageCoreAsync(IRazorPage page, ViewContext context)
   at Microsoft.AspNetCore.Mvc.Razor.RazorView.RenderPageAsync(IRazorPage page, ViewContext context, Boolean invokeViewStarts)
   at Microsoft.AspNetCore.Mvc.Razor.RazorView.RenderAsync(ViewContext context)
   at Microsoft.AspNetCore.Mvc.ViewFeatures.HtmlHelper.RenderPartialCoreAsync(String partialViewName, Object model, ViewDataDictionary viewData, TextWriter writer)
   at Microsoft.AspNetCore.Mvc.ViewFeatures.HtmlHelper.PartialAsync(String partialViewName, Object model, ViewDataDictionary viewData)
   at AspNetCore.Views_Shared__Layout.<ExecuteAsync>b__40_1() in C:\Users\LENOVO\source\repos\BiblioIUC\BiblioIUC\Views\Shared\_Layout.cshtml:line 382
   at Microsoft.AspNetCore.Razor.Runtime.TagHelpers.TagHelperExecutionContext.SetOutputContentAsync()
   at AspNetCore.Views_Shared__Layout.ExecuteAsync()
   at Microsoft.AspNetCore.Mvc.Razor.RazorView.RenderPageCoreAsync(IRazorPage page, ViewContext context)
   at Microsoft.AspNetCore.Mvc.Razor.RazorView.RenderPageAsync(IRazorPage page, ViewContext context, Boolean invokeViewStarts)
   at Microsoft.AspNetCore.Mvc.Razor.RazorView.RenderLayoutAsync(ViewContext context, ViewBufferTextWriter bodyWriter)
   at Microsoft.AspNetCore.Mvc.Razor.RazorView.RenderAsync(ViewContext context)
   at Microsoft.AspNetCore.Mvc.ViewFeatures.ViewExecutor.ExecuteAsync(ViewContext viewContext, String contentType, Nullable`1 statusCode)
   at Microsoft.AspNetCore.Mvc.ViewFeatures.ViewExecutor.ExecuteAsync(ViewContext viewContext, String contentType, Nullable`1 statusCode)
   at Microsoft.AspNetCore.Mvc.ViewFeatures.ViewExecutor.ExecuteAsync(ActionContext actionContext, IView view, ViewDataDictionary viewData, ITempDataDictionary tempData, String contentType, Nullable`1 statusCode)
   at Microsoft.AspNetCore.Mvc.ViewFeatures.ViewResultExecutor.ExecuteAsync(ActionContext context, ViewResult result)
   at Microsoft.AspNetCore.Mvc.ViewResult.ExecuteResultAsync(ActionContext context)
   at Microsoft.AspNetCore.Mvc.Infrastructure.ResourceInvoker.<InvokeNextResultFilterAsync>g__Awaited|29_0[TFilter,TFilterAsync](ResourceInvoker invoker, Task lastTask, State next, Scope scope, Object state, Boolean isCompleted)
   at Microsoft.AspNetCore.Mvc.Infrastructure.ResourceInvoker.Rethrow(ResultExecutedContextSealed context)
   at Microsoft.AspNetCore.Mvc.Infrastructure.ResourceInvoker.ResultNext[TFilter,TFilterAsync](State& next, Scope& scope, Object& state, Boolean& isCompleted)
   at Microsoft.AspNetCore.Mvc.Infrastructure.ResourceInvoker.InvokeResultFilters()
--- End of stack trace from previous location where exception was thrown ---
   at Microsoft.AspNetCore.Mvc.Infrastructure.ResourceInvoker.<InvokeNextResourceFilter>g__Awaited|24_0(ResourceInvoker invoker, Task lastTask, State next, Scope scope, Object state, Boolean isCompleted)
   at Microsoft.AspNetCore.Mvc.Infrastructure.ResourceInvoker.Rethrow(ResourceExecutedContextSealed context)
   at Microsoft.AspNetCore.Mvc.Infrastructure.ResourceInvoker.Next(State& next, Scope& scope, Object& state, Boolean& isCompleted)
   at Microsoft.AspNetCore.Mvc.Infrastructure.ResourceInvoker.InvokeFilterPipelineAsync()
--- End of stack trace from previous location where exception was thrown ---
   at Microsoft.AspNetCore.Mvc.Infrastructure.ResourceInvoker.<InvokeAsync>g__Awaited|17_0(ResourceInvoker invoker, Task task, IDisposable scope)
   at Microsoft.AspNetCore.Routing.EndpointMiddleware.<Invoke>g__AwaitRequestTask|6_0(Endpoint endpoint, Task requestTask, ILogger logger)
   at Microsoft.AspNetCore.Session.SessionMiddleware.Invoke(HttpContext context)
   at Microsoft.AspNetCore.Session.SessionMiddleware.Invoke(HttpContext context)
   at Microsoft.AspNetCore.Authorization.AuthorizationMiddleware.Invoke(HttpContext context)
   at Microsoft.AspNetCore.Authentication.AuthenticationMiddleware.Invoke(HttpContext context)
   at Microsoft.AspNetCore.Diagnostics.DeveloperExceptionPageMiddleware.Invoke(HttpContext context)
2020-04-26T17:21:57.5352946+01:00  [INF] Now listening on: "http://localhost:5000" (d826f4b8)
2020-04-26T17:21:57.5456865+01:00  [INF] Application started. Press Ctrl+C to shut down. (dcaefe54)
2020-04-26T17:21:57.5458493+01:00  [INF] Hosting environment: "Development" (c3307c92)
2020-04-26T17:21:57.5459655+01:00  [INF] Content root path: "C:\Users\LENOVO\source\repos\BiblioIUC\BiblioIUC" (b5d60022)
2020-04-26T17:23:19.0766228+01:00  [INF] Now listening on: "http://localhost:5000" (d826f4b8)
2020-04-26T17:23:19.1023418+01:00  [INF] Application started. Press Ctrl+C to shut down. (dcaefe54)
2020-04-26T17:23:19.1026747+01:00  [INF] Hosting environment: "Development" (c3307c92)
2020-04-26T17:23:19.1027440+01:00  [INF] Content root path: "C:\Users\LENOVO\source\repos\BiblioIUC\BiblioIUC" (b5d60022)
2020-04-26T17:25:32.8740546+01:00  [INF] Now listening on: "http://localhost:5000" (d826f4b8)
2020-04-26T17:25:32.8947618+01:00  [INF] Application started. Press Ctrl+C to shut down. (dcaefe54)
2020-04-26T17:25:32.8949800+01:00  [INF] Hosting environment: "Development" (c3307c92)
2020-04-26T17:25:32.8950216+01:00  [INF] Content root path: "C:\Users\LENOVO\source\repos\BiblioIUC\BiblioIUC" (b5d60022)
2020-04-26T17:27:53.6284728+01:00  [INF] Now listening on: "http://localhost:5000" (d826f4b8)
2020-04-26T17:27:53.6433200+01:00  [INF] Application started. Press Ctrl+C to shut down. (dcaefe54)
2020-04-26T17:27:53.6446347+01:00  [INF] Hosting environment: "Development" (c3307c92)
2020-04-26T17:27:53.6449282+01:00  [INF] Content root path: "C:\Users\LENOVO\source\repos\BiblioIUC\BiblioIUC" (b5d60022)
2020-04-26T17:32:29.7476773+01:00  [INF] Now listening on: "http://localhost:5000" (d826f4b8)
2020-04-26T17:32:29.7694529+01:00  [INF] Application started. Press Ctrl+C to shut down. (dcaefe54)
2020-04-26T17:32:29.7697263+01:00  [INF] Hosting environment: "Development" (c3307c92)
2020-04-26T17:32:29.7698002+01:00  [INF] Content root path: "C:\Users\LENOVO\source\repos\BiblioIUC\BiblioIUC" (b5d60022)
2020-04-26T17:33:23.9329413+01:00  [INF] Now listening on: "http://localhost:5000" (d826f4b8)
2020-04-26T17:33:23.9438971+01:00  [INF] Application started. Press Ctrl+C to shut down. (dcaefe54)
2020-04-26T17:33:23.9440521+01:00  [INF] Hosting environment: "Development" (c3307c92)
2020-04-26T17:33:23.9440962+01:00  [INF] Content root path: "C:\Users\LENOVO\source\repos\BiblioIUC\BiblioIUC" (b5d60022)
2020-04-26T17:42:02.1946556+01:00  [INF] Now listening on: "http://localhost:5000" (d826f4b8)
2020-04-26T17:42:02.2037199+01:00  [INF] Application started. Press Ctrl+C to shut down. (dcaefe54)
2020-04-26T17:42:02.2038727+01:00  [INF] Hosting environment: "Development" (c3307c92)
2020-04-26T17:42:02.2039052+01:00  [INF] Content root path: "C:\Users\LENOVO\source\repos\BiblioIUC\BiblioIUC" (b5d60022)
2020-04-26T17:42:32.9748851+01:00  [INF] Now listening on: "http://localhost:5000" (d826f4b8)
2020-04-26T17:42:32.9829788+01:00  [INF] Application started. Press Ctrl+C to shut down. (dcaefe54)
2020-04-26T17:42:32.9830946+01:00  [INF] Hosting environment: "Development" (c3307c92)
2020-04-26T17:42:32.9831493+01:00  [INF] Content root path: "C:\Users\LENOVO\source\repos\BiblioIUC\BiblioIUC" (b5d60022)
2020-04-26T17:42:52.7849504+01:00  [INF] Now listening on: "http://localhost:5000" (d826f4b8)
2020-04-26T17:42:52.7978014+01:00  [INF] Application started. Press Ctrl+C to shut down. (dcaefe54)
2020-04-26T17:42:52.7979455+01:00  [INF] Hosting environment: "Development" (c3307c92)
2020-04-26T17:42:52.7979794+01:00  [INF] Content root path: "C:\Users\LENOVO\source\repos\BiblioIUC\BiblioIUC" (b5d60022)
2020-04-26T17:44:37.9146339+01:00  [INF] Now listening on: "http://localhost:5000" (d826f4b8)
2020-04-26T17:44:37.9243498+01:00  [INF] Application started. Press Ctrl+C to shut down. (dcaefe54)
2020-04-26T17:44:37.9244931+01:00  [INF] Hosting environment: "Development" (c3307c92)
2020-04-26T17:44:37.9245358+01:00  [INF] Content root path: "C:\Users\LENOVO\source\repos\BiblioIUC\BiblioIUC" (b5d60022)
2020-04-26T17:45:23.6457586+01:00  [INF] Now listening on: "http://localhost:5000" (d826f4b8)
2020-04-26T17:45:23.6526014+01:00  [INF] Application started. Press Ctrl+C to shut down. (dcaefe54)
2020-04-26T17:45:23.6527215+01:00  [INF] Hosting environment: "Development" (c3307c92)
2020-04-26T17:45:23.6527534+01:00  [INF] Content root path: "C:\Users\LENOVO\source\repos\BiblioIUC\BiblioIUC" (b5d60022)
2020-04-26T17:45:53.2311603+01:00  [INF] Now listening on: "http://localhost:5000" (d826f4b8)
2020-04-26T17:45:53.2383488+01:00  [INF] Application started. Press Ctrl+C to shut down. (dcaefe54)
2020-04-26T17:45:53.2384811+01:00  [INF] Hosting environment: "Development" (c3307c92)
2020-04-26T17:45:53.2385252+01:00  [INF] Content root path: "C:\Users\LENOVO\source\repos\BiblioIUC\BiblioIUC" (b5d60022)
2020-04-26T17:47:43.6923334+01:00  [INF] Now listening on: "http://localhost:5000" (d826f4b8)
2020-04-26T17:47:43.6990724+01:00  [INF] Application started. Press Ctrl+C to shut down. (dcaefe54)
2020-04-26T17:47:43.6992062+01:00  [INF] Hosting environment: "Development" (c3307c92)
2020-04-26T17:47:43.6992456+01:00  [INF] Content root path: "C:\Users\LENOVO\source\repos\BiblioIUC\BiblioIUC" (b5d60022)
2020-04-26T17:49:42.2295598+01:00  [INF] Now listening on: "http://localhost:5000" (d826f4b8)
2020-04-26T17:49:42.2386117+01:00  [INF] Application started. Press Ctrl+C to shut down. (dcaefe54)
2020-04-26T17:49:42.2387343+01:00  [INF] Hosting environment: "Development" (c3307c92)
2020-04-26T17:49:42.2387608+01:00  [INF] Content root path: "C:\Users\LENOVO\source\repos\BiblioIUC\BiblioIUC" (b5d60022)
2020-04-26T17:52:51.2594501+01:00  [INF] Now listening on: "http://localhost:5000" (d826f4b8)
2020-04-26T17:52:51.2679489+01:00  [INF] Application started. Press Ctrl+C to shut down. (dcaefe54)
2020-04-26T17:52:51.2680589+01:00  [INF] Hosting environment: "Development" (c3307c92)
2020-04-26T17:52:51.2680943+01:00  [INF] Content root path: "C:\Users\LENOVO\source\repos\BiblioIUC\BiblioIUC" (b5d60022)
2020-04-26T17:55:58.0462168+01:00  [INF] Now listening on: "http://localhost:5000" (d826f4b8)
2020-04-26T17:55:58.0566271+01:00  [INF] Application started. Press Ctrl+C to shut down. (dcaefe54)
2020-04-26T17:55:58.0568119+01:00  [INF] Hosting environment: "Development" (c3307c92)
2020-04-26T17:55:58.0568651+01:00  [INF] Content root path: "C:\Users\LENOVO\source\repos\BiblioIUC\BiblioIUC" (b5d60022)
2020-04-26T17:58:21.3802681+01:00  [INF] Now listening on: "http://localhost:5000" (d826f4b8)
2020-04-26T17:58:21.3998436+01:00  [INF] Application started. Press Ctrl+C to shut down. (dcaefe54)
2020-04-26T17:58:21.3999711+01:00  [INF] Hosting environment: "Development" (c3307c92)
2020-04-26T17:58:21.4000205+01:00  [INF] Content root path: "C:\Users\LENOVO\source\repos\BiblioIUC\BiblioIUC" (b5d60022)
2020-04-26T17:59:04.5197173+01:00  [INF] Now listening on: "http://localhost:5000" (d826f4b8)
2020-04-26T17:59:04.5315926+01:00  [INF] Application started. Press Ctrl+C to shut down. (dcaefe54)
2020-04-26T17:59:04.5317322+01:00  [INF] Hosting environment: "Development" (c3307c92)
2020-04-26T17:59:04.5317590+01:00  [INF] Content root path: "C:\Users\LENOVO\source\repos\BiblioIUC\BiblioIUC" (b5d60022)
2020-04-26T17:59:30.4560640+01:00  [INF] Now listening on: "http://localhost:5000" (d826f4b8)
2020-04-26T17:59:30.4692256+01:00  [INF] Application started. Press Ctrl+C to shut down. (dcaefe54)
2020-04-26T17:59:30.4694716+01:00  [INF] Hosting environment: "Development" (c3307c92)
2020-04-26T17:59:30.4695616+01:00  [INF] Content root path: "C:\Users\LENOVO\source\repos\BiblioIUC\BiblioIUC" (b5d60022)
2020-04-26T17:59:56.2590405+01:00  [INF] Now listening on: "http://localhost:5000" (d826f4b8)
2020-04-26T17:59:56.2682210+01:00  [INF] Application started. Press Ctrl+C to shut down. (dcaefe54)
2020-04-26T17:59:56.2683265+01:00  [INF] Hosting environment: "Development" (c3307c92)
2020-04-26T17:59:56.2683633+01:00  [INF] Content root path: "C:\Users\LENOVO\source\repos\BiblioIUC\BiblioIUC" (b5d60022)
2020-04-26T18:00:58.6056335+01:00  [INF] Now listening on: "http://localhost:5000" (d826f4b8)
2020-04-26T18:00:58.6144040+01:00  [INF] Application started. Press Ctrl+C to shut down. (dcaefe54)
2020-04-26T18:00:58.6145226+01:00  [INF] Hosting environment: "Development" (c3307c92)
2020-04-26T18:00:58.6145629+01:00  [INF] Content root path: "C:\Users\LENOVO\source\repos\BiblioIUC\BiblioIUC" (b5d60022)
2020-04-26T18:04:50.1271822+01:00  [INF] Now listening on: "http://localhost:5000" (d826f4b8)
2020-04-26T18:04:50.1344443+01:00  [INF] Application started. Press Ctrl+C to shut down. (dcaefe54)
2020-04-26T18:04:50.1345836+01:00  [INF] Hosting environment: "Development" (c3307c92)
2020-04-26T18:04:50.1346162+01:00  [INF] Content root path: "C:\Users\LENOVO\source\repos\BiblioIUC\BiblioIUC" (b5d60022)
2020-04-26T18:05:27.5762099+01:00  [INF] Now listening on: "http://localhost:5000" (d826f4b8)
2020-04-26T18:05:27.5844995+01:00  [INF] Application started. Press Ctrl+C to shut down. (dcaefe54)
2020-04-26T18:05:27.5846238+01:00  [INF] Hosting environment: "Development" (c3307c92)
2020-04-26T18:05:27.5846678+01:00  [INF] Content root path: "C:\Users\LENOVO\source\repos\BiblioIUC\BiblioIUC" (b5d60022)
2020-04-26T18:06:25.0237771+01:00  [INF] Now listening on: "http://localhost:5000" (d826f4b8)
2020-04-26T18:06:25.0320139+01:00  [INF] Application started. Press Ctrl+C to shut down. (dcaefe54)
2020-04-26T18:06:25.0321931+01:00  [INF] Hosting environment: "Development" (c3307c92)
2020-04-26T18:06:25.0322290+01:00  [INF] Content root path: "C:\Users\LENOVO\source\repos\BiblioIUC\BiblioIUC" (b5d60022)
2020-04-26T18:07:14.2133380+01:00  [INF] Now listening on: "http://localhost:5000" (d826f4b8)
2020-04-26T18:07:14.2222659+01:00  [INF] Application started. Press Ctrl+C to shut down. (dcaefe54)
2020-04-26T18:07:14.2223852+01:00  [INF] Hosting environment: "Development" (c3307c92)
2020-04-26T18:07:14.2224141+01:00  [INF] Content root path: "C:\Users\LENOVO\source\repos\BiblioIUC\BiblioIUC" (b5d60022)
2020-04-26T18:08:02.7291751+01:00  [INF] Now listening on: "http://localhost:5000" (d826f4b8)
2020-04-26T18:08:02.7385351+01:00  [INF] Application started. Press Ctrl+C to shut down. (dcaefe54)
2020-04-26T18:08:02.7386506+01:00  [INF] Hosting environment: "Development" (c3307c92)
2020-04-26T18:08:02.7386809+01:00  [INF] Content root path: "C:\Users\LENOVO\source\repos\BiblioIUC\BiblioIUC" (b5d60022)
2020-04-26T18:09:06.3904217+01:00  [INF] Now listening on: "http://localhost:5000" (d826f4b8)
2020-04-26T18:09:06.4000467+01:00  [INF] Application started. Press Ctrl+C to shut down. (dcaefe54)
2020-04-26T18:09:06.4002316+01:00  [INF] Hosting environment: "Development" (c3307c92)
2020-04-26T18:09:06.4002813+01:00  [INF] Content root path: "C:\Users\LENOVO\source\repos\BiblioIUC\BiblioIUC" (b5d60022)
2020-04-26T18:14:54.1225996+01:00  [INF] Now listening on: "http://localhost:5000" (d826f4b8)
2020-04-26T18:14:54.1320539+01:00  [INF] Application started. Press Ctrl+C to shut down. (dcaefe54)
2020-04-26T18:14:54.1321891+01:00  [INF] Hosting environment: "Development" (c3307c92)
2020-04-26T18:14:54.1322220+01:00  [INF] Content root path: "C:\Users\LENOVO\source\repos\BiblioIUC\BiblioIUC" (b5d60022)
2020-04-26T18:17:53.0992716+01:00  [INF] Now listening on: "http://localhost:5000" (d826f4b8)
2020-04-26T18:17:53.1094265+01:00  [INF] Application started. Press Ctrl+C to shut down. (dcaefe54)
2020-04-26T18:17:53.1095692+01:00  [INF] Hosting environment: "Development" (c3307c92)
2020-04-26T18:17:53.1096087+01:00  [INF] Content root path: "C:\Users\LENOVO\source\repos\BiblioIUC\BiblioIUC" (b5d60022)
2020-04-26T18:18:47.3334370+01:00  [INF] Now listening on: "http://localhost:5000" (d826f4b8)
2020-04-26T18:18:47.3408516+01:00  [INF] Application started. Press Ctrl+C to shut down. (dcaefe54)
2020-04-26T18:18:47.3410166+01:00  [INF] Hosting environment: "Development" (c3307c92)
2020-04-26T18:18:47.3410498+01:00  [INF] Content root path: "C:\Users\LENOVO\source\repos\BiblioIUC\BiblioIUC" (b5d60022)
2020-04-26T18:19:32.8516837+01:00  [INF] Now listening on: "http://localhost:5000" (d826f4b8)
2020-04-26T18:19:32.8601365+01:00  [INF] Application started. Press Ctrl+C to shut down. (dcaefe54)
2020-04-26T18:19:32.8602564+01:00  [INF] Hosting environment: "Development" (c3307c92)
2020-04-26T18:19:32.8602833+01:00  [INF] Content root path: "C:\Users\LENOVO\source\repos\BiblioIUC\BiblioIUC" (b5d60022)
2020-04-26T18:20:34.4948307+01:00  [INF] Now listening on: "http://localhost:5000" (d826f4b8)
2020-04-26T18:20:34.5025561+01:00  [INF] Application started. Press Ctrl+C to shut down. (dcaefe54)
2020-04-26T18:20:34.5026873+01:00  [INF] Hosting environment: "Development" (c3307c92)
2020-04-26T18:20:34.5027175+01:00  [INF] Content root path: "C:\Users\LENOVO\source\repos\BiblioIUC\BiblioIUC" (b5d60022)
2020-04-26T18:22:17.1006578+01:00  [INF] Now listening on: "http://localhost:5000" (d826f4b8)
2020-04-26T18:22:17.1115510+01:00  [INF] Application started. Press Ctrl+C to shut down. (dcaefe54)
2020-04-26T18:22:17.1116885+01:00  [INF] Hosting environment: "Development" (c3307c92)
2020-04-26T18:22:17.1117241+01:00  [INF] Content root path: "C:\Users\LENOVO\source\repos\BiblioIUC\BiblioIUC" (b5d60022)
2020-04-26T18:23:52.5671629+01:00  [INF] Now listening on: "http://localhost:5000" (d826f4b8)
2020-04-26T18:23:52.5742753+01:00  [INF] Application started. Press Ctrl+C to shut down. (dcaefe54)
2020-04-26T18:23:52.5744223+01:00  [INF] Hosting environment: "Development" (c3307c92)
2020-04-26T18:23:52.5744542+01:00  [INF] Content root path: "C:\Users\LENOVO\source\repos\BiblioIUC\BiblioIUC" (b5d60022)
2020-04-26T18:57:13.0846772+01:00  [INF] Now listening on: "http://localhost:5000" (d826f4b8)
2020-04-26T18:57:13.0939448+01:00  [INF] Application started. Press Ctrl+C to shut down. (dcaefe54)
2020-04-26T18:57:13.0940532+01:00  [INF] Hosting environment: "Development" (c3307c92)
2020-04-26T18:57:13.0940800+01:00  [INF] Content root path: "C:\Users\LENOVO\source\repos\BiblioIUC\BiblioIUC" (b5d60022)
2020-04-26T18:57:32.5083536+01:00 0HLVA1D22HL3N:00000007 [ERR] An unhandled exception has occurred while executing the request. (48a46595)
System.InvalidOperationException: The model item passed into the ViewDataDictionary is of type 'BiblioIUC.Models.PageListModel`1[BiblioIUC.Models.DocumentModel]', but this ViewDataDictionary instance requires a model item of type 'BiblioIUC.Models.PageListModel`1[BiblioIUC.Models.CategoryModel]'.
   at Microsoft.AspNetCore.Mvc.ViewFeatures.ViewDataDictionary.EnsureCompatible(Object value)
   at Microsoft.AspNetCore.Mvc.ViewFeatures.ViewDataDictionary..ctor(ViewDataDictionary source, Object model, Type declaredModelType)
   at lambda_method(Closure , ViewDataDictionary )
   at Microsoft.AspNetCore.Mvc.Razor.RazorPagePropertyActivator.CreateViewDataDictionary(ViewContext context)
   at Microsoft.AspNetCore.Mvc.Razor.RazorPagePropertyActivator.Activate(Object page, ViewContext context)
   at Microsoft.AspNetCore.Mvc.Razor.RazorPageActivator.Activate(IRazorPage page, ViewContext context)
   at Microsoft.AspNetCore.Mvc.Razor.RazorView.RenderPageCoreAsync(IRazorPage page, ViewContext context)
   at Microsoft.AspNetCore.Mvc.Razor.RazorView.RenderPageAsync(IRazorPage page, ViewContext context, Boolean invokeViewStarts)
   at Microsoft.AspNetCore.Mvc.Razor.RazorView.RenderAsync(ViewContext context)
   at Microsoft.AspNetCore.Mvc.ViewFeatures.ViewExecutor.ExecuteAsync(ViewContext viewContext, String contentType, Nullable`1 statusCode)
   at Microsoft.AspNetCore.Mvc.ViewFeatures.ViewExecutor.ExecuteAsync(ViewContext viewContext, String contentType, Nullable`1 statusCode)
   at Microsoft.AspNetCore.Mvc.ViewFeatures.ViewExecutor.ExecuteAsync(ActionContext actionContext, IView view, ViewDataDictionary viewData, ITempDataDictionary tempData, String contentType, Nullable`1 statusCode)
   at Microsoft.AspNetCore.Mvc.ViewFeatures.ViewResultExecutor.ExecuteAsync(ActionContext context, ViewResult result)
   at Microsoft.AspNetCore.Mvc.ViewResult.ExecuteResultAsync(ActionContext context)
   at Microsoft.AspNetCore.Mvc.Infrastructure.ResourceInvoker.<InvokeNextResultFilterAsync>g__Awaited|29_0[TFilter,TFilterAsync](ResourceInvoker invoker, Task lastTask, State next, Scope scope, Object state, Boolean isCompleted)
   at Microsoft.AspNetCore.Mvc.Infrastructure.ResourceInvoker.Rethrow(ResultExecutedContextSealed context)
   at Microsoft.AspNetCore.Mvc.Infrastructure.ResourceInvoker.ResultNext[TFilter,TFilterAsync](State& next, Scope& scope, Object& state, Boolean& isCompleted)
   at Microsoft.AspNetCore.Mvc.Infrastructure.ResourceInvoker.InvokeResultFilters()
--- End of stack trace from previous location where exception was thrown ---
   at Microsoft.AspNetCore.Mvc.Infrastructure.ResourceInvoker.<InvokeNextResourceFilter>g__Awaited|24_0(ResourceInvoker invoker, Task lastTask, State next, Scope scope, Object state, Boolean isCompleted)
   at Microsoft.AspNetCore.Mvc.Infrastructure.ResourceInvoker.Rethrow(ResourceExecutedContextSealed context)
   at Microsoft.AspNetCore.Mvc.Infrastructure.ResourceInvoker.Next(State& next, Scope& scope, Object& state, Boolean& isCompleted)
   at Microsoft.AspNetCore.Mvc.Infrastructure.ResourceInvoker.<InvokeFilterPipelineAsync>g__Awaited|19_0(ResourceInvoker invoker, Task lastTask, State next, Scope scope, Object state, Boolean isCompleted)
   at Microsoft.AspNetCore.Mvc.Infrastructure.ResourceInvoker.<InvokeAsync>g__Awaited|17_0(ResourceInvoker invoker, Task task, IDisposable scope)
   at Microsoft.AspNetCore.Routing.EndpointMiddleware.<Invoke>g__AwaitRequestTask|6_0(Endpoint endpoint, Task requestTask, ILogger logger)
   at Microsoft.AspNetCore.Session.SessionMiddleware.Invoke(HttpContext context)
   at Microsoft.AspNetCore.Session.SessionMiddleware.Invoke(HttpContext context)
   at Microsoft.AspNetCore.Authorization.AuthorizationMiddleware.Invoke(HttpContext context)
   at Microsoft.AspNetCore.Authentication.AuthenticationMiddleware.Invoke(HttpContext context)
   at Microsoft.AspNetCore.Diagnostics.DeveloperExceptionPageMiddleware.Invoke(HttpContext context)
2020-04-26T18:58:46.1273604+01:00  [INF] Now listening on: "http://localhost:5000" (d826f4b8)
2020-04-26T18:58:46.1346278+01:00  [INF] Application started. Press Ctrl+C to shut down. (dcaefe54)
2020-04-26T18:58:46.1347568+01:00  [INF] Hosting environment: "Development" (c3307c92)
2020-04-26T18:58:46.1347880+01:00  [INF] Content root path: "C:\Users\LENOVO\source\repos\BiblioIUC\BiblioIUC" (b5d60022)
2020-04-26T18:59:02.1287233+01:00  [INF] Now listening on: "http://localhost:5000" (d826f4b8)
2020-04-26T18:59:02.1388044+01:00  [INF] Application started. Press Ctrl+C to shut down. (dcaefe54)
2020-04-26T18:59:02.1389443+01:00  [INF] Hosting environment: "Development" (c3307c92)
2020-04-26T18:59:02.1389813+01:00  [INF] Content root path: "C:\Users\LENOVO\source\repos\BiblioIUC\BiblioIUC" (b5d60022)
2020-04-26T19:03:42.6234175+01:00  [INF] Now listening on: "http://localhost:5000" (d826f4b8)
2020-04-26T19:03:42.6332506+01:00  [INF] Application started. Press Ctrl+C to shut down. (dcaefe54)
2020-04-26T19:03:42.6333980+01:00  [INF] Hosting environment: "Development" (c3307c92)
2020-04-26T19:03:42.6334513+01:00  [INF] Content root path: "C:\Users\LENOVO\source\repos\BiblioIUC\BiblioIUC" (b5d60022)
2020-04-26T19:05:54.2391734+01:00  [INF] Application is shutting down... (90f52c38)
2020-04-26T19:06:24.9121167+01:00  [INF] Application started. Press Ctrl+C to shut down. (dcaefe54)
2020-04-26T19:06:24.9234560+01:00  [INF] Hosting environment: "Development" (c3307c92)
2020-04-26T19:06:24.9253164+01:00  [INF] Content root path: "C:\Users\LENOVO\source\repos\BiblioIUC\BiblioIUC" (b5d60022)
2020-04-26T19:14:13.6316829+01:00  [INF] Application started. Press Ctrl+C to shut down. (dcaefe54)
2020-04-26T19:14:13.6447167+01:00  [INF] Hosting environment: "Development" (c3307c92)
2020-04-26T19:14:13.6469996+01:00  [INF] Content root path: "C:\Users\LENOVO\source\repos\BiblioIUC\BiblioIUC" (b5d60022)
2020-04-26T19:26:49.3707218+01:00  [INF] Now listening on: "http://localhost:5000" (d826f4b8)
2020-04-26T19:26:49.3783705+01:00  [INF] Application started. Press Ctrl+C to shut down. (dcaefe54)
2020-04-26T19:26:49.3784915+01:00  [INF] Hosting environment: "Development" (c3307c92)
2020-04-26T19:26:49.3785196+01:00  [INF] Content root path: "C:\Users\LENOVO\source\repos\BiblioIUC\BiblioIUC" (b5d60022)
2020-04-26T19:29:35.7336620+01:00  [INF] Now listening on: "http://localhost:5000" (d826f4b8)
2020-04-26T19:29:35.7418476+01:00  [INF] Application started. Press Ctrl+C to shut down. (dcaefe54)
2020-04-26T19:29:35.7419632+01:00  [INF] Hosting environment: "Development" (c3307c92)
2020-04-26T19:29:35.7419996+01:00  [INF] Content root path: "C:\Users\LENOVO\source\repos\BiblioIUC\BiblioIUC" (b5d60022)
2020-04-26T19:30:27.1611846+01:00  [INF] Now listening on: "http://localhost:5000" (d826f4b8)
2020-04-26T19:30:27.1692847+01:00  [INF] Application started. Press Ctrl+C to shut down. (dcaefe54)
2020-04-26T19:30:27.1694329+01:00  [INF] Hosting environment: "Development" (c3307c92)
2020-04-26T19:30:27.1694799+01:00  [INF] Content root path: "C:\Users\LENOVO\source\repos\BiblioIUC\BiblioIUC" (b5d60022)
2020-04-26T19:33:08.3014712+01:00  [INF] Now listening on: "http://localhost:5000" (d826f4b8)
2020-04-26T19:33:08.3088230+01:00  [INF] Application started. Press Ctrl+C to shut down. (dcaefe54)
2020-04-26T19:33:08.3089841+01:00  [INF] Hosting environment: "Development" (c3307c92)
2020-04-26T19:33:08.3090143+01:00  [INF] Content root path: "C:\Users\LENOVO\source\repos\BiblioIUC\BiblioIUC" (b5d60022)
2020-04-26T19:34:07.2121936+01:00  [INF] Now listening on: "http://localhost:5000" (d826f4b8)
2020-04-26T19:34:07.2218728+01:00  [INF] Application started. Press Ctrl+C to shut down. (dcaefe54)
2020-04-26T19:34:07.2219906+01:00  [INF] Hosting environment: "Development" (c3307c92)
2020-04-26T19:34:07.2220171+01:00  [INF] Content root path: "C:\Users\LENOVO\source\repos\BiblioIUC\BiblioIUC" (b5d60022)
2020-04-26T19:42:16.1200761+01:00  [INF] Now listening on: "http://localhost:5000" (d826f4b8)
2020-04-26T19:42:16.1329521+01:00  [INF] Application started. Press Ctrl+C to shut down. (dcaefe54)
2020-04-26T19:42:16.1331991+01:00  [INF] Hosting environment: "Development" (c3307c92)
2020-04-26T19:42:16.1333155+01:00  [INF] Content root path: "C:\Users\LENOVO\source\repos\BiblioIUC\BiblioIUC" (b5d60022)
2020-04-26T19:42:53.8746856+01:00  [INF] Now listening on: "http://localhost:5000" (d826f4b8)
2020-04-26T19:42:53.8831230+01:00  [INF] Application started. Press Ctrl+C to shut down. (dcaefe54)
2020-04-26T19:42:53.8832302+01:00  [INF] Hosting environment: "Development" (c3307c92)
2020-04-26T19:42:53.8832659+01:00  [INF] Content root path: "C:\Users\LENOVO\source\repos\BiblioIUC\BiblioIUC" (b5d60022)
2020-04-26T19:44:18.9635228+01:00 0HLVA275G1DI8:0000000A [ERR] An unhandled exception has occurred while executing the request. (48a46595)
System.InvalidOperationException: Cannot retrieve property 'Name' because localization failed.  Type 'BiblioIUC.Localize.Text' is not public or does not contain a public static string property with the name 'ISBN'.
   at System.ComponentModel.DataAnnotations.LocalizableString.<>c__DisplayClass12_1.<GetLocalizableValue>b__2()
   at System.ComponentModel.DataAnnotations.LocalizableString.GetLocalizableValue()
   at System.ComponentModel.DataAnnotations.DisplayAttribute.GetName()
   at Microsoft.AspNetCore.Mvc.DataAnnotations.DataAnnotationsMetadataProvider.CreateDisplayMetadata(DisplayMetadataProviderContext context)
   at Microsoft.AspNetCore.Mvc.ModelBinding.Metadata.DefaultCompositeMetadataDetailsProvider.CreateDisplayMetadata(DisplayMetadataProviderContext context)
   at Microsoft.AspNetCore.Mvc.ModelBinding.Metadata.DefaultModelMetadata.get_DisplayMetadata()
   at Microsoft.AspNetCore.Mvc.ModelBinding.Metadata.DefaultModelMetadata.get_Order()
   at Microsoft.AspNetCore.Mvc.ModelBinding.Metadata.DefaultModelMetadata.<>c.<get_Properties>b__78_0(ModelMetadata p)
   at System.Linq.EnumerableSorter`2.ComputeKeys(TElement[] elements, Int32 count)
   at System.Linq.EnumerableSorter`1.ComputeMap(TElement[] elements, Int32 count)
   at System.Linq.EnumerableSorter`1.Sort(TElement[] elements, Int32 count)
   at System.Linq.OrderedEnumerable`1.ToList()
   at System.Linq.Enumerable.ToList[TSource](IEnumerable`1 source)
   at Microsoft.AspNetCore.Mvc.ModelBinding.ModelPropertyCollection..ctor(IEnumerable`1 properties)
   at Microsoft.AspNetCore.Mvc.ModelBinding.Metadata.DefaultModelMetadata.get_Properties()
   at Microsoft.AspNetCore.Mvc.ViewFeatures.ExpressionMetadataProvider.FromLambdaExpression[TModel,TResult](Expression`1 expression, ViewDataDictionary`1 viewData, IModelMetadataProvider metadataProvider)
   at Microsoft.AspNetCore.Mvc.ViewFeatures.ModelExpressionProvider.CreateModelExpression[TModel,TValue](ViewDataDictionary`1 viewData, Expression`1 expression)
   at AspNetCore.Views_Document_Edit.<ExecuteAsync>b__22_0() in C:\Users\LENOVO\source\repos\BiblioIUC\BiblioIUC\Views\Document\Edit.cshtml:line 12
   at Microsoft.AspNetCore.Razor.Runtime.TagHelpers.TagHelperExecutionContext.GetChildContentAsync(Boolean useCachedResult, HtmlEncoder encoder)
   at Microsoft.AspNetCore.Mvc.TagHelpers.RenderAtEndOfFormTagHelper.ProcessAsync(TagHelperContext context, TagHelperOutput output)
   at Microsoft.AspNetCore.Razor.Runtime.TagHelpers.TagHelperRunner.<RunAsync>g__Awaited|0_0(Task task, TagHelperExecutionContext executionContext, Int32 i, Int32 count)
   at AspNetCore.Views_Document_Edit.ExecuteAsync() in C:\Users\LENOVO\source\repos\BiblioIUC\BiblioIUC\Views\Document\Edit.cshtml:line 7
   at Microsoft.AspNetCore.Mvc.Razor.RazorView.RenderPageCoreAsync(IRazorPage page, ViewContext context)
   at Microsoft.AspNetCore.Mvc.Razor.RazorView.RenderPageAsync(IRazorPage page, ViewContext context, Boolean invokeViewStarts)
   at Microsoft.AspNetCore.Mvc.Razor.RazorView.RenderAsync(ViewContext context)
   at Microsoft.AspNetCore.Mvc.ViewFeatures.ViewExecutor.ExecuteAsync(ViewContext viewContext, String contentType, Nullable`1 statusCode)
   at Microsoft.AspNetCore.Mvc.ViewFeatures.ViewExecutor.ExecuteAsync(ViewContext viewContext, String contentType, Nullable`1 statusCode)
   at Microsoft.AspNetCore.Mvc.ViewFeatures.ViewExecutor.ExecuteAsync(ActionContext actionContext, IView view, ViewDataDictionary viewData, ITempDataDictionary tempData, String contentType, Nullable`1 statusCode)
   at Microsoft.AspNetCore.Mvc.ViewFeatures.ViewResultExecutor.ExecuteAsync(ActionContext context, ViewResult result)
   at Microsoft.AspNetCore.Mvc.ViewResult.ExecuteResultAsync(ActionContext context)
   at Microsoft.AspNetCore.Mvc.Infrastructure.ResourceInvoker.<InvokeNextResultFilterAsync>g__Awaited|29_0[TFilter,TFilterAsync](ResourceInvoker invoker, Task lastTask, State next, Scope scope, Object state, Boolean isCompleted)
   at Microsoft.AspNetCore.Mvc.Infrastructure.ResourceInvoker.Rethrow(ResultExecutedContextSealed context)
   at Microsoft.AspNetCore.Mvc.Infrastructure.ResourceInvoker.ResultNext[TFilter,TFilterAsync](State& next, Scope& scope, Object& state, Boolean& isCompleted)
   at Microsoft.AspNetCore.Mvc.Infrastructure.ResourceInvoker.InvokeResultFilters()
--- End of stack trace from previous location where exception was thrown ---
   at Microsoft.AspNetCore.Mvc.Infrastructure.ResourceInvoker.<InvokeNextResourceFilter>g__Awaited|24_0(ResourceInvoker invoker, Task lastTask, State next, Scope scope, Object state, Boolean isCompleted)
   at Microsoft.AspNetCore.Mvc.Infrastructure.ResourceInvoker.Rethrow(ResourceExecutedContextSealed context)
   at Microsoft.AspNetCore.Mvc.Infrastructure.ResourceInvoker.Next(State& next, Scope& scope, Object& state, Boolean& isCompleted)
   at Microsoft.AspNetCore.Mvc.Infrastructure.ResourceInvoker.<InvokeFilterPipelineAsync>g__Awaited|19_0(ResourceInvoker invoker, Task lastTask, State next, Scope scope, Object state, Boolean isCompleted)
   at Microsoft.AspNetCore.Mvc.Infrastructure.ResourceInvoker.<InvokeAsync>g__Awaited|17_0(ResourceInvoker invoker, Task task, IDisposable scope)
   at Microsoft.AspNetCore.Routing.EndpointMiddleware.<Invoke>g__AwaitRequestTask|6_0(Endpoint endpoint, Task requestTask, ILogger logger)
   at Microsoft.AspNetCore.Session.SessionMiddleware.Invoke(HttpContext context)
   at Microsoft.AspNetCore.Session.SessionMiddleware.Invoke(HttpContext context)
   at Microsoft.AspNetCore.Authorization.AuthorizationMiddleware.Invoke(HttpContext context)
   at Microsoft.AspNetCore.Authentication.AuthenticationMiddleware.Invoke(HttpContext context)
   at Microsoft.AspNetCore.Diagnostics.DeveloperExceptionPageMiddleware.Invoke(HttpContext context)
2020-04-26T19:44:53.3808220+01:00  [INF] Now listening on: "http://localhost:5000" (d826f4b8)
2020-04-26T19:44:53.3916975+01:00  [INF] Application started. Press Ctrl+C to shut down. (dcaefe54)
2020-04-26T19:44:53.3918349+01:00  [INF] Hosting environment: "Development" (c3307c92)
2020-04-26T19:44:53.3918831+01:00  [INF] Content root path: "C:\Users\LENOVO\source\repos\BiblioIUC\BiblioIUC" (b5d60022)
2020-04-26T19:45:02.4088379+01:00 0HLVA27MDNDJN:00000001 [ERR] An unhandled exception has occurred while executing the request. (48a46595)
System.InvalidOperationException: Cannot retrieve property 'Name' because localization failed.  Type 'BiblioIUC.Localize.Text' is not public or does not contain a public static string property with the name 'Category'.
   at System.ComponentModel.DataAnnotations.LocalizableString.<>c__DisplayClass12_1.<GetLocalizableValue>b__2()
   at System.ComponentModel.DataAnnotations.LocalizableString.GetLocalizableValue()
   at System.ComponentModel.DataAnnotations.DisplayAttribute.GetName()
   at Microsoft.AspNetCore.Mvc.DataAnnotations.DataAnnotationsMetadataProvider.CreateDisplayMetadata(DisplayMetadataProviderContext context)
   at Microsoft.AspNetCore.Mvc.ModelBinding.Metadata.DefaultCompositeMetadataDetailsProvider.CreateDisplayMetadata(DisplayMetadataProviderContext context)
   at Microsoft.AspNetCore.Mvc.ModelBinding.Metadata.DefaultModelMetadata.get_DisplayMetadata()
   at Microsoft.AspNetCore.Mvc.ModelBinding.Metadata.DefaultModelMetadata.get_Order()
   at Microsoft.AspNetCore.Mvc.ModelBinding.Metadata.DefaultModelMetadata.<>c.<get_Properties>b__78_0(ModelMetadata p)
   at System.Linq.EnumerableSorter`2.ComputeKeys(TElement[] elements, Int32 count)
   at System.Linq.EnumerableSorter`1.ComputeMap(TElement[] elements, Int32 count)
   at System.Linq.EnumerableSorter`1.Sort(TElement[] elements, Int32 count)
   at System.Linq.OrderedEnumerable`1.ToList()
   at System.Linq.Enumerable.ToList[TSource](IEnumerable`1 source)
   at Microsoft.AspNetCore.Mvc.ModelBinding.ModelPropertyCollection..ctor(IEnumerable`1 properties)
   at Microsoft.AspNetCore.Mvc.ModelBinding.Metadata.DefaultModelMetadata.get_Properties()
   at Microsoft.AspNetCore.Mvc.ViewFeatures.ExpressionMetadataProvider.FromLambdaExpression[TModel,TResult](Expression`1 expression, ViewDataDictionary`1 viewData, IModelMetadataProvider metadataProvider)
   at Microsoft.AspNetCore.Mvc.ViewFeatures.ModelExpressionProvider.CreateModelExpression[TModel,TValue](ViewDataDictionary`1 viewData, Expression`1 expression)
   at AspNetCore.Views_Document_Edit.<ExecuteAsync>b__22_0() in C:\Users\LENOVO\source\repos\BiblioIUC\BiblioIUC\Views\Document\Edit.cshtml:line 12
   at Microsoft.AspNetCore.Razor.Runtime.TagHelpers.TagHelperExecutionContext.GetChildContentAsync(Boolean useCachedResult, HtmlEncoder encoder)
   at Microsoft.AspNetCore.Mvc.TagHelpers.RenderAtEndOfFormTagHelper.ProcessAsync(TagHelperContext context, TagHelperOutput output)
   at Microsoft.AspNetCore.Razor.Runtime.TagHelpers.TagHelperRunner.<RunAsync>g__Awaited|0_0(Task task, TagHelperExecutionContext executionContext, Int32 i, Int32 count)
   at AspNetCore.Views_Document_Edit.ExecuteAsync() in C:\Users\LENOVO\source\repos\BiblioIUC\BiblioIUC\Views\Document\Edit.cshtml:line 7
   at Microsoft.AspNetCore.Mvc.Razor.RazorView.RenderPageCoreAsync(IRazorPage page, ViewContext context)
   at Microsoft.AspNetCore.Mvc.Razor.RazorView.RenderPageAsync(IRazorPage page, ViewContext context, Boolean invokeViewStarts)
   at Microsoft.AspNetCore.Mvc.Razor.RazorView.RenderAsync(ViewContext context)
   at Microsoft.AspNetCore.Mvc.ViewFeatures.ViewExecutor.ExecuteAsync(ViewContext viewContext, String contentType, Nullable`1 statusCode)
   at Microsoft.AspNetCore.Mvc.ViewFeatures.ViewExecutor.ExecuteAsync(ViewContext viewContext, String contentType, Nullable`1 statusCode)
   at Microsoft.AspNetCore.Mvc.ViewFeatures.ViewExecutor.ExecuteAsync(ActionContext actionContext, IView view, ViewDataDictionary viewData, ITempDataDictionary tempData, String contentType, Nullable`1 statusCode)
   at Microsoft.AspNetCore.Mvc.ViewFeatures.ViewResultExecutor.ExecuteAsync(ActionContext context, ViewResult result)
   at Microsoft.AspNetCore.Mvc.ViewResult.ExecuteResultAsync(ActionContext context)
   at Microsoft.AspNetCore.Mvc.Infrastructure.ResourceInvoker.<InvokeNextResultFilterAsync>g__Awaited|29_0[TFilter,TFilterAsync](ResourceInvoker invoker, Task lastTask, State next, Scope scope, Object state, Boolean isCompleted)
   at Microsoft.AspNetCore.Mvc.Infrastructure.ResourceInvoker.Rethrow(ResultExecutedContextSealed context)
   at Microsoft.AspNetCore.Mvc.Infrastructure.ResourceInvoker.ResultNext[TFilter,TFilterAsync](State& next, Scope& scope, Object& state, Boolean& isCompleted)
   at Microsoft.AspNetCore.Mvc.Infrastructure.ResourceInvoker.InvokeResultFilters()
--- End of stack trace from previous location where exception was thrown ---
   at Microsoft.AspNetCore.Mvc.Infrastructure.ResourceInvoker.<InvokeNextResourceFilter>g__Awaited|24_0(ResourceInvoker invoker, Task lastTask, State next, Scope scope, Object state, Boolean isCompleted)
   at Microsoft.AspNetCore.Mvc.Infrastructure.ResourceInvoker.Rethrow(ResourceExecutedContextSealed context)
   at Microsoft.AspNetCore.Mvc.Infrastructure.ResourceInvoker.Next(State& next, Scope& scope, Object& state, Boolean& isCompleted)
   at Microsoft.AspNetCore.Mvc.Infrastructure.ResourceInvoker.<InvokeFilterPipelineAsync>g__Awaited|19_0(ResourceInvoker invoker, Task lastTask, State next, Scope scope, Object state, Boolean isCompleted)
   at Microsoft.AspNetCore.Mvc.Infrastructure.ResourceInvoker.<InvokeAsync>g__Awaited|17_0(ResourceInvoker invoker, Task task, IDisposable scope)
   at Microsoft.AspNetCore.Routing.EndpointMiddleware.<Invoke>g__AwaitRequestTask|6_0(Endpoint endpoint, Task requestTask, ILogger logger)
   at Microsoft.AspNetCore.Session.SessionMiddleware.Invoke(HttpContext context)
   at Microsoft.AspNetCore.Session.SessionMiddleware.Invoke(HttpContext context)
   at Microsoft.AspNetCore.Authorization.AuthorizationMiddleware.Invoke(HttpContext context)
   at Microsoft.AspNetCore.Authentication.AuthenticationMiddleware.Invoke(HttpContext context)
   at Microsoft.AspNetCore.Diagnostics.DeveloperExceptionPageMiddleware.Invoke(HttpContext context)
2020-04-26T19:46:11.7259279+01:00  [INF] Now listening on: "http://localhost:5000" (d826f4b8)
2020-04-26T19:46:11.7369224+01:00  [INF] Application started. Press Ctrl+C to shut down. (dcaefe54)
2020-04-26T19:46:11.7370947+01:00  [INF] Hosting environment: "Development" (c3307c92)
2020-04-26T19:46:11.7371292+01:00  [INF] Content root path: "C:\Users\LENOVO\source\repos\BiblioIUC\BiblioIUC" (b5d60022)
2020-04-26T19:47:56.3910109+01:00  [INF] Now listening on: "http://localhost:5000" (d826f4b8)
2020-04-26T19:47:56.4009710+01:00  [INF] Application started. Press Ctrl+C to shut down. (dcaefe54)
2020-04-26T19:47:56.4011011+01:00  [INF] Hosting environment: "Development" (c3307c92)
2020-04-26T19:47:56.4013041+01:00  [INF] Content root path: "C:\Users\LENOVO\source\repos\BiblioIUC\BiblioIUC" (b5d60022)
2020-04-26T19:48:16.9232604+01:00  [INF] Now listening on: "http://localhost:5000" (d826f4b8)
2020-04-26T19:48:16.9327735+01:00  [INF] Application started. Press Ctrl+C to shut down. (dcaefe54)
2020-04-26T19:48:16.9328965+01:00  [INF] Hosting environment: "Development" (c3307c92)
2020-04-26T19:48:16.9329327+01:00  [INF] Content root path: "C:\Users\LENOVO\source\repos\BiblioIUC\BiblioIUC" (b5d60022)
2020-04-26T19:48:43.2766320+01:00  [INF] Now listening on: "http://localhost:5000" (d826f4b8)
2020-04-26T19:48:43.3076885+01:00  [INF] Application started. Press Ctrl+C to shut down. (dcaefe54)
2020-04-26T19:48:43.3078214+01:00  [INF] Hosting environment: "Development" (c3307c92)
2020-04-26T19:48:43.3078681+01:00  [INF] Content root path: "C:\Users\LENOVO\source\repos\BiblioIUC\BiblioIUC" (b5d60022)
2020-04-26T19:52:08.2852014+01:00  [INF] Now listening on: "http://localhost:5000" (d826f4b8)
2020-04-26T19:52:08.2958850+01:00  [INF] Application started. Press Ctrl+C to shut down. (dcaefe54)
2020-04-26T19:52:08.2960087+01:00  [INF] Hosting environment: "Development" (c3307c92)
2020-04-26T19:52:08.2960562+01:00  [INF] Content root path: "C:\Users\LENOVO\source\repos\BiblioIUC\BiblioIUC" (b5d60022)
2020-04-26T19:53:28.4175483+01:00  [INF] Now listening on: "http://localhost:5000" (d826f4b8)
2020-04-26T19:53:28.4262931+01:00  [INF] Application started. Press Ctrl+C to shut down. (dcaefe54)
2020-04-26T19:53:28.4264181+01:00  [INF] Hosting environment: "Development" (c3307c92)
2020-04-26T19:53:28.4264485+01:00  [INF] Content root path: "C:\Users\LENOVO\source\repos\BiblioIUC\BiblioIUC" (b5d60022)
2020-04-26T20:03:14.3505809+01:00  [INF] Now listening on: "http://localhost:5000" (d826f4b8)
2020-04-26T20:03:14.3589407+01:00  [INF] Application started. Press Ctrl+C to shut down. (dcaefe54)
2020-04-26T20:03:14.3590755+01:00  [INF] Hosting environment: "Development" (c3307c92)
2020-04-26T20:03:14.3591146+01:00  [INF] Content root path: "C:\Users\LENOVO\source\repos\BiblioIUC\BiblioIUC" (b5d60022)
2020-04-26T20:06:26.5250012+01:00  [INF] Application started. Press Ctrl+C to shut down. (dcaefe54)
2020-04-26T20:06:26.6722029+01:00  [INF] Hosting environment: "Development" (c3307c92)
2020-04-26T20:06:26.6740666+01:00  [INF] Content root path: "C:\Users\LENOVO\source\repos\BiblioIUC\BiblioIUC" (b5d60022)
2020-04-26T20:10:32.8060958+01:00  [INF] Application started. Press Ctrl+C to shut down. (dcaefe54)
2020-04-26T20:10:32.8262457+01:00  [INF] Hosting environment: "Development" (c3307c92)
2020-04-26T20:10:32.8304183+01:00  [INF] Content root path: "C:\Users\LENOVO\source\repos\BiblioIUC\BiblioIUC" (b5d60022)
2020-04-26T20:14:30.8657644+01:00  [INF] Application started. Press Ctrl+C to shut down. (dcaefe54)
2020-04-26T20:14:30.8802320+01:00  [INF] Hosting environment: "Development" (c3307c92)
2020-04-26T20:14:30.8830883+01:00  [INF] Content root path: "C:\Users\LENOVO\source\repos\BiblioIUC\BiblioIUC" (b5d60022)
2020-04-26T23:31:25.2286058+01:00  [INF] Application started. Press Ctrl+C to shut down. (dcaefe54)
2020-04-26T23:31:25.2720168+01:00  [INF] Hosting environment: "Development" (c3307c92)
2020-04-26T23:31:25.2748534+01:00  [INF] Content root path: "C:\Users\LENOVO\source\repos\BiblioIUC\Biblio_IUC\BiblioIUC" (b5d60022)
2020-04-26T23:31:25.8316357+01:00 80000040-0003-f900-b63f-84710c7967bb [WRN] Error unprotecting the session cookie. (65f95c31)
System.Security.Cryptography.CryptographicException: The payload was invalid.
   at Microsoft.AspNetCore.DataProtection.Cng.CbcAuthenticatedEncryptor.DecryptImpl(Byte* pbCiphertext, UInt32 cbCiphertext, Byte* pbAdditionalAuthenticatedData, UInt32 cbAdditionalAuthenticatedData)
   at Microsoft.AspNetCore.DataProtection.Cng.Internal.CngAuthenticatedEncryptorBase.Decrypt(ArraySegment`1 ciphertext, ArraySegment`1 additionalAuthenticatedData)
   at Microsoft.AspNetCore.DataProtection.KeyManagement.KeyRingBasedDataProtector.UnprotectCore(Byte[] protectedData, Boolean allowOperationsOnRevokedKeys, UnprotectStatus& status)
   at Microsoft.AspNetCore.DataProtection.KeyManagement.KeyRingBasedDataProtector.DangerousUnprotect(Byte[] protectedData, Boolean ignoreRevocationErrors, Boolean& requiresMigration, Boolean& wasRevoked)
   at Microsoft.AspNetCore.DataProtection.KeyManagement.KeyRingBasedDataProtector.Unprotect(Byte[] protectedData)
   at Microsoft.AspNetCore.Session.CookieProtection.Unprotect(IDataProtector protector, String protectedText, ILogger logger)
2020-04-26T23:32:34.2724730+01:00 800000a4-0002-fe00-b63f-84710c7967bb [WRN] Error unprotecting the session cookie. (65f95c31)
System.Security.Cryptography.CryptographicException: The payload was invalid.
   at Microsoft.AspNetCore.DataProtection.Cng.CbcAuthenticatedEncryptor.DecryptImpl(Byte* pbCiphertext, UInt32 cbCiphertext, Byte* pbAdditionalAuthenticatedData, UInt32 cbAdditionalAuthenticatedData)
   at Microsoft.AspNetCore.DataProtection.Cng.Internal.CngAuthenticatedEncryptorBase.Decrypt(ArraySegment`1 ciphertext, ArraySegment`1 additionalAuthenticatedData)
   at Microsoft.AspNetCore.DataProtection.KeyManagement.KeyRingBasedDataProtector.UnprotectCore(Byte[] protectedData, Boolean allowOperationsOnRevokedKeys, UnprotectStatus& status)
   at Microsoft.AspNetCore.DataProtection.KeyManagement.KeyRingBasedDataProtector.DangerousUnprotect(Byte[] protectedData, Boolean ignoreRevocationErrors, Boolean& requiresMigration, Boolean& wasRevoked)
   at Microsoft.AspNetCore.DataProtection.KeyManagement.KeyRingBasedDataProtector.Unprotect(Byte[] protectedData)
   at Microsoft.AspNetCore.Session.CookieProtection.Unprotect(IDataProtector protector, String protectedText, ILogger logger)
2020-04-26T23:32:37.3275248+01:00 800000a5-0002-fe00-b63f-84710c7967bb [WRN] Error unprotecting the session cookie. (65f95c31)
System.Security.Cryptography.CryptographicException: The payload was invalid.
   at Microsoft.AspNetCore.DataProtection.Cng.CbcAuthenticatedEncryptor.DecryptImpl(Byte* pbCiphertext, UInt32 cbCiphertext, Byte* pbAdditionalAuthenticatedData, UInt32 cbAdditionalAuthenticatedData)
   at Microsoft.AspNetCore.DataProtection.Cng.Internal.CngAuthenticatedEncryptorBase.Decrypt(ArraySegment`1 ciphertext, ArraySegment`1 additionalAuthenticatedData)
   at Microsoft.AspNetCore.DataProtection.KeyManagement.KeyRingBasedDataProtector.UnprotectCore(Byte[] protectedData, Boolean allowOperationsOnRevokedKeys, UnprotectStatus& status)
   at Microsoft.AspNetCore.DataProtection.KeyManagement.KeyRingBasedDataProtector.DangerousUnprotect(Byte[] protectedData, Boolean ignoreRevocationErrors, Boolean& requiresMigration, Boolean& wasRevoked)
   at Microsoft.AspNetCore.DataProtection.KeyManagement.KeyRingBasedDataProtector.Unprotect(Byte[] protectedData)
   at Microsoft.AspNetCore.Session.CookieProtection.Unprotect(IDataProtector protector, String protectedText, ILogger logger)
2020-04-26T23:32:41.7694820+01:00 800000a9-0002-fe00-b63f-84710c7967bb [WRN] Error unprotecting the session cookie. (65f95c31)
System.Security.Cryptography.CryptographicException: The payload was invalid.
   at Microsoft.AspNetCore.DataProtection.Cng.CbcAuthenticatedEncryptor.DecryptImpl(Byte* pbCiphertext, UInt32 cbCiphertext, Byte* pbAdditionalAuthenticatedData, UInt32 cbAdditionalAuthenticatedData)
   at Microsoft.AspNetCore.DataProtection.Cng.Internal.CngAuthenticatedEncryptorBase.Decrypt(ArraySegment`1 ciphertext, ArraySegment`1 additionalAuthenticatedData)
   at Microsoft.AspNetCore.DataProtection.KeyManagement.KeyRingBasedDataProtector.UnprotectCore(Byte[] protectedData, Boolean allowOperationsOnRevokedKeys, UnprotectStatus& status)
   at Microsoft.AspNetCore.DataProtection.KeyManagement.KeyRingBasedDataProtector.DangerousUnprotect(Byte[] protectedData, Boolean ignoreRevocationErrors, Boolean& requiresMigration, Boolean& wasRevoked)
   at Microsoft.AspNetCore.DataProtection.KeyManagement.KeyRingBasedDataProtector.Unprotect(Byte[] protectedData)
   at Microsoft.AspNetCore.Session.CookieProtection.Unprotect(IDataProtector protector, String protectedText, ILogger logger)
2020-04-26T23:32:43.2332861+01:00 800000ab-0002-fe00-b63f-84710c7967bb [WRN] Error unprotecting the session cookie. (65f95c31)
System.Security.Cryptography.CryptographicException: The payload was invalid.
   at Microsoft.AspNetCore.DataProtection.Cng.CbcAuthenticatedEncryptor.DecryptImpl(Byte* pbCiphertext, UInt32 cbCiphertext, Byte* pbAdditionalAuthenticatedData, UInt32 cbAdditionalAuthenticatedData)
   at Microsoft.AspNetCore.DataProtection.Cng.Internal.CngAuthenticatedEncryptorBase.Decrypt(ArraySegment`1 ciphertext, ArraySegment`1 additionalAuthenticatedData)
   at Microsoft.AspNetCore.DataProtection.KeyManagement.KeyRingBasedDataProtector.UnprotectCore(Byte[] protectedData, Boolean allowOperationsOnRevokedKeys, UnprotectStatus& status)
   at Microsoft.AspNetCore.DataProtection.KeyManagement.KeyRingBasedDataProtector.DangerousUnprotect(Byte[] protectedData, Boolean ignoreRevocationErrors, Boolean& requiresMigration, Boolean& wasRevoked)
   at Microsoft.AspNetCore.DataProtection.KeyManagement.KeyRingBasedDataProtector.Unprotect(Byte[] protectedData)
   at Microsoft.AspNetCore.Session.CookieProtection.Unprotect(IDataProtector protector, String protectedText, ILogger logger)
