2020-04-22T00:09:40.0502771+01:00  [INF] Now listening on: "http://localhost:5000" (d826f4b8)
2020-04-22T00:09:40.0668670+01:00  [INF] Application started. Press Ctrl+C to shut down. (dcaefe54)
2020-04-22T00:09:40.0691679+01:00  [INF] Hosting environment: "Development" (c3307c92)
2020-04-22T00:09:40.0735930+01:00  [INF] Content root path: "C:\Users\LENOVO\source\repos\BiblioIUC\BiblioIUC" (b5d60022)
2020-04-22T00:12:47.5455940+01:00  [FTL] Application startup exception (6c57a5ba)
System.InvalidOperationException: Unable to resolve service for type 'Microsoft.AspNetCore.Session.ISessionStore' while attempting to activate 'Microsoft.AspNetCore.Session.SessionMiddleware'.
   at Microsoft.Extensions.Internal.ActivatorUtilities.ConstructorMatcher.CreateInstance(IServiceProvider provider)
   at Microsoft.Extensions.Internal.ActivatorUtilities.CreateInstance(IServiceProvider provider, Type instanceType, Object[] parameters)
   at Microsoft.AspNetCore.Builder.UseMiddlewareExtensions.<>c__DisplayClass4_0.<UseMiddleware>b__0(RequestDelegate next)
   at Microsoft.AspNetCore.Builder.ApplicationBuilder.Build()
   at Microsoft.AspNetCore.Hosting.GenericWebHostService.StartAsync(CancellationToken cancellationToken)
2020-04-22T00:14:13.9088980+01:00  [FTL] Application startup exception (6c57a5ba)
System.InvalidOperationException: Unable to resolve service for type 'Microsoft.AspNetCore.Session.ISessionStore' while attempting to activate 'Microsoft.AspNetCore.Session.SessionMiddleware'.
   at Microsoft.Extensions.Internal.ActivatorUtilities.ConstructorMatcher.CreateInstance(IServiceProvider provider)
   at Microsoft.Extensions.Internal.ActivatorUtilities.CreateInstance(IServiceProvider provider, Type instanceType, Object[] parameters)
   at Microsoft.AspNetCore.Builder.UseMiddlewareExtensions.<>c__DisplayClass4_0.<UseMiddleware>b__0(RequestDelegate next)
   at Microsoft.AspNetCore.Builder.ApplicationBuilder.Build()
   at Microsoft.AspNetCore.Hosting.GenericWebHostService.StartAsync(CancellationToken cancellationToken)
   at Microsoft.Extensions.Hosting.Internal.Host.StartAsync(CancellationToken cancellationToken)
   at Microsoft.Extensions.Hosting.HostingAbstractionsHostExtensions.RunAsync(IHost host, CancellationToken token)
2020-04-22T00:15:05.0150109+01:00  [INF] Now listening on: "http://localhost:5000" (d826f4b8)
2020-04-22T00:15:05.0282544+01:00  [INF] Application started. Press Ctrl+C to shut down. (dcaefe54)
2020-04-22T00:15:05.0309339+01:00  [INF] Hosting environment: "Development" (c3307c92)
2020-04-22T00:15:05.0332046+01:00  [INF] Content root path: "C:\Users\LENOVO\source\repos\BiblioIUC\BiblioIUC" (b5d60022)
2020-04-22T00:38:56.7330393+01:00  [INF] Now listening on: "http://localhost:5000" (d826f4b8)
2020-04-22T00:38:56.7442648+01:00  [INF] Application started. Press Ctrl+C to shut down. (dcaefe54)
2020-04-22T00:38:56.7465673+01:00  [INF] Hosting environment: "Development" (c3307c92)
2020-04-22T00:38:56.7486871+01:00  [INF] Content root path: "C:\Users\LENOVO\source\repos\BiblioIUC\BiblioIUC" (b5d60022)
2020-04-22T00:41:16.8170342+01:00  [INF] Now listening on: "http://localhost:5000" (d826f4b8)
2020-04-22T00:41:16.8308095+01:00  [INF] Application started. Press Ctrl+C to shut down. (dcaefe54)
2020-04-22T00:41:16.8331912+01:00  [INF] Hosting environment: "Development" (c3307c92)
2020-04-22T00:41:16.8356286+01:00  [INF] Content root path: "C:\Users\LENOVO\source\repos\BiblioIUC\BiblioIUC" (b5d60022)
2020-04-22T00:41:52.1978043+01:00  [INF] Now listening on: "http://localhost:5000" (d826f4b8)
2020-04-22T00:41:52.2106576+01:00  [INF] Application started. Press Ctrl+C to shut down. (dcaefe54)
2020-04-22T00:41:52.2126345+01:00  [INF] Hosting environment: "Development" (c3307c92)
2020-04-22T00:41:52.2142979+01:00  [INF] Content root path: "C:\Users\LENOVO\source\repos\BiblioIUC\BiblioIUC" (b5d60022)
2020-04-22T00:42:49.1352771+01:00  [INF] Now listening on: "http://localhost:5000" (d826f4b8)
2020-04-22T00:42:49.1500362+01:00  [INF] Application started. Press Ctrl+C to shut down. (dcaefe54)
2020-04-22T00:42:49.1526708+01:00  [INF] Hosting environment: "Development" (c3307c92)
2020-04-22T00:42:49.1765706+01:00  [INF] Content root path: "C:\Users\LENOVO\source\repos\BiblioIUC\BiblioIUC" (b5d60022)
2020-04-22T00:44:03.4861838+01:00  [INF] Now listening on: "http://localhost:5000" (d826f4b8)
2020-04-22T00:44:03.4989871+01:00  [INF] Application started. Press Ctrl+C to shut down. (dcaefe54)
2020-04-22T00:44:03.5069323+01:00  [INF] Hosting environment: "Development" (c3307c92)
2020-04-22T00:44:03.5090723+01:00  [INF] Content root path: "C:\Users\LENOVO\source\repos\BiblioIUC\BiblioIUC" (b5d60022)
2020-04-22T00:44:28.2021585+01:00 0HLV69NFQJL29:00000001 [ERR] An unhandled exception has occurred while executing the request. (48a46595)
System.NullReferenceException: Object reference not set to an instance of an object.
   at BiblioIUC.Controllers.BaseController.OnActionExecuting(ActionExecutingContext context) in C:\Users\LENOVO\source\repos\BiblioIUC\BiblioIUC\Controllers\BaseController.cs:line 51
   at Microsoft.AspNetCore.Mvc.Controller.OnActionExecutionAsync(ActionExecutingContext context, ActionExecutionDelegate next)
   at Microsoft.AspNetCore.Mvc.Filters.ControllerActionFilter.OnActionExecutionAsync(ActionExecutingContext context, ActionExecutionDelegate next)
   at Microsoft.AspNetCore.Mvc.Infrastructure.ControllerActionInvoker.Next(State& next, Scope& scope, Object& state, Boolean& isCompleted)
   at Microsoft.AspNetCore.Mvc.Infrastructure.ControllerActionInvoker.InvokeInnerFilterAsync()
--- End of stack trace from previous location where exception was thrown ---
   at Microsoft.AspNetCore.Mvc.Infrastructure.ResourceInvoker.<InvokeNextResourceFilter>g__Awaited|24_0(ResourceInvoker invoker, Task lastTask, State next, Scope scope, Object state, Boolean isCompleted)
   at Microsoft.AspNetCore.Mvc.Infrastructure.ResourceInvoker.Rethrow(ResourceExecutedContextSealed context)
   at Microsoft.AspNetCore.Mvc.Infrastructure.ResourceInvoker.Next(State& next, Scope& scope, Object& state, Boolean& isCompleted)
   at Microsoft.AspNetCore.Mvc.Infrastructure.ResourceInvoker.InvokeFilterPipelineAsync()
--- End of stack trace from previous location where exception was thrown ---
   at Microsoft.AspNetCore.Mvc.Infrastructure.ResourceInvoker.<InvokeAsync>g__Awaited|17_0(ResourceInvoker invoker, Task task, IDisposable scope)
   at Microsoft.AspNetCore.Routing.EndpointMiddleware.<Invoke>g__AwaitRequestTask|6_0(Endpoint endpoint, Task requestTask, ILogger logger)
   at Microsoft.AspNetCore.Session.SessionMiddleware.Invoke(HttpContext context)
   at Microsoft.AspNetCore.Session.SessionMiddleware.Invoke(HttpContext context)
   at Microsoft.AspNetCore.Authorization.AuthorizationMiddleware.Invoke(HttpContext context)
   at Microsoft.AspNetCore.Authentication.AuthenticationMiddleware.Invoke(HttpContext context)
   at Microsoft.AspNetCore.Diagnostics.DeveloperExceptionPageMiddleware.Invoke(HttpContext context)
2020-04-22T00:59:46.6618606+01:00  [INF] Now listening on: "http://localhost:5000" (d826f4b8)
2020-04-22T00:59:46.6718022+01:00  [INF] Application started. Press Ctrl+C to shut down. (dcaefe54)
2020-04-22T00:59:46.6743985+01:00  [INF] Hosting environment: "Development" (c3307c92)
2020-04-22T00:59:46.6766580+01:00  [INF] Content root path: "C:\Users\LENOVO\source\repos\BiblioIUC\BiblioIUC" (b5d60022)
2020-04-22T01:05:07.3852584+01:00 0HLV6A090D936:00000001 [ERR] An unhandled exception has occurred while executing the request. (48a46595)
System.NullReferenceException: Object reference not set to an instance of an object.
   at BiblioIUC.Controllers.BaseController.OnActionExecuting(ActionExecutingContext context) in C:\Users\LENOVO\source\repos\BiblioIUC\BiblioIUC\Controllers\BaseController.cs:line 51
   at Microsoft.AspNetCore.Mvc.Controller.OnActionExecutionAsync(ActionExecutingContext context, ActionExecutionDelegate next)
   at Microsoft.AspNetCore.Mvc.Filters.ControllerActionFilter.OnActionExecutionAsync(ActionExecutingContext context, ActionExecutionDelegate next)
   at Microsoft.AspNetCore.Mvc.Infrastructure.ControllerActionInvoker.Next(State& next, Scope& scope, Object& state, Boolean& isCompleted)
   at Microsoft.AspNetCore.Mvc.Infrastructure.ControllerActionInvoker.InvokeInnerFilterAsync()
--- End of stack trace from previous location where exception was thrown ---
   at Microsoft.AspNetCore.Mvc.Infrastructure.ResourceInvoker.<InvokeNextResourceFilter>g__Awaited|24_0(ResourceInvoker invoker, Task lastTask, State next, Scope scope, Object state, Boolean isCompleted)
   at Microsoft.AspNetCore.Mvc.Infrastructure.ResourceInvoker.Rethrow(ResourceExecutedContextSealed context)
   at Microsoft.AspNetCore.Mvc.Infrastructure.ResourceInvoker.Next(State& next, Scope& scope, Object& state, Boolean& isCompleted)
   at Microsoft.AspNetCore.Mvc.Infrastructure.ResourceInvoker.InvokeFilterPipelineAsync()
--- End of stack trace from previous location where exception was thrown ---
   at Microsoft.AspNetCore.Mvc.Infrastructure.ResourceInvoker.<InvokeAsync>g__Awaited|17_0(ResourceInvoker invoker, Task task, IDisposable scope)
   at Microsoft.AspNetCore.Routing.EndpointMiddleware.<Invoke>g__AwaitRequestTask|6_0(Endpoint endpoint, Task requestTask, ILogger logger)
   at Microsoft.AspNetCore.Session.SessionMiddleware.Invoke(HttpContext context)
   at Microsoft.AspNetCore.Session.SessionMiddleware.Invoke(HttpContext context)
   at Microsoft.AspNetCore.Authorization.AuthorizationMiddleware.Invoke(HttpContext context)
   at Microsoft.AspNetCore.Authentication.AuthenticationMiddleware.Invoke(HttpContext context)
   at Microsoft.AspNetCore.Diagnostics.DeveloperExceptionPageMiddleware.Invoke(HttpContext context)
2020-04-22T01:15:53.2859832+01:00  [INF] Now listening on: "http://localhost:5000" (d826f4b8)
2020-04-22T01:15:53.2958697+01:00  [INF] Application started. Press Ctrl+C to shut down. (dcaefe54)
2020-04-22T01:15:53.2979116+01:00  [INF] Hosting environment: "Development" (c3307c92)
2020-04-22T01:15:53.3003084+01:00  [INF] Content root path: "C:\Users\LENOVO\source\repos\BiblioIUC\BiblioIUC" (b5d60022)
2020-04-22T01:16:30.7443710+01:00 0HLV6A99A3LAJ:00000001 [ERR] An unhandled exception has occurred while executing the request. (48a46595)
System.NullReferenceException: Object reference not set to an instance of an object.
   at BiblioIUC.Controllers.BaseController.OnActionExecuting(ActionExecutingContext context) in C:\Users\LENOVO\source\repos\BiblioIUC\BiblioIUC\Controllers\BaseController.cs:line 42
   at Microsoft.AspNetCore.Mvc.Controller.OnActionExecutionAsync(ActionExecutingContext context, ActionExecutionDelegate next)
   at Microsoft.AspNetCore.Mvc.Filters.ControllerActionFilter.OnActionExecutionAsync(ActionExecutingContext context, ActionExecutionDelegate next)
   at Microsoft.AspNetCore.Mvc.Infrastructure.ControllerActionInvoker.Next(State& next, Scope& scope, Object& state, Boolean& isCompleted)
   at Microsoft.AspNetCore.Mvc.Infrastructure.ControllerActionInvoker.InvokeInnerFilterAsync()
--- End of stack trace from previous location where exception was thrown ---
   at Microsoft.AspNetCore.Mvc.Infrastructure.ResourceInvoker.<InvokeNextResourceFilter>g__Awaited|24_0(ResourceInvoker invoker, Task lastTask, State next, Scope scope, Object state, Boolean isCompleted)
   at Microsoft.AspNetCore.Mvc.Infrastructure.ResourceInvoker.Rethrow(ResourceExecutedContextSealed context)
   at Microsoft.AspNetCore.Mvc.Infrastructure.ResourceInvoker.Next(State& next, Scope& scope, Object& state, Boolean& isCompleted)
   at Microsoft.AspNetCore.Mvc.Infrastructure.ResourceInvoker.InvokeFilterPipelineAsync()
--- End of stack trace from previous location where exception was thrown ---
   at Microsoft.AspNetCore.Mvc.Infrastructure.ResourceInvoker.<InvokeAsync>g__Awaited|17_0(ResourceInvoker invoker, Task task, IDisposable scope)
   at Microsoft.AspNetCore.Routing.EndpointMiddleware.<Invoke>g__AwaitRequestTask|6_0(Endpoint endpoint, Task requestTask, ILogger logger)
   at Microsoft.AspNetCore.Session.SessionMiddleware.Invoke(HttpContext context)
   at Microsoft.AspNetCore.Session.SessionMiddleware.Invoke(HttpContext context)
   at Microsoft.AspNetCore.Authorization.AuthorizationMiddleware.Invoke(HttpContext context)
   at Microsoft.AspNetCore.Authentication.AuthenticationMiddleware.Invoke(HttpContext context)
   at Microsoft.AspNetCore.Diagnostics.DeveloperExceptionPageMiddleware.Invoke(HttpContext context)
2020-04-22T01:17:59.0189999+01:00  [INF] Now listening on: "http://localhost:5000" (d826f4b8)
2020-04-22T01:17:59.0289868+01:00  [INF] Application started. Press Ctrl+C to shut down. (dcaefe54)
2020-04-22T01:17:59.0311953+01:00  [INF] Hosting environment: "Development" (c3307c92)
2020-04-22T01:17:59.0332684+01:00  [INF] Content root path: "C:\Users\LENOVO\source\repos\BiblioIUC\BiblioIUC" (b5d60022)
2020-04-22T01:19:18.0217849+01:00  [INF] Now listening on: "http://localhost:5000" (d826f4b8)
2020-04-22T01:19:18.0315754+01:00  [INF] Application started. Press Ctrl+C to shut down. (dcaefe54)
2020-04-22T01:19:18.0339247+01:00  [INF] Hosting environment: "Development" (c3307c92)
2020-04-22T01:19:18.0359915+01:00  [INF] Content root path: "C:\Users\LENOVO\source\repos\BiblioIUC\BiblioIUC" (b5d60022)
2020-04-22T01:20:14.0884065+01:00  [INF] Application is shutting down... (90f52c38)
2020-04-22T01:21:01.2096559+01:00  [INF] Now listening on: "http://localhost:5000" (d826f4b8)
2020-04-22T01:21:01.2169187+01:00  [INF] Application started. Press Ctrl+C to shut down. (dcaefe54)
2020-04-22T01:21:01.2171450+01:00  [INF] Hosting environment: "Development" (c3307c92)
2020-04-22T01:21:01.2171858+01:00  [INF] Content root path: "C:\Users\LENOVO\source\repos\BiblioIUC\BiblioIUC" (b5d60022)
2020-04-22T01:21:30.4247841+01:00  [INF] Now listening on: "http://localhost:5000" (d826f4b8)
2020-04-22T01:21:30.4319003+01:00  [INF] Application started. Press Ctrl+C to shut down. (dcaefe54)
2020-04-22T01:21:30.4320319+01:00  [INF] Hosting environment: "Development" (c3307c92)
2020-04-22T01:21:30.4320943+01:00  [INF] Content root path: "C:\Users\LENOVO\source\repos\BiblioIUC\BiblioIUC" (b5d60022)
2020-04-22T01:22:23.0828509+01:00  [INF] Now listening on: "http://localhost:5000" (d826f4b8)
2020-04-22T01:22:23.0904797+01:00  [INF] Application started. Press Ctrl+C to shut down. (dcaefe54)
2020-04-22T01:22:23.0905977+01:00  [INF] Hosting environment: "Development" (c3307c92)
2020-04-22T01:22:23.0906368+01:00  [INF] Content root path: "C:\Users\LENOVO\source\repos\BiblioIUC\BiblioIUC" (b5d60022)
2020-04-22T01:22:46.5661708+01:00  [INF] Now listening on: "http://localhost:5000" (d826f4b8)
2020-04-22T01:22:46.5806282+01:00  [INF] Application started. Press Ctrl+C to shut down. (dcaefe54)
2020-04-22T01:22:46.5809598+01:00  [INF] Hosting environment: "Development" (c3307c92)
2020-04-22T01:22:46.5810201+01:00  [INF] Content root path: "C:\Users\LENOVO\source\repos\BiblioIUC\BiblioIUC" (b5d60022)
2020-04-22T01:25:05.6303349+01:00  [INF] Now listening on: "http://localhost:5000" (d826f4b8)
2020-04-22T01:25:05.6378319+01:00  [INF] Application started. Press Ctrl+C to shut down. (dcaefe54)
2020-04-22T01:25:05.6379897+01:00  [INF] Hosting environment: "Development" (c3307c92)
2020-04-22T01:25:05.6380259+01:00  [INF] Content root path: "C:\Users\LENOVO\source\repos\BiblioIUC\BiblioIUC" (b5d60022)
2020-04-22T18:57:55.5626396+01:00  [INF] Now listening on: "http://localhost:5000" (d826f4b8)
2020-04-22T18:57:55.5697972+01:00  [INF] Application started. Press Ctrl+C to shut down. (dcaefe54)
2020-04-22T18:57:55.5699269+01:00  [INF] Hosting environment: "Development" (c3307c92)
2020-04-22T18:57:55.5699844+01:00  [INF] Content root path: "C:\Users\LENOVO\source\repos\BiblioIUC\BiblioIUC" (b5d60022)
2020-04-22T19:04:26.0322090+01:00  [INF] Now listening on: "http://localhost:5000" (d826f4b8)
2020-04-22T19:04:26.0390715+01:00  [INF] Application started. Press Ctrl+C to shut down. (dcaefe54)
2020-04-22T19:04:26.0392487+01:00  [INF] Hosting environment: "Development" (c3307c92)
2020-04-22T19:04:26.0392979+01:00  [INF] Content root path: "C:\Users\LENOVO\source\repos\BiblioIUC\BiblioIUC" (b5d60022)
2020-04-22T19:05:07.6728728+01:00  [INF] Now listening on: "http://localhost:5000" (d826f4b8)
2020-04-22T19:05:07.6801622+01:00  [INF] Application started. Press Ctrl+C to shut down. (dcaefe54)
2020-04-22T19:05:07.6803059+01:00  [INF] Hosting environment: "Development" (c3307c92)
2020-04-22T19:05:07.6803443+01:00  [INF] Content root path: "C:\Users\LENOVO\source\repos\BiblioIUC\BiblioIUC" (b5d60022)
2020-04-22T19:05:29.4078193+01:00  [INF] Now listening on: "http://localhost:5000" (d826f4b8)
2020-04-22T19:05:29.4146809+01:00  [INF] Application started. Press Ctrl+C to shut down. (dcaefe54)
2020-04-22T19:05:29.4148365+01:00  [INF] Hosting environment: "Development" (c3307c92)
2020-04-22T19:05:29.4148619+01:00  [INF] Content root path: "C:\Users\LENOVO\source\repos\BiblioIUC\BiblioIUC" (b5d60022)
2020-04-22T19:09:01.2859515+01:00  [INF] Now listening on: "http://localhost:5000" (d826f4b8)
2020-04-22T19:09:01.2932730+01:00  [INF] Application started. Press Ctrl+C to shut down. (dcaefe54)
2020-04-22T19:09:01.2936023+01:00  [INF] Hosting environment: "Development" (c3307c92)
2020-04-22T19:09:01.2936494+01:00  [INF] Content root path: "C:\Users\LENOVO\source\repos\BiblioIUC\BiblioIUC" (b5d60022)
2020-04-22T19:10:57.1606209+01:00  [INF] Now listening on: "http://localhost:5000" (d826f4b8)
2020-04-22T19:10:57.1681229+01:00  [INF] Application started. Press Ctrl+C to shut down. (dcaefe54)
2020-04-22T19:10:57.1682623+01:00  [INF] Hosting environment: "Development" (c3307c92)
2020-04-22T19:10:57.1683021+01:00  [INF] Content root path: "C:\Users\LENOVO\source\repos\BiblioIUC\BiblioIUC" (b5d60022)
2020-04-22T19:12:13.1530773+01:00  [INF] Now listening on: "http://localhost:5000" (d826f4b8)
2020-04-22T19:12:13.1618641+01:00  [INF] Application started. Press Ctrl+C to shut down. (dcaefe54)
2020-04-22T19:12:13.1620814+01:00  [INF] Hosting environment: "Development" (c3307c92)
2020-04-22T19:12:13.1621465+01:00  [INF] Content root path: "C:\Users\LENOVO\source\repos\BiblioIUC\BiblioIUC" (b5d60022)
2020-04-22T19:13:00.5367495+01:00  [INF] Now listening on: "http://localhost:5000" (d826f4b8)
2020-04-22T19:13:00.5436494+01:00  [INF] Application started. Press Ctrl+C to shut down. (dcaefe54)
2020-04-22T19:13:00.5438481+01:00  [INF] Hosting environment: "Development" (c3307c92)
2020-04-22T19:13:00.5438918+01:00  [INF] Content root path: "C:\Users\LENOVO\source\repos\BiblioIUC\BiblioIUC" (b5d60022)
2020-04-22T19:13:49.8955787+01:00  [INF] Now listening on: "http://localhost:5000" (d826f4b8)
2020-04-22T19:13:49.9070146+01:00  [INF] Application started. Press Ctrl+C to shut down. (dcaefe54)
2020-04-22T19:13:49.9071444+01:00  [INF] Hosting environment: "Development" (c3307c92)
2020-04-22T19:13:49.9071793+01:00  [INF] Content root path: "C:\Users\LENOVO\source\repos\BiblioIUC\BiblioIUC" (b5d60022)
2020-04-22T19:14:11.5576010+01:00  [INF] Now listening on: "http://localhost:5000" (d826f4b8)
2020-04-22T19:14:11.5678607+01:00  [INF] Application started. Press Ctrl+C to shut down. (dcaefe54)
2020-04-22T19:14:11.5680642+01:00  [INF] Hosting environment: "Development" (c3307c92)
2020-04-22T19:14:11.5681261+01:00  [INF] Content root path: "C:\Users\LENOVO\source\repos\BiblioIUC\BiblioIUC" (b5d60022)
2020-04-22T19:14:47.0928317+01:00  [INF] Now listening on: "http://localhost:5000" (d826f4b8)
2020-04-22T19:14:47.1008704+01:00  [INF] Application started. Press Ctrl+C to shut down. (dcaefe54)
2020-04-22T19:14:47.1014284+01:00  [INF] Hosting environment: "Development" (c3307c92)
2020-04-22T19:14:47.1015011+01:00  [INF] Content root path: "C:\Users\LENOVO\source\repos\BiblioIUC\BiblioIUC" (b5d60022)
2020-04-22T19:16:09.2985002+01:00  [INF] Now listening on: "http://localhost:5000" (d826f4b8)
2020-04-22T19:16:09.3057716+01:00  [INF] Application started. Press Ctrl+C to shut down. (dcaefe54)
2020-04-22T19:16:09.3059031+01:00  [INF] Hosting environment: "Development" (c3307c92)
2020-04-22T19:16:09.3059509+01:00  [INF] Content root path: "C:\Users\LENOVO\source\repos\BiblioIUC\BiblioIUC" (b5d60022)
2020-04-22T19:16:55.7573359+01:00  [INF] Now listening on: "http://localhost:5000" (d826f4b8)
2020-04-22T19:16:55.7645589+01:00  [INF] Application started. Press Ctrl+C to shut down. (dcaefe54)
2020-04-22T19:16:55.7646966+01:00  [INF] Hosting environment: "Development" (c3307c92)
2020-04-22T19:16:55.7647440+01:00  [INF] Content root path: "C:\Users\LENOVO\source\repos\BiblioIUC\BiblioIUC" (b5d60022)
2020-04-22T19:18:47.9702441+01:00  [INF] Now listening on: "http://localhost:5000" (d826f4b8)
2020-04-22T19:18:47.9781213+01:00  [INF] Application started. Press Ctrl+C to shut down. (dcaefe54)
2020-04-22T19:18:47.9782491+01:00  [INF] Hosting environment: "Development" (c3307c92)
2020-04-22T19:18:47.9782898+01:00  [INF] Content root path: "C:\Users\LENOVO\source\repos\BiblioIUC\BiblioIUC" (b5d60022)
2020-04-22T19:21:10.3838834+01:00  [INF] Now listening on: "http://localhost:5000" (d826f4b8)
2020-04-22T19:21:10.3924684+01:00  [INF] Application started. Press Ctrl+C to shut down. (dcaefe54)
2020-04-22T19:21:10.3926079+01:00  [INF] Hosting environment: "Development" (c3307c92)
2020-04-22T19:21:10.3926652+01:00  [INF] Content root path: "C:\Users\LENOVO\source\repos\BiblioIUC\BiblioIUC" (b5d60022)
2020-04-22T19:26:50.3475141+01:00  [INF] Now listening on: "http://localhost:5000" (d826f4b8)
2020-04-22T19:26:50.3599668+01:00  [INF] Application started. Press Ctrl+C to shut down. (dcaefe54)
2020-04-22T19:26:50.3601096+01:00  [INF] Hosting environment: "Development" (c3307c92)
2020-04-22T19:26:50.3601432+01:00  [INF] Content root path: "C:\Users\LENOVO\source\repos\BiblioIUC\BiblioIUC" (b5d60022)
2020-04-22T19:28:24.2806170+01:00  [INF] Now listening on: "http://localhost:5000" (d826f4b8)
2020-04-22T19:28:24.2877176+01:00  [INF] Application started. Press Ctrl+C to shut down. (dcaefe54)
2020-04-22T19:28:24.2878689+01:00  [INF] Hosting environment: "Development" (c3307c92)
2020-04-22T19:28:24.2879051+01:00  [INF] Content root path: "C:\Users\LENOVO\source\repos\BiblioIUC\BiblioIUC" (b5d60022)
2020-04-22T21:33:19.1055868+01:00  [INF] Now listening on: "http://localhost:5000" (d826f4b8)
2020-04-22T21:33:19.1132146+01:00  [INF] Application started. Press Ctrl+C to shut down. (dcaefe54)
2020-04-22T21:33:19.1133397+01:00  [INF] Hosting environment: "Development" (c3307c92)
2020-04-22T21:33:19.1133933+01:00  [INF] Content root path: "C:\Users\LENOVO\source\repos\BiblioIUC\BiblioIUC" (b5d60022)
2020-04-22T23:18:03.2399282+01:00  [INF] Now listening on: "http://localhost:5000" (d826f4b8)
2020-04-22T23:18:03.2551345+01:00  [INF] Application started. Press Ctrl+C to shut down. (dcaefe54)
2020-04-22T23:18:03.2553262+01:00  [INF] Hosting environment: "Development" (c3307c92)
2020-04-22T23:18:03.2553674+01:00  [INF] Content root path: "C:\Users\LENOVO\source\repos\BiblioIUC\BiblioIUC" (b5d60022)
2020-04-22T23:28:29.1888396+01:00  [INF] Now listening on: "http://localhost:5000" (d826f4b8)
2020-04-22T23:28:29.1965193+01:00  [INF] Application started. Press Ctrl+C to shut down. (dcaefe54)
2020-04-22T23:28:29.1966539+01:00  [INF] Hosting environment: "Development" (c3307c92)
2020-04-22T23:28:29.1966923+01:00  [INF] Content root path: "C:\Users\LENOVO\source\repos\BiblioIUC\BiblioIUC" (b5d60022)
2020-04-22T23:31:51.8666545+01:00  [INF] Now listening on: "http://localhost:5000" (d826f4b8)
2020-04-22T23:31:51.8742536+01:00  [INF] Application started. Press Ctrl+C to shut down. (dcaefe54)
2020-04-22T23:31:51.8744035+01:00  [INF] Hosting environment: "Development" (c3307c92)
2020-04-22T23:31:51.8744600+01:00  [INF] Content root path: "C:\Users\LENOVO\source\repos\BiblioIUC\BiblioIUC" (b5d60022)
2020-04-22T23:35:55.7719563+01:00  [INF] Now listening on: "http://localhost:5000" (d826f4b8)
2020-04-22T23:35:55.7804042+01:00  [INF] Application started. Press Ctrl+C to shut down. (dcaefe54)
2020-04-22T23:35:55.7805345+01:00  [INF] Hosting environment: "Development" (c3307c92)
2020-04-22T23:35:55.7805727+01:00  [INF] Content root path: "C:\Users\LENOVO\source\repos\BiblioIUC\BiblioIUC" (b5d60022)
2020-04-22T23:36:53.4809785+01:00  [INF] Now listening on: "http://localhost:5000" (d826f4b8)
2020-04-22T23:36:53.4890793+01:00  [INF] Application started. Press Ctrl+C to shut down. (dcaefe54)
2020-04-22T23:36:53.4893766+01:00  [INF] Hosting environment: "Development" (c3307c92)
2020-04-22T23:36:53.4897091+01:00  [INF] Content root path: "C:\Users\LENOVO\source\repos\BiblioIUC\BiblioIUC" (b5d60022)
2020-04-22T23:37:50.4507390+01:00  [INF] Now listening on: "http://localhost:5000" (d826f4b8)
2020-04-22T23:37:50.4618103+01:00  [INF] Application started. Press Ctrl+C to shut down. (dcaefe54)
2020-04-22T23:37:50.4620910+01:00  [INF] Hosting environment: "Development" (c3307c92)
2020-04-22T23:37:50.4621377+01:00  [INF] Content root path: "C:\Users\LENOVO\source\repos\BiblioIUC\BiblioIUC" (b5d60022)
2020-04-22T23:39:27.3137434+01:00  [INF] Now listening on: "http://localhost:5000" (d826f4b8)
2020-04-22T23:39:27.3217417+01:00  [INF] Application started. Press Ctrl+C to shut down. (dcaefe54)
2020-04-22T23:39:27.3218775+01:00  [INF] Hosting environment: "Development" (c3307c92)
2020-04-22T23:39:27.3219173+01:00  [INF] Content root path: "C:\Users\LENOVO\source\repos\BiblioIUC\BiblioIUC" (b5d60022)
2020-04-22T23:45:36.8478214+01:00  [INF] Now listening on: "http://localhost:5000" (d826f4b8)
2020-04-22T23:45:36.8556679+01:00  [INF] Application started. Press Ctrl+C to shut down. (dcaefe54)
2020-04-22T23:45:36.8560661+01:00  [INF] Hosting environment: "Development" (c3307c92)
2020-04-22T23:45:36.8561378+01:00  [INF] Content root path: "C:\Users\LENOVO\source\repos\BiblioIUC\BiblioIUC" (b5d60022)
2020-04-22T23:46:08.2460316+01:00  [INF] Now listening on: "http://localhost:5000" (d826f4b8)
2020-04-22T23:46:08.2569590+01:00  [INF] Application started. Press Ctrl+C to shut down. (dcaefe54)
2020-04-22T23:46:08.2570943+01:00  [INF] Hosting environment: "Development" (c3307c92)
2020-04-22T23:46:08.2571375+01:00  [INF] Content root path: "C:\Users\LENOVO\source\repos\BiblioIUC\BiblioIUC" (b5d60022)
2020-04-22T23:50:18.2829659+01:00  [INF] Now listening on: "http://localhost:5000" (d826f4b8)
2020-04-22T23:50:18.2904132+01:00  [INF] Application started. Press Ctrl+C to shut down. (dcaefe54)
2020-04-22T23:50:18.2906007+01:00  [INF] Hosting environment: "Development" (c3307c92)
2020-04-22T23:50:18.2906559+01:00  [INF] Content root path: "C:\Users\LENOVO\source\repos\BiblioIUC\BiblioIUC" (b5d60022)
2020-04-22T23:52:15.6594192+01:00  [INF] Now listening on: "http://localhost:5000" (d826f4b8)
2020-04-22T23:52:15.6716209+01:00  [INF] Application started. Press Ctrl+C to shut down. (dcaefe54)
2020-04-22T23:52:15.6718121+01:00  [INF] Hosting environment: "Development" (c3307c92)
2020-04-22T23:52:15.6718806+01:00  [INF] Content root path: "C:\Users\LENOVO\source\repos\BiblioIUC\BiblioIUC" (b5d60022)
2020-04-22T23:53:34.1599793+01:00  [INF] Now listening on: "http://localhost:5000" (d826f4b8)
2020-04-22T23:53:34.1679181+01:00  [INF] Application started. Press Ctrl+C to shut down. (dcaefe54)
2020-04-22T23:53:34.1684111+01:00  [INF] Hosting environment: "Development" (c3307c92)
2020-04-22T23:53:34.1688134+01:00  [INF] Content root path: "C:\Users\LENOVO\source\repos\BiblioIUC\BiblioIUC" (b5d60022)
2020-04-22T23:56:54.6726696+01:00  [INF] Now listening on: "http://localhost:5000" (d826f4b8)
2020-04-22T23:56:54.6836303+01:00  [INF] Application started. Press Ctrl+C to shut down. (dcaefe54)
2020-04-22T23:56:54.6837814+01:00  [INF] Hosting environment: "Development" (c3307c92)
2020-04-22T23:56:54.6838164+01:00  [INF] Content root path: "C:\Users\LENOVO\source\repos\BiblioIUC\BiblioIUC" (b5d60022)
2020-04-22T23:58:03.4115878+01:00  [INF] Now listening on: "http://localhost:5000" (d826f4b8)
2020-04-22T23:58:03.4196870+01:00  [INF] Application started. Press Ctrl+C to shut down. (dcaefe54)
2020-04-22T23:58:03.4199807+01:00  [INF] Hosting environment: "Development" (c3307c92)
2020-04-22T23:58:03.4200279+01:00  [INF] Content root path: "C:\Users\LENOVO\source\repos\BiblioIUC\BiblioIUC" (b5d60022)
