2020-04-27T00:02:41.3492333+01:00  [INF] Application started. Press Ctrl+C to shut down. (dcaefe54)
2020-04-27T00:02:41.3640243+01:00  [INF] Hosting environment: "Development" (c3307c92)
2020-04-27T00:02:41.3669580+01:00  [INF] Content root path: "C:\Users\LENOVO\source\repos\BiblioIUC\Biblio_IUC\BiblioIUC" (b5d60022)
2020-04-27T00:02:41.5016245+01:00 80000043-0003-f900-b63f-84710c7967bb [WRN] Error unprotecting the session cookie. (65f95c31)
System.Security.Cryptography.CryptographicException: The payload was invalid.
   at Microsoft.AspNetCore.DataProtection.Cng.CbcAuthenticatedEncryptor.DecryptImpl(Byte* pbCiphertext, UInt32 cbCiphertext, Byte* pbAdditionalAuthenticatedData, UInt32 cbAdditionalAuthenticatedData)
   at Microsoft.AspNetCore.DataProtection.Cng.Internal.CngAuthenticatedEncryptorBase.Decrypt(ArraySegment`1 ciphertext, ArraySegment`1 additionalAuthenticatedData)
   at Microsoft.AspNetCore.DataProtection.KeyManagement.KeyRingBasedDataProtector.UnprotectCore(Byte[] protectedData, Boolean allowOperationsOnRevokedKeys, UnprotectStatus& status)
   at Microsoft.AspNetCore.DataProtection.KeyManagement.KeyRingBasedDataProtector.DangerousUnprotect(Byte[] protectedData, Boolean ignoreRevocationErrors, Boolean& requiresMigration, Boolean& wasRevoked)
   at Microsoft.AspNetCore.DataProtection.KeyManagement.KeyRingBasedDataProtector.Unprotect(Byte[] protectedData)
   at Microsoft.AspNetCore.Session.CookieProtection.Unprotect(IDataProtector protector, String protectedText, ILogger logger)
2020-04-27T08:47:35.2152076+01:00  [INF] Now listening on: "http://localhost:5000" (d826f4b8)
2020-04-27T08:47:35.2226289+01:00  [INF] Application started. Press Ctrl+C to shut down. (dcaefe54)
2020-04-27T08:47:35.2227119+01:00  [INF] Hosting environment: "Development" (c3307c92)
2020-04-27T08:47:35.2227422+01:00  [INF] Content root path: "C:\Users\LENOVO\source\repos\BiblioIUC\Biblio_IUC\BiblioIUC" (b5d60022)
2020-04-27T08:47:58.1599555+01:00 0HLVAFT6FRJF8:00000001 [WRN] Error unprotecting the session cookie. (65f95c31)
System.Security.Cryptography.CryptographicException: The payload was invalid.
   at Microsoft.AspNetCore.DataProtection.Cng.CbcAuthenticatedEncryptor.DecryptImpl(Byte* pbCiphertext, UInt32 cbCiphertext, Byte* pbAdditionalAuthenticatedData, UInt32 cbAdditionalAuthenticatedData)
   at Microsoft.AspNetCore.DataProtection.Cng.Internal.CngAuthenticatedEncryptorBase.Decrypt(ArraySegment`1 ciphertext, ArraySegment`1 additionalAuthenticatedData)
   at Microsoft.AspNetCore.DataProtection.KeyManagement.KeyRingBasedDataProtector.UnprotectCore(Byte[] protectedData, Boolean allowOperationsOnRevokedKeys, UnprotectStatus& status)
   at Microsoft.AspNetCore.DataProtection.KeyManagement.KeyRingBasedDataProtector.DangerousUnprotect(Byte[] protectedData, Boolean ignoreRevocationErrors, Boolean& requiresMigration, Boolean& wasRevoked)
   at Microsoft.AspNetCore.DataProtection.KeyManagement.KeyRingBasedDataProtector.Unprotect(Byte[] protectedData)
   at Microsoft.AspNetCore.Session.CookieProtection.Unprotect(IDataProtector protector, String protectedText, ILogger logger)
2020-04-27T10:27:10.3451370+01:00  [INF] Now listening on: "http://localhost:5000" (d826f4b8)
2020-04-27T10:27:10.3521576+01:00  [INF] Application started. Press Ctrl+C to shut down. (dcaefe54)
2020-04-27T10:27:10.3523314+01:00  [INF] Hosting environment: "Development" (c3307c92)
2020-04-27T10:27:10.3523754+01:00  [INF] Content root path: "C:\Users\LENOVO\source\repos\BiblioIUC\Biblio_IUC\BiblioIUC" (b5d60022)
2020-04-27T10:27:34.1672435+01:00 0HLVAHKRMPJS8:00000001 [WRN] Error unprotecting the session cookie. (65f95c31)
System.Security.Cryptography.CryptographicException: The payload was invalid.
   at Microsoft.AspNetCore.DataProtection.Cng.CbcAuthenticatedEncryptor.DecryptImpl(Byte* pbCiphertext, UInt32 cbCiphertext, Byte* pbAdditionalAuthenticatedData, UInt32 cbAdditionalAuthenticatedData)
   at Microsoft.AspNetCore.DataProtection.Cng.Internal.CngAuthenticatedEncryptorBase.Decrypt(ArraySegment`1 ciphertext, ArraySegment`1 additionalAuthenticatedData)
   at Microsoft.AspNetCore.DataProtection.KeyManagement.KeyRingBasedDataProtector.UnprotectCore(Byte[] protectedData, Boolean allowOperationsOnRevokedKeys, UnprotectStatus& status)
   at Microsoft.AspNetCore.DataProtection.KeyManagement.KeyRingBasedDataProtector.DangerousUnprotect(Byte[] protectedData, Boolean ignoreRevocationErrors, Boolean& requiresMigration, Boolean& wasRevoked)
   at Microsoft.AspNetCore.DataProtection.KeyManagement.KeyRingBasedDataProtector.Unprotect(Byte[] protectedData)
   at Microsoft.AspNetCore.Session.CookieProtection.Unprotect(IDataProtector protector, String protectedText, ILogger logger)
2020-04-27T10:27:36.1711174+01:00 0HLVAHKRMPJS8:00000001 [ERR] An unhandled exception has occurred while executing the request. (48a46595)
Ghostscript.NET.GhostscriptLibraryNotInstalledException: This managed library is running under 64-bit process and requires 64-bit Ghostscript native library installation on this machine! To download proper Ghostscript native library please visit: http://www.ghostscript.com/download/gsdnld.html
   at Ghostscript.NET.GhostscriptVersionInfo.GetLastInstalledVersion(GhostscriptLicense licenseType, GhostscriptLicense licensePriority)
   at Ghostscript.NET.GhostscriptDevice.Process(GhostscriptStdIO stdIO_callback)
   at Ghostscript.NET.GhostscriptDevice.Process()
   at BiblioIUC.Controllers.DocumentController.LoadImage(String inputPDFFilePath, String outputFilePath, Int32 pageNumber) in C:\Users\LENOVO\source\repos\BiblioIUC\Biblio_IUC\BiblioIUC\Controllers\DocumentController.cs:line 51
   at BiblioIUC.Controllers.DocumentController.Test() in C:\Users\LENOVO\source\repos\BiblioIUC\Biblio_IUC\BiblioIUC\Controllers\DocumentController.cs:line 59
   at lambda_method(Closure , Object , Object[] )
   at Microsoft.Extensions.Internal.ObjectMethodExecutor.Execute(Object target, Object[] parameters)
   at Microsoft.AspNetCore.Mvc.Infrastructure.ActionMethodExecutor.SyncObjectResultExecutor.Execute(IActionResultTypeMapper mapper, ObjectMethodExecutor executor, Object controller, Object[] arguments)
   at Microsoft.AspNetCore.Mvc.Infrastructure.ControllerActionInvoker.InvokeActionMethodAsync()
   at Microsoft.AspNetCore.Mvc.Infrastructure.ControllerActionInvoker.Next(State& next, Scope& scope, Object& state, Boolean& isCompleted)
   at Microsoft.AspNetCore.Mvc.Infrastructure.ControllerActionInvoker.InvokeNextActionFilterAsync()
--- End of stack trace from previous location where exception was thrown ---
   at Microsoft.AspNetCore.Mvc.Infrastructure.ControllerActionInvoker.Rethrow(ActionExecutedContextSealed context)
   at Microsoft.AspNetCore.Mvc.Infrastructure.ControllerActionInvoker.Next(State& next, Scope& scope, Object& state, Boolean& isCompleted)
   at Microsoft.AspNetCore.Mvc.Infrastructure.ControllerActionInvoker.InvokeInnerFilterAsync()
--- End of stack trace from previous location where exception was thrown ---
   at Microsoft.AspNetCore.Mvc.Infrastructure.ResourceInvoker.<InvokeNextResourceFilter>g__Awaited|24_0(ResourceInvoker invoker, Task lastTask, State next, Scope scope, Object state, Boolean isCompleted)
   at Microsoft.AspNetCore.Mvc.Infrastructure.ResourceInvoker.Rethrow(ResourceExecutedContextSealed context)
   at Microsoft.AspNetCore.Mvc.Infrastructure.ResourceInvoker.Next(State& next, Scope& scope, Object& state, Boolean& isCompleted)
   at Microsoft.AspNetCore.Mvc.Infrastructure.ResourceInvoker.InvokeFilterPipelineAsync()
--- End of stack trace from previous location where exception was thrown ---
   at Microsoft.AspNetCore.Mvc.Infrastructure.ResourceInvoker.<InvokeAsync>g__Awaited|17_0(ResourceInvoker invoker, Task task, IDisposable scope)
   at Microsoft.AspNetCore.Routing.EndpointMiddleware.<Invoke>g__AwaitRequestTask|6_0(Endpoint endpoint, Task requestTask, ILogger logger)
   at Microsoft.AspNetCore.Session.SessionMiddleware.Invoke(HttpContext context)
   at Microsoft.AspNetCore.Session.SessionMiddleware.Invoke(HttpContext context)
   at Microsoft.AspNetCore.Authorization.AuthorizationMiddleware.Invoke(HttpContext context)
   at Microsoft.AspNetCore.Authentication.AuthenticationMiddleware.Invoke(HttpContext context)
   at Microsoft.AspNetCore.Diagnostics.DeveloperExceptionPageMiddleware.Invoke(HttpContext context)
2020-04-27T11:02:01.5889689+01:00  [INF] Now listening on: "http://localhost:5000" (d826f4b8)
2020-04-27T11:02:01.5968678+01:00  [INF] Application started. Press Ctrl+C to shut down. (dcaefe54)
2020-04-27T11:02:01.5970204+01:00  [INF] Hosting environment: "Development" (c3307c92)
2020-04-27T11:02:01.5970520+01:00  [INF] Content root path: "C:\Users\LENOVO\source\repos\BiblioIUC\Biblio_IUC\BiblioIUC" (b5d60022)
2020-04-27T11:03:28.2343394+01:00 0HLVAI8TOG1S5:00000001 [WRN] Error unprotecting the session cookie. (65f95c31)
System.Security.Cryptography.CryptographicException: The payload was invalid.
   at Microsoft.AspNetCore.DataProtection.Cng.CbcAuthenticatedEncryptor.DecryptImpl(Byte* pbCiphertext, UInt32 cbCiphertext, Byte* pbAdditionalAuthenticatedData, UInt32 cbAdditionalAuthenticatedData)
   at Microsoft.AspNetCore.DataProtection.Cng.Internal.CngAuthenticatedEncryptorBase.Decrypt(ArraySegment`1 ciphertext, ArraySegment`1 additionalAuthenticatedData)
   at Microsoft.AspNetCore.DataProtection.KeyManagement.KeyRingBasedDataProtector.UnprotectCore(Byte[] protectedData, Boolean allowOperationsOnRevokedKeys, UnprotectStatus& status)
   at Microsoft.AspNetCore.DataProtection.KeyManagement.KeyRingBasedDataProtector.DangerousUnprotect(Byte[] protectedData, Boolean ignoreRevocationErrors, Boolean& requiresMigration, Boolean& wasRevoked)
   at Microsoft.AspNetCore.DataProtection.KeyManagement.KeyRingBasedDataProtector.Unprotect(Byte[] protectedData)
   at Microsoft.AspNetCore.Session.CookieProtection.Unprotect(IDataProtector protector, String protectedText, ILogger logger)
2020-04-27T11:38:47.1227518+01:00 0HLVAI8TOG1S8:00000001 [WRN] Error unprotecting the session cookie. (65f95c31)
System.Security.Cryptography.CryptographicException: The payload was invalid.
   at Microsoft.AspNetCore.DataProtection.Cng.CbcAuthenticatedEncryptor.DecryptImpl(Byte* pbCiphertext, UInt32 cbCiphertext, Byte* pbAdditionalAuthenticatedData, UInt32 cbAdditionalAuthenticatedData)
   at Microsoft.AspNetCore.DataProtection.Cng.Internal.CngAuthenticatedEncryptorBase.Decrypt(ArraySegment`1 ciphertext, ArraySegment`1 additionalAuthenticatedData)
   at Microsoft.AspNetCore.DataProtection.KeyManagement.KeyRingBasedDataProtector.UnprotectCore(Byte[] protectedData, Boolean allowOperationsOnRevokedKeys, UnprotectStatus& status)
   at Microsoft.AspNetCore.DataProtection.KeyManagement.KeyRingBasedDataProtector.DangerousUnprotect(Byte[] protectedData, Boolean ignoreRevocationErrors, Boolean& requiresMigration, Boolean& wasRevoked)
   at Microsoft.AspNetCore.DataProtection.KeyManagement.KeyRingBasedDataProtector.Unprotect(Byte[] protectedData)
   at Microsoft.AspNetCore.Session.CookieProtection.Unprotect(IDataProtector protector, String protectedText, ILogger logger)
2020-04-27T11:52:01.3132050+01:00  [INF] Now listening on: "http://localhost:5000" (d826f4b8)
2020-04-27T11:52:01.3203098+01:00  [INF] Application started. Press Ctrl+C to shut down. (dcaefe54)
2020-04-27T11:52:01.3204312+01:00  [INF] Hosting environment: "Development" (c3307c92)
2020-04-27T11:52:01.3204670+01:00  [INF] Content root path: "C:\Users\LENOVO\source\repos\BiblioIUC\Biblio_IUC\BiblioIUC" (b5d60022)
2020-04-27T11:52:35.9983361+01:00  [INF] Now listening on: "http://localhost:5000" (d826f4b8)
2020-04-27T11:52:36.0064999+01:00  [INF] Application started. Press Ctrl+C to shut down. (dcaefe54)
2020-04-27T11:52:36.0069209+01:00  [INF] Hosting environment: "Development" (c3307c92)
2020-04-27T11:52:36.0069675+01:00  [INF] Content root path: "C:\Users\LENOVO\source\repos\BiblioIUC\Biblio_IUC\BiblioIUC" (b5d60022)
2020-04-27T11:52:51.3879458+01:00 0HLVAJ4GOAQC2:00000001 [WRN] Error unprotecting the session cookie. (65f95c31)
System.Security.Cryptography.CryptographicException: The payload was invalid.
   at Microsoft.AspNetCore.DataProtection.Cng.CbcAuthenticatedEncryptor.DecryptImpl(Byte* pbCiphertext, UInt32 cbCiphertext, Byte* pbAdditionalAuthenticatedData, UInt32 cbAdditionalAuthenticatedData)
   at Microsoft.AspNetCore.DataProtection.Cng.Internal.CngAuthenticatedEncryptorBase.Decrypt(ArraySegment`1 ciphertext, ArraySegment`1 additionalAuthenticatedData)
   at Microsoft.AspNetCore.DataProtection.KeyManagement.KeyRingBasedDataProtector.UnprotectCore(Byte[] protectedData, Boolean allowOperationsOnRevokedKeys, UnprotectStatus& status)
   at Microsoft.AspNetCore.DataProtection.KeyManagement.KeyRingBasedDataProtector.DangerousUnprotect(Byte[] protectedData, Boolean ignoreRevocationErrors, Boolean& requiresMigration, Boolean& wasRevoked)
   at Microsoft.AspNetCore.DataProtection.KeyManagement.KeyRingBasedDataProtector.Unprotect(Byte[] protectedData)
   at Microsoft.AspNetCore.Session.CookieProtection.Unprotect(IDataProtector protector, String protectedText, ILogger logger)
2020-04-27T11:57:28.6378901+01:00 0HLVAJ4GOAQC5:00000001 [WRN] Error unprotecting the session cookie. (65f95c31)
System.Security.Cryptography.CryptographicException: The payload was invalid.
   at Microsoft.AspNetCore.DataProtection.Cng.CbcAuthenticatedEncryptor.DecryptImpl(Byte* pbCiphertext, UInt32 cbCiphertext, Byte* pbAdditionalAuthenticatedData, UInt32 cbAdditionalAuthenticatedData)
   at Microsoft.AspNetCore.DataProtection.Cng.Internal.CngAuthenticatedEncryptorBase.Decrypt(ArraySegment`1 ciphertext, ArraySegment`1 additionalAuthenticatedData)
   at Microsoft.AspNetCore.DataProtection.KeyManagement.KeyRingBasedDataProtector.UnprotectCore(Byte[] protectedData, Boolean allowOperationsOnRevokedKeys, UnprotectStatus& status)
   at Microsoft.AspNetCore.DataProtection.KeyManagement.KeyRingBasedDataProtector.DangerousUnprotect(Byte[] protectedData, Boolean ignoreRevocationErrors, Boolean& requiresMigration, Boolean& wasRevoked)
   at Microsoft.AspNetCore.DataProtection.KeyManagement.KeyRingBasedDataProtector.Unprotect(Byte[] protectedData)
   at Microsoft.AspNetCore.Session.CookieProtection.Unprotect(IDataProtector protector, String protectedText, ILogger logger)
2020-04-27T11:58:49.4077653+01:00  [INF] Now listening on: "http://localhost:5000" (d826f4b8)
2020-04-27T11:58:49.4163144+01:00  [INF] Application started. Press Ctrl+C to shut down. (dcaefe54)
2020-04-27T11:58:49.4167941+01:00  [INF] Hosting environment: "Development" (c3307c92)
2020-04-27T11:58:49.4170280+01:00  [INF] Content root path: "C:\Users\LENOVO\source\repos\BiblioIUC\Biblio_IUC\BiblioIUC" (b5d60022)
2020-04-27T11:58:56.0020216+01:00 0HLVAJ7TGPA10:00000001 [WRN] Error unprotecting the session cookie. (65f95c31)
System.Security.Cryptography.CryptographicException: The payload was invalid.
   at Microsoft.AspNetCore.DataProtection.Cng.CbcAuthenticatedEncryptor.DecryptImpl(Byte* pbCiphertext, UInt32 cbCiphertext, Byte* pbAdditionalAuthenticatedData, UInt32 cbAdditionalAuthenticatedData)
   at Microsoft.AspNetCore.DataProtection.Cng.Internal.CngAuthenticatedEncryptorBase.Decrypt(ArraySegment`1 ciphertext, ArraySegment`1 additionalAuthenticatedData)
   at Microsoft.AspNetCore.DataProtection.KeyManagement.KeyRingBasedDataProtector.UnprotectCore(Byte[] protectedData, Boolean allowOperationsOnRevokedKeys, UnprotectStatus& status)
   at Microsoft.AspNetCore.DataProtection.KeyManagement.KeyRingBasedDataProtector.DangerousUnprotect(Byte[] protectedData, Boolean ignoreRevocationErrors, Boolean& requiresMigration, Boolean& wasRevoked)
   at Microsoft.AspNetCore.DataProtection.KeyManagement.KeyRingBasedDataProtector.Unprotect(Byte[] protectedData)
   at Microsoft.AspNetCore.Session.CookieProtection.Unprotect(IDataProtector protector, String protectedText, ILogger logger)
2020-04-27T12:01:50.6628673+01:00  [INF] Now listening on: "http://localhost:5000" (d826f4b8)
2020-04-27T12:01:50.6714500+01:00  [INF] Application started. Press Ctrl+C to shut down. (dcaefe54)
2020-04-27T12:01:50.6715857+01:00  [INF] Hosting environment: "Development" (c3307c92)
2020-04-27T12:01:50.6716241+01:00  [INF] Content root path: "C:\Users\LENOVO\source\repos\BiblioIUC\Biblio_IUC\BiblioIUC" (b5d60022)
2020-04-27T12:02:45.5980007+01:00  [INF] Now listening on: "http://localhost:5000" (d826f4b8)
2020-04-27T12:02:45.6060601+01:00  [INF] Application started. Press Ctrl+C to shut down. (dcaefe54)
2020-04-27T12:02:45.6062354+01:00  [INF] Hosting environment: "Development" (c3307c92)
2020-04-27T12:02:45.6063394+01:00  [INF] Content root path: "C:\Users\LENOVO\source\repos\BiblioIUC\Biblio_IUC\BiblioIUC" (b5d60022)
2020-04-27T12:02:48.4834245+01:00 0HLVAJA2PS6Q1:00000001 [WRN] Error unprotecting the session cookie. (65f95c31)
System.Security.Cryptography.CryptographicException: The payload was invalid.
   at Microsoft.AspNetCore.DataProtection.Cng.CbcAuthenticatedEncryptor.DecryptImpl(Byte* pbCiphertext, UInt32 cbCiphertext, Byte* pbAdditionalAuthenticatedData, UInt32 cbAdditionalAuthenticatedData)
   at Microsoft.AspNetCore.DataProtection.Cng.Internal.CngAuthenticatedEncryptorBase.Decrypt(ArraySegment`1 ciphertext, ArraySegment`1 additionalAuthenticatedData)
   at Microsoft.AspNetCore.DataProtection.KeyManagement.KeyRingBasedDataProtector.UnprotectCore(Byte[] protectedData, Boolean allowOperationsOnRevokedKeys, UnprotectStatus& status)
   at Microsoft.AspNetCore.DataProtection.KeyManagement.KeyRingBasedDataProtector.DangerousUnprotect(Byte[] protectedData, Boolean ignoreRevocationErrors, Boolean& requiresMigration, Boolean& wasRevoked)
   at Microsoft.AspNetCore.DataProtection.KeyManagement.KeyRingBasedDataProtector.Unprotect(Byte[] protectedData)
   at Microsoft.AspNetCore.Session.CookieProtection.Unprotect(IDataProtector protector, String protectedText, ILogger logger)
2020-04-27T12:37:06.7743174+01:00  [INF] Application started. Press Ctrl+C to shut down. (dcaefe54)
2020-04-27T12:37:06.8688120+01:00  [INF] Hosting environment: "Development" (c3307c92)
2020-04-27T12:37:06.8708073+01:00  [INF] Content root path: "C:\Users\LENOVO\source\repos\BiblioIUC\Biblio_IUC\BiblioIUC" (b5d60022)
2020-04-27T12:37:37.4052011+01:00 80000004-0000-fb00-b63f-84710c7967bb [ERR] An error occurred using the connection to database '"biblio_iuc_db"' on server '"localhost"'. (5fc3407c)
2020-04-27T12:37:38.0910147+01:00 80000004-0000-fb00-b63f-84710c7967bb [ERR] An exception occurred while iterating over the results of a query for context type '"BiblioIUC.Entities.BiblioEntities"'."
""System.InvalidOperationException: An exception has been raised that is likely due to a transient failure. Consider enabling transient error resiliency by adding 'EnableRetryOnFailure()' to the 'UseMySql' call.
 ---> MySql.Data.MySqlClient.MySqlException (0x80004005): Unable to connect to any of the specified MySQL hosts.
   at MySqlConnector.Core.ServerSession.ConnectAsync(ConnectionSettings cs, ILoadBalancer loadBalancer, IOBehavior ioBehavior, CancellationToken cancellationToken) in C:\projects\mysqlconnector\src\MySqlConnector\Core\ServerSession.cs:line 442
   at MySqlConnector.Core.ConnectionPool.GetSessionAsync(MySqlConnection connection, IOBehavior ioBehavior, CancellationToken cancellationToken) in C:\projects\mysqlconnector\src\MySqlConnector\Core\ConnectionPool.cs:line 112
   at MySqlConnector.Core.ConnectionPool.GetSessionAsync(MySqlConnection connection, IOBehavior ioBehavior, CancellationToken cancellationToken) in C:\projects\mysqlconnector\src\MySqlConnector\Core\ConnectionPool.cs:line 141
   at MySql.Data.MySqlClient.MySqlConnection.CreateSessionAsync(ConnectionPool pool, Nullable`1 ioBehavior, CancellationToken cancellationToken) in C:\projects\mysqlconnector\src\MySqlConnector\MySql.Data.MySqlClient\MySqlConnection.cs:line 645
   at MySql.Data.MySqlClient.MySqlConnection.OpenAsync(Nullable`1 ioBehavior, CancellationToken cancellationToken) in C:\projects\mysqlconnector\src\MySqlConnector\MySql.Data.MySqlClient\MySqlConnection.cs:line 312
   at Microsoft.EntityFrameworkCore.Storage.RelationalConnection.OpenDbConnectionAsync(Boolean errorsExpected, CancellationToken cancellationToken)
   at Microsoft.EntityFrameworkCore.Storage.RelationalConnection.OpenDbConnectionAsync(Boolean errorsExpected, CancellationToken cancellationToken)
   at Microsoft.EntityFrameworkCore.Storage.RelationalConnection.OpenAsync(CancellationToken cancellationToken, Boolean errorsExpected)
   at Pomelo.EntityFrameworkCore.MySql.Storage.Internal.MySqlRelationalConnection.OpenAsync(CancellationToken cancellationToken, Boolean errorsExpected)
   at Microsoft.EntityFrameworkCore.Storage.RelationalCommand.ExecuteReaderAsync(RelationalCommandParameterObject parameterObject, CancellationToken cancellationToken)
   at Microsoft.EntityFrameworkCore.Query.Internal.QueryingEnumerable`1.AsyncEnumerator.InitializeReaderAsync(DbContext _, Boolean result, CancellationToken cancellationToken)
   at Pomelo.EntityFrameworkCore.MySql.Storage.Internal.MySqlExecutionStrategy.ExecuteAsync[TState,TResult](TState state, Func`4 operation, Func`4 verifySucceeded, CancellationToken cancellationToken)
   --- End of inner exception stack trace ---
   at Pomelo.EntityFrameworkCore.MySql.Storage.Internal.MySqlExecutionStrategy.ExecuteAsync[TState,TResult](TState state, Func`4 operation, Func`4 verifySucceeded, CancellationToken cancellationToken)
   at Microsoft.EntityFrameworkCore.Query.Internal.QueryingEnumerable`1.AsyncEnumerator.MoveNextAsync()" (f5c7ac34)
System.InvalidOperationException: An exception has been raised that is likely due to a transient failure. Consider enabling transient error resiliency by adding 'EnableRetryOnFailure()' to the 'UseMySql' call.
 ---> MySql.Data.MySqlClient.MySqlException (0x80004005): Unable to connect to any of the specified MySQL hosts.
   at MySqlConnector.Core.ServerSession.ConnectAsync(ConnectionSettings cs, ILoadBalancer loadBalancer, IOBehavior ioBehavior, CancellationToken cancellationToken) in C:\projects\mysqlconnector\src\MySqlConnector\Core\ServerSession.cs:line 442
   at MySqlConnector.Core.ConnectionPool.GetSessionAsync(MySqlConnection connection, IOBehavior ioBehavior, CancellationToken cancellationToken) in C:\projects\mysqlconnector\src\MySqlConnector\Core\ConnectionPool.cs:line 112
   at MySqlConnector.Core.ConnectionPool.GetSessionAsync(MySqlConnection connection, IOBehavior ioBehavior, CancellationToken cancellationToken) in C:\projects\mysqlconnector\src\MySqlConnector\Core\ConnectionPool.cs:line 141
   at MySql.Data.MySqlClient.MySqlConnection.CreateSessionAsync(ConnectionPool pool, Nullable`1 ioBehavior, CancellationToken cancellationToken) in C:\projects\mysqlconnector\src\MySqlConnector\MySql.Data.MySqlClient\MySqlConnection.cs:line 645
   at MySql.Data.MySqlClient.MySqlConnection.OpenAsync(Nullable`1 ioBehavior, CancellationToken cancellationToken) in C:\projects\mysqlconnector\src\MySqlConnector\MySql.Data.MySqlClient\MySqlConnection.cs:line 312
   at Microsoft.EntityFrameworkCore.Storage.RelationalConnection.OpenDbConnectionAsync(Boolean errorsExpected, CancellationToken cancellationToken)
   at Microsoft.EntityFrameworkCore.Storage.RelationalConnection.OpenDbConnectionAsync(Boolean errorsExpected, CancellationToken cancellationToken)
   at Microsoft.EntityFrameworkCore.Storage.RelationalConnection.OpenAsync(CancellationToken cancellationToken, Boolean errorsExpected)
   at Pomelo.EntityFrameworkCore.MySql.Storage.Internal.MySqlRelationalConnection.OpenAsync(CancellationToken cancellationToken, Boolean errorsExpected)
   at Microsoft.EntityFrameworkCore.Storage.RelationalCommand.ExecuteReaderAsync(RelationalCommandParameterObject parameterObject, CancellationToken cancellationToken)
   at Microsoft.EntityFrameworkCore.Query.Internal.QueryingEnumerable`1.AsyncEnumerator.InitializeReaderAsync(DbContext _, Boolean result, CancellationToken cancellationToken)
   at Pomelo.EntityFrameworkCore.MySql.Storage.Internal.MySqlExecutionStrategy.ExecuteAsync[TState,TResult](TState state, Func`4 operation, Func`4 verifySucceeded, CancellationToken cancellationToken)
   --- End of inner exception stack trace ---
   at Pomelo.EntityFrameworkCore.MySql.Storage.Internal.MySqlExecutionStrategy.ExecuteAsync[TState,TResult](TState state, Func`4 operation, Func`4 verifySucceeded, CancellationToken cancellationToken)
   at Microsoft.EntityFrameworkCore.Query.Internal.QueryingEnumerable`1.AsyncEnumerator.MoveNextAsync()
   at Microsoft.EntityFrameworkCore.Query.ShapedQueryCompilingExpressionVisitor.SingleOrDefaultAsync[TSource](IAsyncEnumerable`1 asyncEnumerable, CancellationToken cancellationToken)
2020-04-27T12:37:38.8814886+01:00 80000004-0000-fb00-b63f-84710c7967bb [ERR] System.InvalidOperationException: An exception has been raised that is likely due to a transient failure. Consider enabling transient error resiliency by adding 'EnableRetryOnFailure()' to the 'UseMySql' call.
 ---> MySql.Data.MySqlClient.MySqlException (0x80004005): Unable to connect to any of the specified MySQL hosts.
   at MySqlConnector.Core.ServerSession.ConnectAsync(ConnectionSettings cs, ILoadBalancer loadBalancer, IOBehavior ioBehavior, CancellationToken cancellationToken) in C:\projects\mysqlconnector\src\MySqlConnector\Core\ServerSession.cs:line 442
   at MySqlConnector.Core.ConnectionPool.GetSessionAsync(MySqlConnection connection, IOBehavior ioBehavior, CancellationToken cancellationToken) in C:\projects\mysqlconnector\src\MySqlConnector\Core\ConnectionPool.cs:line 112
   at MySqlConnector.Core.ConnectionPool.GetSessionAsync(MySqlConnection connection, IOBehavior ioBehavior, CancellationToken cancellationToken) in C:\projects\mysqlconnector\src\MySqlConnector\Core\ConnectionPool.cs:line 141
   at MySql.Data.MySqlClient.MySqlConnection.CreateSessionAsync(ConnectionPool pool, Nullable`1 ioBehavior, CancellationToken cancellationToken) in C:\projects\mysqlconnector\src\MySqlConnector\MySql.Data.MySqlClient\MySqlConnection.cs:line 645
   at MySql.Data.MySqlClient.MySqlConnection.OpenAsync(Nullable`1 ioBehavior, CancellationToken cancellationToken) in C:\projects\mysqlconnector\src\MySqlConnector\MySql.Data.MySqlClient\MySqlConnection.cs:line 312
   at Microsoft.EntityFrameworkCore.Storage.RelationalConnection.OpenDbConnectionAsync(Boolean errorsExpected, CancellationToken cancellationToken)
   at Microsoft.EntityFrameworkCore.Storage.RelationalConnection.OpenDbConnectionAsync(Boolean errorsExpected, CancellationToken cancellationToken)
   at Microsoft.EntityFrameworkCore.Storage.RelationalConnection.OpenAsync(CancellationToken cancellationToken, Boolean errorsExpected)
   at Pomelo.EntityFrameworkCore.MySql.Storage.Internal.MySqlRelationalConnection.OpenAsync(CancellationToken cancellationToken, Boolean errorsExpected)
   at Microsoft.EntityFrameworkCore.Storage.RelationalCommand.ExecuteReaderAsync(RelationalCommandParameterObject parameterObject, CancellationToken cancellationToken)
   at Microsoft.EntityFrameworkCore.Query.Internal.QueryingEnumerable`1.AsyncEnumerator.InitializeReaderAsync(DbContext _, Boolean result, CancellationToken cancellationToken)
   at Pomelo.EntityFrameworkCore.MySql.Storage.Internal.MySqlExecutionStrategy.ExecuteAsync[TState,TResult](TState state, Func`4 operation, Func`4 verifySucceeded, CancellationToken cancellationToken)
   --- End of inner exception stack trace ---
   at Pomelo.EntityFrameworkCore.MySql.Storage.Internal.MySqlExecutionStrategy.ExecuteAsync[TState,TResult](TState state, Func`4 operation, Func`4 verifySucceeded, CancellationToken cancellationToken)
   at Microsoft.EntityFrameworkCore.Query.Internal.QueryingEnumerable`1.AsyncEnumerator.MoveNextAsync()
   at Microsoft.EntityFrameworkCore.Query.ShapedQueryCompilingExpressionVisitor.SingleOrDefaultAsync[TSource](IAsyncEnumerable`1 asyncEnumerable, CancellationToken cancellationToken)
   at Microsoft.EntityFrameworkCore.Query.ShapedQueryCompilingExpressionVisitor.SingleOrDefaultAsync[TSource](IAsyncEnumerable`1 asyncEnumerable, CancellationToken cancellationToken)
   at BiblioIUC.Logics.UserLogic.LoginAsync(LoginModel loginModel, HttpContext httpContext, String mediaFolderPath) in C:\Users\LENOVO\source\repos\BiblioIUC\Biblio_IUC\BiblioIUC\Logics\UserLogic.cs:line 68
   at BiblioIUC.Controllers.AccountController.Login(PageModel`1 pageModel) in C:\Users\LENOVO\source\repos\BiblioIUC\Biblio_IUC\BiblioIUC\Controllers\AccountController.cs:line 62

 (542d78ac)
2020-04-27T13:40:11.7843671+01:00  [INF] Now listening on: "http://localhost:5000" (d826f4b8)
2020-04-27T13:40:11.7916109+01:00  [INF] Application started. Press Ctrl+C to shut down. (dcaefe54)
2020-04-27T13:40:11.7917420+01:00  [INF] Hosting environment: "Development" (c3307c92)
2020-04-27T13:40:11.7917841+01:00  [INF] Content root path: "C:\Users\LENOVO\source\repos\BiblioIUC\Biblio_IUC\BiblioIUC" (b5d60022)
2020-04-27T13:49:10.1876851+01:00  [INF] Now listening on: "http://localhost:5000" (d826f4b8)
2020-04-27T13:49:10.1950320+01:00  [INF] Application started. Press Ctrl+C to shut down. (dcaefe54)
2020-04-27T13:49:10.1951484+01:00  [INF] Hosting environment: "Development" (c3307c92)
2020-04-27T13:49:10.1951870+01:00  [INF] Content root path: "C:\Users\LENOVO\source\repos\BiblioIUC\Biblio_IUC\BiblioIUC" (b5d60022)
2020-04-27T13:49:52.4148372+01:00  [INF] Now listening on: "http://localhost:5000" (d826f4b8)
2020-04-27T13:49:52.4220001+01:00  [INF] Application started. Press Ctrl+C to shut down. (dcaefe54)
2020-04-27T13:49:52.4222056+01:00  [INF] Hosting environment: "Development" (c3307c92)
2020-04-27T13:49:52.4222455+01:00  [INF] Content root path: "C:\Users\LENOVO\source\repos\BiblioIUC\Biblio_IUC\BiblioIUC" (b5d60022)
2020-04-27T13:52:57.3900871+01:00  [INF] Now listening on: "http://localhost:5000" (d826f4b8)
2020-04-27T13:52:57.3979502+01:00  [INF] Application started. Press Ctrl+C to shut down. (dcaefe54)
2020-04-27T13:52:57.3981077+01:00  [INF] Hosting environment: "Development" (c3307c92)
2020-04-27T13:52:57.3981580+01:00  [INF] Content root path: "C:\Users\LENOVO\source\repos\BiblioIUC\Biblio_IUC\BiblioIUC" (b5d60022)
2020-04-27T20:50:05.4918208+01:00  [INF] Now listening on: "http://localhost:5000" (d826f4b8)
2020-04-27T20:50:05.4988351+01:00  [INF] Application started. Press Ctrl+C to shut down. (dcaefe54)
2020-04-27T20:50:05.4989831+01:00  [INF] Hosting environment: "Development" (c3307c92)
2020-04-27T20:50:05.4990289+01:00  [INF] Content root path: "C:\Users\Lenovo\source\repos\Biblio_IUC\BiblioIUC" (b5d60022)
2020-04-27T21:08:58.5257354+01:00  [INF] Now listening on: "http://localhost:5000" (d826f4b8)
2020-04-27T21:08:58.5335526+01:00  [INF] Application started. Press Ctrl+C to shut down. (dcaefe54)
2020-04-27T21:08:58.5337347+01:00  [INF] Hosting environment: "Development" (c3307c92)
2020-04-27T21:08:58.5337971+01:00  [INF] Content root path: "C:\Users\Lenovo\source\repos\Biblio_IUC\BiblioIUC" (b5d60022)
2020-04-27T21:18:22.3849516+01:00  [INF] Application is shutting down... (90f52c38)
