2020-04-23T00:03:16.3658265+01:00  [INF] Now listening on: "http://localhost:5000" (d826f4b8)
2020-04-23T00:03:16.3732089+01:00  [INF] Application started. Press Ctrl+C to shut down. (dcaefe54)
2020-04-23T00:03:16.3733500+01:00  [INF] Hosting environment: "Development" (c3307c92)
2020-04-23T00:03:16.3734031+01:00  [INF] Content root path: "C:\Users\LENOVO\source\repos\BiblioIUC\BiblioIUC" (b5d60022)
2020-04-23T00:03:41.8980011+01:00  [INF] Now listening on: "http://localhost:5000" (d826f4b8)
2020-04-23T00:03:41.9056071+01:00  [INF] Application started. Press Ctrl+C to shut down. (dcaefe54)
2020-04-23T00:03:41.9057880+01:00  [INF] Hosting environment: "Development" (c3307c92)
2020-04-23T00:03:41.9058241+01:00  [INF] Content root path: "C:\Users\LENOVO\source\repos\BiblioIUC\BiblioIUC" (b5d60022)
2020-04-23T00:04:59.6864676+01:00  [INF] Now listening on: "http://localhost:5000" (d826f4b8)
2020-04-23T00:04:59.6951604+01:00  [INF] Application started. Press Ctrl+C to shut down. (dcaefe54)
2020-04-23T00:04:59.6953082+01:00  [INF] Hosting environment: "Development" (c3307c92)
2020-04-23T00:04:59.6953596+01:00  [INF] Content root path: "C:\Users\LENOVO\source\repos\BiblioIUC\BiblioIUC" (b5d60022)
2020-04-23T00:05:45.8796127+01:00  [INF] Now listening on: "http://localhost:5000" (d826f4b8)
2020-04-23T00:05:45.8879545+01:00  [INF] Application started. Press Ctrl+C to shut down. (dcaefe54)
2020-04-23T00:05:45.8881153+01:00  [INF] Hosting environment: "Development" (c3307c92)
2020-04-23T00:05:45.8881592+01:00  [INF] Content root path: "C:\Users\LENOVO\source\repos\BiblioIUC\BiblioIUC" (b5d60022)
2020-04-23T00:09:10.7070369+01:00  [INF] Now listening on: "http://localhost:5000" (d826f4b8)
2020-04-23T00:09:10.7141223+01:00  [INF] Application started. Press Ctrl+C to shut down. (dcaefe54)
2020-04-23T00:09:10.7143402+01:00  [INF] Hosting environment: "Development" (c3307c92)
2020-04-23T00:09:10.7143938+01:00  [INF] Content root path: "C:\Users\LENOVO\source\repos\BiblioIUC\BiblioIUC" (b5d60022)
2020-04-23T00:09:20.4355685+01:00  [INF] Now listening on: "http://localhost:5000" (d826f4b8)
2020-04-23T00:09:20.4430501+01:00  [INF] Application started. Press Ctrl+C to shut down. (dcaefe54)
2020-04-23T00:09:20.4431860+01:00  [INF] Hosting environment: "Development" (c3307c92)
2020-04-23T00:09:20.4432260+01:00  [INF] Content root path: "C:\Users\LENOVO\source\repos\BiblioIUC\BiblioIUC" (b5d60022)
2020-04-23T00:11:04.1675104+01:00  [INF] Now listening on: "http://localhost:5000" (d826f4b8)
2020-04-23T00:11:04.1746302+01:00  [INF] Application started. Press Ctrl+C to shut down. (dcaefe54)
2020-04-23T00:11:04.1747905+01:00  [INF] Hosting environment: "Development" (c3307c92)
2020-04-23T00:11:04.1748336+01:00  [INF] Content root path: "C:\Users\LENOVO\source\repos\BiblioIUC\BiblioIUC" (b5d60022)
2020-04-23T00:15:33.4863354+01:00  [INF] Now listening on: "http://localhost:5000" (d826f4b8)
2020-04-23T00:15:33.4935100+01:00  [INF] Application started. Press Ctrl+C to shut down. (dcaefe54)
2020-04-23T00:15:33.4937414+01:00  [INF] Hosting environment: "Development" (c3307c92)
2020-04-23T00:15:33.4937839+01:00  [INF] Content root path: "C:\Users\LENOVO\source\repos\BiblioIUC\BiblioIUC" (b5d60022)
2020-04-23T00:15:53.1541744+01:00  [INF] Now listening on: "http://localhost:5000" (d826f4b8)
2020-04-23T00:15:53.1626334+01:00  [INF] Application started. Press Ctrl+C to shut down. (dcaefe54)
2020-04-23T00:15:53.1627598+01:00  [INF] Hosting environment: "Development" (c3307c92)
2020-04-23T00:15:53.1628020+01:00  [INF] Content root path: "C:\Users\LENOVO\source\repos\BiblioIUC\BiblioIUC" (b5d60022)
2020-04-23T00:21:12.8827758+01:00  [INF] Now listening on: "http://localhost:5000" (d826f4b8)
2020-04-23T00:21:12.8901247+01:00  [INF] Application started. Press Ctrl+C to shut down. (dcaefe54)
2020-04-23T00:21:12.8903013+01:00  [INF] Hosting environment: "Development" (c3307c92)
2020-04-23T00:21:12.8903401+01:00  [INF] Content root path: "C:\Users\LENOVO\source\repos\BiblioIUC\BiblioIUC" (b5d60022)
2020-04-23T00:21:49.6090227+01:00  [INF] Now listening on: "http://localhost:5000" (d826f4b8)
2020-04-23T00:21:49.6163397+01:00  [INF] Application started. Press Ctrl+C to shut down. (dcaefe54)
2020-04-23T00:21:49.6164736+01:00  [INF] Hosting environment: "Development" (c3307c92)
2020-04-23T00:21:49.6165046+01:00  [INF] Content root path: "C:\Users\LENOVO\source\repos\BiblioIUC\BiblioIUC" (b5d60022)
2020-04-23T00:24:09.5579211+01:00  [INF] Now listening on: "http://localhost:5000" (d826f4b8)
2020-04-23T00:24:09.5661973+01:00  [INF] Application started. Press Ctrl+C to shut down. (dcaefe54)
2020-04-23T00:24:09.5663430+01:00  [INF] Hosting environment: "Development" (c3307c92)
2020-04-23T00:24:09.5663791+01:00  [INF] Content root path: "C:\Users\LENOVO\source\repos\BiblioIUC\BiblioIUC" (b5d60022)
2020-04-23T00:26:02.3824141+01:00  [INF] Now listening on: "http://localhost:5000" (d826f4b8)
2020-04-23T00:26:02.3911687+01:00  [INF] Application started. Press Ctrl+C to shut down. (dcaefe54)
2020-04-23T00:26:02.3913084+01:00  [INF] Hosting environment: "Development" (c3307c92)
2020-04-23T00:26:02.3913478+01:00  [INF] Content root path: "C:\Users\LENOVO\source\repos\BiblioIUC\BiblioIUC" (b5d60022)
2020-04-23T00:26:35.1110743+01:00  [INF] Now listening on: "http://localhost:5000" (d826f4b8)
2020-04-23T00:26:35.1199367+01:00  [INF] Application started. Press Ctrl+C to shut down. (dcaefe54)
2020-04-23T00:26:35.1201544+01:00  [INF] Hosting environment: "Development" (c3307c92)
2020-04-23T00:26:35.1201991+01:00  [INF] Content root path: "C:\Users\LENOVO\source\repos\BiblioIUC\BiblioIUC" (b5d60022)
2020-04-23T00:26:48.8984710+01:00 0HLV72ICK98U3:00000007 [ERR] System.NullReferenceException: Object reference not set to an instance of an object.
   at BiblioIUC.Logics.UserLogic.EditProfilAsync(UserModel userModel, HttpRequest request, String mediaFolderPath, String prefixPhotoProfileName) in C:\Users\LENOVO\source\repos\BiblioIUC\BiblioIUC\Logics\UserLogic.cs:line 133
   at BiblioIUC.Controllers.AccountController.Profile(UserModel userModel) in C:\Users\LENOVO\source\repos\BiblioIUC\BiblioIUC\Controllers\AccountController.cs:line 135

 (e5e1da9d)
2020-04-23T00:26:48.8985870+01:00 0HLV72ICK98U1:00000005 [ERR] System.NullReferenceException: Object reference not set to an instance of an object.
   at BiblioIUC.Logics.UserLogic.EditProfilAsync(UserModel userModel, HttpRequest request, String mediaFolderPath, String prefixPhotoProfileName) in C:\Users\LENOVO\source\repos\BiblioIUC\BiblioIUC\Logics\UserLogic.cs:line 133
   at BiblioIUC.Controllers.AccountController.Profile(UserModel userModel) in C:\Users\LENOVO\source\repos\BiblioIUC\BiblioIUC\Controllers\AccountController.cs:line 135

 (e5e1da9d)
2020-04-23T00:28:04.0415015+01:00  [INF] Now listening on: "http://localhost:5000" (d826f4b8)
2020-04-23T00:28:04.0492262+01:00  [INF] Application started. Press Ctrl+C to shut down. (dcaefe54)
2020-04-23T00:28:04.0493765+01:00  [INF] Hosting environment: "Development" (c3307c92)
2020-04-23T00:28:04.0494068+01:00  [INF] Content root path: "C:\Users\LENOVO\source\repos\BiblioIUC\BiblioIUC" (b5d60022)
2020-04-23T00:28:05.4019335+01:00 0HLV72J74CEK7:00000001 [ERR] System.NullReferenceException: Object reference not set to an instance of an object.
   at BiblioIUC.Logics.UserLogic.EditProfilAsync(UserModel userModel, HttpRequest request, String mediaFolderPath, String prefixPhotoProfileName) in C:\Users\LENOVO\source\repos\BiblioIUC\BiblioIUC\Logics\UserLogic.cs:line 133
   at BiblioIUC.Controllers.AccountController.Profile(UserModel userModel) in C:\Users\LENOVO\source\repos\BiblioIUC\BiblioIUC\Controllers\AccountController.cs:line 135

 (e5e1da9d)
2020-04-23T00:30:32.0246654+01:00  [INF] Application is shutting down... (90f52c38)
2020-04-23T00:31:05.8566397+01:00  [INF] Now listening on: "http://localhost:5000" (d826f4b8)
2020-04-23T00:31:05.8796003+01:00  [INF] Application started. Press Ctrl+C to shut down. (dcaefe54)
2020-04-23T00:31:05.8823493+01:00  [INF] Hosting environment: "Development" (c3307c92)
2020-04-23T00:31:05.8849652+01:00  [INF] Content root path: "C:\Users\LENOVO\source\repos\BiblioIUC\BiblioIUC" (b5d60022)
2020-04-23T00:43:10.2983305+01:00  [INF] Now listening on: "http://localhost:5000" (d826f4b8)
2020-04-23T00:43:10.3053922+01:00  [INF] Application started. Press Ctrl+C to shut down. (dcaefe54)
2020-04-23T00:43:10.3055886+01:00  [INF] Hosting environment: "Development" (c3307c92)
2020-04-23T00:43:10.3056267+01:00  [INF] Content root path: "C:\Users\LENOVO\source\repos\BiblioIUC\BiblioIUC" (b5d60022)
2020-04-23T00:45:42.1173491+01:00  [INF] Now listening on: "http://localhost:5000" (d826f4b8)
2020-04-23T00:45:42.1243264+01:00  [INF] Application started. Press Ctrl+C to shut down. (dcaefe54)
2020-04-23T00:45:42.1244494+01:00  [INF] Hosting environment: "Development" (c3307c92)
2020-04-23T00:45:42.1245008+01:00  [INF] Content root path: "C:\Users\LENOVO\source\repos\BiblioIUC\BiblioIUC" (b5d60022)
2020-04-23T00:49:40.4832328+01:00  [INF] Now listening on: "http://localhost:5000" (d826f4b8)
2020-04-23T00:49:40.4905207+01:00  [INF] Application started. Press Ctrl+C to shut down. (dcaefe54)
2020-04-23T00:49:40.4906548+01:00  [INF] Hosting environment: "Development" (c3307c92)
2020-04-23T00:49:40.4907009+01:00  [INF] Content root path: "C:\Users\LENOVO\source\repos\BiblioIUC\BiblioIUC" (b5d60022)
2020-04-23T00:51:04.5416303+01:00  [INF] Now listening on: "http://localhost:5000" (d826f4b8)
2020-04-23T00:51:04.5490078+01:00  [INF] Application started. Press Ctrl+C to shut down. (dcaefe54)
2020-04-23T00:51:04.5491385+01:00  [INF] Hosting environment: "Development" (c3307c92)
2020-04-23T00:51:04.5491875+01:00  [INF] Content root path: "C:\Users\LENOVO\source\repos\BiblioIUC\BiblioIUC" (b5d60022)
2020-04-23T00:55:16.9433878+01:00  [INF] Now listening on: "http://localhost:5000" (d826f4b8)
2020-04-23T00:55:16.9547410+01:00  [INF] Application started. Press Ctrl+C to shut down. (dcaefe54)
2020-04-23T00:55:16.9548796+01:00  [INF] Hosting environment: "Development" (c3307c92)
2020-04-23T00:55:16.9549132+01:00  [INF] Content root path: "C:\Users\LENOVO\source\repos\BiblioIUC\BiblioIUC" (b5d60022)
2020-04-23T00:57:53.8185205+01:00  [INF] Now listening on: "http://localhost:5000" (d826f4b8)
2020-04-23T00:57:53.8266922+01:00  [INF] Application started. Press Ctrl+C to shut down. (dcaefe54)
2020-04-23T00:57:53.8268332+01:00  [INF] Hosting environment: "Development" (c3307c92)
2020-04-23T00:57:53.8268762+01:00  [INF] Content root path: "C:\Users\LENOVO\source\repos\BiblioIUC\BiblioIUC" (b5d60022)
2020-04-23T00:58:08.4312095+01:00  [INF] Now listening on: "http://localhost:5000" (d826f4b8)
2020-04-23T00:58:08.4390390+01:00  [INF] Application started. Press Ctrl+C to shut down. (dcaefe54)
2020-04-23T00:58:08.4392015+01:00  [INF] Hosting environment: "Development" (c3307c92)
2020-04-23T00:58:08.4392432+01:00  [INF] Content root path: "C:\Users\LENOVO\source\repos\BiblioIUC\BiblioIUC" (b5d60022)
2020-04-23T00:59:02.4851821+01:00  [INF] Now listening on: "http://localhost:5000" (d826f4b8)
2020-04-23T00:59:02.4947274+01:00  [INF] Application started. Press Ctrl+C to shut down. (dcaefe54)
2020-04-23T00:59:02.4951184+01:00  [INF] Hosting environment: "Development" (c3307c92)
2020-04-23T00:59:02.4955495+01:00  [INF] Content root path: "C:\Users\LENOVO\source\repos\BiblioIUC\BiblioIUC" (b5d60022)
2020-04-23T01:02:45.1386283+01:00  [INF] Now listening on: "http://localhost:5000" (d826f4b8)
2020-04-23T01:02:45.1466104+01:00  [INF] Application started. Press Ctrl+C to shut down. (dcaefe54)
2020-04-23T01:02:45.1467298+01:00  [INF] Hosting environment: "Development" (c3307c92)
2020-04-23T01:02:45.1467756+01:00  [INF] Content root path: "C:\Users\LENOVO\source\repos\BiblioIUC\BiblioIUC" (b5d60022)
2020-04-23T01:03:48.3309049+01:00  [INF] Now listening on: "http://localhost:5000" (d826f4b8)
2020-04-23T01:03:48.3387424+01:00  [INF] Application started. Press Ctrl+C to shut down. (dcaefe54)
2020-04-23T01:03:48.3388862+01:00  [INF] Hosting environment: "Development" (c3307c92)
2020-04-23T01:03:48.3389212+01:00  [INF] Content root path: "C:\Users\LENOVO\source\repos\BiblioIUC\BiblioIUC" (b5d60022)
2020-04-23T01:21:56.4512347+01:00  [INF] Now listening on: "http://localhost:5000" (d826f4b8)
2020-04-23T01:21:56.4584434+01:00  [INF] Application started. Press Ctrl+C to shut down. (dcaefe54)
2020-04-23T01:21:56.4585638+01:00  [INF] Hosting environment: "Development" (c3307c92)
2020-04-23T01:21:56.4586129+01:00  [INF] Content root path: "C:\Users\LENOVO\source\repos\BiblioIUC\BiblioIUC" (b5d60022)
2020-04-23T01:22:49.6785847+01:00  [INF] Now listening on: "http://localhost:5000" (d826f4b8)
2020-04-23T01:22:49.6855936+01:00  [INF] Application started. Press Ctrl+C to shut down. (dcaefe54)
2020-04-23T01:22:49.6857238+01:00  [INF] Hosting environment: "Development" (c3307c92)
2020-04-23T01:22:49.6857591+01:00  [INF] Content root path: "C:\Users\LENOVO\source\repos\BiblioIUC\BiblioIUC" (b5d60022)
2020-04-23T01:30:10.4545050+01:00  [INF] Now listening on: "http://localhost:5000" (d826f4b8)
2020-04-23T01:30:10.4617004+01:00  [INF] Application started. Press Ctrl+C to shut down. (dcaefe54)
2020-04-23T01:30:10.4618211+01:00  [INF] Hosting environment: "Development" (c3307c92)
2020-04-23T01:30:10.4618731+01:00  [INF] Content root path: "C:\Users\LENOVO\source\repos\BiblioIUC\BiblioIUC" (b5d60022)
2020-04-23T01:31:15.5239689+01:00  [INF] Now listening on: "http://localhost:5000" (d826f4b8)
2020-04-23T01:31:15.5325974+01:00  [INF] Application started. Press Ctrl+C to shut down. (dcaefe54)
2020-04-23T01:31:15.5329079+01:00  [INF] Hosting environment: "Development" (c3307c92)
2020-04-23T01:31:15.5330549+01:00  [INF] Content root path: "C:\Users\LENOVO\source\repos\BiblioIUC\BiblioIUC" (b5d60022)
2020-04-23T01:40:02.8214951+01:00  [INF] Now listening on: "http://localhost:5000" (d826f4b8)
2020-04-23T01:40:02.8297484+01:00  [INF] Application started. Press Ctrl+C to shut down. (dcaefe54)
2020-04-23T01:40:02.8298880+01:00  [INF] Hosting environment: "Development" (c3307c92)
2020-04-23T01:40:02.8299202+01:00  [INF] Content root path: "C:\Users\LENOVO\source\repos\BiblioIUC\BiblioIUC" (b5d60022)
2020-04-23T01:40:45.0636389+01:00  [INF] Now listening on: "http://localhost:5000" (d826f4b8)
2020-04-23T01:40:45.0718912+01:00  [INF] Application started. Press Ctrl+C to shut down. (dcaefe54)
2020-04-23T01:40:45.0720357+01:00  [INF] Hosting environment: "Development" (c3307c92)
2020-04-23T01:40:45.0720755+01:00  [INF] Content root path: "C:\Users\LENOVO\source\repos\BiblioIUC\BiblioIUC" (b5d60022)
2020-04-23T01:41:36.1394246+01:00  [INF] Now listening on: "http://localhost:5000" (d826f4b8)
2020-04-23T01:41:36.1465283+01:00  [INF] Application started. Press Ctrl+C to shut down. (dcaefe54)
2020-04-23T01:41:36.1466556+01:00  [INF] Hosting environment: "Development" (c3307c92)
2020-04-23T01:41:36.1467114+01:00  [INF] Content root path: "C:\Users\LENOVO\source\repos\BiblioIUC\BiblioIUC" (b5d60022)
2020-04-23T01:44:14.8111515+01:00  [INF] Now listening on: "http://localhost:5000" (d826f4b8)
2020-04-23T01:44:14.8184079+01:00  [INF] Application started. Press Ctrl+C to shut down. (dcaefe54)
2020-04-23T01:44:14.8185822+01:00  [INF] Hosting environment: "Development" (c3307c92)
2020-04-23T01:44:14.8186202+01:00  [INF] Content root path: "C:\Users\LENOVO\source\repos\BiblioIUC\BiblioIUC" (b5d60022)
2020-04-23T01:45:46.9190409+01:00  [INF] Now listening on: "http://localhost:5000" (d826f4b8)
2020-04-23T01:45:46.9301161+01:00  [INF] Application started. Press Ctrl+C to shut down. (dcaefe54)
2020-04-23T01:45:46.9302734+01:00  [INF] Hosting environment: "Development" (c3307c92)
2020-04-23T01:45:46.9303117+01:00  [INF] Content root path: "C:\Users\LENOVO\source\repos\BiblioIUC\BiblioIUC" (b5d60022)
2020-04-23T01:49:07.6520663+01:00  [INF] Now listening on: "http://localhost:5000" (d826f4b8)
2020-04-23T01:49:07.6593006+01:00  [INF] Application started. Press Ctrl+C to shut down. (dcaefe54)
2020-04-23T01:49:07.6594337+01:00  [INF] Hosting environment: "Development" (c3307c92)
2020-04-23T01:49:07.6594933+01:00  [INF] Content root path: "C:\Users\LENOVO\source\repos\BiblioIUC\BiblioIUC" (b5d60022)
2020-04-23T01:49:45.6392738+01:00  [INF] Now listening on: "http://localhost:5000" (d826f4b8)
2020-04-23T01:49:45.6468455+01:00  [INF] Application started. Press Ctrl+C to shut down. (dcaefe54)
2020-04-23T01:49:45.6469819+01:00  [INF] Hosting environment: "Development" (c3307c92)
2020-04-23T01:49:45.6470242+01:00  [INF] Content root path: "C:\Users\LENOVO\source\repos\BiblioIUC\BiblioIUC" (b5d60022)
2020-04-23T01:50:40.6635813+01:00  [INF] Now listening on: "http://localhost:5000" (d826f4b8)
2020-04-23T01:50:40.6706738+01:00  [INF] Application started. Press Ctrl+C to shut down. (dcaefe54)
2020-04-23T01:50:40.6708111+01:00  [INF] Hosting environment: "Development" (c3307c92)
2020-04-23T01:50:40.6708488+01:00  [INF] Content root path: "C:\Users\LENOVO\source\repos\BiblioIUC\BiblioIUC" (b5d60022)
2020-04-23T01:51:25.1942951+01:00  [INF] Now listening on: "http://localhost:5000" (d826f4b8)
2020-04-23T01:51:25.2015976+01:00  [INF] Application started. Press Ctrl+C to shut down. (dcaefe54)
2020-04-23T01:51:25.2017208+01:00  [INF] Hosting environment: "Development" (c3307c92)
2020-04-23T01:51:25.2017693+01:00  [INF] Content root path: "C:\Users\LENOVO\source\repos\BiblioIUC\BiblioIUC" (b5d60022)
2020-04-23T01:52:06.8790308+01:00  [INF] Now listening on: "http://localhost:5000" (d826f4b8)
2020-04-23T01:52:06.8860333+01:00  [INF] Application started. Press Ctrl+C to shut down. (dcaefe54)
2020-04-23T01:52:06.8861819+01:00  [INF] Hosting environment: "Development" (c3307c92)
2020-04-23T01:52:06.8862349+01:00  [INF] Content root path: "C:\Users\LENOVO\source\repos\BiblioIUC\BiblioIUC" (b5d60022)
2020-04-23T01:53:28.4047215+01:00  [INF] Now listening on: "http://localhost:5000" (d826f4b8)
2020-04-23T01:53:28.4116543+01:00  [INF] Application started. Press Ctrl+C to shut down. (dcaefe54)
2020-04-23T01:53:28.4117745+01:00  [INF] Hosting environment: "Development" (c3307c92)
2020-04-23T01:53:28.4118229+01:00  [INF] Content root path: "C:\Users\LENOVO\source\repos\BiblioIUC\BiblioIUC" (b5d60022)
2020-04-23T02:01:19.5225504+01:00  [INF] Now listening on: "http://localhost:5000" (d826f4b8)
2020-04-23T02:01:19.5299261+01:00  [INF] Application started. Press Ctrl+C to shut down. (dcaefe54)
2020-04-23T02:01:19.5300593+01:00  [INF] Hosting environment: "Development" (c3307c92)
2020-04-23T02:01:19.5301053+01:00  [INF] Content root path: "C:\Users\LENOVO\source\repos\BiblioIUC\BiblioIUC" (b5d60022)
2020-04-23T02:01:41.5643986+01:00  [INF] Now listening on: "http://localhost:5000" (d826f4b8)
2020-04-23T02:01:41.5712475+01:00  [INF] Application started. Press Ctrl+C to shut down. (dcaefe54)
2020-04-23T02:01:41.5714443+01:00  [INF] Hosting environment: "Development" (c3307c92)
2020-04-23T02:01:41.5714978+01:00  [INF] Content root path: "C:\Users\LENOVO\source\repos\BiblioIUC\BiblioIUC" (b5d60022)
2020-04-23T02:02:12.6028200+01:00  [INF] Now listening on: "http://localhost:5000" (d826f4b8)
2020-04-23T02:02:12.6106087+01:00  [INF] Application started. Press Ctrl+C to shut down. (dcaefe54)
2020-04-23T02:02:12.6107996+01:00  [INF] Hosting environment: "Development" (c3307c92)
2020-04-23T02:02:12.6108369+01:00  [INF] Content root path: "C:\Users\LENOVO\source\repos\BiblioIUC\BiblioIUC" (b5d60022)
2020-04-23T02:03:13.0376322+01:00  [FTL] Unable to start Kestrel. (fc6a528d)
System.IO.IOException: Failed to bind to address http://127.0.0.1:5000: address already in use.
 ---> Microsoft.AspNetCore.Connections.AddressInUseException: Une seule utilisation de chaque adresse de socket (protocole/adresse réseau/port) est habituellement autorisée.
 ---> System.Net.Sockets.SocketException (10048): Une seule utilisation de chaque adresse de socket (protocole/adresse réseau/port) est habituellement autorisée.
   at System.Net.Sockets.Socket.UpdateStatusAfterSocketErrorAndThrowException(SocketError error, String callerName)
   at System.Net.Sockets.Socket.DoBind(EndPoint endPointSnapshot, SocketAddress socketAddress)
   at System.Net.Sockets.Socket.Bind(EndPoint localEP)
   at Microsoft.AspNetCore.Server.Kestrel.Transport.Sockets.SocketConnectionListener.Bind()
   --- End of inner exception stack trace ---
   at Microsoft.AspNetCore.Server.Kestrel.Transport.Sockets.SocketConnectionListener.Bind()
   at Microsoft.AspNetCore.Server.Kestrel.Transport.Sockets.SocketTransportFactory.BindAsync(EndPoint endpoint, CancellationToken cancellationToken)
   at Microsoft.AspNetCore.Server.Kestrel.Core.KestrelServer.<>c__DisplayClass21_0`1.<<StartAsync>g__OnBind|0>d.MoveNext()
--- End of stack trace from previous location where exception was thrown ---
   at Microsoft.AspNetCore.Server.Kestrel.Core.Internal.AddressBinder.BindEndpointAsync(ListenOptions endpoint, AddressBindContext context)
   --- End of inner exception stack trace ---
   at Microsoft.AspNetCore.Server.Kestrel.Core.Internal.AddressBinder.BindEndpointAsync(ListenOptions endpoint, AddressBindContext context)
   at Microsoft.AspNetCore.Server.Kestrel.Core.LocalhostListenOptions.BindAsync(AddressBindContext context)
   at Microsoft.AspNetCore.Server.Kestrel.Core.Internal.AddressBinder.AddressesStrategy.BindAsync(AddressBindContext context)
   at Microsoft.AspNetCore.Server.Kestrel.Core.Internal.AddressBinder.BindAsync(IServerAddressesFeature addresses, KestrelServerOptions serverOptions, ILogger logger, Func`2 createBinding)
   at Microsoft.AspNetCore.Server.Kestrel.Core.KestrelServer.StartAsync[TContext](IHttpApplication`1 application, CancellationToken cancellationToken)
   at Microsoft.AspNetCore.Hosting.GenericWebHostService.StartAsync(CancellationToken cancellationToken)
   at Microsoft.Extensions.Hosting.Internal.Host.StartAsync(CancellationToken cancellationToken)
   at Microsoft.Extensions.Hosting.HostingAbstractionsHostExtensions.RunAsync(IHost host, CancellationToken token)
2020-04-23T02:03:25.8524427+01:00  [INF] Application is shutting down... (90f52c38)
2020-04-23T02:03:33.5679422+01:00  [INF] Now listening on: "http://localhost:5000" (d826f4b8)
2020-04-23T02:03:33.5810866+01:00  [INF] Application started. Press Ctrl+C to shut down. (dcaefe54)
2020-04-23T02:03:33.5829972+01:00  [INF] Hosting environment: "Development" (c3307c92)
2020-04-23T02:03:33.5847506+01:00  [INF] Content root path: "C:\Users\LENOVO\source\repos\BiblioIUC\BiblioIUC" (b5d60022)
2020-04-23T02:12:24.4072786+01:00 0HLV748IRR60E:00000001 [ERR] System.NullReferenceException: Object reference not set to an instance of an object.
   at BiblioIUC.Logics.UserLogic.EditProfilAsync(UserModel userModel, HttpRequest request, String mediaFolderPath, String prefixPhotoProfileName) in C:\Users\LENOVO\source\repos\BiblioIUC\BiblioIUC\Logics\UserLogic.cs:line 133
   at BiblioIUC.Controllers.AccountController.Profile(UserModel userModel) in C:\Users\LENOVO\source\repos\BiblioIUC\BiblioIUC\Controllers\AccountController.cs:line 135

 (e5e1da9d)
2020-04-23T02:14:24.5511616+01:00 0HLV748IRR60E:00000003 [ERR] System.NullReferenceException: Object reference not set to an instance of an object.
   at BiblioIUC.Logics.UserLogic.EditProfilAsync(UserModel userModel, HttpRequest request, String mediaFolderPath, String prefixPhotoProfileName) in C:\Users\LENOVO\source\repos\BiblioIUC\BiblioIUC\Logics\UserLogic.cs:line 133
   at BiblioIUC.Controllers.AccountController.Profile(UserModel userModel) in C:\Users\LENOVO\source\repos\BiblioIUC\BiblioIUC\Controllers\AccountController.cs:line 135

 (e5e1da9d)
2020-04-23T02:18:34.8381431+01:00  [INF] Now listening on: "http://localhost:5000" (d826f4b8)
2020-04-23T02:18:34.8476373+01:00  [INF] Application started. Press Ctrl+C to shut down. (dcaefe54)
2020-04-23T02:18:34.8501372+01:00  [INF] Hosting environment: "Development" (c3307c92)
2020-04-23T02:18:34.8521437+01:00  [INF] Content root path: "C:\Users\LENOVO\source\repos\BiblioIUC\BiblioIUC" (b5d60022)
2020-04-23T02:21:09.9055080+01:00  [INF] Now listening on: "http://localhost:5000" (d826f4b8)
2020-04-23T02:21:09.9513452+01:00  [INF] Application started. Press Ctrl+C to shut down. (dcaefe54)
2020-04-23T02:21:10.0252063+01:00  [INF] Hosting environment: "Development" (c3307c92)
2020-04-23T02:21:10.0383553+01:00  [INF] Content root path: "C:\Users\LENOVO\source\repos\BiblioIUC\BiblioIUC" (b5d60022)
2020-04-23T02:23:48.1753398+01:00  [INF] Now listening on: "http://localhost:5000" (d826f4b8)
2020-04-23T02:23:48.1875363+01:00  [INF] Application started. Press Ctrl+C to shut down. (dcaefe54)
2020-04-23T02:23:48.1897598+01:00  [INF] Hosting environment: "Development" (c3307c92)
2020-04-23T02:23:48.1923941+01:00  [INF] Content root path: "C:\Users\LENOVO\source\repos\BiblioIUC\BiblioIUC" (b5d60022)
2020-04-23T02:27:21.9453751+01:00  [INF] Now listening on: "http://localhost:5000" (d826f4b8)
2020-04-23T02:27:21.9544906+01:00  [INF] Application started. Press Ctrl+C to shut down. (dcaefe54)
2020-04-23T02:27:21.9566628+01:00  [INF] Hosting environment: "Development" (c3307c92)
2020-04-23T02:27:21.9585029+01:00  [INF] Content root path: "C:\Users\LENOVO\source\repos\BiblioIUC\BiblioIUC" (b5d60022)
2020-04-23T02:30:07.9072506+01:00  [INF] Now listening on: "http://localhost:5000" (d826f4b8)
2020-04-23T02:30:07.9166553+01:00  [INF] Application started. Press Ctrl+C to shut down. (dcaefe54)
2020-04-23T02:30:07.9184222+01:00  [INF] Hosting environment: "Development" (c3307c92)
2020-04-23T02:30:07.9201555+01:00  [INF] Content root path: "C:\Users\LENOVO\source\repos\BiblioIUC\BiblioIUC" (b5d60022)
2020-04-23T02:33:38.1518067+01:00  [INF] Now listening on: "http://localhost:5000" (d826f4b8)
2020-04-23T02:33:38.1613434+01:00  [INF] Application started. Press Ctrl+C to shut down. (dcaefe54)
2020-04-23T02:33:38.1632678+01:00  [INF] Hosting environment: "Development" (c3307c92)
2020-04-23T02:33:38.1651689+01:00  [INF] Content root path: "C:\Users\LENOVO\source\repos\BiblioIUC\BiblioIUC" (b5d60022)
2020-04-23T08:43:35.2011498+01:00  [INF] Application is shutting down... (90f52c38)
2020-04-23T08:55:46.8899094+01:00  [INF] Now listening on: "http://localhost:5000" (d826f4b8)
2020-04-23T08:55:46.8968364+01:00  [INF] Application started. Press Ctrl+C to shut down. (dcaefe54)
2020-04-23T08:55:46.8969588+01:00  [INF] Hosting environment: "Development" (c3307c92)
2020-04-23T08:55:46.8970202+01:00  [INF] Content root path: "C:\Users\LENOVO\source\repos\BiblioIUC\BiblioIUC" (b5d60022)
2020-04-23T09:05:13.5256558+01:00  [INF] Now listening on: "http://localhost:5000" (d826f4b8)
2020-04-23T09:05:13.5331647+01:00  [INF] Application started. Press Ctrl+C to shut down. (dcaefe54)
2020-04-23T09:05:13.5333050+01:00  [INF] Hosting environment: "Development" (c3307c92)
2020-04-23T09:05:13.5333541+01:00  [INF] Content root path: "C:\Users\LENOVO\source\repos\BiblioIUC\BiblioIUC" (b5d60022)
2020-04-23T09:09:22.4430425+01:00  [INF] Application is shutting down... (90f52c38)
2020-04-23T09:18:35.1827355+01:00  [INF] Application started. Press Ctrl+C to shut down. (dcaefe54)
2020-04-23T09:18:35.2024956+01:00  [INF] Hosting environment: "Development" (c3307c92)
2020-04-23T09:18:35.2057097+01:00  [INF] Content root path: "C:\Users\LENOVO\source\repos\BiblioIUC\BiblioIUC" (b5d60022)
2020-04-23T09:24:21.2985225+01:00  [INF] Application started. Press Ctrl+C to shut down. (dcaefe54)
2020-04-23T09:24:21.3143861+01:00  [INF] Hosting environment: "Development" (c3307c92)
2020-04-23T09:24:21.3168235+01:00  [INF] Content root path: "C:\Users\LENOVO\source\repos\BiblioIUC\BiblioIUC" (b5d60022)
2020-04-23T09:25:31.7571545+01:00  [INF] Application started. Press Ctrl+C to shut down. (dcaefe54)
2020-04-23T09:25:31.7727092+01:00  [INF] Hosting environment: "Development" (c3307c92)
2020-04-23T09:25:31.7766447+01:00  [INF] Content root path: "C:\Users\LENOVO\source\repos\BiblioIUC\BiblioIUC" (b5d60022)
2020-04-23T09:36:55.6905622+01:00  [INF] Application started. Press Ctrl+C to shut down. (dcaefe54)
2020-04-23T09:36:55.7065995+01:00  [INF] Hosting environment: "Development" (c3307c92)
2020-04-23T09:36:55.7100962+01:00  [INF] Content root path: "C:\Users\LENOVO\source\repos\BiblioIUC\BiblioIUC" (b5d60022)
2020-04-23T09:55:02.1719680+01:00  [INF] Application started. Press Ctrl+C to shut down. (dcaefe54)
2020-04-23T09:55:02.1898444+01:00  [INF] Hosting environment: "Development" (c3307c92)
2020-04-23T09:55:02.1939963+01:00  [INF] Content root path: "C:\Users\LENOVO\source\repos\BiblioIUC\BiblioIUC" (b5d60022)
2020-04-23T10:00:48.9961633+01:00  [INF] Application started. Press Ctrl+C to shut down. (dcaefe54)
2020-04-23T10:00:49.0092754+01:00  [INF] Hosting environment: "Development" (c3307c92)
2020-04-23T10:00:49.0112971+01:00  [INF] Content root path: "C:\Users\LENOVO\source\repos\BiblioIUC\BiblioIUC" (b5d60022)
2020-04-23T10:15:20.8046409+01:00  [INF] Application started. Press Ctrl+C to shut down. (dcaefe54)
2020-04-23T10:15:20.8151932+01:00  [INF] Hosting environment: "Development" (c3307c92)
2020-04-23T10:15:20.8176047+01:00  [INF] Content root path: "C:\Users\LENOVO\source\repos\BiblioIUC\BiblioIUC" (b5d60022)
2020-04-23T10:23:29.3797648+01:00  [INF] Application started. Press Ctrl+C to shut down. (dcaefe54)
2020-04-23T10:23:29.3918192+01:00  [INF] Hosting environment: "Development" (c3307c92)
2020-04-23T10:23:29.3945750+01:00  [INF] Content root path: "C:\Users\LENOVO\source\repos\BiblioIUC\BiblioIUC" (b5d60022)
2020-04-23T10:27:35.0150986+01:00  [INF] Application started. Press Ctrl+C to shut down. (dcaefe54)
2020-04-23T10:27:35.0307037+01:00  [INF] Hosting environment: "Development" (c3307c92)
2020-04-23T10:27:35.0333034+01:00  [INF] Content root path: "C:\Users\LENOVO\source\repos\BiblioIUC\BiblioIUC" (b5d60022)
2020-04-23T10:30:13.9890236+01:00  [INF] Application started. Press Ctrl+C to shut down. (dcaefe54)
2020-04-23T10:30:14.0094869+01:00  [INF] Hosting environment: "Development" (c3307c92)
2020-04-23T10:30:14.0133632+01:00  [INF] Content root path: "C:\Users\LENOVO\source\repos\BiblioIUC\BiblioIUC" (b5d60022)
2020-04-23T10:30:49.5015538+01:00  [INF] Now listening on: "http://localhost:5000" (d826f4b8)
2020-04-23T10:30:49.5095074+01:00  [INF] Application started. Press Ctrl+C to shut down. (dcaefe54)
2020-04-23T10:30:49.5096596+01:00  [INF] Hosting environment: "Development" (c3307c92)
2020-04-23T10:30:49.5097111+01:00  [INF] Content root path: "C:\Users\LENOVO\source\repos\BiblioIUC\BiblioIUC" (b5d60022)
2020-04-23T10:32:26.8065093+01:00  [INF] Now listening on: "http://localhost:5000" (d826f4b8)
2020-04-23T10:32:26.8138789+01:00  [INF] Application started. Press Ctrl+C to shut down. (dcaefe54)
2020-04-23T10:32:26.8140449+01:00  [INF] Hosting environment: "Development" (c3307c92)
2020-04-23T10:32:26.8141026+01:00  [INF] Content root path: "C:\Users\LENOVO\source\repos\BiblioIUC\BiblioIUC" (b5d60022)
2020-04-23T10:33:16.4211427+01:00  [INF] Now listening on: "http://localhost:5000" (d826f4b8)
2020-04-23T10:33:16.4280882+01:00  [INF] Application started. Press Ctrl+C to shut down. (dcaefe54)
2020-04-23T10:33:16.4282219+01:00  [INF] Hosting environment: "Development" (c3307c92)
2020-04-23T10:33:16.4282766+01:00  [INF] Content root path: "C:\Users\LENOVO\source\repos\BiblioIUC\BiblioIUC" (b5d60022)
2020-04-23T10:45:29.8900879+01:00  [INF] Now listening on: "http://localhost:5000" (d826f4b8)
2020-04-23T10:45:29.8974316+01:00  [INF] Application started. Press Ctrl+C to shut down. (dcaefe54)
2020-04-23T10:45:29.8975550+01:00  [INF] Hosting environment: "Development" (c3307c92)
2020-04-23T10:45:29.8975977+01:00  [INF] Content root path: "C:\Users\LENOVO\source\repos\BiblioIUC\BiblioIUC" (b5d60022)
2020-04-23T10:46:07.1523709+01:00  [INF] Now listening on: "http://localhost:5000" (d826f4b8)
2020-04-23T10:46:07.1594692+01:00  [INF] Application started. Press Ctrl+C to shut down. (dcaefe54)
2020-04-23T10:46:07.1595971+01:00  [INF] Hosting environment: "Development" (c3307c92)
2020-04-23T10:46:07.1596463+01:00  [INF] Content root path: "C:\Users\LENOVO\source\repos\BiblioIUC\BiblioIUC" (b5d60022)
2020-04-23T10:59:02.3214079+01:00  [INF] Now listening on: "http://localhost:5000" (d826f4b8)
2020-04-23T10:59:02.3330211+01:00  [INF] Application started. Press Ctrl+C to shut down. (dcaefe54)
2020-04-23T10:59:02.3331521+01:00  [INF] Hosting environment: "Development" (c3307c92)
2020-04-23T10:59:02.3331924+01:00  [INF] Content root path: "C:\Users\LENOVO\source\repos\BiblioIUC\BiblioIUC" (b5d60022)
2020-04-23T11:03:54.7177614+01:00  [INF] Application is shutting down... (90f52c38)
2020-04-23T11:04:13.1106486+01:00  [INF] Now listening on: "http://localhost:5000" (d826f4b8)
2020-04-23T11:04:13.1176413+01:00  [INF] Application started. Press Ctrl+C to shut down. (dcaefe54)
2020-04-23T11:04:13.1177647+01:00  [INF] Hosting environment: "Development" (c3307c92)
2020-04-23T11:04:13.1178156+01:00  [INF] Content root path: "C:\Users\LENOVO\source\repos\BiblioIUC\BiblioIUC" (b5d60022)
2020-04-23T11:10:32.7921094+01:00  [INF] Application is shutting down... (90f52c38)
2020-04-23T11:10:44.1068383+01:00  [INF] Now listening on: "http://localhost:5000" (d826f4b8)
2020-04-23T11:10:44.1135745+01:00  [INF] Application started. Press Ctrl+C to shut down. (dcaefe54)
2020-04-23T11:10:44.1136565+01:00  [INF] Hosting environment: "Development" (c3307c92)
2020-04-23T11:10:44.1136823+01:00  [INF] Content root path: "C:\Users\LENOVO\source\repos\BiblioIUC\BiblioIUC" (b5d60022)
2020-04-23T11:17:04.5721848+01:00  [INF] Now listening on: "http://localhost:5000" (d826f4b8)
2020-04-23T11:17:04.5794109+01:00  [INF] Application started. Press Ctrl+C to shut down. (dcaefe54)
2020-04-23T11:17:04.5795425+01:00  [INF] Hosting environment: "Development" (c3307c92)
2020-04-23T11:17:04.5795815+01:00  [INF] Content root path: "C:\Users\LENOVO\source\repos\BiblioIUC\BiblioIUC" (b5d60022)
2020-04-23T11:18:41.9371447+01:00  [INF] Now listening on: "http://localhost:5000" (d826f4b8)
2020-04-23T11:18:41.9443341+01:00  [INF] Application started. Press Ctrl+C to shut down. (dcaefe54)
2020-04-23T11:18:41.9445480+01:00  [INF] Hosting environment: "Development" (c3307c92)
2020-04-23T11:18:41.9445910+01:00  [INF] Content root path: "C:\Users\LENOVO\source\repos\BiblioIUC\BiblioIUC" (b5d60022)
2020-04-23T11:33:25.9054267+01:00  [INF] Now listening on: "http://localhost:5000" (d826f4b8)
2020-04-23T11:33:25.9131400+01:00  [INF] Application started. Press Ctrl+C to shut down. (dcaefe54)
2020-04-23T11:33:25.9132772+01:00  [INF] Hosting environment: "Development" (c3307c92)
2020-04-23T11:33:25.9133091+01:00  [INF] Content root path: "C:\Users\LENOVO\source\repos\BiblioIUC\BiblioIUC" (b5d60022)
2020-04-23T11:37:02.5778610+01:00  [INF] Now listening on: "http://localhost:5000" (d826f4b8)
2020-04-23T11:37:02.5845869+01:00  [INF] Application started. Press Ctrl+C to shut down. (dcaefe54)
2020-04-23T11:37:02.5847153+01:00  [INF] Hosting environment: "Development" (c3307c92)
2020-04-23T11:37:02.5847558+01:00  [INF] Content root path: "C:\Users\LENOVO\source\repos\BiblioIUC\BiblioIUC" (b5d60022)
2020-04-23T11:37:45.1235704+01:00 0HLV7E9DBNR1I:00000001 [ERR] An unhandled exception has occurred while executing the request. (48a46595)
System.InvalidOperationException: Cannot retrieve property 'Name' because localization failed.  Type 'BiblioIUC.Localize.Text' is not public or does not contain a public static string property with the name 'Confirm_password'.
   at System.ComponentModel.DataAnnotations.LocalizableString.<>c__DisplayClass12_1.<GetLocalizableValue>b__2()
   at System.ComponentModel.DataAnnotations.LocalizableString.GetLocalizableValue()
   at System.ComponentModel.DataAnnotations.DisplayAttribute.GetName()
   at Microsoft.AspNetCore.Mvc.DataAnnotations.DataAnnotationsMetadataProvider.CreateDisplayMetadata(DisplayMetadataProviderContext context)
   at Microsoft.AspNetCore.Mvc.ModelBinding.Metadata.DefaultCompositeMetadataDetailsProvider.CreateDisplayMetadata(DisplayMetadataProviderContext context)
   at Microsoft.AspNetCore.Mvc.ModelBinding.Metadata.DefaultModelMetadata.get_DisplayMetadata()
   at Microsoft.AspNetCore.Mvc.ModelBinding.Metadata.DefaultModelMetadata.get_Order()
   at Microsoft.AspNetCore.Mvc.ModelBinding.Metadata.DefaultModelMetadata.<>c.<get_Properties>b__78_0(ModelMetadata p)
   at System.Linq.EnumerableSorter`2.ComputeKeys(TElement[] elements, Int32 count)
   at System.Linq.EnumerableSorter`1.ComputeMap(TElement[] elements, Int32 count)
   at System.Linq.EnumerableSorter`1.Sort(TElement[] elements, Int32 count)
   at System.Linq.OrderedEnumerable`1.ToList()
   at System.Linq.Enumerable.ToList[TSource](IEnumerable`1 source)
   at Microsoft.AspNetCore.Mvc.ModelBinding.ModelPropertyCollection..ctor(IEnumerable`1 properties)
   at Microsoft.AspNetCore.Mvc.ModelBinding.Metadata.DefaultModelMetadata.get_Properties()
   at Microsoft.AspNetCore.Mvc.ViewFeatures.ExpressionMetadataProvider.FromLambdaExpression[TModel,TResult](Expression`1 expression, ViewDataDictionary`1 viewData, IModelMetadataProvider metadataProvider)
   at Microsoft.AspNetCore.Mvc.ViewFeatures.ModelExpressionProvider.CreateModelExpression[TModel,TValue](ViewDataDictionary`1 viewData, Expression`1 expression)
   at AspNetCore.Views_Account_Profile.<ExecuteAsync>b__29_0() in C:\Users\LENOVO\source\repos\BiblioIUC\BiblioIUC\Views\Account\Profile.cshtml:line 12
   at Microsoft.AspNetCore.Razor.Runtime.TagHelpers.TagHelperExecutionContext.GetChildContentAsync(Boolean useCachedResult, HtmlEncoder encoder)
   at Microsoft.AspNetCore.Mvc.TagHelpers.RenderAtEndOfFormTagHelper.ProcessAsync(TagHelperContext context, TagHelperOutput output)
   at Microsoft.AspNetCore.Razor.Runtime.TagHelpers.TagHelperRunner.<RunAsync>g__Awaited|0_0(Task task, TagHelperExecutionContext executionContext, Int32 i, Int32 count)
   at AspNetCore.Views_Account_Profile.ExecuteAsync() in C:\Users\LENOVO\source\repos\BiblioIUC\BiblioIUC\Views\Account\Profile.cshtml:line 7
   at Microsoft.AspNetCore.Mvc.Razor.RazorView.RenderPageCoreAsync(IRazorPage page, ViewContext context)
   at Microsoft.AspNetCore.Mvc.Razor.RazorView.RenderPageAsync(IRazorPage page, ViewContext context, Boolean invokeViewStarts)
   at Microsoft.AspNetCore.Mvc.Razor.RazorView.RenderAsync(ViewContext context)
   at Microsoft.AspNetCore.Mvc.ViewFeatures.ViewExecutor.ExecuteAsync(ViewContext viewContext, String contentType, Nullable`1 statusCode)
   at Microsoft.AspNetCore.Mvc.ViewFeatures.ViewExecutor.ExecuteAsync(ViewContext viewContext, String contentType, Nullable`1 statusCode)
   at Microsoft.AspNetCore.Mvc.ViewFeatures.ViewExecutor.ExecuteAsync(ActionContext actionContext, IView view, ViewDataDictionary viewData, ITempDataDictionary tempData, String contentType, Nullable`1 statusCode)
   at Microsoft.AspNetCore.Mvc.ViewFeatures.ViewResultExecutor.ExecuteAsync(ActionContext context, ViewResult result)
   at Microsoft.AspNetCore.Mvc.ViewResult.ExecuteResultAsync(ActionContext context)
   at Microsoft.AspNetCore.Mvc.Infrastructure.ResourceInvoker.<InvokeNextResultFilterAsync>g__Awaited|29_0[TFilter,TFilterAsync](ResourceInvoker invoker, Task lastTask, State next, Scope scope, Object state, Boolean isCompleted)
   at Microsoft.AspNetCore.Mvc.Infrastructure.ResourceInvoker.Rethrow(ResultExecutedContextSealed context)
   at Microsoft.AspNetCore.Mvc.Infrastructure.ResourceInvoker.ResultNext[TFilter,TFilterAsync](State& next, Scope& scope, Object& state, Boolean& isCompleted)
   at Microsoft.AspNetCore.Mvc.Infrastructure.ResourceInvoker.InvokeResultFilters()
--- End of stack trace from previous location where exception was thrown ---
   at Microsoft.AspNetCore.Mvc.Infrastructure.ResourceInvoker.<InvokeNextResourceFilter>g__Awaited|24_0(ResourceInvoker invoker, Task lastTask, State next, Scope scope, Object state, Boolean isCompleted)
   at Microsoft.AspNetCore.Mvc.Infrastructure.ResourceInvoker.Rethrow(ResourceExecutedContextSealed context)
   at Microsoft.AspNetCore.Mvc.Infrastructure.ResourceInvoker.Next(State& next, Scope& scope, Object& state, Boolean& isCompleted)
   at Microsoft.AspNetCore.Mvc.Infrastructure.ResourceInvoker.<InvokeFilterPipelineAsync>g__Awaited|19_0(ResourceInvoker invoker, Task lastTask, State next, Scope scope, Object state, Boolean isCompleted)
   at Microsoft.AspNetCore.Mvc.Infrastructure.ResourceInvoker.<InvokeAsync>g__Awaited|17_0(ResourceInvoker invoker, Task task, IDisposable scope)
   at Microsoft.AspNetCore.Routing.EndpointMiddleware.<Invoke>g__AwaitRequestTask|6_0(Endpoint endpoint, Task requestTask, ILogger logger)
   at Microsoft.AspNetCore.Session.SessionMiddleware.Invoke(HttpContext context)
   at Microsoft.AspNetCore.Session.SessionMiddleware.Invoke(HttpContext context)
   at Microsoft.AspNetCore.Authorization.AuthorizationMiddleware.Invoke(HttpContext context)
   at Microsoft.AspNetCore.Authentication.AuthenticationMiddleware.Invoke(HttpContext context)
   at Microsoft.AspNetCore.Diagnostics.DeveloperExceptionPageMiddleware.Invoke(HttpContext context)
2020-04-23T11:38:21.8356633+01:00  [INF] Now listening on: "http://localhost:5000" (d826f4b8)
2020-04-23T11:38:21.8427277+01:00  [INF] Application started. Press Ctrl+C to shut down. (dcaefe54)
2020-04-23T11:38:21.8428525+01:00  [INF] Hosting environment: "Development" (c3307c92)
2020-04-23T11:38:21.8429030+01:00  [INF] Content root path: "C:\Users\LENOVO\source\repos\BiblioIUC\BiblioIUC" (b5d60022)
2020-04-23T11:38:44.4478665+01:00 0HLV7E9V4MSIM:00000001 [ERR] An unhandled exception has occurred while executing the request. (48a46595)
System.InvalidOperationException: Cannot retrieve property 'Name' because localization failed.  Type 'BiblioIUC.Localize.Text' is not public or does not contain a public static string property with the name 'Account'.
   at System.ComponentModel.DataAnnotations.LocalizableString.<>c__DisplayClass12_1.<GetLocalizableValue>b__2()
   at System.ComponentModel.DataAnnotations.LocalizableString.GetLocalizableValue()
   at System.ComponentModel.DataAnnotations.DisplayAttribute.GetName()
   at Microsoft.AspNetCore.Mvc.DataAnnotations.DataAnnotationsMetadataProvider.CreateDisplayMetadata(DisplayMetadataProviderContext context)
   at Microsoft.AspNetCore.Mvc.ModelBinding.Metadata.DefaultCompositeMetadataDetailsProvider.CreateDisplayMetadata(DisplayMetadataProviderContext context)
   at Microsoft.AspNetCore.Mvc.ModelBinding.Metadata.DefaultModelMetadata.get_DisplayMetadata()
   at Microsoft.AspNetCore.Mvc.ModelBinding.Metadata.DefaultModelMetadata.get_Order()
   at Microsoft.AspNetCore.Mvc.ModelBinding.Metadata.DefaultModelMetadata.<>c.<get_Properties>b__78_0(ModelMetadata p)
   at System.Linq.EnumerableSorter`2.ComputeKeys(TElement[] elements, Int32 count)
   at System.Linq.EnumerableSorter`1.ComputeMap(TElement[] elements, Int32 count)
   at System.Linq.EnumerableSorter`1.Sort(TElement[] elements, Int32 count)
   at System.Linq.OrderedEnumerable`1.ToList()
   at System.Linq.Enumerable.ToList[TSource](IEnumerable`1 source)
   at Microsoft.AspNetCore.Mvc.ModelBinding.ModelPropertyCollection..ctor(IEnumerable`1 properties)
   at Microsoft.AspNetCore.Mvc.ModelBinding.Metadata.DefaultModelMetadata.get_Properties()
   at Microsoft.AspNetCore.Mvc.ViewFeatures.ExpressionMetadataProvider.FromLambdaExpression[TModel,TResult](Expression`1 expression, ViewDataDictionary`1 viewData, IModelMetadataProvider metadataProvider)
   at Microsoft.AspNetCore.Mvc.ViewFeatures.ModelExpressionProvider.CreateModelExpression[TModel,TValue](ViewDataDictionary`1 viewData, Expression`1 expression)
   at AspNetCore.Views_Account_Profile.<ExecuteAsync>b__29_0() in C:\Users\LENOVO\source\repos\BiblioIUC\BiblioIUC\Views\Account\Profile.cshtml:line 12
   at Microsoft.AspNetCore.Razor.Runtime.TagHelpers.TagHelperExecutionContext.GetChildContentAsync(Boolean useCachedResult, HtmlEncoder encoder)
   at Microsoft.AspNetCore.Mvc.TagHelpers.RenderAtEndOfFormTagHelper.ProcessAsync(TagHelperContext context, TagHelperOutput output)
   at Microsoft.AspNetCore.Razor.Runtime.TagHelpers.TagHelperRunner.<RunAsync>g__Awaited|0_0(Task task, TagHelperExecutionContext executionContext, Int32 i, Int32 count)
   at AspNetCore.Views_Account_Profile.ExecuteAsync() in C:\Users\LENOVO\source\repos\BiblioIUC\BiblioIUC\Views\Account\Profile.cshtml:line 7
   at Microsoft.AspNetCore.Mvc.Razor.RazorView.RenderPageCoreAsync(IRazorPage page, ViewContext context)
   at Microsoft.AspNetCore.Mvc.Razor.RazorView.RenderPageAsync(IRazorPage page, ViewContext context, Boolean invokeViewStarts)
   at Microsoft.AspNetCore.Mvc.Razor.RazorView.RenderAsync(ViewContext context)
   at Microsoft.AspNetCore.Mvc.ViewFeatures.ViewExecutor.ExecuteAsync(ViewContext viewContext, String contentType, Nullable`1 statusCode)
   at Microsoft.AspNetCore.Mvc.ViewFeatures.ViewExecutor.ExecuteAsync(ViewContext viewContext, String contentType, Nullable`1 statusCode)
   at Microsoft.AspNetCore.Mvc.ViewFeatures.ViewExecutor.ExecuteAsync(ActionContext actionContext, IView view, ViewDataDictionary viewData, ITempDataDictionary tempData, String contentType, Nullable`1 statusCode)
   at Microsoft.AspNetCore.Mvc.ViewFeatures.ViewResultExecutor.ExecuteAsync(ActionContext context, ViewResult result)
   at Microsoft.AspNetCore.Mvc.ViewResult.ExecuteResultAsync(ActionContext context)
   at Microsoft.AspNetCore.Mvc.Infrastructure.ResourceInvoker.<InvokeNextResultFilterAsync>g__Awaited|29_0[TFilter,TFilterAsync](ResourceInvoker invoker, Task lastTask, State next, Scope scope, Object state, Boolean isCompleted)
   at Microsoft.AspNetCore.Mvc.Infrastructure.ResourceInvoker.Rethrow(ResultExecutedContextSealed context)
   at Microsoft.AspNetCore.Mvc.Infrastructure.ResourceInvoker.ResultNext[TFilter,TFilterAsync](State& next, Scope& scope, Object& state, Boolean& isCompleted)
   at Microsoft.AspNetCore.Mvc.Infrastructure.ResourceInvoker.InvokeResultFilters()
--- End of stack trace from previous location where exception was thrown ---
   at Microsoft.AspNetCore.Mvc.Infrastructure.ResourceInvoker.<InvokeNextResourceFilter>g__Awaited|24_0(ResourceInvoker invoker, Task lastTask, State next, Scope scope, Object state, Boolean isCompleted)
   at Microsoft.AspNetCore.Mvc.Infrastructure.ResourceInvoker.Rethrow(ResourceExecutedContextSealed context)
   at Microsoft.AspNetCore.Mvc.Infrastructure.ResourceInvoker.Next(State& next, Scope& scope, Object& state, Boolean& isCompleted)
   at Microsoft.AspNetCore.Mvc.Infrastructure.ResourceInvoker.<InvokeFilterPipelineAsync>g__Awaited|19_0(ResourceInvoker invoker, Task lastTask, State next, Scope scope, Object state, Boolean isCompleted)
   at Microsoft.AspNetCore.Mvc.Infrastructure.ResourceInvoker.<InvokeAsync>g__Awaited|17_0(ResourceInvoker invoker, Task task, IDisposable scope)
   at Microsoft.AspNetCore.Routing.EndpointMiddleware.<Invoke>g__AwaitRequestTask|6_0(Endpoint endpoint, Task requestTask, ILogger logger)
   at Microsoft.AspNetCore.Session.SessionMiddleware.Invoke(HttpContext context)
   at Microsoft.AspNetCore.Session.SessionMiddleware.Invoke(HttpContext context)
   at Microsoft.AspNetCore.Authorization.AuthorizationMiddleware.Invoke(HttpContext context)
   at Microsoft.AspNetCore.Authentication.AuthenticationMiddleware.Invoke(HttpContext context)
   at Microsoft.AspNetCore.Diagnostics.DeveloperExceptionPageMiddleware.Invoke(HttpContext context)
2020-04-23T11:39:27.5195645+01:00  [INF] Now listening on: "http://localhost:5000" (d826f4b8)
2020-04-23T11:39:27.5319180+01:00  [INF] Application started. Press Ctrl+C to shut down. (dcaefe54)
2020-04-23T11:39:27.5321039+01:00  [INF] Hosting environment: "Development" (c3307c92)
2020-04-23T11:39:27.5321512+01:00  [INF] Content root path: "C:\Users\LENOVO\source\repos\BiblioIUC\BiblioIUC" (b5d60022)
2020-04-23T11:39:29.8919715+01:00 0HLV7EACJMAN6:00000001 [ERR] An unhandled exception has occurred while executing the request. (48a46595)
System.InvalidOperationException: Cannot retrieve property 'Name' because localization failed.  Type 'BiblioIUC.Localize.Text' is not public or does not contain a public static string property with the name 'Fullname'.
   at System.ComponentModel.DataAnnotations.LocalizableString.<>c__DisplayClass12_1.<GetLocalizableValue>b__2()
   at System.ComponentModel.DataAnnotations.LocalizableString.GetLocalizableValue()
   at System.ComponentModel.DataAnnotations.DisplayAttribute.GetName()
   at Microsoft.AspNetCore.Mvc.DataAnnotations.DataAnnotationsMetadataProvider.CreateDisplayMetadata(DisplayMetadataProviderContext context)
   at Microsoft.AspNetCore.Mvc.ModelBinding.Metadata.DefaultCompositeMetadataDetailsProvider.CreateDisplayMetadata(DisplayMetadataProviderContext context)
   at Microsoft.AspNetCore.Mvc.ModelBinding.Metadata.DefaultModelMetadata.get_DisplayMetadata()
   at Microsoft.AspNetCore.Mvc.ModelBinding.Metadata.DefaultModelMetadata.get_Order()
   at Microsoft.AspNetCore.Mvc.ModelBinding.Metadata.DefaultModelMetadata.<>c.<get_Properties>b__78_0(ModelMetadata p)
   at System.Linq.EnumerableSorter`2.ComputeKeys(TElement[] elements, Int32 count)
   at System.Linq.EnumerableSorter`1.ComputeMap(TElement[] elements, Int32 count)
   at System.Linq.EnumerableSorter`1.Sort(TElement[] elements, Int32 count)
   at System.Linq.OrderedEnumerable`1.ToList()
   at System.Linq.Enumerable.ToList[TSource](IEnumerable`1 source)
   at Microsoft.AspNetCore.Mvc.ModelBinding.ModelPropertyCollection..ctor(IEnumerable`1 properties)
   at Microsoft.AspNetCore.Mvc.ModelBinding.Metadata.DefaultModelMetadata.get_Properties()
   at Microsoft.AspNetCore.Mvc.ViewFeatures.ExpressionMetadataProvider.FromLambdaExpression[TModel,TResult](Expression`1 expression, ViewDataDictionary`1 viewData, IModelMetadataProvider metadataProvider)
   at Microsoft.AspNetCore.Mvc.ViewFeatures.ModelExpressionProvider.CreateModelExpression[TModel,TValue](ViewDataDictionary`1 viewData, Expression`1 expression)
   at AspNetCore.Views_Account_Profile.<ExecuteAsync>b__29_0() in C:\Users\LENOVO\source\repos\BiblioIUC\BiblioIUC\Views\Account\Profile.cshtml:line 12
   at Microsoft.AspNetCore.Razor.Runtime.TagHelpers.TagHelperExecutionContext.GetChildContentAsync(Boolean useCachedResult, HtmlEncoder encoder)
   at Microsoft.AspNetCore.Mvc.TagHelpers.RenderAtEndOfFormTagHelper.ProcessAsync(TagHelperContext context, TagHelperOutput output)
   at Microsoft.AspNetCore.Razor.Runtime.TagHelpers.TagHelperRunner.<RunAsync>g__Awaited|0_0(Task task, TagHelperExecutionContext executionContext, Int32 i, Int32 count)
   at AspNetCore.Views_Account_Profile.ExecuteAsync() in C:\Users\LENOVO\source\repos\BiblioIUC\BiblioIUC\Views\Account\Profile.cshtml:line 7
   at Microsoft.AspNetCore.Mvc.Razor.RazorView.RenderPageCoreAsync(IRazorPage page, ViewContext context)
   at Microsoft.AspNetCore.Mvc.Razor.RazorView.RenderPageAsync(IRazorPage page, ViewContext context, Boolean invokeViewStarts)
   at Microsoft.AspNetCore.Mvc.Razor.RazorView.RenderAsync(ViewContext context)
   at Microsoft.AspNetCore.Mvc.ViewFeatures.ViewExecutor.ExecuteAsync(ViewContext viewContext, String contentType, Nullable`1 statusCode)
   at Microsoft.AspNetCore.Mvc.ViewFeatures.ViewExecutor.ExecuteAsync(ViewContext viewContext, String contentType, Nullable`1 statusCode)
   at Microsoft.AspNetCore.Mvc.ViewFeatures.ViewExecutor.ExecuteAsync(ActionContext actionContext, IView view, ViewDataDictionary viewData, ITempDataDictionary tempData, String contentType, Nullable`1 statusCode)
   at Microsoft.AspNetCore.Mvc.ViewFeatures.ViewResultExecutor.ExecuteAsync(ActionContext context, ViewResult result)
   at Microsoft.AspNetCore.Mvc.ViewResult.ExecuteResultAsync(ActionContext context)
   at Microsoft.AspNetCore.Mvc.Infrastructure.ResourceInvoker.<InvokeNextResultFilterAsync>g__Awaited|29_0[TFilter,TFilterAsync](ResourceInvoker invoker, Task lastTask, State next, Scope scope, Object state, Boolean isCompleted)
   at Microsoft.AspNetCore.Mvc.Infrastructure.ResourceInvoker.Rethrow(ResultExecutedContextSealed context)
   at Microsoft.AspNetCore.Mvc.Infrastructure.ResourceInvoker.ResultNext[TFilter,TFilterAsync](State& next, Scope& scope, Object& state, Boolean& isCompleted)
   at Microsoft.AspNetCore.Mvc.Infrastructure.ResourceInvoker.InvokeResultFilters()
--- End of stack trace from previous location where exception was thrown ---
   at Microsoft.AspNetCore.Mvc.Infrastructure.ResourceInvoker.<InvokeNextResourceFilter>g__Awaited|24_0(ResourceInvoker invoker, Task lastTask, State next, Scope scope, Object state, Boolean isCompleted)
   at Microsoft.AspNetCore.Mvc.Infrastructure.ResourceInvoker.Rethrow(ResourceExecutedContextSealed context)
   at Microsoft.AspNetCore.Mvc.Infrastructure.ResourceInvoker.Next(State& next, Scope& scope, Object& state, Boolean& isCompleted)
   at Microsoft.AspNetCore.Mvc.Infrastructure.ResourceInvoker.<InvokeFilterPipelineAsync>g__Awaited|19_0(ResourceInvoker invoker, Task lastTask, State next, Scope scope, Object state, Boolean isCompleted)
   at Microsoft.AspNetCore.Mvc.Infrastructure.ResourceInvoker.<InvokeAsync>g__Awaited|17_0(ResourceInvoker invoker, Task task, IDisposable scope)
   at Microsoft.AspNetCore.Routing.EndpointMiddleware.<Invoke>g__AwaitRequestTask|6_0(Endpoint endpoint, Task requestTask, ILogger logger)
   at Microsoft.AspNetCore.Session.SessionMiddleware.Invoke(HttpContext context)
   at Microsoft.AspNetCore.Session.SessionMiddleware.Invoke(HttpContext context)
   at Microsoft.AspNetCore.Authorization.AuthorizationMiddleware.Invoke(HttpContext context)
   at Microsoft.AspNetCore.Authentication.AuthenticationMiddleware.Invoke(HttpContext context)
   at Microsoft.AspNetCore.Diagnostics.DeveloperExceptionPageMiddleware.Invoke(HttpContext context)
2020-04-23T11:41:07.0049162+01:00  [INF] Now listening on: "http://localhost:5000" (d826f4b8)
2020-04-23T11:41:07.0145907+01:00  [INF] Application started. Press Ctrl+C to shut down. (dcaefe54)
2020-04-23T11:41:07.0147123+01:00  [INF] Hosting environment: "Development" (c3307c92)
2020-04-23T11:41:07.0147366+01:00  [INF] Content root path: "C:\Users\LENOVO\source\repos\BiblioIUC\BiblioIUC" (b5d60022)
2020-04-23T11:41:23.6000804+01:00  [INF] Now listening on: "http://localhost:5000" (d826f4b8)
2020-04-23T11:41:23.6077022+01:00  [INF] Application started. Press Ctrl+C to shut down. (dcaefe54)
2020-04-23T11:41:23.6078933+01:00  [INF] Hosting environment: "Development" (c3307c92)
2020-04-23T11:41:23.6079340+01:00  [INF] Content root path: "C:\Users\LENOVO\source\repos\BiblioIUC\BiblioIUC" (b5d60022)
2020-04-23T11:42:12.5206871+01:00  [INF] Now listening on: "http://localhost:5000" (d826f4b8)
2020-04-23T11:42:12.5279492+01:00  [INF] Application started. Press Ctrl+C to shut down. (dcaefe54)
2020-04-23T11:42:12.5280655+01:00  [INF] Hosting environment: "Development" (c3307c92)
2020-04-23T11:42:12.5280887+01:00  [INF] Content root path: "C:\Users\LENOVO\source\repos\BiblioIUC\BiblioIUC" (b5d60022)
2020-04-23T11:42:29.8508680+01:00  [INF] Now listening on: "http://localhost:5000" (d826f4b8)
2020-04-23T11:42:29.8592638+01:00  [INF] Application started. Press Ctrl+C to shut down. (dcaefe54)
2020-04-23T11:42:29.8593832+01:00  [INF] Hosting environment: "Development" (c3307c92)
2020-04-23T11:42:29.8594216+01:00  [INF] Content root path: "C:\Users\LENOVO\source\repos\BiblioIUC\BiblioIUC" (b5d60022)
2020-04-23T11:43:05.6967322+01:00  [INF] Now listening on: "http://localhost:5000" (d826f4b8)
2020-04-23T11:43:05.7092608+01:00  [INF] Application started. Press Ctrl+C to shut down. (dcaefe54)
2020-04-23T11:43:05.7093996+01:00  [INF] Hosting environment: "Development" (c3307c92)
2020-04-23T11:43:05.7094331+01:00  [INF] Content root path: "C:\Users\LENOVO\source\repos\BiblioIUC\BiblioIUC" (b5d60022)
2020-04-23T11:43:26.3893426+01:00  [INF] Now listening on: "http://localhost:5000" (d826f4b8)
2020-04-23T11:43:26.3973302+01:00  [INF] Application started. Press Ctrl+C to shut down. (dcaefe54)
2020-04-23T11:43:26.3974648+01:00  [INF] Hosting environment: "Development" (c3307c92)
2020-04-23T11:43:26.3975051+01:00  [INF] Content root path: "C:\Users\LENOVO\source\repos\BiblioIUC\BiblioIUC" (b5d60022)
2020-04-23T11:44:15.9894113+01:00  [INF] Now listening on: "http://localhost:5000" (d826f4b8)
2020-04-23T11:44:15.9969979+01:00  [INF] Application started. Press Ctrl+C to shut down. (dcaefe54)
2020-04-23T11:44:15.9971583+01:00  [INF] Hosting environment: "Development" (c3307c92)
2020-04-23T11:44:15.9971933+01:00  [INF] Content root path: "C:\Users\LENOVO\source\repos\BiblioIUC\BiblioIUC" (b5d60022)
2020-04-23T11:44:58.9889555+01:00  [INF] Now listening on: "http://localhost:5000" (d826f4b8)
2020-04-23T11:44:58.9961278+01:00  [INF] Application started. Press Ctrl+C to shut down. (dcaefe54)
2020-04-23T11:44:58.9962334+01:00  [INF] Hosting environment: "Development" (c3307c92)
2020-04-23T11:44:58.9962529+01:00  [INF] Content root path: "C:\Users\LENOVO\source\repos\BiblioIUC\BiblioIUC" (b5d60022)
2020-04-23T11:47:02.3698848+01:00  [INF] Now listening on: "http://localhost:5000" (d826f4b8)
2020-04-23T11:47:02.3786392+01:00  [INF] Application started. Press Ctrl+C to shut down. (dcaefe54)
2020-04-23T11:47:02.3788075+01:00  [INF] Hosting environment: "Development" (c3307c92)
2020-04-23T11:47:02.3788548+01:00  [INF] Content root path: "C:\Users\LENOVO\source\repos\BiblioIUC\BiblioIUC" (b5d60022)
2020-04-23T11:54:22.3915887+01:00  [INF] Now listening on: "http://localhost:5000" (d826f4b8)
2020-04-23T11:54:22.4001432+01:00  [INF] Application started. Press Ctrl+C to shut down. (dcaefe54)
2020-04-23T11:54:22.4008823+01:00  [INF] Hosting environment: "Development" (c3307c92)
2020-04-23T11:54:22.4012086+01:00  [INF] Content root path: "C:\Users\LENOVO\source\repos\BiblioIUC\BiblioIUC" (b5d60022)
2020-04-23T11:59:58.1659315+01:00  [INF] Now listening on: "http://localhost:5000" (d826f4b8)
2020-04-23T11:59:58.1732845+01:00  [INF] Application started. Press Ctrl+C to shut down. (dcaefe54)
2020-04-23T11:59:58.1734055+01:00  [INF] Hosting environment: "Development" (c3307c92)
2020-04-23T11:59:58.1734489+01:00  [INF] Content root path: "C:\Users\LENOVO\source\repos\BiblioIUC\BiblioIUC" (b5d60022)
2020-04-23T12:00:03.1639679+01:00  [INF] Application is shutting down... (90f52c38)
2020-04-23T12:00:37.2490405+01:00  [INF] Application started. Press Ctrl+C to shut down. (dcaefe54)
2020-04-23T12:00:37.2650766+01:00  [INF] Hosting environment: "Development" (c3307c92)
2020-04-23T12:00:37.2682506+01:00  [INF] Content root path: "C:\Users\LENOVO\source\repos\BiblioIUC\BiblioIUC" (b5d60022)
2020-04-23T12:16:37.0638864+01:00  [INF] Application started. Press Ctrl+C to shut down. (dcaefe54)
2020-04-23T12:16:37.0779804+01:00  [INF] Hosting environment: "Development" (c3307c92)
2020-04-23T12:16:37.0806256+01:00  [INF] Content root path: "C:\Users\LENOVO\source\repos\BiblioIUC\BiblioIUC" (b5d60022)
2020-04-23T12:26:41.9503430+01:00  [INF] Application started. Press Ctrl+C to shut down. (dcaefe54)
2020-04-23T12:26:41.9628881+01:00  [INF] Hosting environment: "Development" (c3307c92)
2020-04-23T12:26:41.9653575+01:00  [INF] Content root path: "C:\Users\LENOVO\source\repos\BiblioIUC\BiblioIUC" (b5d60022)
2020-04-23T12:51:16.6333081+01:00  [INF] Application started. Press Ctrl+C to shut down. (dcaefe54)
2020-04-23T12:51:16.7060411+01:00  [INF] Hosting environment: "Development" (c3307c92)
2020-04-23T12:51:16.7131063+01:00  [INF] Content root path: "C:\Users\LENOVO\source\repos\BiblioIUC\BiblioIUC" (b5d60022)
2020-04-23T12:53:25.7419747+01:00  [INF] Application started. Press Ctrl+C to shut down. (dcaefe54)
2020-04-23T12:53:25.7642272+01:00  [INF] Hosting environment: "Development" (c3307c92)
2020-04-23T12:53:25.7717718+01:00  [INF] Content root path: "C:\Users\LENOVO\source\repos\BiblioIUC\BiblioIUC" (b5d60022)
2020-04-23T13:00:56.2970675+01:00  [INF] Application started. Press Ctrl+C to shut down. (dcaefe54)
2020-04-23T13:00:56.3107572+01:00  [INF] Hosting environment: "Development" (c3307c92)
2020-04-23T13:00:56.3138193+01:00  [INF] Content root path: "C:\Users\LENOVO\source\repos\BiblioIUC\BiblioIUC" (b5d60022)
2020-04-23T13:02:25.2684679+01:00  [INF] Application started. Press Ctrl+C to shut down. (dcaefe54)
2020-04-23T13:02:25.2944909+01:00  [INF] Hosting environment: "Development" (c3307c92)
2020-04-23T13:02:25.2979614+01:00  [INF] Content root path: "C:\Users\LENOVO\source\repos\BiblioIUC\BiblioIUC" (b5d60022)
2020-04-23T13:04:09.8717438+01:00  [INF] Application started. Press Ctrl+C to shut down. (dcaefe54)
2020-04-23T13:04:09.8957244+01:00  [INF] Hosting environment: "Development" (c3307c92)
2020-04-23T13:04:09.8988023+01:00  [INF] Content root path: "C:\Users\LENOVO\source\repos\BiblioIUC\BiblioIUC" (b5d60022)
2020-04-23T13:05:55.3987219+01:00  [INF] Application started. Press Ctrl+C to shut down. (dcaefe54)
2020-04-23T13:05:55.4144270+01:00  [INF] Hosting environment: "Development" (c3307c92)
2020-04-23T13:05:55.4177065+01:00  [INF] Content root path: "C:\Users\LENOVO\source\repos\BiblioIUC\BiblioIUC" (b5d60022)
2020-04-23T13:19:25.1899832+01:00  [INF] Application started. Press Ctrl+C to shut down. (dcaefe54)
2020-04-23T13:19:25.2049775+01:00  [INF] Hosting environment: "Development" (c3307c92)
2020-04-23T13:19:25.2072403+01:00  [INF] Content root path: "C:\Users\LENOVO\source\repos\BiblioIUC\BiblioIUC" (b5d60022)
2020-04-23T13:31:52.9157179+01:00  [INF] Application started. Press Ctrl+C to shut down. (dcaefe54)
2020-04-23T13:31:52.9325975+01:00  [INF] Hosting environment: "Development" (c3307c92)
2020-04-23T13:31:52.9355961+01:00  [INF] Content root path: "C:\Users\LENOVO\source\repos\BiblioIUC\BiblioIUC" (b5d60022)
2020-04-23T13:37:16.3384621+01:00  [INF] Application started. Press Ctrl+C to shut down. (dcaefe54)
2020-04-23T13:37:16.3565625+01:00  [INF] Hosting environment: "Development" (c3307c92)
2020-04-23T13:37:16.4027466+01:00  [INF] Content root path: "C:\Users\LENOVO\source\repos\BiblioIUC\BiblioIUC" (b5d60022)
2020-04-23T13:39:49.9758347+01:00  [INF] Application started. Press Ctrl+C to shut down. (dcaefe54)
2020-04-23T13:39:50.1688839+01:00  [INF] Hosting environment: "Development" (c3307c92)
2020-04-23T13:39:50.1844088+01:00  [INF] Content root path: "C:\Users\LENOVO\source\repos\BiblioIUC\BiblioIUC" (b5d60022)
2020-04-23T13:41:20.6098828+01:00  [INF] Application started. Press Ctrl+C to shut down. (dcaefe54)
2020-04-23T13:41:20.7131273+01:00  [INF] Hosting environment: "Development" (c3307c92)
2020-04-23T13:41:20.7211378+01:00  [INF] Content root path: "C:\Users\LENOVO\source\repos\BiblioIUC\BiblioIUC" (b5d60022)
2020-04-23T13:46:20.3362698+01:00  [INF] Application started. Press Ctrl+C to shut down. (dcaefe54)
2020-04-23T13:46:20.3555439+01:00  [INF] Hosting environment: "Development" (c3307c92)
2020-04-23T13:46:20.3588029+01:00  [INF] Content root path: "C:\Users\LENOVO\source\repos\BiblioIUC\BiblioIUC" (b5d60022)
2020-04-23T13:47:53.7329755+01:00  [INF] Application started. Press Ctrl+C to shut down. (dcaefe54)
2020-04-23T13:47:53.7463196+01:00  [INF] Hosting environment: "Development" (c3307c92)
2020-04-23T13:47:53.7482494+01:00  [INF] Content root path: "C:\Users\LENOVO\source\repos\BiblioIUC\BiblioIUC" (b5d60022)
2020-04-23T13:51:25.7267792+01:00  [INF] Application started. Press Ctrl+C to shut down. (dcaefe54)
2020-04-23T13:51:25.7403438+01:00  [INF] Hosting environment: "Development" (c3307c92)
2020-04-23T13:51:25.7457583+01:00  [INF] Content root path: "C:\Users\LENOVO\source\repos\BiblioIUC\BiblioIUC" (b5d60022)
2020-04-23T13:53:19.2445794+01:00  [INF] Now listening on: "http://localhost:5000" (d826f4b8)
2020-04-23T13:53:19.2520461+01:00  [INF] Application started. Press Ctrl+C to shut down. (dcaefe54)
2020-04-23T13:53:19.2522276+01:00  [INF] Hosting environment: "Development" (c3307c92)
2020-04-23T13:53:19.2522878+01:00  [INF] Content root path: "C:\Users\LENOVO\source\repos\BiblioIUC\BiblioIUC" (b5d60022)
2020-04-23T14:14:40.6548827+01:00  [INF] Now listening on: "http://localhost:5000" (d826f4b8)
2020-04-23T14:14:40.6627384+01:00  [INF] Application started. Press Ctrl+C to shut down. (dcaefe54)
2020-04-23T14:14:40.6629294+01:00  [INF] Hosting environment: "Development" (c3307c92)
2020-04-23T14:14:40.6629834+01:00  [INF] Content root path: "C:\Users\LENOVO\source\repos\BiblioIUC\BiblioIUC" (b5d60022)
2020-04-23T14:16:28.2130281+01:00  [INF] Now listening on: "http://localhost:5000" (d826f4b8)
2020-04-23T14:16:28.2203202+01:00  [INF] Application started. Press Ctrl+C to shut down. (dcaefe54)
2020-04-23T14:16:28.2204596+01:00  [INF] Hosting environment: "Development" (c3307c92)
2020-04-23T14:16:28.2204923+01:00  [INF] Content root path: "C:\Users\LENOVO\source\repos\BiblioIUC\BiblioIUC" (b5d60022)
2020-04-23T15:08:01.1286997+01:00  [INF] Now listening on: "http://localhost:5000" (d826f4b8)
2020-04-23T15:08:01.1356734+01:00  [INF] Application started. Press Ctrl+C to shut down. (dcaefe54)
2020-04-23T15:08:01.1358182+01:00  [INF] Hosting environment: "Development" (c3307c92)
2020-04-23T15:08:01.1358632+01:00  [INF] Content root path: "C:\Users\LENOVO\source\repos\BiblioIUC\BiblioIUC" (b5d60022)
2020-04-23T15:27:37.8431255+01:00  [INF] Now listening on: "http://localhost:5000" (d826f4b8)
2020-04-23T15:27:37.8502236+01:00  [INF] Application started. Press Ctrl+C to shut down. (dcaefe54)
2020-04-23T15:27:37.8503813+01:00  [INF] Hosting environment: "Development" (c3307c92)
2020-04-23T15:27:37.8504179+01:00  [INF] Content root path: "C:\Users\LENOVO\source\repos\BiblioIUC\BiblioIUC" (b5d60022)
2020-04-23T15:38:19.2735253+01:00  [INF] Now listening on: "http://localhost:5000" (d826f4b8)
2020-04-23T15:38:19.2813704+01:00  [INF] Application started. Press Ctrl+C to shut down. (dcaefe54)
2020-04-23T15:38:19.2814773+01:00  [INF] Hosting environment: "Development" (c3307c92)
2020-04-23T15:38:19.2815566+01:00  [INF] Content root path: "C:\Users\LENOVO\source\repos\BiblioIUC\BiblioIUC" (b5d60022)
2020-04-23T15:50:29.8992951+01:00  [INF] Now listening on: "http://localhost:5000" (d826f4b8)
2020-04-23T15:50:29.9064734+01:00  [INF] Application started. Press Ctrl+C to shut down. (dcaefe54)
2020-04-23T15:50:29.9066298+01:00  [INF] Hosting environment: "Development" (c3307c92)
2020-04-23T15:50:29.9066699+01:00  [INF] Content root path: "C:\Users\LENOVO\source\repos\BiblioIUC\BiblioIUC" (b5d60022)
2020-04-23T16:02:57.9561594+01:00  [INF] Now listening on: "http://localhost:5000" (d826f4b8)
2020-04-23T16:02:57.9637091+01:00  [INF] Application started. Press Ctrl+C to shut down. (dcaefe54)
2020-04-23T16:02:57.9638556+01:00  [INF] Hosting environment: "Development" (c3307c92)
2020-04-23T16:02:57.9638942+01:00  [INF] Content root path: "C:\Users\LENOVO\source\repos\BiblioIUC\BiblioIUC" (b5d60022)
2020-04-23T16:05:06.3190234+01:00  [INF] Now listening on: "http://localhost:5000" (d826f4b8)
2020-04-23T16:05:06.3263899+01:00  [INF] Application started. Press Ctrl+C to shut down. (dcaefe54)
2020-04-23T16:05:06.3265136+01:00  [INF] Hosting environment: "Development" (c3307c92)
2020-04-23T16:05:06.3265641+01:00  [INF] Content root path: "C:\Users\LENOVO\source\repos\BiblioIUC\BiblioIUC" (b5d60022)
2020-04-23T16:05:33.8130075+01:00  [INF] Now listening on: "http://localhost:5000" (d826f4b8)
2020-04-23T16:05:33.8204920+01:00  [INF] Application started. Press Ctrl+C to shut down. (dcaefe54)
2020-04-23T16:05:33.8208090+01:00  [INF] Hosting environment: "Development" (c3307c92)
2020-04-23T16:05:33.8209045+01:00  [INF] Content root path: "C:\Users\LENOVO\source\repos\BiblioIUC\BiblioIUC" (b5d60022)
2020-04-23T16:18:52.4430041+01:00  [INF] Now listening on: "http://localhost:5000" (d826f4b8)
2020-04-23T16:18:52.4504526+01:00  [INF] Application started. Press Ctrl+C to shut down. (dcaefe54)
2020-04-23T16:18:52.4506307+01:00  [INF] Hosting environment: "Development" (c3307c92)
2020-04-23T16:18:52.4506715+01:00  [INF] Content root path: "C:\Users\LENOVO\source\repos\BiblioIUC\BiblioIUC" (b5d60022)
2020-04-23T16:21:10.6119484+01:00  [INF] Now listening on: "http://localhost:5000" (d826f4b8)
2020-04-23T16:21:10.6197979+01:00  [INF] Application started. Press Ctrl+C to shut down. (dcaefe54)
2020-04-23T16:21:10.6199194+01:00  [INF] Hosting environment: "Development" (c3307c92)
2020-04-23T16:21:10.6199705+01:00  [INF] Content root path: "C:\Users\LENOVO\source\repos\BiblioIUC\BiblioIUC" (b5d60022)
2020-04-23T16:39:48.2661562+01:00  [INF] Now listening on: "http://localhost:5000" (d826f4b8)
2020-04-23T16:39:48.2792325+01:00  [INF] Application started. Press Ctrl+C to shut down. (dcaefe54)
2020-04-23T16:39:48.2793663+01:00  [INF] Hosting environment: "Development" (c3307c92)
2020-04-23T16:39:48.2794146+01:00  [INF] Content root path: "C:\Users\LENOVO\source\repos\BiblioIUC\BiblioIUC" (b5d60022)
2020-04-23T17:24:00.6752656+01:00  [INF] Application is shutting down... (90f52c38)
2020-04-23T17:28:37.2080699+01:00  [INF] Application started. Press Ctrl+C to shut down. (dcaefe54)
2020-04-23T17:28:37.2374587+01:00  [INF] Hosting environment: "Development" (c3307c92)
2020-04-23T17:28:37.2415671+01:00  [INF] Content root path: "C:\Users\LENOVO\source\repos\BiblioIUC\BiblioIUC" (b5d60022)
2020-04-23T17:31:49.9679103+01:00  [INF] Application started. Press Ctrl+C to shut down. (dcaefe54)
2020-04-23T17:31:49.9863439+01:00  [INF] Hosting environment: "Development" (c3307c92)
2020-04-23T17:31:49.9913179+01:00  [INF] Content root path: "C:\Users\LENOVO\source\repos\BiblioIUC\BiblioIUC" (b5d60022)
2020-04-23T21:41:27.6038165+01:00  [INF] Application started. Press Ctrl+C to shut down. (dcaefe54)
2020-04-23T21:41:27.6431566+01:00  [INF] Hosting environment: "Development" (c3307c92)
2020-04-23T21:41:27.6454801+01:00  [INF] Content root path: "C:\Users\LENOVO\source\repos\BiblioIUC\BiblioIUC" (b5d60022)
2020-04-23T21:42:51.7994327+01:00  [INF] Application started. Press Ctrl+C to shut down. (dcaefe54)
2020-04-23T21:42:51.8701416+01:00  [INF] Hosting environment: "Development" (c3307c92)
2020-04-23T21:42:51.8738916+01:00  [INF] Content root path: "C:\Users\LENOVO\source\repos\BiblioIUC\BiblioIUC" (b5d60022)
2020-04-23T21:46:21.8669824+01:00  [INF] Application started. Press Ctrl+C to shut down. (dcaefe54)
2020-04-23T21:46:21.8840530+01:00  [INF] Hosting environment: "Development" (c3307c92)
2020-04-23T21:46:21.8865182+01:00  [INF] Content root path: "C:\Users\LENOVO\source\repos\BiblioIUC\BiblioIUC" (b5d60022)
2020-04-23T22:04:07.9050531+01:00  [INF] Application started. Press Ctrl+C to shut down. (dcaefe54)
2020-04-23T22:04:07.9215596+01:00  [INF] Hosting environment: "Development" (c3307c92)
2020-04-23T22:04:07.9245110+01:00  [INF] Content root path: "C:\Users\LENOVO\source\repos\BiblioIUC\BiblioIUC" (b5d60022)
2020-04-23T22:05:35.4985770+01:00  [INF] Now listening on: "http://localhost:5000" (d826f4b8)
2020-04-23T22:05:35.5056068+01:00  [INF] Application started. Press Ctrl+C to shut down. (dcaefe54)
2020-04-23T22:05:35.5058845+01:00  [INF] Hosting environment: "Development" (c3307c92)
2020-04-23T22:05:35.5059240+01:00  [INF] Content root path: "C:\Users\LENOVO\source\repos\BiblioIUC\BiblioIUC" (b5d60022)
2020-04-23T22:08:12.6204269+01:00  [INF] Now listening on: "http://localhost:5000" (d826f4b8)
2020-04-23T22:08:12.6273994+01:00  [INF] Application started. Press Ctrl+C to shut down. (dcaefe54)
2020-04-23T22:08:12.6275357+01:00  [INF] Hosting environment: "Development" (c3307c92)
2020-04-23T22:08:12.6275676+01:00  [INF] Content root path: "C:\Users\LENOVO\source\repos\BiblioIUC\BiblioIUC" (b5d60022)
2020-04-23T22:47:17.3657757+01:00  [INF] Now listening on: "http://localhost:5000" (d826f4b8)
2020-04-23T22:47:17.3730031+01:00  [INF] Application started. Press Ctrl+C to shut down. (dcaefe54)
2020-04-23T22:47:17.3731243+01:00  [INF] Hosting environment: "Development" (c3307c92)
2020-04-23T22:47:17.3731671+01:00  [INF] Content root path: "C:\Users\LENOVO\source\repos\BiblioIUC\BiblioIUC" (b5d60022)
2020-04-23T22:47:29.3124297+01:00  [INF] Now listening on: "http://localhost:5000" (d826f4b8)
2020-04-23T22:47:29.3194431+01:00  [INF] Application started. Press Ctrl+C to shut down. (dcaefe54)
2020-04-23T22:47:29.3196277+01:00  [INF] Hosting environment: "Development" (c3307c92)
2020-04-23T22:47:29.3196724+01:00  [INF] Content root path: "C:\Users\LENOVO\source\repos\BiblioIUC\BiblioIUC" (b5d60022)
2020-04-23T22:47:33.5354544+01:00  [INF] Application is shutting down... (90f52c38)
2020-04-23T22:47:47.9491535+01:00  [INF] Application started. Press Ctrl+C to shut down. (dcaefe54)
2020-04-23T22:47:47.9691791+01:00  [INF] Hosting environment: "Development" (c3307c92)
2020-04-23T22:47:47.9714147+01:00  [INF] Content root path: "C:\Users\LENOVO\source\repos\BiblioIUC\BiblioIUC" (b5d60022)
2020-04-23T23:25:41.9810658+01:00  [INF] Application started. Press Ctrl+C to shut down. (dcaefe54)
2020-04-23T23:25:42.0502110+01:00  [INF] Hosting environment: "Development" (c3307c92)
2020-04-23T23:25:42.0524220+01:00  [INF] Content root path: "C:\Users\LENOVO\source\repos\BiblioIUC\BiblioIUC" (b5d60022)
2020-04-23T23:29:01.9398235+01:00  [INF] Application started. Press Ctrl+C to shut down. (dcaefe54)
2020-04-23T23:29:01.9545222+01:00  [INF] Hosting environment: "Development" (c3307c92)
2020-04-23T23:29:01.9589140+01:00  [INF] Content root path: "C:\Users\LENOVO\source\repos\BiblioIUC\BiblioIUC" (b5d60022)
2020-04-23T23:32:03.7906226+01:00  [INF] Application started. Press Ctrl+C to shut down. (dcaefe54)
2020-04-23T23:32:03.8050785+01:00  [INF] Hosting environment: "Development" (c3307c92)
2020-04-23T23:32:03.8071059+01:00  [INF] Content root path: "C:\Users\LENOVO\source\repos\BiblioIUC\BiblioIUC" (b5d60022)
2020-04-23T23:33:28.4965476+01:00  [INF] Application started. Press Ctrl+C to shut down. (dcaefe54)
2020-04-23T23:33:28.5510966+01:00  [INF] Hosting environment: "Development" (c3307c92)
2020-04-23T23:33:28.5642351+01:00  [INF] Content root path: "C:\Users\LENOVO\source\repos\BiblioIUC\BiblioIUC" (b5d60022)
2020-04-23T23:36:33.8067062+01:00  [INF] Application started. Press Ctrl+C to shut down. (dcaefe54)
2020-04-23T23:36:33.8310413+01:00  [INF] Hosting environment: "Development" (c3307c92)
2020-04-23T23:36:33.8696600+01:00  [INF] Content root path: "C:\Users\LENOVO\source\repos\BiblioIUC\BiblioIUC" (b5d60022)
2020-04-23T23:40:25.5447038+01:00  [INF] Application started. Press Ctrl+C to shut down. (dcaefe54)
2020-04-23T23:40:25.5556792+01:00  [INF] Hosting environment: "Development" (c3307c92)
2020-04-23T23:40:25.5578782+01:00  [INF] Content root path: "C:\Users\LENOVO\source\repos\BiblioIUC\BiblioIUC" (b5d60022)
2020-04-23T23:42:00.5917503+01:00 80000079-0002-fd00-b63f-84710c7967bb [ERR] System.Runtime.InteropServices.ExternalException (0x80004005): A generic error occurred in GDI+.
   at BiblioIUC.Logics.UserLogic.EditProfilAsync(UserModel userModel, HttpRequest request, String mediaFolderPath, String prefixPhotoProfileName) in C:\Users\LENOVO\source\repos\BiblioIUC\BiblioIUC\Logics\UserLogic.cs:line 123
   at BiblioIUC.Controllers.AccountController.Profile(UserModel userModel) in C:\Users\LENOVO\source\repos\BiblioIUC\BiblioIUC\Controllers\AccountController.cs:line 134

 (ca251ece)
2020-04-23T23:44:32.1625879+01:00  [INF] Application started. Press Ctrl+C to shut down. (dcaefe54)
2020-04-23T23:44:32.1786806+01:00  [INF] Hosting environment: "Development" (c3307c92)
2020-04-23T23:44:32.1817194+01:00  [INF] Content root path: "C:\Users\LENOVO\source\repos\BiblioIUC\BiblioIUC" (b5d60022)
2020-04-23T23:45:06.5316760+01:00  [INF] Application started. Press Ctrl+C to shut down. (dcaefe54)
2020-04-23T23:45:06.5459179+01:00  [INF] Hosting environment: "Development" (c3307c92)
2020-04-23T23:45:06.5481498+01:00  [INF] Content root path: "C:\Users\LENOVO\source\repos\BiblioIUC\BiblioIUC" (b5d60022)
2020-04-23T23:50:50.0816880+01:00 8000005b-0000-f300-b63f-84710c7967bb [ERR] System.Runtime.InteropServices.ExternalException (0x80004005): A generic error occurred in GDI+.
   at BiblioIUC.Logics.UserLogic.EditProfilAsync(UserModel userModel, HttpRequest request, String mediaFolderPath, String prefixPhotoProfileName) in C:\Users\LENOVO\source\repos\BiblioIUC\BiblioIUC\Logics\UserLogic.cs:line 123
   at BiblioIUC.Controllers.AccountController.Profile(UserModel userModel) in C:\Users\LENOVO\source\repos\BiblioIUC\BiblioIUC\Controllers\AccountController.cs:line 134

 (ca251ece)
