2020-04-24T00:06:32.5105431+01:00  [INF] Application started. Press Ctrl+C to shut down. (dcaefe54)
2020-04-24T00:06:32.5277778+01:00  [INF] Hosting environment: "Development" (c3307c92)
2020-04-24T00:06:32.5312865+01:00  [INF] Content root path: "C:\Users\LENOVO\source\repos\BiblioIUC\BiblioIUC" (b5d60022)
2020-04-24T00:10:33.0652393+01:00  [INF] Application started. Press Ctrl+C to shut down. (dcaefe54)
2020-04-24T00:10:33.0788016+01:00  [INF] Hosting environment: "Development" (c3307c92)
2020-04-24T00:10:33.0817371+01:00  [INF] Content root path: "C:\Users\LENOVO\source\repos\BiblioIUC\BiblioIUC" (b5d60022)
2020-04-24T00:15:26.3137820+01:00 80000016-0003-fc00-b63f-84710c7967bb [ERR] System.Runtime.InteropServices.ExternalException (0x80004005): A generic error occurred in GDI+.
   at BiblioIUC.Logics.UserLogic.EditProfilAsync(UserModel userModel, HttpRequest request, String mediaFolderPath, String prefixPhotoProfileName) in C:\Users\LENOVO\source\repos\BiblioIUC\BiblioIUC\Logics\UserLogic.cs:line 127
   at BiblioIUC.Controllers.AccountController.Profile(UserModel userModel) in C:\Users\LENOVO\source\repos\BiblioIUC\BiblioIUC\Controllers\AccountController.cs:line 134

 (0f09ecbc)
2020-04-24T00:16:05.1940293+01:00  [INF] Application started. Press Ctrl+C to shut down. (dcaefe54)
2020-04-24T00:16:05.2156634+01:00  [INF] Hosting environment: "Development" (c3307c92)
2020-04-24T00:16:05.2189650+01:00  [INF] Content root path: "C:\Users\LENOVO\source\repos\BiblioIUC\BiblioIUC" (b5d60022)
2020-04-24T00:18:23.7947092+01:00 80000096-0002-f900-b63f-84710c7967bb [ERR] System.Runtime.InteropServices.ExternalException (0x80004005): A generic error occurred in GDI+.
   at BiblioIUC.Logics.UserLogic.EditProfilAsync(UserModel userModel, HttpRequest request, String mediaFolderPath, String prefixPhotoProfileName) in C:\Users\LENOVO\source\repos\BiblioIUC\BiblioIUC\Logics\UserLogic.cs:line 127
   at BiblioIUC.Controllers.AccountController.Profile(UserModel userModel) in C:\Users\LENOVO\source\repos\BiblioIUC\BiblioIUC\Controllers\AccountController.cs:line 134

 (0f09ecbc)
2020-04-24T00:20:05.3527113+01:00  [INF] Application started. Press Ctrl+C to shut down. (dcaefe54)
2020-04-24T00:20:05.3691241+01:00  [INF] Hosting environment: "Development" (c3307c92)
2020-04-24T00:20:05.3720416+01:00  [INF] Content root path: "C:\Users\LENOVO\source\repos\BiblioIUC\BiblioIUC" (b5d60022)
2020-04-24T00:26:21.6446579+01:00  [INF] Application started. Press Ctrl+C to shut down. (dcaefe54)
2020-04-24T00:26:21.6581817+01:00  [INF] Hosting environment: "Development" (c3307c92)
2020-04-24T00:26:21.6632296+01:00  [INF] Content root path: "C:\Users\LENOVO\source\repos\BiblioIUC\BiblioIUC" (b5d60022)
2020-04-24T00:30:02.9866198+01:00  [INF] Application started. Press Ctrl+C to shut down. (dcaefe54)
2020-04-24T00:30:02.9992032+01:00  [INF] Hosting environment: "Development" (c3307c92)
2020-04-24T00:30:03.0014169+01:00  [INF] Content root path: "C:\Users\LENOVO\source\repos\BiblioIUC\BiblioIUC" (b5d60022)
2020-04-24T00:35:54.4144109+01:00  [INF] Application started. Press Ctrl+C to shut down. (dcaefe54)
2020-04-24T00:35:54.4311971+01:00  [INF] Hosting environment: "Development" (c3307c92)
2020-04-24T00:35:54.4369386+01:00  [INF] Content root path: "C:\Users\LENOVO\source\repos\BiblioIUC\BiblioIUC" (b5d60022)
2020-04-24T00:37:45.1043057+01:00 80000075-0000-f300-b63f-84710c7967bb [ERR] System.Runtime.InteropServices.ExternalException (0x80004005): A generic error occurred in GDI+.
   at BiblioIUC.Logics.UserLogic.EditProfilAsync(UserModel userModel, HttpRequest request, String mediaFolderPath, String prefixPhotoProfileName) in C:\Users\LENOVO\source\repos\BiblioIUC\BiblioIUC\Logics\UserLogic.cs:line 127
   at BiblioIUC.Controllers.AccountController.Profile(UserModel userModel) in C:\Users\LENOVO\source\repos\BiblioIUC\BiblioIUC\Controllers\AccountController.cs:line 134

 (0f09ecbc)
2020-04-24T00:54:11.5389303+01:00  [INF] Application started. Press Ctrl+C to shut down. (dcaefe54)
2020-04-24T00:54:11.5562489+01:00  [INF] Hosting environment: "Development" (c3307c92)
2020-04-24T00:54:11.5593915+01:00  [INF] Content root path: "C:\Users\LENOVO\source\repos\BiblioIUC\BiblioIUC" (b5d60022)
2020-04-24T00:54:51.7718249+01:00 80000053-0001-fd00-b63f-84710c7967bb [ERR] System.Runtime.InteropServices.ExternalException (0x80004005): A generic error occurred in GDI+.
   at BiblioIUC.Logics.UserLogic.EditProfilAsync(UserModel userModel, HttpRequest request, String mediaFolderPath, String prefixPhotoProfileName) in C:\Users\LENOVO\source\repos\BiblioIUC\BiblioIUC\Logics\UserLogic.cs:line 129
   at BiblioIUC.Controllers.AccountController.Profile(UserModel userModel) in C:\Users\LENOVO\source\repos\BiblioIUC\BiblioIUC\Controllers\AccountController.cs:line 134

 (a42d3aaa)
2020-04-24T00:57:41.2088212+01:00 80000048-0000-f400-b63f-84710c7967bb [ERR] System.Runtime.InteropServices.ExternalException (0x80004005): A generic error occurred in GDI+.
   at BiblioIUC.Logics.UserLogic.EditProfilAsync(UserModel userModel, HttpRequest request, String mediaFolderPath, String prefixPhotoProfileName) in C:\Users\LENOVO\source\repos\BiblioIUC\BiblioIUC\Logics\UserLogic.cs:line 129
   at BiblioIUC.Controllers.AccountController.Profile(UserModel userModel) in C:\Users\LENOVO\source\repos\BiblioIUC\BiblioIUC\Controllers\AccountController.cs:line 134

 (a42d3aaa)
2020-04-24T01:05:26.2137585+01:00  [INF] Application started. Press Ctrl+C to shut down. (dcaefe54)
2020-04-24T01:05:26.2263475+01:00  [INF] Hosting environment: "Development" (c3307c92)
2020-04-24T01:05:26.2286812+01:00  [INF] Content root path: "C:\Users\LENOVO\source\repos\BiblioIUC\BiblioIUC" (b5d60022)
2020-04-24T01:06:56.0716157+01:00  [INF] Application started. Press Ctrl+C to shut down. (dcaefe54)
2020-04-24T01:06:56.0828418+01:00  [INF] Hosting environment: "Development" (c3307c92)
2020-04-24T01:06:56.0867609+01:00  [INF] Content root path: "C:\Users\LENOVO\source\repos\BiblioIUC\BiblioIUC" (b5d60022)
2020-04-24T01:09:01.3413946+01:00  [INF] Application started. Press Ctrl+C to shut down. (dcaefe54)
2020-04-24T01:09:01.3547683+01:00  [INF] Hosting environment: "Development" (c3307c92)
2020-04-24T01:09:01.3570690+01:00  [INF] Content root path: "C:\Users\LENOVO\source\repos\BiblioIUC\BiblioIUC" (b5d60022)
2020-04-24T01:27:42.4026468+01:00  [INF] Application started. Press Ctrl+C to shut down. (dcaefe54)
2020-04-24T01:27:42.4181585+01:00  [INF] Hosting environment: "Development" (c3307c92)
2020-04-24T01:27:42.4203093+01:00  [INF] Content root path: "C:\Users\LENOVO\source\repos\BiblioIUC\BiblioIUC" (b5d60022)
2020-04-24T01:34:19.9431076+01:00  [INF] Application started. Press Ctrl+C to shut down. (dcaefe54)
2020-04-24T01:34:19.9588676+01:00  [INF] Hosting environment: "Development" (c3307c92)
2020-04-24T01:34:19.9615285+01:00  [INF] Content root path: "C:\Users\LENOVO\source\repos\BiblioIUC\BiblioIUC" (b5d60022)
2020-04-24T01:36:54.4162836+01:00  [INF] Application started. Press Ctrl+C to shut down. (dcaefe54)
2020-04-24T01:36:54.4334878+01:00  [INF] Hosting environment: "Development" (c3307c92)
2020-04-24T01:36:54.4359891+01:00  [INF] Content root path: "C:\Users\LENOVO\source\repos\BiblioIUC\BiblioIUC" (b5d60022)
2020-04-24T01:37:33.8625843+01:00  [INF] Application started. Press Ctrl+C to shut down. (dcaefe54)
2020-04-24T01:37:33.8747511+01:00  [INF] Hosting environment: "Development" (c3307c92)
2020-04-24T01:37:33.8769845+01:00  [INF] Content root path: "C:\Users\LENOVO\source\repos\BiblioIUC\BiblioIUC" (b5d60022)
2020-04-24T01:38:18.7666016+01:00  [INF] Application started. Press Ctrl+C to shut down. (dcaefe54)
2020-04-24T01:38:18.7774700+01:00  [INF] Hosting environment: "Development" (c3307c92)
2020-04-24T01:38:18.7818084+01:00  [INF] Content root path: "C:\Users\LENOVO\source\repos\BiblioIUC\BiblioIUC" (b5d60022)
2020-04-24T01:40:14.6439270+01:00  [INF] Application started. Press Ctrl+C to shut down. (dcaefe54)
2020-04-24T01:40:14.6561856+01:00  [INF] Hosting environment: "Development" (c3307c92)
2020-04-24T01:40:14.6588773+01:00  [INF] Content root path: "C:\Users\LENOVO\source\repos\BiblioIUC\BiblioIUC" (b5d60022)
2020-04-24T01:44:48.8915273+01:00  [INF] Application started. Press Ctrl+C to shut down. (dcaefe54)
2020-04-24T01:44:48.9127128+01:00  [INF] Hosting environment: "Development" (c3307c92)
2020-04-24T01:44:48.9147016+01:00  [INF] Content root path: "C:\Users\LENOVO\source\repos\BiblioIUC\BiblioIUC" (b5d60022)
2020-04-24T01:53:00.0910870+01:00  [INF] Application started. Press Ctrl+C to shut down. (dcaefe54)
2020-04-24T01:53:00.1075758+01:00  [INF] Hosting environment: "Development" (c3307c92)
2020-04-24T01:53:00.1099164+01:00  [INF] Content root path: "C:\Users\LENOVO\source\repos\BiblioIUC\BiblioIUC" (b5d60022)
2020-04-24T01:59:40.5600409+01:00  [INF] Application started. Press Ctrl+C to shut down. (dcaefe54)
2020-04-24T01:59:40.5770005+01:00  [INF] Hosting environment: "Development" (c3307c92)
2020-04-24T01:59:40.5802788+01:00  [INF] Content root path: "C:\Users\LENOVO\source\repos\BiblioIUC\BiblioIUC" (b5d60022)
2020-04-24T02:03:48.9817277+01:00  [INF] Application started. Press Ctrl+C to shut down. (dcaefe54)
2020-04-24T02:03:48.9940991+01:00  [INF] Hosting environment: "Development" (c3307c92)
2020-04-24T02:03:48.9966119+01:00  [INF] Content root path: "C:\Users\LENOVO\source\repos\BiblioIUC\BiblioIUC" (b5d60022)
2020-04-24T02:05:49.3176854+01:00  [INF] Application started. Press Ctrl+C to shut down. (dcaefe54)
2020-04-24T02:05:49.3338433+01:00  [INF] Hosting environment: "Development" (c3307c92)
2020-04-24T02:05:49.3367231+01:00  [INF] Content root path: "C:\Users\LENOVO\source\repos\BiblioIUC\BiblioIUC" (b5d60022)
2020-04-24T02:07:06.6793928+01:00  [INF] Application started. Press Ctrl+C to shut down. (dcaefe54)
2020-04-24T02:07:06.6946005+01:00  [INF] Hosting environment: "Development" (c3307c92)
2020-04-24T02:07:06.6976112+01:00  [INF] Content root path: "C:\Users\LENOVO\source\repos\BiblioIUC\BiblioIUC" (b5d60022)
2020-04-24T02:14:54.4501365+01:00  [INF] Application started. Press Ctrl+C to shut down. (dcaefe54)
2020-04-24T02:14:54.4627726+01:00  [INF] Hosting environment: "Development" (c3307c92)
2020-04-24T02:14:54.4654340+01:00  [INF] Content root path: "C:\Users\LENOVO\source\repos\BiblioIUC\BiblioIUC" (b5d60022)
2020-04-24T02:30:36.0491198+01:00  [INF] Application started. Press Ctrl+C to shut down. (dcaefe54)
2020-04-24T02:30:36.0651051+01:00  [INF] Hosting environment: "Development" (c3307c92)
2020-04-24T02:30:36.0704305+01:00  [INF] Content root path: "C:\Users\LENOVO\source\repos\BiblioIUC\BiblioIUC" (b5d60022)
2020-04-24T02:30:48.6735160+01:00 80000012-0001-fa00-b63f-84710c7967bb [ERR] An unhandled exception has occurred while executing the request. (48a46595)
System.InvalidOperationException: Unexpected 'asp-for' expression result type 'System.Nullable`1[[System.Boolean, System.Private.CoreLib, Version=4.0.0.0, Culture=neutral, PublicKeyToken=7cec85d7bea7798e]]' for <input>. 'asp-for' must be of type 'System.Boolean' or 'System.String' that can be parsed as a 'System.Boolean' if 'type' is 'checkbox'.
   at Microsoft.AspNetCore.Mvc.TagHelpers.InputTagHelper.GenerateCheckBox(ModelExplorer modelExplorer, TagHelperOutput output, IDictionary`2 htmlAttributes)
   at Microsoft.AspNetCore.Mvc.TagHelpers.InputTagHelper.Process(TagHelperContext context, TagHelperOutput output)
   at Microsoft.AspNetCore.Razor.TagHelpers.TagHelper.ProcessAsync(TagHelperContext context, TagHelperOutput output)
   at Microsoft.AspNetCore.Razor.Runtime.TagHelpers.TagHelperRunner.RunAsync(TagHelperExecutionContext executionContext)
   at AspNetCore.Views_Account_Profile.<ExecuteAsync>b__29_0() in C:\Users\LENOVO\source\repos\BiblioIUC\BiblioIUC\Views\Account\Profile.cshtml:line 75
   at Microsoft.AspNetCore.Razor.Runtime.TagHelpers.TagHelperExecutionContext.GetChildContentAsync(Boolean useCachedResult, HtmlEncoder encoder)
   at Microsoft.AspNetCore.Mvc.TagHelpers.RenderAtEndOfFormTagHelper.ProcessAsync(TagHelperContext context, TagHelperOutput output)
   at Microsoft.AspNetCore.Razor.Runtime.TagHelpers.TagHelperRunner.<RunAsync>g__Awaited|0_0(Task task, TagHelperExecutionContext executionContext, Int32 i, Int32 count)
   at AspNetCore.Views_Account_Profile.ExecuteAsync() in C:\Users\LENOVO\source\repos\BiblioIUC\BiblioIUC\Views\Account\Profile.cshtml:line 7
   at Microsoft.AspNetCore.Mvc.Razor.RazorView.RenderPageCoreAsync(IRazorPage page, ViewContext context)
   at Microsoft.AspNetCore.Mvc.Razor.RazorView.RenderPageAsync(IRazorPage page, ViewContext context, Boolean invokeViewStarts)
   at Microsoft.AspNetCore.Mvc.Razor.RazorView.RenderAsync(ViewContext context)
   at Microsoft.AspNetCore.Mvc.ViewFeatures.ViewExecutor.ExecuteAsync(ViewContext viewContext, String contentType, Nullable`1 statusCode)
   at Microsoft.AspNetCore.Mvc.ViewFeatures.ViewExecutor.ExecuteAsync(ViewContext viewContext, String contentType, Nullable`1 statusCode)
   at Microsoft.AspNetCore.Mvc.ViewFeatures.ViewExecutor.ExecuteAsync(ActionContext actionContext, IView view, ViewDataDictionary viewData, ITempDataDictionary tempData, String contentType, Nullable`1 statusCode)
   at Microsoft.AspNetCore.Mvc.ViewFeatures.ViewResultExecutor.ExecuteAsync(ActionContext context, ViewResult result)
   at Microsoft.AspNetCore.Mvc.ViewResult.ExecuteResultAsync(ActionContext context)
   at Microsoft.AspNetCore.Mvc.Infrastructure.ResourceInvoker.<InvokeNextResultFilterAsync>g__Awaited|29_0[TFilter,TFilterAsync](ResourceInvoker invoker, Task lastTask, State next, Scope scope, Object state, Boolean isCompleted)
   at Microsoft.AspNetCore.Mvc.Infrastructure.ResourceInvoker.Rethrow(ResultExecutedContextSealed context)
   at Microsoft.AspNetCore.Mvc.Infrastructure.ResourceInvoker.ResultNext[TFilter,TFilterAsync](State& next, Scope& scope, Object& state, Boolean& isCompleted)
   at Microsoft.AspNetCore.Mvc.Infrastructure.ResourceInvoker.InvokeResultFilters()
--- End of stack trace from previous location where exception was thrown ---
   at Microsoft.AspNetCore.Mvc.Infrastructure.ResourceInvoker.<InvokeNextResourceFilter>g__Awaited|24_0(ResourceInvoker invoker, Task lastTask, State next, Scope scope, Object state, Boolean isCompleted)
   at Microsoft.AspNetCore.Mvc.Infrastructure.ResourceInvoker.Rethrow(ResourceExecutedContextSealed context)
   at Microsoft.AspNetCore.Mvc.Infrastructure.ResourceInvoker.Next(State& next, Scope& scope, Object& state, Boolean& isCompleted)
   at Microsoft.AspNetCore.Mvc.Infrastructure.ResourceInvoker.<InvokeFilterPipelineAsync>g__Awaited|19_0(ResourceInvoker invoker, Task lastTask, State next, Scope scope, Object state, Boolean isCompleted)
   at Microsoft.AspNetCore.Mvc.Infrastructure.ResourceInvoker.<InvokeAsync>g__Awaited|17_0(ResourceInvoker invoker, Task task, IDisposable scope)
   at Microsoft.AspNetCore.Routing.EndpointMiddleware.<Invoke>g__AwaitRequestTask|6_0(Endpoint endpoint, Task requestTask, ILogger logger)
   at Microsoft.AspNetCore.Session.SessionMiddleware.Invoke(HttpContext context)
   at Microsoft.AspNetCore.Session.SessionMiddleware.Invoke(HttpContext context)
   at Microsoft.AspNetCore.Authorization.AuthorizationMiddleware.Invoke(HttpContext context)
   at Microsoft.AspNetCore.Authentication.AuthenticationMiddleware.Invoke(HttpContext context)
   at Microsoft.AspNetCore.Diagnostics.DeveloperExceptionPageMiddleware.Invoke(HttpContext context)
2020-04-24T02:37:06.3033696+01:00  [INF] Application started. Press Ctrl+C to shut down. (dcaefe54)
2020-04-24T02:37:06.3184588+01:00  [INF] Hosting environment: "Development" (c3307c92)
2020-04-24T02:37:06.3212849+01:00  [INF] Content root path: "C:\Users\LENOVO\source\repos\BiblioIUC\BiblioIUC" (b5d60022)
2020-04-24T02:38:07.2886164+01:00  [INF] Application started. Press Ctrl+C to shut down. (dcaefe54)
2020-04-24T02:38:07.3008828+01:00  [INF] Hosting environment: "Development" (c3307c92)
2020-04-24T02:38:07.3037857+01:00  [INF] Content root path: "C:\Users\LENOVO\source\repos\BiblioIUC\BiblioIUC" (b5d60022)
2020-04-24T12:32:23.7299245+01:00  [INF] Application started. Press Ctrl+C to shut down. (dcaefe54)
2020-04-24T12:32:23.8722039+01:00  [INF] Hosting environment: "Development" (c3307c92)
2020-04-24T12:32:23.8747863+01:00  [INF] Content root path: "C:\Users\LENOVO\source\repos\BiblioIUC\BiblioIUC" (b5d60022)
2020-04-24T12:32:32.8701978+01:00 80000074-0001-fd00-b63f-84710c7967bb [ERR] An unhandled exception has occurred while executing the request. (48a46595)
System.InvalidOperationException: The model item passed into the ViewDataDictionary is of type 'BiblioIUC.Models.ProfileModel', but this ViewDataDictionary instance requires a model item of type 'BiblioIUC.Models.UserModel'.
   at Microsoft.AspNetCore.Mvc.ViewFeatures.ViewDataDictionary.EnsureCompatible(Object value)
   at Microsoft.AspNetCore.Mvc.ViewFeatures.ViewDataDictionary..ctor(ViewDataDictionary source, Object model, Type declaredModelType)
   at lambda_method(Closure , ViewDataDictionary )
   at Microsoft.AspNetCore.Mvc.Razor.RazorPagePropertyActivator.CreateViewDataDictionary(ViewContext context)
   at Microsoft.AspNetCore.Mvc.Razor.RazorPagePropertyActivator.Activate(Object page, ViewContext context)
   at Microsoft.AspNetCore.Mvc.Razor.RazorPageActivator.Activate(IRazorPage page, ViewContext context)
   at Microsoft.AspNetCore.Mvc.Razor.RazorView.RenderPageCoreAsync(IRazorPage page, ViewContext context)
   at Microsoft.AspNetCore.Mvc.Razor.RazorView.RenderPageAsync(IRazorPage page, ViewContext context, Boolean invokeViewStarts)
   at Microsoft.AspNetCore.Mvc.Razor.RazorView.RenderAsync(ViewContext context)
   at Microsoft.AspNetCore.Mvc.ViewFeatures.ViewExecutor.ExecuteAsync(ViewContext viewContext, String contentType, Nullable`1 statusCode)
   at Microsoft.AspNetCore.Mvc.ViewFeatures.ViewExecutor.ExecuteAsync(ViewContext viewContext, String contentType, Nullable`1 statusCode)
   at Microsoft.AspNetCore.Mvc.ViewFeatures.ViewExecutor.ExecuteAsync(ActionContext actionContext, IView view, ViewDataDictionary viewData, ITempDataDictionary tempData, String contentType, Nullable`1 statusCode)
   at Microsoft.AspNetCore.Mvc.ViewFeatures.ViewResultExecutor.ExecuteAsync(ActionContext context, ViewResult result)
   at Microsoft.AspNetCore.Mvc.ViewResult.ExecuteResultAsync(ActionContext context)
   at Microsoft.AspNetCore.Mvc.Infrastructure.ResourceInvoker.<InvokeNextResultFilterAsync>g__Awaited|29_0[TFilter,TFilterAsync](ResourceInvoker invoker, Task lastTask, State next, Scope scope, Object state, Boolean isCompleted)
   at Microsoft.AspNetCore.Mvc.Infrastructure.ResourceInvoker.Rethrow(ResultExecutedContextSealed context)
   at Microsoft.AspNetCore.Mvc.Infrastructure.ResourceInvoker.ResultNext[TFilter,TFilterAsync](State& next, Scope& scope, Object& state, Boolean& isCompleted)
   at Microsoft.AspNetCore.Mvc.Infrastructure.ResourceInvoker.InvokeResultFilters()
--- End of stack trace from previous location where exception was thrown ---
   at Microsoft.AspNetCore.Mvc.Infrastructure.ResourceInvoker.<InvokeNextResourceFilter>g__Awaited|24_0(ResourceInvoker invoker, Task lastTask, State next, Scope scope, Object state, Boolean isCompleted)
   at Microsoft.AspNetCore.Mvc.Infrastructure.ResourceInvoker.Rethrow(ResourceExecutedContextSealed context)
   at Microsoft.AspNetCore.Mvc.Infrastructure.ResourceInvoker.Next(State& next, Scope& scope, Object& state, Boolean& isCompleted)
   at Microsoft.AspNetCore.Mvc.Infrastructure.ResourceInvoker.<InvokeFilterPipelineAsync>g__Awaited|19_0(ResourceInvoker invoker, Task lastTask, State next, Scope scope, Object state, Boolean isCompleted)
   at Microsoft.AspNetCore.Mvc.Infrastructure.ResourceInvoker.<InvokeAsync>g__Awaited|17_0(ResourceInvoker invoker, Task task, IDisposable scope)
   at Microsoft.AspNetCore.Routing.EndpointMiddleware.<Invoke>g__AwaitRequestTask|6_0(Endpoint endpoint, Task requestTask, ILogger logger)
   at Microsoft.AspNetCore.Session.SessionMiddleware.Invoke(HttpContext context)
   at Microsoft.AspNetCore.Session.SessionMiddleware.Invoke(HttpContext context)
   at Microsoft.AspNetCore.Authorization.AuthorizationMiddleware.Invoke(HttpContext context)
   at Microsoft.AspNetCore.Authentication.AuthenticationMiddleware.Invoke(HttpContext context)
   at Microsoft.AspNetCore.Diagnostics.DeveloperExceptionPageMiddleware.Invoke(HttpContext context)
2020-04-24T12:33:09.7543013+01:00  [INF] Application started. Press Ctrl+C to shut down. (dcaefe54)
2020-04-24T12:33:09.7659020+01:00  [INF] Hosting environment: "Development" (c3307c92)
2020-04-24T12:33:09.7692383+01:00  [INF] Content root path: "C:\Users\LENOVO\source\repos\BiblioIUC\BiblioIUC" (b5d60022)
2020-04-24T12:36:00.2272911+01:00  [INF] Application started. Press Ctrl+C to shut down. (dcaefe54)
2020-04-24T12:36:00.2419502+01:00  [INF] Hosting environment: "Development" (c3307c92)
2020-04-24T12:36:00.2459485+01:00  [INF] Content root path: "C:\Users\LENOVO\source\repos\BiblioIUC\BiblioIUC" (b5d60022)
2020-04-24T12:40:17.7662367+01:00  [INF] Application started. Press Ctrl+C to shut down. (dcaefe54)
2020-04-24T12:40:17.7835621+01:00  [INF] Hosting environment: "Development" (c3307c92)
2020-04-24T12:40:17.7948035+01:00  [INF] Content root path: "C:\Users\LENOVO\source\repos\BiblioIUC\BiblioIUC" (b5d60022)
2020-04-24T12:43:31.8935369+01:00  [INF] Application started. Press Ctrl+C to shut down. (dcaefe54)
2020-04-24T12:43:31.9123239+01:00  [INF] Hosting environment: "Development" (c3307c92)
2020-04-24T12:43:31.9149431+01:00  [INF] Content root path: "C:\Users\LENOVO\source\repos\BiblioIUC\BiblioIUC" (b5d60022)
2020-04-24T13:11:07.1246294+01:00  [INF] Application started. Press Ctrl+C to shut down. (dcaefe54)
2020-04-24T13:11:07.1387015+01:00  [INF] Hosting environment: "Development" (c3307c92)
2020-04-24T13:11:07.1413955+01:00  [INF] Content root path: "C:\Users\LENOVO\source\repos\BiblioIUC\BiblioIUC" (b5d60022)
2020-04-24T14:08:20.5629131+01:00  [INF] Application started. Press Ctrl+C to shut down. (dcaefe54)
2020-04-24T14:08:20.6030453+01:00  [INF] Hosting environment: "Development" (c3307c92)
2020-04-24T14:08:20.6068739+01:00  [INF] Content root path: "C:\Users\LENOVO\source\repos\BiblioIUC\BiblioIUC" (b5d60022)
2020-04-24T15:26:43.1339145+01:00  [INF] Application started. Press Ctrl+C to shut down. (dcaefe54)
2020-04-24T15:26:43.2172045+01:00  [INF] Hosting environment: "Development" (c3307c92)
2020-04-24T15:26:43.2258904+01:00  [INF] Content root path: "C:\Users\LENOVO\source\repos\BiblioIUC\BiblioIUC" (b5d60022)
2020-04-24T18:38:48.2116058+01:00  [INF] Application started. Press Ctrl+C to shut down. (dcaefe54)
2020-04-24T18:38:48.2722104+01:00  [INF] Hosting environment: "Development" (c3307c92)
2020-04-24T18:38:48.2746142+01:00  [INF] Content root path: "C:\Users\LENOVO\source\repos\BiblioIUC\BiblioIUC" (b5d60022)
2020-04-24T18:55:40.1281081+01:00  [INF] Now listening on: "http://localhost:5000" (d826f4b8)
2020-04-24T18:55:40.1354115+01:00  [INF] Application started. Press Ctrl+C to shut down. (dcaefe54)
2020-04-24T18:55:40.1355890+01:00  [INF] Hosting environment: "Development" (c3307c92)
2020-04-24T18:55:40.1356504+01:00  [INF] Content root path: "C:\Users\LENOVO\source\repos\BiblioIUC\BiblioIUC" (b5d60022)
2020-04-24T18:57:31.1946393+01:00  [INF] Now listening on: "http://localhost:5000" (d826f4b8)
2020-04-24T18:57:31.2025046+01:00  [INF] Application started. Press Ctrl+C to shut down. (dcaefe54)
2020-04-24T18:57:31.2026649+01:00  [INF] Hosting environment: "Development" (c3307c92)
2020-04-24T18:57:31.2026970+01:00  [INF] Content root path: "C:\Users\LENOVO\source\repos\BiblioIUC\BiblioIUC" (b5d60022)
2020-04-24T19:10:05.5805310+01:00  [INF] Now listening on: "http://localhost:5000" (d826f4b8)
2020-04-24T19:10:05.5898609+01:00  [INF] Application started. Press Ctrl+C to shut down. (dcaefe54)
2020-04-24T19:10:05.5899922+01:00  [INF] Hosting environment: "Development" (c3307c92)
2020-04-24T19:10:05.5900326+01:00  [INF] Content root path: "C:\Users\LENOVO\source\repos\BiblioIUC\BiblioIUC" (b5d60022)
2020-04-24T19:10:16.5599181+01:00  [INF] Now listening on: "http://localhost:5000" (d826f4b8)
2020-04-24T19:10:16.5703809+01:00  [INF] Application started. Press Ctrl+C to shut down. (dcaefe54)
2020-04-24T19:10:16.5707385+01:00  [INF] Hosting environment: "Development" (c3307c92)
2020-04-24T19:10:16.5709971+01:00  [INF] Content root path: "C:\Users\LENOVO\source\repos\BiblioIUC\BiblioIUC" (b5d60022)
2020-04-24T19:11:58.0932748+01:00  [INF] Now listening on: "http://localhost:5000" (d826f4b8)
2020-04-24T19:11:58.1006021+01:00  [INF] Application started. Press Ctrl+C to shut down. (dcaefe54)
2020-04-24T19:11:58.1007572+01:00  [INF] Hosting environment: "Development" (c3307c92)
2020-04-24T19:11:58.1007933+01:00  [INF] Content root path: "C:\Users\LENOVO\source\repos\BiblioIUC\BiblioIUC" (b5d60022)
2020-04-24T19:15:33.7358886+01:00  [INF] Now listening on: "http://localhost:5000" (d826f4b8)
2020-04-24T19:15:33.7427970+01:00  [INF] Application started. Press Ctrl+C to shut down. (dcaefe54)
2020-04-24T19:15:33.7429581+01:00  [INF] Hosting environment: "Development" (c3307c92)
2020-04-24T19:15:33.7429911+01:00  [INF] Content root path: "C:\Users\LENOVO\source\repos\BiblioIUC\BiblioIUC" (b5d60022)
2020-04-24T19:16:23.7547149+01:00  [INF] Now listening on: "http://localhost:5000" (d826f4b8)
2020-04-24T19:16:23.7625460+01:00  [INF] Application started. Press Ctrl+C to shut down. (dcaefe54)
2020-04-24T19:16:23.7626811+01:00  [INF] Hosting environment: "Development" (c3307c92)
2020-04-24T19:16:23.7627224+01:00  [INF] Content root path: "C:\Users\LENOVO\source\repos\BiblioIUC\BiblioIUC" (b5d60022)
2020-04-24T19:30:58.4249519+01:00  [INF] Now listening on: "http://localhost:5000" (d826f4b8)
2020-04-24T19:30:58.4320340+01:00  [INF] Application started. Press Ctrl+C to shut down. (dcaefe54)
2020-04-24T19:30:58.4322067+01:00  [INF] Hosting environment: "Development" (c3307c92)
2020-04-24T19:30:58.4322693+01:00  [INF] Content root path: "C:\Users\LENOVO\source\repos\BiblioIUC\BiblioIUC" (b5d60022)
2020-04-24T19:32:01.2170701+01:00  [INF] Now listening on: "http://localhost:5000" (d826f4b8)
2020-04-24T19:32:01.2240869+01:00  [INF] Application started. Press Ctrl+C to shut down. (dcaefe54)
2020-04-24T19:32:01.2242099+01:00  [INF] Hosting environment: "Development" (c3307c92)
2020-04-24T19:32:01.2242512+01:00  [INF] Content root path: "C:\Users\LENOVO\source\repos\BiblioIUC\BiblioIUC" (b5d60022)
2020-04-24T21:06:24.1767520+01:00  [INF] Now listening on: "http://localhost:5000" (d826f4b8)
2020-04-24T21:06:24.1838097+01:00  [INF] Application started. Press Ctrl+C to shut down. (dcaefe54)
2020-04-24T21:06:24.1840160+01:00  [INF] Hosting environment: "Development" (c3307c92)
2020-04-24T21:06:24.1840641+01:00  [INF] Content root path: "C:\Users\LENOVO\source\repos\BiblioIUC\BiblioIUC" (b5d60022)
2020-04-24T21:06:53.7433615+01:00  [INF] Now listening on: "http://localhost:5000" (d826f4b8)
2020-04-24T21:06:53.7552951+01:00  [INF] Application started. Press Ctrl+C to shut down. (dcaefe54)
2020-04-24T21:06:53.7554468+01:00  [INF] Hosting environment: "Development" (c3307c92)
2020-04-24T21:06:53.7554758+01:00  [INF] Content root path: "C:\Users\LENOVO\source\repos\BiblioIUC\BiblioIUC" (b5d60022)
2020-04-24T21:08:40.5367059+01:00  [INF] Now listening on: "http://localhost:5000" (d826f4b8)
2020-04-24T21:08:40.5447098+01:00  [INF] Application started. Press Ctrl+C to shut down. (dcaefe54)
2020-04-24T21:08:40.5448331+01:00  [INF] Hosting environment: "Development" (c3307c92)
2020-04-24T21:08:40.5448813+01:00  [INF] Content root path: "C:\Users\LENOVO\source\repos\BiblioIUC\BiblioIUC" (b5d60022)
2020-04-24T21:11:26.2631283+01:00  [INF] Now listening on: "http://localhost:5000" (d826f4b8)
2020-04-24T21:11:26.2707786+01:00  [INF] Application started. Press Ctrl+C to shut down. (dcaefe54)
2020-04-24T21:11:26.2709630+01:00  [INF] Hosting environment: "Development" (c3307c92)
2020-04-24T21:11:26.2710651+01:00  [INF] Content root path: "C:\Users\LENOVO\source\repos\BiblioIUC\BiblioIUC" (b5d60022)
2020-04-24T21:14:17.7530803+01:00  [INF] Now listening on: "http://localhost:5000" (d826f4b8)
2020-04-24T21:14:17.7606827+01:00  [INF] Application started. Press Ctrl+C to shut down. (dcaefe54)
2020-04-24T21:14:17.7608777+01:00  [INF] Hosting environment: "Development" (c3307c92)
2020-04-24T21:14:17.7609417+01:00  [INF] Content root path: "C:\Users\LENOVO\source\repos\BiblioIUC\BiblioIUC" (b5d60022)
2020-04-24T21:15:16.6814858+01:00  [INF] Now listening on: "http://localhost:5000" (d826f4b8)
2020-04-24T21:15:16.6887767+01:00  [INF] Application started. Press Ctrl+C to shut down. (dcaefe54)
2020-04-24T21:15:16.6889234+01:00  [INF] Hosting environment: "Development" (c3307c92)
2020-04-24T21:15:16.6889590+01:00  [INF] Content root path: "C:\Users\LENOVO\source\repos\BiblioIUC\BiblioIUC" (b5d60022)
2020-04-24T21:15:27.4541267+01:00  [INF] Now listening on: "http://localhost:5000" (d826f4b8)
2020-04-24T21:15:27.4647729+01:00  [INF] Application started. Press Ctrl+C to shut down. (dcaefe54)
2020-04-24T21:15:27.4649389+01:00  [INF] Hosting environment: "Development" (c3307c92)
2020-04-24T21:15:27.4649758+01:00  [INF] Content root path: "C:\Users\LENOVO\source\repos\BiblioIUC\BiblioIUC" (b5d60022)
2020-04-24T21:15:49.2112633+01:00 0HLV8HH12CQ72:00000003 [ERR] An unhandled exception has occurred while executing the request. (48a46595)
System.InvalidOperationException: Unable to resolve service for type 'BiblioIUC.Logics.Interfaces.ICategoryLogic' while attempting to activate 'BiblioIUC.Controllers.CategoryController'.
   at Microsoft.Extensions.DependencyInjection.ActivatorUtilities.GetService(IServiceProvider sp, Type type, Type requiredBy, Boolean isDefaultParameterRequired)
   at lambda_method(Closure , IServiceProvider , Object[] )
   at Microsoft.AspNetCore.Mvc.Controllers.ControllerActivatorProvider.<>c__DisplayClass4_0.<CreateActivator>b__0(ControllerContext controllerContext)
   at Microsoft.AspNetCore.Mvc.Controllers.ControllerFactoryProvider.<>c__DisplayClass5_0.<CreateControllerFactory>g__CreateController|0(ControllerContext controllerContext)
   at Microsoft.AspNetCore.Mvc.Infrastructure.ControllerActionInvoker.Next(State& next, Scope& scope, Object& state, Boolean& isCompleted)
   at Microsoft.AspNetCore.Mvc.Infrastructure.ControllerActionInvoker.InvokeInnerFilterAsync()
--- End of stack trace from previous location where exception was thrown ---
   at Microsoft.AspNetCore.Mvc.Infrastructure.ResourceInvoker.<InvokeNextResourceFilter>g__Awaited|24_0(ResourceInvoker invoker, Task lastTask, State next, Scope scope, Object state, Boolean isCompleted)
   at Microsoft.AspNetCore.Mvc.Infrastructure.ResourceInvoker.Rethrow(ResourceExecutedContextSealed context)
   at Microsoft.AspNetCore.Mvc.Infrastructure.ResourceInvoker.Next(State& next, Scope& scope, Object& state, Boolean& isCompleted)
   at Microsoft.AspNetCore.Mvc.Infrastructure.ResourceInvoker.InvokeFilterPipelineAsync()
--- End of stack trace from previous location where exception was thrown ---
   at Microsoft.AspNetCore.Mvc.Infrastructure.ResourceInvoker.<InvokeAsync>g__Awaited|17_0(ResourceInvoker invoker, Task task, IDisposable scope)
   at Microsoft.AspNetCore.Routing.EndpointMiddleware.<Invoke>g__AwaitRequestTask|6_0(Endpoint endpoint, Task requestTask, ILogger logger)
   at Microsoft.AspNetCore.Session.SessionMiddleware.Invoke(HttpContext context)
   at Microsoft.AspNetCore.Session.SessionMiddleware.Invoke(HttpContext context)
   at Microsoft.AspNetCore.Authorization.AuthorizationMiddleware.Invoke(HttpContext context)
   at Microsoft.AspNetCore.Authentication.AuthenticationMiddleware.Invoke(HttpContext context)
   at Microsoft.AspNetCore.Diagnostics.DeveloperExceptionPageMiddleware.Invoke(HttpContext context)
2020-04-24T21:16:29.8467610+01:00  [INF] Now listening on: "http://localhost:5000" (d826f4b8)
2020-04-24T21:16:29.8543133+01:00  [INF] Application started. Press Ctrl+C to shut down. (dcaefe54)
2020-04-24T21:16:29.8544559+01:00  [INF] Hosting environment: "Development" (c3307c92)
2020-04-24T21:16:29.8544900+01:00  [INF] Content root path: "C:\Users\LENOVO\source\repos\BiblioIUC\BiblioIUC" (b5d60022)
2020-04-24T21:16:35.8637426+01:00 0HLV8HHH0AQD6:00000001 [ERR] Failed executing DbCommand ("215"ms) [Parameters=["@__value_0='?' (Size = 4000), @__p_2='?' (DbType = Int32), @__p_1='?' (DbType = Int32)"], CommandType='Text', CommandTimeout='30']"
""SELECT `c`.`Id`, `c`.`Category1Id`, `c`.`category_parent_id`, `c`.`Description`, `c`.`Image`, `c`.`Name`, `c`.`Status`
FROM `category` AS `c`
WHERE ((((LOCATE(CONVERT(@__value_0 USING utf8mb4) COLLATE utf8mb4_bin, LOWER(`c`.`Name`)) > 0) OR (@__value_0 = '')) OR ((LOCATE(CONVERT(`c`.`Name` USING utf8mb4) COLLATE utf8mb4_bin, @__value_0) > 0) OR (`c`.`Name` = ''))) OR (`c`.`Description` IS NOT NULL AND (((LOCATE(CONVERT(@__value_0 USING utf8mb4) COLLATE utf8mb4_bin, LOWER(`c`.`Description`)) > 0) OR (@__value_0 = '')) OR ((LOCATE(CONVERT(`c`.`Description` USING utf8mb4) COLLATE utf8mb4_bin, @__value_0) > 0) OR (`c`.`Description` = ''))))) AND (`c`.`Status` = 1)
ORDER BY `c`.`Name`
LIMIT @__p_2 OFFSET @__p_1" (627a98df)
2020-04-24T21:16:36.1399189+01:00 0HLV8HHH0AQD6:00000001 [ERR] An exception occurred while iterating over the results of a query for context type '"BiblioIUC.Entities.BiblioEntities"'."
""MySql.Data.MySqlClient.MySqlException (0x80004005): Champ 'c.Category1Id' inconnu dans field list
 ---> MySql.Data.MySqlClient.MySqlException (0x80004005): Champ 'c.Category1Id' inconnu dans field list
   at MySqlConnector.Core.ServerSession.ReceiveReplyAsyncAwaited(ValueTask`1 task) in C:\projects\mysqlconnector\src\MySqlConnector\Core\ServerSession.cs:line 774
   at MySqlConnector.Core.ResultSet.ReadResultSetHeaderAsync(IOBehavior ioBehavior) in C:\projects\mysqlconnector\src\MySqlConnector\Core\ResultSet.cs:line 49
   at MySql.Data.MySqlClient.MySqlDataReader.ActivateResultSet() in C:\projects\mysqlconnector\src\MySqlConnector\MySql.Data.MySqlClient\MySqlDataReader.cs:line 130
   at MySql.Data.MySqlClient.MySqlDataReader.CreateAsync(CommandListPosition commandListPosition, ICommandPayloadCreator payloadCreator, IDictionary`2 cachedProcedures, IMySqlCommand command, CommandBehavior behavior, IOBehavior ioBehavior, CancellationToken cancellationToken) in C:\projects\mysqlconnector\src\MySqlConnector\MySql.Data.MySqlClient\MySqlDataReader.cs:line 391
   at MySqlConnector.Core.CommandExecutor.ExecuteReaderAsync(IReadOnlyList`1 commands, ICommandPayloadCreator payloadCreator, CommandBehavior behavior, IOBehavior ioBehavior, CancellationToken cancellationToken) in C:\projects\mysqlconnector\src\MySqlConnector\Core\CommandExecutor.cs:line 62
   at Microsoft.EntityFrameworkCore.Storage.RelationalCommand.ExecuteReaderAsync(RelationalCommandParameterObject parameterObject, CancellationToken cancellationToken)
   at Microsoft.EntityFrameworkCore.Storage.RelationalCommand.ExecuteReaderAsync(RelationalCommandParameterObject parameterObject, CancellationToken cancellationToken)
   at Microsoft.EntityFrameworkCore.Storage.RelationalCommand.ExecuteReaderAsync(RelationalCommandParameterObject parameterObject, CancellationToken cancellationToken)
   at Microsoft.EntityFrameworkCore.Query.Internal.QueryingEnumerable`1.AsyncEnumerator.InitializeReaderAsync(DbContext _, Boolean result, CancellationToken cancellationToken)
   at Pomelo.EntityFrameworkCore.MySql.Storage.Internal.MySqlExecutionStrategy.ExecuteAsync[TState,TResult](TState state, Func`4 operation, Func`4 verifySucceeded, CancellationToken cancellationToken)
   at Microsoft.EntityFrameworkCore.Query.Internal.QueryingEnumerable`1.AsyncEnumerator.MoveNextAsync()" (f5c7ac34)
MySql.Data.MySqlClient.MySqlException (0x80004005): Champ 'c.Category1Id' inconnu dans field list
 ---> MySql.Data.MySqlClient.MySqlException (0x80004005): Champ 'c.Category1Id' inconnu dans field list
   at MySqlConnector.Core.ServerSession.ReceiveReplyAsyncAwaited(ValueTask`1 task) in C:\projects\mysqlconnector\src\MySqlConnector\Core\ServerSession.cs:line 774
   at MySqlConnector.Core.ResultSet.ReadResultSetHeaderAsync(IOBehavior ioBehavior) in C:\projects\mysqlconnector\src\MySqlConnector\Core\ResultSet.cs:line 49
   at MySql.Data.MySqlClient.MySqlDataReader.ActivateResultSet() in C:\projects\mysqlconnector\src\MySqlConnector\MySql.Data.MySqlClient\MySqlDataReader.cs:line 130
   at MySql.Data.MySqlClient.MySqlDataReader.CreateAsync(CommandListPosition commandListPosition, ICommandPayloadCreator payloadCreator, IDictionary`2 cachedProcedures, IMySqlCommand command, CommandBehavior behavior, IOBehavior ioBehavior, CancellationToken cancellationToken) in C:\projects\mysqlconnector\src\MySqlConnector\MySql.Data.MySqlClient\MySqlDataReader.cs:line 391
   at MySqlConnector.Core.CommandExecutor.ExecuteReaderAsync(IReadOnlyList`1 commands, ICommandPayloadCreator payloadCreator, CommandBehavior behavior, IOBehavior ioBehavior, CancellationToken cancellationToken) in C:\projects\mysqlconnector\src\MySqlConnector\Core\CommandExecutor.cs:line 62
   at Microsoft.EntityFrameworkCore.Storage.RelationalCommand.ExecuteReaderAsync(RelationalCommandParameterObject parameterObject, CancellationToken cancellationToken)
   at Microsoft.EntityFrameworkCore.Storage.RelationalCommand.ExecuteReaderAsync(RelationalCommandParameterObject parameterObject, CancellationToken cancellationToken)
   at Microsoft.EntityFrameworkCore.Storage.RelationalCommand.ExecuteReaderAsync(RelationalCommandParameterObject parameterObject, CancellationToken cancellationToken)
   at Microsoft.EntityFrameworkCore.Query.Internal.QueryingEnumerable`1.AsyncEnumerator.InitializeReaderAsync(DbContext _, Boolean result, CancellationToken cancellationToken)
   at Pomelo.EntityFrameworkCore.MySql.Storage.Internal.MySqlExecutionStrategy.ExecuteAsync[TState,TResult](TState state, Func`4 operation, Func`4 verifySucceeded, CancellationToken cancellationToken)
   at Microsoft.EntityFrameworkCore.Query.Internal.QueryingEnumerable`1.AsyncEnumerator.MoveNextAsync()
   at Microsoft.EntityFrameworkCore.EntityFrameworkQueryableExtensions.ToListAsync[TSource](IQueryable`1 source, CancellationToken cancellationToken)
2020-04-24T21:16:36.2108612+01:00 0HLV8HHH0AQD6:00000001 [ERR] MySql.Data.MySqlClient.MySqlException (0x80004005): Champ 'c.Category1Id' inconnu dans field list
 ---> MySql.Data.MySqlClient.MySqlException (0x80004005): Champ 'c.Category1Id' inconnu dans field list
   at MySqlConnector.Core.ServerSession.ReceiveReplyAsyncAwaited(ValueTask`1 task) in C:\projects\mysqlconnector\src\MySqlConnector\Core\ServerSession.cs:line 774
   at MySqlConnector.Core.ResultSet.ReadResultSetHeaderAsync(IOBehavior ioBehavior) in C:\projects\mysqlconnector\src\MySqlConnector\Core\ResultSet.cs:line 49
   at MySql.Data.MySqlClient.MySqlDataReader.ActivateResultSet() in C:\projects\mysqlconnector\src\MySqlConnector\MySql.Data.MySqlClient\MySqlDataReader.cs:line 130
   at MySql.Data.MySqlClient.MySqlDataReader.CreateAsync(CommandListPosition commandListPosition, ICommandPayloadCreator payloadCreator, IDictionary`2 cachedProcedures, IMySqlCommand command, CommandBehavior behavior, IOBehavior ioBehavior, CancellationToken cancellationToken) in C:\projects\mysqlconnector\src\MySqlConnector\MySql.Data.MySqlClient\MySqlDataReader.cs:line 391
   at MySqlConnector.Core.CommandExecutor.ExecuteReaderAsync(IReadOnlyList`1 commands, ICommandPayloadCreator payloadCreator, CommandBehavior behavior, IOBehavior ioBehavior, CancellationToken cancellationToken) in C:\projects\mysqlconnector\src\MySqlConnector\Core\CommandExecutor.cs:line 62
   at Microsoft.EntityFrameworkCore.Storage.RelationalCommand.ExecuteReaderAsync(RelationalCommandParameterObject parameterObject, CancellationToken cancellationToken)
   at Microsoft.EntityFrameworkCore.Storage.RelationalCommand.ExecuteReaderAsync(RelationalCommandParameterObject parameterObject, CancellationToken cancellationToken)
   at Microsoft.EntityFrameworkCore.Storage.RelationalCommand.ExecuteReaderAsync(RelationalCommandParameterObject parameterObject, CancellationToken cancellationToken)
   at Microsoft.EntityFrameworkCore.Query.Internal.QueryingEnumerable`1.AsyncEnumerator.InitializeReaderAsync(DbContext _, Boolean result, CancellationToken cancellationToken)
   at Pomelo.EntityFrameworkCore.MySql.Storage.Internal.MySqlExecutionStrategy.ExecuteAsync[TState,TResult](TState state, Func`4 operation, Func`4 verifySucceeded, CancellationToken cancellationToken)
   at Microsoft.EntityFrameworkCore.Query.Internal.QueryingEnumerable`1.AsyncEnumerator.MoveNextAsync()
   at Microsoft.EntityFrameworkCore.EntityFrameworkQueryableExtensions.ToListAsync[TSource](IQueryable`1 source, CancellationToken cancellationToken)
   at Microsoft.EntityFrameworkCore.EntityFrameworkQueryableExtensions.ToListAsync[TSource](IQueryable`1 source, CancellationToken cancellationToken)
   at Microsoft.EntityFrameworkCore.EntityFrameworkQueryableExtensions.ToArrayAsync[TSource](IQueryable`1 source, CancellationToken cancellationToken)
   at BiblioIUC.Logics.CategoryLogic.FindAsync(String value, String mediaFolderPath, Expression`1 orderBy, Boolean withDisabled, Int32 pageIndex, Int32 pageSize) in C:\Users\LENOVO\source\repos\BiblioIUC\BiblioIUC\Logics\CategoryLogic.cs:line 55
   at BiblioIUC.Controllers.CategoryController.Index(String id, Int32 pageIndex, Int32 pageSize) in C:\Users\LENOVO\source\repos\BiblioIUC\BiblioIUC\Controllers\CategoryController.cs:line 37

 (1581b506)
2020-04-24T21:16:58.5726033+01:00  [INF] Application is shutting down... (90f52c38)
2020-04-24T21:17:20.3285853+01:00  [INF] Application started. Press Ctrl+C to shut down. (dcaefe54)
2020-04-24T21:17:20.3494911+01:00  [INF] Hosting environment: "Development" (c3307c92)
2020-04-24T21:17:20.3525561+01:00  [INF] Content root path: "C:\Users\LENOVO\source\repos\BiblioIUC\BiblioIUC" (b5d60022)
2020-04-24T21:17:36.9388547+01:00 800000f2-0002-fd00-b63f-84710c7967bb [ERR] Failed executing DbCommand ("102"ms) [Parameters=["@__value_0='?' (Size = 4000), @__p_2='?' (DbType = Int32), @__p_1='?' (DbType = Int32)"], CommandType='Text', CommandTimeout='30']"
""SELECT `c`.`Id`, `c`.`Category1Id`, `c`.`category_parent_id`, `c`.`Description`, `c`.`Image`, `c`.`Name`, `c`.`Status`
FROM `category` AS `c`
WHERE ((((LOCATE(CONVERT(@__value_0 USING utf8mb4) COLLATE utf8mb4_bin, LOWER(`c`.`Name`)) > 0) OR (@__value_0 = '')) OR ((LOCATE(CONVERT(`c`.`Name` USING utf8mb4) COLLATE utf8mb4_bin, @__value_0) > 0) OR (`c`.`Name` = ''))) OR (`c`.`Description` IS NOT NULL AND (((LOCATE(CONVERT(@__value_0 USING utf8mb4) COLLATE utf8mb4_bin, LOWER(`c`.`Description`)) > 0) OR (@__value_0 = '')) OR ((LOCATE(CONVERT(`c`.`Description` USING utf8mb4) COLLATE utf8mb4_bin, @__value_0) > 0) OR (`c`.`Description` = ''))))) AND (`c`.`Status` = 1)
ORDER BY `c`.`Name`
LIMIT @__p_2 OFFSET @__p_1" (627a98df)
2020-04-24T21:17:37.2544544+01:00 800000f2-0002-fd00-b63f-84710c7967bb [ERR] An exception occurred while iterating over the results of a query for context type '"BiblioIUC.Entities.BiblioEntities"'."
""MySql.Data.MySqlClient.MySqlException (0x80004005): Champ 'c.Category1Id' inconnu dans field list
 ---> MySql.Data.MySqlClient.MySqlException (0x80004005): Champ 'c.Category1Id' inconnu dans field list
   at MySqlConnector.Core.ResultSet.ReadResultSetHeaderAsync(IOBehavior ioBehavior) in C:\projects\mysqlconnector\src\MySqlConnector\Core\ResultSet.cs:line 49
   at MySql.Data.MySqlClient.MySqlDataReader.ActivateResultSet() in C:\projects\mysqlconnector\src\MySqlConnector\MySql.Data.MySqlClient\MySqlDataReader.cs:line 130
   at MySql.Data.MySqlClient.MySqlDataReader.CreateAsync(CommandListPosition commandListPosition, ICommandPayloadCreator payloadCreator, IDictionary`2 cachedProcedures, IMySqlCommand command, CommandBehavior behavior, IOBehavior ioBehavior, CancellationToken cancellationToken) in C:\projects\mysqlconnector\src\MySqlConnector\MySql.Data.MySqlClient\MySqlDataReader.cs:line 391
   at MySqlConnector.Core.CommandExecutor.ExecuteReaderAsync(IReadOnlyList`1 commands, ICommandPayloadCreator payloadCreator, CommandBehavior behavior, IOBehavior ioBehavior, CancellationToken cancellationToken) in C:\projects\mysqlconnector\src\MySqlConnector\Core\CommandExecutor.cs:line 62
   at Microsoft.EntityFrameworkCore.Storage.RelationalCommand.ExecuteReaderAsync(RelationalCommandParameterObject parameterObject, CancellationToken cancellationToken)
   at Microsoft.EntityFrameworkCore.Storage.RelationalCommand.ExecuteReaderAsync(RelationalCommandParameterObject parameterObject, CancellationToken cancellationToken)
   at Microsoft.EntityFrameworkCore.Storage.RelationalCommand.ExecuteReaderAsync(RelationalCommandParameterObject parameterObject, CancellationToken cancellationToken)
   at Microsoft.EntityFrameworkCore.Query.Internal.QueryingEnumerable`1.AsyncEnumerator.InitializeReaderAsync(DbContext _, Boolean result, CancellationToken cancellationToken)
   at Pomelo.EntityFrameworkCore.MySql.Storage.Internal.MySqlExecutionStrategy.ExecuteAsync[TState,TResult](TState state, Func`4 operation, Func`4 verifySucceeded, CancellationToken cancellationToken)
   at Microsoft.EntityFrameworkCore.Query.Internal.QueryingEnumerable`1.AsyncEnumerator.MoveNextAsync()" (f5c7ac34)
MySql.Data.MySqlClient.MySqlException (0x80004005): Champ 'c.Category1Id' inconnu dans field list
 ---> MySql.Data.MySqlClient.MySqlException (0x80004005): Champ 'c.Category1Id' inconnu dans field list
   at MySqlConnector.Core.ResultSet.ReadResultSetHeaderAsync(IOBehavior ioBehavior) in C:\projects\mysqlconnector\src\MySqlConnector\Core\ResultSet.cs:line 49
   at MySql.Data.MySqlClient.MySqlDataReader.ActivateResultSet() in C:\projects\mysqlconnector\src\MySqlConnector\MySql.Data.MySqlClient\MySqlDataReader.cs:line 130
   at MySql.Data.MySqlClient.MySqlDataReader.CreateAsync(CommandListPosition commandListPosition, ICommandPayloadCreator payloadCreator, IDictionary`2 cachedProcedures, IMySqlCommand command, CommandBehavior behavior, IOBehavior ioBehavior, CancellationToken cancellationToken) in C:\projects\mysqlconnector\src\MySqlConnector\MySql.Data.MySqlClient\MySqlDataReader.cs:line 391
   at MySqlConnector.Core.CommandExecutor.ExecuteReaderAsync(IReadOnlyList`1 commands, ICommandPayloadCreator payloadCreator, CommandBehavior behavior, IOBehavior ioBehavior, CancellationToken cancellationToken) in C:\projects\mysqlconnector\src\MySqlConnector\Core\CommandExecutor.cs:line 62
   at Microsoft.EntityFrameworkCore.Storage.RelationalCommand.ExecuteReaderAsync(RelationalCommandParameterObject parameterObject, CancellationToken cancellationToken)
   at Microsoft.EntityFrameworkCore.Storage.RelationalCommand.ExecuteReaderAsync(RelationalCommandParameterObject parameterObject, CancellationToken cancellationToken)
   at Microsoft.EntityFrameworkCore.Storage.RelationalCommand.ExecuteReaderAsync(RelationalCommandParameterObject parameterObject, CancellationToken cancellationToken)
   at Microsoft.EntityFrameworkCore.Query.Internal.QueryingEnumerable`1.AsyncEnumerator.InitializeReaderAsync(DbContext _, Boolean result, CancellationToken cancellationToken)
   at Pomelo.EntityFrameworkCore.MySql.Storage.Internal.MySqlExecutionStrategy.ExecuteAsync[TState,TResult](TState state, Func`4 operation, Func`4 verifySucceeded, CancellationToken cancellationToken)
   at Microsoft.EntityFrameworkCore.Query.Internal.QueryingEnumerable`1.AsyncEnumerator.MoveNextAsync()
2020-04-24T22:53:31.2973195+01:00  [INF] Application started. Press Ctrl+C to shut down. (dcaefe54)
2020-04-24T22:53:31.3658534+01:00  [INF] Hosting environment: "Development" (c3307c92)
2020-04-24T22:53:31.3677610+01:00  [INF] Content root path: "C:\Users\LENOVO\source\repos\BiblioIUC\BiblioIUC" (b5d60022)
2020-04-24T23:42:54.2420540+01:00  [INF] Now listening on: "http://localhost:5000" (d826f4b8)
2020-04-24T23:42:54.2493868+01:00  [INF] Application started. Press Ctrl+C to shut down. (dcaefe54)
2020-04-24T23:42:54.2495978+01:00  [INF] Hosting environment: "Development" (c3307c92)
2020-04-24T23:42:54.2496413+01:00  [INF] Content root path: "C:\Users\LENOVO\source\repos\BiblioIUC\BiblioIUC" (b5d60022)
2020-04-24T23:45:44.4540814+01:00  [INF] Now listening on: "http://localhost:5000" (d826f4b8)
2020-04-24T23:45:44.4610092+01:00  [INF] Application started. Press Ctrl+C to shut down. (dcaefe54)
2020-04-24T23:45:44.4611119+01:00  [INF] Hosting environment: "Development" (c3307c92)
2020-04-24T23:45:44.4611432+01:00  [INF] Content root path: "C:\Users\LENOVO\source\repos\BiblioIUC\BiblioIUC" (b5d60022)
2020-04-24T23:53:44.9672908+01:00  [INF] Now listening on: "http://localhost:5000" (d826f4b8)
2020-04-24T23:53:44.9749406+01:00  [INF] Application started. Press Ctrl+C to shut down. (dcaefe54)
2020-04-24T23:53:44.9750798+01:00  [INF] Hosting environment: "Development" (c3307c92)
2020-04-24T23:53:44.9751200+01:00  [INF] Content root path: "C:\Users\LENOVO\source\repos\BiblioIUC\BiblioIUC" (b5d60022)
2020-04-24T23:56:36.4706878+01:00  [INF] Now listening on: "http://localhost:5000" (d826f4b8)
2020-04-24T23:56:36.4825774+01:00  [INF] Application started. Press Ctrl+C to shut down. (dcaefe54)
2020-04-24T23:56:36.4827176+01:00  [INF] Hosting environment: "Development" (c3307c92)
2020-04-24T23:56:36.4827497+01:00  [INF] Content root path: "C:\Users\LENOVO\source\repos\BiblioIUC\BiblioIUC" (b5d60022)
